This file contains any messages produced by compilers while
running configure, to aid debugging if configure makes a mistake.

It was created by groff configure 1.22.2, which was
generated by GNU Autoconf 2.69.  Invocation command line was

  $ ./configure --prefix=/usr

## --------- ##
## Platform. ##
## --------- ##

hostname = lfs
uname -m = i686
uname -r = 3.11.0-26-generic
uname -s = Linux
uname -v = #45-Ubuntu SMP Tue Jul 15 04:04:15 UTC 2014

/usr/bin/uname -p = unknown
/bin/uname -X     = unknown

/bin/arch              = unknown
/usr/bin/arch -k       = unknown
/usr/convex/getsysinfo = unknown
/usr/bin/hostinfo      = unknown
/bin/machine           = unknown
/usr/bin/oslevel       = unknown
/bin/universe          = unknown

PATH: /bin
PATH: /usr/bin
PATH: /sbin
PATH: /usr/sbin
PATH: /tools/bin


## ----------- ##
## Core tests. ##
## ----------- ##

configure:2469: checking for gcc
configure:2485: found /usr/bin/gcc
configure:2496: result: gcc
configure:2725: checking for C compiler version
configure:2734: gcc --version >&5
gcc (GCC) 4.8.2
Copyright (C) 2013 Free Software Foundation, Inc.
This is free software; see the source for copying conditions.  There is NO
warranty; not even for MERCHANTABILITY or FITNESS FOR A PARTICULAR PURPOSE.

configure:2745: $? = 0
configure:2734: gcc -v >&5
Using built-in specs.
COLLECT_GCC=gcc
COLLECT_LTO_WRAPPER=/usr/libexec/gcc/i686-pc-linux-gnu/4.8.2/lto-wrapper
Target: i686-pc-linux-gnu
Configured with: ../gcc-4.8.2/configure --prefix=/usr --enable-shared --enable-threads=posix --enable-__cxa_atexit --enable-clocale=gnu --enable-languages=c,c++ --disable-multilib --disable-bootstrap --with-system-zlib
Thread model: posix
gcc version 4.8.2 (GCC) 
configure:2745: $? = 0
configure:2734: gcc -V >&5
gcc: error: unrecognized command line option '-V'
gcc: fatal error: no input files
compilation terminated.
configure:2745: $? = 1
configure:2734: gcc -qversion >&5
gcc: error: unrecognized command line option '-qversion'
gcc: fatal error: no input files
compilation terminated.
configure:2745: $? = 1
configure:2765: checking whether the C compiler works
configure:2787: gcc    conftest.c  >&5
configure:2791: $? = 0
configure:2839: result: yes
configure:2842: checking for C compiler default output file name
configure:2844: result: a.out
configure:2850: checking for suffix of executables
configure:2857: gcc -o conftest    conftest.c  >&5
configure:2861: $? = 0
configure:2883: result: 
configure:2905: checking whether we are cross compiling
configure:2913: gcc -o conftest    conftest.c  >&5
configure:2917: $? = 0
configure:2924: ./conftest
configure:2928: $? = 0
configure:2943: result: no
configure:2948: checking for suffix of object files
configure:2970: gcc -c   conftest.c >&5
configure:2974: $? = 0
configure:2995: result: o
configure:2999: checking whether we are using the GNU C compiler
configure:3018: gcc -c   conftest.c >&5
configure:3018: $? = 0
configure:3027: result: yes
configure:3036: checking whether gcc accepts -g
configure:3056: gcc -c -g  conftest.c >&5
configure:3056: $? = 0
configure:3097: result: yes
configure:3114: checking for gcc option to accept ISO C89
configure:3177: gcc  -c -g -O2  conftest.c >&5
configure:3177: $? = 0
configure:3190: result: none needed
configure:3216: checking how to run the C preprocessor
configure:3247: gcc -E  conftest.c
configure:3247: $? = 0
configure:3261: gcc -E  conftest.c
conftest.c:9:28: fatal error: ac_nonexistent.h: No such file or directory
 #include <ac_nonexistent.h>
                            ^
compilation terminated.
configure:3261: $? = 1
configure: failed program was:
| /* confdefs.h */
| #define PACKAGE_NAME "groff"
| #define PACKAGE_TARNAME "groff-1.22.2"
| #define PACKAGE_VERSION "1.22.2"
| #define PACKAGE_STRING "groff 1.22.2"
| #define PACKAGE_BUGREPORT "bug-groff@gnu.org"
| #define PACKAGE_URL ""
| /* end confdefs.h.  */
| #include <ac_nonexistent.h>
configure:3286: result: gcc -E
configure:3306: gcc -E  conftest.c
configure:3306: $? = 0
configure:3320: gcc -E  conftest.c
conftest.c:9:28: fatal error: ac_nonexistent.h: No such file or directory
 #include <ac_nonexistent.h>
                            ^
compilation terminated.
configure:3320: $? = 1
configure: failed program was:
| /* confdefs.h */
| #define PACKAGE_NAME "groff"
| #define PACKAGE_TARNAME "groff-1.22.2"
| #define PACKAGE_VERSION "1.22.2"
| #define PACKAGE_STRING "groff 1.22.2"
| #define PACKAGE_BUGREPORT "bug-groff@gnu.org"
| #define PACKAGE_URL ""
| /* end confdefs.h.  */
| #include <ac_nonexistent.h>
configure:3349: checking for grep that handles long lines and -e
configure:3407: result: /bin/grep
configure:3412: checking for egrep
configure:3474: result: /bin/grep -E
configure:3479: checking for ANSI C header files
configure:3499: gcc -c -g -O2  conftest.c >&5
configure:3499: $? = 0
configure:3572: gcc -o conftest -g -O2   conftest.c  >&5
configure:3572: $? = 0
configure:3572: ./conftest
configure:3572: $? = 0
configure:3583: result: yes
configure:3596: checking for sys/types.h
configure:3596: gcc -c -g -O2  conftest.c >&5
configure:3596: $? = 0
configure:3596: result: yes
configure:3596: checking for sys/stat.h
configure:3596: gcc -c -g -O2  conftest.c >&5
configure:3596: $? = 0
configure:3596: result: yes
configure:3596: checking for stdlib.h
configure:3596: gcc -c -g -O2  conftest.c >&5
configure:3596: $? = 0
configure:3596: result: yes
configure:3596: checking for string.h
configure:3596: gcc -c -g -O2  conftest.c >&5
configure:3596: $? = 0
configure:3596: result: yes
configure:3596: checking for memory.h
configure:3596: gcc -c -g -O2  conftest.c >&5
configure:3596: $? = 0
configure:3596: result: yes
configure:3596: checking for strings.h
configure:3596: gcc -c -g -O2  conftest.c >&5
configure:3596: $? = 0
configure:3596: result: yes
configure:3596: checking for inttypes.h
configure:3596: gcc -c -g -O2  conftest.c >&5
configure:3596: $? = 0
configure:3596: result: yes
configure:3596: checking for stdint.h
configure:3596: gcc -c -g -O2  conftest.c >&5
configure:3596: $? = 0
configure:3596: result: yes
configure:3596: checking for unistd.h
configure:3596: gcc -c -g -O2  conftest.c >&5
configure:3596: $? = 0
configure:3596: result: yes
configure:3609: checking minix/config.h usability
configure:3609: gcc -c -g -O2  conftest.c >&5
conftest.c:52:26: fatal error: minix/config.h: No such file or directory
 #include <minix/config.h>
                          ^
compilation terminated.
configure:3609: $? = 1
configure: failed program was:
| /* confdefs.h */
| #define PACKAGE_NAME "groff"
| #define PACKAGE_TARNAME "groff-1.22.2"
| #define PACKAGE_VERSION "1.22.2"
| #define PACKAGE_STRING "groff 1.22.2"
| #define PACKAGE_BUGREPORT "bug-groff@gnu.org"
| #define PACKAGE_URL ""
| #define STDC_HEADERS 1
| #define HAVE_SYS_TYPES_H 1
| #define HAVE_SYS_STAT_H 1
| #define HAVE_STDLIB_H 1
| #define HAVE_STRING_H 1
| #define HAVE_MEMORY_H 1
| #define HAVE_STRINGS_H 1
| #define HAVE_INTTYPES_H 1
| #define HAVE_STDINT_H 1
| #define HAVE_UNISTD_H 1
| /* end confdefs.h.  */
| #include <stdio.h>
| #ifdef HAVE_SYS_TYPES_H
| # include <sys/types.h>
| #endif
| #ifdef HAVE_SYS_STAT_H
| # include <sys/stat.h>
| #endif
| #ifdef STDC_HEADERS
| # include <stdlib.h>
| # include <stddef.h>
| #else
| # ifdef HAVE_STDLIB_H
| #  include <stdlib.h>
| # endif
| #endif
| #ifdef HAVE_STRING_H
| # if !defined STDC_HEADERS && defined HAVE_MEMORY_H
| #  include <memory.h>
| # endif
| # include <string.h>
| #endif
| #ifdef HAVE_STRINGS_H
| # include <strings.h>
| #endif
| #ifdef HAVE_INTTYPES_H
| # include <inttypes.h>
| #endif
| #ifdef HAVE_STDINT_H
| # include <stdint.h>
| #endif
| #ifdef HAVE_UNISTD_H
| # include <unistd.h>
| #endif
| #include <minix/config.h>
configure:3609: result: no
configure:3609: checking minix/config.h presence
configure:3609: gcc -E  conftest.c
conftest.c:19:26: fatal error: minix/config.h: No such file or directory
 #include <minix/config.h>
                          ^
compilation terminated.
configure:3609: $? = 1
configure: failed program was:
| /* confdefs.h */
| #define PACKAGE_NAME "groff"
| #define PACKAGE_TARNAME "groff-1.22.2"
| #define PACKAGE_VERSION "1.22.2"
| #define PACKAGE_STRING "groff 1.22.2"
| #define PACKAGE_BUGREPORT "bug-groff@gnu.org"
| #define PACKAGE_URL ""
| #define STDC_HEADERS 1
| #define HAVE_SYS_TYPES_H 1
| #define HAVE_SYS_STAT_H 1
| #define HAVE_STDLIB_H 1
| #define HAVE_STRING_H 1
| #define HAVE_MEMORY_H 1
| #define HAVE_STRINGS_H 1
| #define HAVE_INTTYPES_H 1
| #define HAVE_STDINT_H 1
| #define HAVE_UNISTD_H 1
| /* end confdefs.h.  */
| #include <minix/config.h>
configure:3609: result: no
configure:3609: checking for minix/config.h
configure:3609: result: no
configure:3630: checking whether it is safe to define __EXTENSIONS__
configure:3648: gcc -c -g -O2  conftest.c >&5
configure:3648: $? = 0
configure:3655: result: yes
configure:3719: checking for gcc
configure:3746: result: gcc
configure:3975: checking for C compiler version
configure:3984: gcc --version >&5
gcc (GCC) 4.8.2
Copyright (C) 2013 Free Software Foundation, Inc.
This is free software; see the source for copying conditions.  There is NO
warranty; not even for MERCHANTABILITY or FITNESS FOR A PARTICULAR PURPOSE.

configure:3995: $? = 0
configure:3984: gcc -v >&5
Using built-in specs.
COLLECT_GCC=gcc
COLLECT_LTO_WRAPPER=/usr/libexec/gcc/i686-pc-linux-gnu/4.8.2/lto-wrapper
Target: i686-pc-linux-gnu
Configured with: ../gcc-4.8.2/configure --prefix=/usr --enable-shared --enable-threads=posix --enable-__cxa_atexit --enable-clocale=gnu --enable-languages=c,c++ --disable-multilib --disable-bootstrap --with-system-zlib
Thread model: posix
gcc version 4.8.2 (GCC) 
configure:3995: $? = 0
configure:3984: gcc -V >&5
gcc: error: unrecognized command line option '-V'
gcc: fatal error: no input files
compilation terminated.
configure:3995: $? = 1
configure:3984: gcc -qversion >&5
gcc: error: unrecognized command line option '-qversion'
gcc: fatal error: no input files
compilation terminated.
configure:3995: $? = 1
configure:3999: checking whether we are using the GNU C compiler
configure:4027: result: yes
configure:4036: checking whether gcc accepts -g
configure:4097: result: yes
configure:4114: checking for gcc option to accept ISO C89
configure:4190: result: none needed
configure:4268: checking for g++
configure:4284: found /usr/bin/g++
configure:4295: result: g++
configure:4322: checking for C++ compiler version
configure:4331: g++ --version >&5
g++ (GCC) 4.8.2
Copyright (C) 2013 Free Software Foundation, Inc.
This is free software; see the source for copying conditions.  There is NO
warranty; not even for MERCHANTABILITY or FITNESS FOR A PARTICULAR PURPOSE.

configure:4342: $? = 0
configure:4331: g++ -v >&5
Using built-in specs.
COLLECT_GCC=g++
COLLECT_LTO_WRAPPER=/usr/libexec/gcc/i686-pc-linux-gnu/4.8.2/lto-wrapper
Target: i686-pc-linux-gnu
Configured with: ../gcc-4.8.2/configure --prefix=/usr --enable-shared --enable-threads=posix --enable-__cxa_atexit --enable-clocale=gnu --enable-languages=c,c++ --disable-multilib --disable-bootstrap --with-system-zlib
Thread model: posix
gcc version 4.8.2 (GCC) 
configure:4342: $? = 0
configure:4331: g++ -V >&5
g++: error: unrecognized command line option '-V'
g++: fatal error: no input files
compilation terminated.
configure:4342: $? = 1
configure:4331: g++ -qversion >&5
g++: error: unrecognized command line option '-qversion'
g++: fatal error: no input files
compilation terminated.
configure:4342: $? = 1
configure:4346: checking whether we are using the GNU C++ compiler
configure:4365: g++ -c   conftest.cpp >&5
configure:4365: $? = 0
configure:4374: result: yes
configure:4383: checking whether g++ accepts -g
configure:4403: g++ -c -g  conftest.cpp >&5
configure:4403: $? = 0
configure:4444: result: yes
configure:4476: checking that C++ compiler can compile simple program
configure:4494: g++ -o conftest -g -O2   conftest.cpp  >&5
configure:4494: $? = 0
configure:4494: ./conftest
configure:4494: $? = 0
configure:4495: result: yes
configure:4508: checking that C++ static constructors and destructors are called
configure:4540: g++ -o conftest -g -O2   conftest.cpp  >&5
configure:4540: $? = 0
configure:4540: ./conftest
configure:4540: $? = 0
configure:4541: result: yes
configure:4553: checking that header files support C++
configure:4576: g++ -o conftest -g -O2   conftest.cpp  >&5
configure:4576: $? = 0
configure:4577: result: yes
configure:4594: checking whether character set is EBCDIC
configure:4618: gcc -c -g -O2  conftest.c >&5
conftest.c:31:1: error: unknown type name 'make'
 make an error "Character set is not EBCDIC"
 ^
conftest.c:31:9: error: expected '=', ',', ';', 'asm' or '__attribute__' before 'error'
 make an error "Character set is not EBCDIC"
         ^
configure:4618: $? = 1
configure: failed program was:
| /* confdefs.h */
| #define PACKAGE_NAME "groff"
| #define PACKAGE_TARNAME "groff-1.22.2"
| #define PACKAGE_VERSION "1.22.2"
| #define PACKAGE_STRING "groff 1.22.2"
| #define PACKAGE_BUGREPORT "bug-groff@gnu.org"
| #define PACKAGE_URL ""
| #define STDC_HEADERS 1
| #define HAVE_SYS_TYPES_H 1
| #define HAVE_SYS_STAT_H 1
| #define HAVE_STDLIB_H 1
| #define HAVE_STRING_H 1
| #define HAVE_MEMORY_H 1
| #define HAVE_STRINGS_H 1
| #define HAVE_INTTYPES_H 1
| #define HAVE_STDINT_H 1
| #define HAVE_UNISTD_H 1
| #define __EXTENSIONS__ 1
| #define _ALL_SOURCE 1
| #define _GNU_SOURCE 1
| #define _POSIX_PTHREAD_SEMANTICS 1
| #define _TANDEM_SOURCE 1
| /* end confdefs.h.  */
| 
| 
| 
| /* Treat any failure as ASCII for compatibility with existing art.
|    Use compile-time rather than run-time tests for cross-compiler
|    tolerance. */
| #if '0' != 240
| make an error "Character set is not EBCDIC"
| #endif
| 
| 
| int
| main ()
| {
| 
|   ;
|   return 0;
| }
| 
configure:4630: result: no
configure:4649: checking for X
configure:4757: gcc -E  conftest.c
conftest.c:24:22: fatal error: X11/Xlib.h: No such file or directory
 #include <X11/Xlib.h>
                      ^
compilation terminated.
configure:4757: $? = 1
configure: failed program was:
| /* confdefs.h */
| #define PACKAGE_NAME "groff"
| #define PACKAGE_TARNAME "groff-1.22.2"
| #define PACKAGE_VERSION "1.22.2"
| #define PACKAGE_STRING "groff 1.22.2"
| #define PACKAGE_BUGREPORT "bug-groff@gnu.org"
| #define PACKAGE_URL ""
| #define STDC_HEADERS 1
| #define HAVE_SYS_TYPES_H 1
| #define HAVE_SYS_STAT_H 1
| #define HAVE_STDLIB_H 1
| #define HAVE_STRING_H 1
| #define HAVE_MEMORY_H 1
| #define HAVE_STRINGS_H 1
| #define HAVE_INTTYPES_H 1
| #define HAVE_STDINT_H 1
| #define HAVE_UNISTD_H 1
| #define __EXTENSIONS__ 1
| #define _ALL_SOURCE 1
| #define _GNU_SOURCE 1
| #define _POSIX_PTHREAD_SEMANTICS 1
| #define _TANDEM_SOURCE 1
| /* end confdefs.h.  */
| #include <X11/Xlib.h>
configure:4788: gcc -o conftest -g -O2   conftest.c -lX11  >&5
conftest.c:24:22: fatal error: X11/Xlib.h: No such file or directory
 #include <X11/Xlib.h>
                      ^
compilation terminated.
configure:4788: $? = 1
configure: failed program was:
| /* confdefs.h */
| #define PACKAGE_NAME "groff"
| #define PACKAGE_TARNAME "groff-1.22.2"
| #define PACKAGE_VERSION "1.22.2"
| #define PACKAGE_STRING "groff 1.22.2"
| #define PACKAGE_BUGREPORT "bug-groff@gnu.org"
| #define PACKAGE_URL ""
| #define STDC_HEADERS 1
| #define HAVE_SYS_TYPES_H 1
| #define HAVE_SYS_STAT_H 1
| #define HAVE_STDLIB_H 1
| #define HAVE_STRING_H 1
| #define HAVE_MEMORY_H 1
| #define HAVE_STRINGS_H 1
| #define HAVE_INTTYPES_H 1
| #define HAVE_STDINT_H 1
| #define HAVE_UNISTD_H 1
| #define __EXTENSIONS__ 1
| #define _ALL_SOURCE 1
| #define _GNU_SOURCE 1
| #define _POSIX_PTHREAD_SEMANTICS 1
| #define _TANDEM_SOURCE 1
| /* end confdefs.h.  */
| #include <X11/Xlib.h>
| int
| main ()
| {
| XrmInitialize ()
|   ;
|   return 0;
| }
configure:4827: result: no
configure:5412: gxditview and xtotroff won't be built
configure:5535: checking for lpr
configure:5565: result: no
configure:5577: checking for lp
configure:5607: result: no
configure:5670: checking for command to use for printing PostScript files
configure:5672: result: 
configure:5676: checking for command to use for printing dvi files
configure:5686: result: 
configure:5688: checking for egrep
configure:5750: result: /bin/grep -E
configure:5757: checking for perl
configure:5775: found /usr/bin/perl
configure:5788: result: /usr/bin/perl
configure:5800: checking for byacc
configure:5830: result: no
configure:5800: checking for bison
configure:5816: found /usr/bin/bison
configure:5827: result: bison -y
configure:5842: checking for makeinfo
configure:5858: found /tools/bin/makeinfo
configure:5869: result: makeinfo
configure:5880: checking for makeinfo version
configure:5885: result: 5.2
configure:5957: checking for ranlib
configure:5973: found /usr/bin/ranlib
configure:5984: result: ranlib
configure:6042: checking for install-info
configure:6058: found /tools/bin/install-info
configure:6069: result: install-info
configure:6095: checking for a BSD-compatible install
configure:6163: result: /usr/bin/install -c
configure:6174: checking whether ln -s works
configure:6178: result: yes
configure:6188: checking for csh hash hack
configure:6204: result: no
configure:6216: checking stddef.h usability
configure:6216: gcc -c -g -O2  conftest.c >&5
configure:6216: $? = 0
configure:6216: result: yes
configure:6216: checking stddef.h presence
configure:6216: gcc -E  conftest.c
configure:6216: $? = 0
configure:6216: result: yes
configure:6216: checking for stddef.h
configure:6216: result: yes
configure:6216: checking for stdlib.h
configure:6216: result: yes
configure:6216: checking for unistd.h
configure:6216: result: yes
configure:6216: checking dirent.h usability
configure:6216: gcc -c -g -O2  conftest.c >&5
configure:6216: $? = 0
configure:6216: result: yes
configure:6216: checking dirent.h presence
configure:6216: gcc -E  conftest.c
configure:6216: $? = 0
configure:6216: result: yes
configure:6216: checking for dirent.h
configure:6216: result: yes
configure:6216: checking limits.h usability
configure:6216: gcc -c -g -O2  conftest.c >&5
configure:6216: $? = 0
configure:6216: result: yes
configure:6216: checking limits.h presence
configure:6216: gcc -E  conftest.c
configure:6216: $? = 0
configure:6216: result: yes
configure:6216: checking for limits.h
configure:6216: result: yes
configure:6216: checking sys/dir.h usability
configure:6216: gcc -c -g -O2  conftest.c >&5
configure:6216: $? = 0
configure:6216: result: yes
configure:6216: checking sys/dir.h presence
configure:6216: gcc -E  conftest.c
configure:6216: $? = 0
configure:6216: result: yes
configure:6216: checking for sys/dir.h
configure:6216: result: yes
configure:6216: checking for string.h
configure:6216: result: yes
configure:6216: checking for strings.h
configure:6216: result: yes
configure:6216: checking math.h usability
configure:6216: gcc -c -g -O2  conftest.c >&5
configure:6216: $? = 0
configure:6216: result: yes
configure:6216: checking math.h presence
configure:6216: gcc -E  conftest.c
configure:6216: $? = 0
configure:6216: result: yes
configure:6216: checking for math.h
configure:6216: result: yes
configure:6216: checking sys/time.h usability
configure:6216: gcc -c -g -O2  conftest.c >&5
configure:6216: $? = 0
configure:6216: result: yes
configure:6216: checking sys/time.h presence
configure:6216: gcc -E  conftest.c
configure:6216: $? = 0
configure:6216: result: yes
configure:6216: checking for sys/time.h
configure:6216: result: yes
configure:6216: checking direct.h usability
configure:6216: gcc -c -g -O2  conftest.c >&5
conftest.c:68:20: fatal error: direct.h: No such file or directory
 #include <direct.h>
                    ^
compilation terminated.
configure:6216: $? = 1
configure: failed program was:
| /* confdefs.h */
| #define PACKAGE_NAME "groff"
| #define PACKAGE_TARNAME "groff-1.22.2"
| #define PACKAGE_VERSION "1.22.2"
| #define PACKAGE_STRING "groff 1.22.2"
| #define PACKAGE_BUGREPORT "bug-groff@gnu.org"
| #define PACKAGE_URL ""
| #define STDC_HEADERS 1
| #define HAVE_SYS_TYPES_H 1
| #define HAVE_SYS_STAT_H 1
| #define HAVE_STDLIB_H 1
| #define HAVE_STRING_H 1
| #define HAVE_MEMORY_H 1
| #define HAVE_STRINGS_H 1
| #define HAVE_INTTYPES_H 1
| #define HAVE_STDINT_H 1
| #define HAVE_UNISTD_H 1
| #define __EXTENSIONS__ 1
| #define _ALL_SOURCE 1
| #define _GNU_SOURCE 1
| #define _POSIX_PTHREAD_SEMANTICS 1
| #define _TANDEM_SOURCE 1
| #define X_DISPLAY_MISSING 1
| #define HAVE_STDDEF_H 1
| #define HAVE_STDLIB_H 1
| #define HAVE_UNISTD_H 1
| #define HAVE_DIRENT_H 1
| #define HAVE_LIMITS_H 1
| #define HAVE_SYS_DIR_H 1
| #define HAVE_STRING_H 1
| #define HAVE_STRINGS_H 1
| #define HAVE_MATH_H 1
| #define HAVE_SYS_TIME_H 1
| /* end confdefs.h.  */
| #include <stdio.h>
| #ifdef HAVE_SYS_TYPES_H
| # include <sys/types.h>
| #endif
| #ifdef HAVE_SYS_STAT_H
| # include <sys/stat.h>
| #endif
| #ifdef STDC_HEADERS
| # include <stdlib.h>
| # include <stddef.h>
| #else
| # ifdef HAVE_STDLIB_H
| #  include <stdlib.h>
| # endif
| #endif
| #ifdef HAVE_STRING_H
| # if !defined STDC_HEADERS && defined HAVE_MEMORY_H
| #  include <memory.h>
| # endif
| # include <string.h>
| #endif
| #ifdef HAVE_STRINGS_H
| # include <strings.h>
| #endif
| #ifdef HAVE_INTTYPES_H
| # include <inttypes.h>
| #endif
| #ifdef HAVE_STDINT_H
| # include <stdint.h>
| #endif
| #ifdef HAVE_UNISTD_H
| # include <unistd.h>
| #endif
| #include <direct.h>
configure:6216: result: no
configure:6216: checking direct.h presence
configure:6216: gcc -E  conftest.c
conftest.c:35:20: fatal error: direct.h: No such file or directory
 #include <direct.h>
                    ^
compilation terminated.
configure:6216: $? = 1
configure: failed program was:
| /* confdefs.h */
| #define PACKAGE_NAME "groff"
| #define PACKAGE_TARNAME "groff-1.22.2"
| #define PACKAGE_VERSION "1.22.2"
| #define PACKAGE_STRING "groff 1.22.2"
| #define PACKAGE_BUGREPORT "bug-groff@gnu.org"
| #define PACKAGE_URL ""
| #define STDC_HEADERS 1
| #define HAVE_SYS_TYPES_H 1
| #define HAVE_SYS_STAT_H 1
| #define HAVE_STDLIB_H 1
| #define HAVE_STRING_H 1
| #define HAVE_MEMORY_H 1
| #define HAVE_STRINGS_H 1
| #define HAVE_INTTYPES_H 1
| #define HAVE_STDINT_H 1
| #define HAVE_UNISTD_H 1
| #define __EXTENSIONS__ 1
| #define _ALL_SOURCE 1
| #define _GNU_SOURCE 1
| #define _POSIX_PTHREAD_SEMANTICS 1
| #define _TANDEM_SOURCE 1
| #define X_DISPLAY_MISSING 1
| #define HAVE_STDDEF_H 1
| #define HAVE_STDLIB_H 1
| #define HAVE_UNISTD_H 1
| #define HAVE_DIRENT_H 1
| #define HAVE_LIMITS_H 1
| #define HAVE_SYS_DIR_H 1
| #define HAVE_STRING_H 1
| #define HAVE_STRINGS_H 1
| #define HAVE_MATH_H 1
| #define HAVE_SYS_TIME_H 1
| /* end confdefs.h.  */
| #include <direct.h>
configure:6216: result: no
configure:6216: checking for direct.h
configure:6216: result: no
configure:6216: checking process.h usability
configure:6216: gcc -c -g -O2  conftest.c >&5
conftest.c:68:21: fatal error: process.h: No such file or directory
 #include <process.h>
                     ^
compilation terminated.
configure:6216: $? = 1
configure: failed program was:
| /* confdefs.h */
| #define PACKAGE_NAME "groff"
| #define PACKAGE_TARNAME "groff-1.22.2"
| #define PACKAGE_VERSION "1.22.2"
| #define PACKAGE_STRING "groff 1.22.2"
| #define PACKAGE_BUGREPORT "bug-groff@gnu.org"
| #define PACKAGE_URL ""
| #define STDC_HEADERS 1
| #define HAVE_SYS_TYPES_H 1
| #define HAVE_SYS_STAT_H 1
| #define HAVE_STDLIB_H 1
| #define HAVE_STRING_H 1
| #define HAVE_MEMORY_H 1
| #define HAVE_STRINGS_H 1
| #define HAVE_INTTYPES_H 1
| #define HAVE_STDINT_H 1
| #define HAVE_UNISTD_H 1
| #define __EXTENSIONS__ 1
| #define _ALL_SOURCE 1
| #define _GNU_SOURCE 1
| #define _POSIX_PTHREAD_SEMANTICS 1
| #define _TANDEM_SOURCE 1
| #define X_DISPLAY_MISSING 1
| #define HAVE_STDDEF_H 1
| #define HAVE_STDLIB_H 1
| #define HAVE_UNISTD_H 1
| #define HAVE_DIRENT_H 1
| #define HAVE_LIMITS_H 1
| #define HAVE_SYS_DIR_H 1
| #define HAVE_STRING_H 1
| #define HAVE_STRINGS_H 1
| #define HAVE_MATH_H 1
| #define HAVE_SYS_TIME_H 1
| /* end confdefs.h.  */
| #include <stdio.h>
| #ifdef HAVE_SYS_TYPES_H
| # include <sys/types.h>
| #endif
| #ifdef HAVE_SYS_STAT_H
| # include <sys/stat.h>
| #endif
| #ifdef STDC_HEADERS
| # include <stdlib.h>
| # include <stddef.h>
| #else
| # ifdef HAVE_STDLIB_H
| #  include <stdlib.h>
| # endif
| #endif
| #ifdef HAVE_STRING_H
| # if !defined STDC_HEADERS && defined HAVE_MEMORY_H
| #  include <memory.h>
| # endif
| # include <string.h>
| #endif
| #ifdef HAVE_STRINGS_H
| # include <strings.h>
| #endif
| #ifdef HAVE_INTTYPES_H
| # include <inttypes.h>
| #endif
| #ifdef HAVE_STDINT_H
| # include <stdint.h>
| #endif
| #ifdef HAVE_UNISTD_H
| # include <unistd.h>
| #endif
| #include <process.h>
configure:6216: result: no
configure:6216: checking process.h presence
configure:6216: gcc -E  conftest.c
conftest.c:35:21: fatal error: process.h: No such file or directory
 #include <process.h>
                     ^
compilation terminated.
configure:6216: $? = 1
configure: failed program was:
| /* confdefs.h */
| #define PACKAGE_NAME "groff"
| #define PACKAGE_TARNAME "groff-1.22.2"
| #define PACKAGE_VERSION "1.22.2"
| #define PACKAGE_STRING "groff 1.22.2"
| #define PACKAGE_BUGREPORT "bug-groff@gnu.org"
| #define PACKAGE_URL ""
| #define STDC_HEADERS 1
| #define HAVE_SYS_TYPES_H 1
| #define HAVE_SYS_STAT_H 1
| #define HAVE_STDLIB_H 1
| #define HAVE_STRING_H 1
| #define HAVE_MEMORY_H 1
| #define HAVE_STRINGS_H 1
| #define HAVE_INTTYPES_H 1
| #define HAVE_STDINT_H 1
| #define HAVE_UNISTD_H 1
| #define __EXTENSIONS__ 1
| #define _ALL_SOURCE 1
| #define _GNU_SOURCE 1
| #define _POSIX_PTHREAD_SEMANTICS 1
| #define _TANDEM_SOURCE 1
| #define X_DISPLAY_MISSING 1
| #define HAVE_STDDEF_H 1
| #define HAVE_STDLIB_H 1
| #define HAVE_UNISTD_H 1
| #define HAVE_DIRENT_H 1
| #define HAVE_LIMITS_H 1
| #define HAVE_SYS_DIR_H 1
| #define HAVE_STRING_H 1
| #define HAVE_STRINGS_H 1
| #define HAVE_MATH_H 1
| #define HAVE_SYS_TIME_H 1
| /* end confdefs.h.  */
| #include <process.h>
configure:6216: result: no
configure:6216: checking for process.h
configure:6216: result: no
configure:6226: checking for ISC 3.x or 4.x
configure:6236: result: no
configure:6239: checking whether -D_POSIX_SOURCE is necessary
configure:6265: g++ -c -g -O2  conftest.cpp >&5
conftest.cpp:39:29: error: declaration of C function 'void fileno(int)' conflicts with
 extern "C" { void fileno(int); }
                             ^
In file included from conftest.cpp:38:0:
/usr/include/stdio.h:858:12: error: previous declaration 'int fileno(FILE*)' here
 extern int fileno (FILE *__stream) __THROW __wur;
            ^
configure:6265: $? = 1
configure: failed program was:
| /* confdefs.h */
| #define PACKAGE_NAME "groff"
| #define PACKAGE_TARNAME "groff-1.22.2"
| #define PACKAGE_VERSION "1.22.2"
| #define PACKAGE_STRING "groff 1.22.2"
| #define PACKAGE_BUGREPORT "bug-groff@gnu.org"
| #define PACKAGE_URL ""
| #define STDC_HEADERS 1
| #define HAVE_SYS_TYPES_H 1
| #define HAVE_SYS_STAT_H 1
| #define HAVE_STDLIB_H 1
| #define HAVE_STRING_H 1
| #define HAVE_MEMORY_H 1
| #define HAVE_STRINGS_H 1
| #define HAVE_INTTYPES_H 1
| #define HAVE_STDINT_H 1
| #define HAVE_UNISTD_H 1
| #define __EXTENSIONS__ 1
| #define _ALL_SOURCE 1
| #define _GNU_SOURCE 1
| #define _POSIX_PTHREAD_SEMANTICS 1
| #define _TANDEM_SOURCE 1
| #define X_DISPLAY_MISSING 1
| #define HAVE_STDDEF_H 1
| #define HAVE_STDLIB_H 1
| #define HAVE_UNISTD_H 1
| #define HAVE_DIRENT_H 1
| #define HAVE_LIMITS_H 1
| #define HAVE_SYS_DIR_H 1
| #define HAVE_STRING_H 1
| #define HAVE_STRINGS_H 1
| #define HAVE_MATH_H 1
| #define HAVE_SYS_TIME_H 1
| /* end confdefs.h.  */
| 
| 
| 
| #include <stdio.h>
| extern "C" { void fileno(int); }
| 
| 
| int
| main ()
| {
| 
|   ;
|   return 0;
| }
| 
configure:6272: result: no
configure:6290: checking for return type of srand
configure:6310: g++ -c -g -O2  conftest.cpp >&5
configure:6310: $? = 0
configure:6311: result: void
configure:6327: checking whether gettimeofday must be declared
configure:6379: g++ -c -g -O2  conftest.cpp >&5
configure:6379: $? = 0
configure:6387: result: no
configure:6400: checking whether hypot must be declared
configure:6452: g++ -c -g -O2  conftest.cpp >&5
configure:6452: $? = 0
configure:6460: result: no
configure:6473: checking whether popen must be declared
configure:6525: g++ -c -g -O2  conftest.cpp >&5
configure:6525: $? = 0
configure:6533: result: no
configure:6546: checking whether pclose must be declared
configure:6598: g++ -c -g -O2  conftest.cpp >&5
configure:6598: $? = 0
configure:6606: result: no
configure:6619: checking whether putenv must be declared
configure:6671: g++ -c -g -O2  conftest.cpp >&5
configure:6671: $? = 0
configure:6679: result: no
configure:6692: checking whether rand must be declared
configure:6744: g++ -c -g -O2  conftest.cpp >&5
configure:6744: $? = 0
configure:6752: result: no
configure:6765: checking whether snprintf must be declared
configure:6817: g++ -c -g -O2  conftest.cpp >&5
configure:6817: $? = 0
configure:6825: result: no
configure:6838: checking whether srand must be declared
configure:6890: g++ -c -g -O2  conftest.cpp >&5
configure:6890: $? = 0
configure:6898: result: no
configure:6911: checking whether strcasecmp must be declared
configure:6963: g++ -c -g -O2  conftest.cpp >&5
configure:6963: $? = 0
configure:6971: result: no
configure:6984: checking whether strncasecmp must be declared
configure:7036: g++ -c -g -O2  conftest.cpp >&5
configure:7036: $? = 0
configure:7044: result: no
configure:7057: checking whether vfprintf must be declared
configure:7109: g++ -c -g -O2  conftest.cpp >&5
configure:7109: $? = 0
configure:7117: result: no
configure:7130: checking whether vsnprintf must be declared
configure:7182: g++ -c -g -O2  conftest.cpp >&5
configure:7182: $? = 0
configure:7190: result: no
configure:7209: checking for sys_nerr in <errno.h>, <stdio.h>, or <stdlib.h>
configure:7235: g++ -c -g -O2  conftest.cpp >&5
configure:7235: $? = 0
configure:7236: result: yes
configure:7252: checking for sys_errlist in <errno.h>, <stdio.h>, or <stdlib.h>
configure:7278: gcc -c -g -O2  conftest.c >&5
configure:7278: $? = 0
configure:7279: result: yes
configure:7295: checking C++ <osfcn.h>
configure:7319: g++ -c -g -O2  conftest.cpp >&5
conftest.cpp:41:19: fatal error: osfcn.h: No such file or directory
 #include <osfcn.h>
                   ^
compilation terminated.
configure:7319: $? = 1
configure: failed program was:
| /* confdefs.h */
| #define PACKAGE_NAME "groff"
| #define PACKAGE_TARNAME "groff-1.22.2"
| #define PACKAGE_VERSION "1.22.2"
| #define PACKAGE_STRING "groff 1.22.2"
| #define PACKAGE_BUGREPORT "bug-groff@gnu.org"
| #define PACKAGE_URL ""
| #define STDC_HEADERS 1
| #define HAVE_SYS_TYPES_H 1
| #define HAVE_SYS_STAT_H 1
| #define HAVE_STDLIB_H 1
| #define HAVE_STRING_H 1
| #define HAVE_MEMORY_H 1
| #define HAVE_STRINGS_H 1
| #define HAVE_INTTYPES_H 1
| #define HAVE_STDINT_H 1
| #define HAVE_UNISTD_H 1
| #define __EXTENSIONS__ 1
| #define _ALL_SOURCE 1
| #define _GNU_SOURCE 1
| #define _POSIX_PTHREAD_SEMANTICS 1
| #define _TANDEM_SOURCE 1
| #define X_DISPLAY_MISSING 1
| #define HAVE_STDDEF_H 1
| #define HAVE_STDLIB_H 1
| #define HAVE_UNISTD_H 1
| #define HAVE_DIRENT_H 1
| #define HAVE_LIMITS_H 1
| #define HAVE_SYS_DIR_H 1
| #define HAVE_STRING_H 1
| #define HAVE_STRINGS_H 1
| #define HAVE_MATH_H 1
| #define HAVE_SYS_TIME_H 1
| #define RET_TYPE_SRAND_IS_VOID 1
| #define HAVE_SYS_NERR 1
| #define HAVE_SYS_ERRLIST 1
| /* end confdefs.h.  */
| 
| 
| 
| #include <osfcn.h>
| 
| 
| int
| main ()
| {
| 
| 
| read(0, 0, 0);
| open(0, 0);
| 
| 
|   ;
|   return 0;
| }
| 
configure:7326: result: no
configure:7342: checking C++ <limits.h>
configure:7367: g++ -c -g -O2  conftest.cpp >&5
configure:7367: $? = 0
configure:7368: result: yes
configure:7390: checking C++ <inttypes.h>
configure:7414: g++ -c -g -O2  conftest.cpp >&5
configure:7414: $? = 0
configure:7423: result: yes
configure:7439: checking for unsigned long long
configure:7464: g++ -o conftest -g -O2   conftest.cpp  >&5
configure:7464: $? = 0
configure:7471: result: yes
configure:7497: checking for declaration of time_t
configure:7521: g++ -c -g -O2  conftest.cpp >&5
configure:7521: $? = 0
configure:7522: result: yes
configure:7538: checking for return type of signal handlers
configure:7571: gcc -c -g -O2  conftest.c >&5
conftest.c:48:8: error: expected identifier or '(' before string constant
 extern "C" void (*signal (int, void (*)(int)))(int);
        ^
configure:7571: $? = 1
configure: failed program was:
| /* confdefs.h */
| #define PACKAGE_NAME "groff"
| #define PACKAGE_TARNAME "groff-1.22.2"
| #define PACKAGE_VERSION "1.22.2"
| #define PACKAGE_STRING "groff 1.22.2"
| #define PACKAGE_BUGREPORT "bug-groff@gnu.org"
| #define PACKAGE_URL ""
| #define STDC_HEADERS 1
| #define HAVE_SYS_TYPES_H 1
| #define HAVE_SYS_STAT_H 1
| #define HAVE_STDLIB_H 1
| #define HAVE_STRING_H 1
| #define HAVE_MEMORY_H 1
| #define HAVE_STRINGS_H 1
| #define HAVE_INTTYPES_H 1
| #define HAVE_STDINT_H 1
| #define HAVE_UNISTD_H 1
| #define __EXTENSIONS__ 1
| #define _ALL_SOURCE 1
| #define _GNU_SOURCE 1
| #define _POSIX_PTHREAD_SEMANTICS 1
| #define _TANDEM_SOURCE 1
| #define X_DISPLAY_MISSING 1
| #define HAVE_STDDEF_H 1
| #define HAVE_STDLIB_H 1
| #define HAVE_UNISTD_H 1
| #define HAVE_DIRENT_H 1
| #define HAVE_LIMITS_H 1
| #define HAVE_SYS_DIR_H 1
| #define HAVE_STRING_H 1
| #define HAVE_STRINGS_H 1
| #define HAVE_MATH_H 1
| #define HAVE_SYS_TIME_H 1
| #define RET_TYPE_SRAND_IS_VOID 1
| #define HAVE_SYS_NERR 1
| #define HAVE_SYS_ERRLIST 1
| #define HAVE_CC_LIMITS_H 1
| #define HAVE_CC_INTTYPES_H 1
| /* end confdefs.h.  */
| 
| 
| 
| #include <sys/types.h>
| #include <signal.h>
| #ifdef signal
| # undef signal
| #endif
| extern "C" void (*signal (int, void (*)(int)))(int);
| 
| 
| int
| main ()
| {
| 
| 
| int i;
| 
| 
|   ;
|   return 0;
| }
| 
configure:7571: gcc -c -g -O2  conftest.c >&5
conftest.c:48:8: error: expected identifier or '(' before string constant
 extern "C" void (*signal (int, void (*)(int)) throw ())(int);
        ^
configure:7571: $? = 1
configure: failed program was:
| /* confdefs.h */
| #define PACKAGE_NAME "groff"
| #define PACKAGE_TARNAME "groff-1.22.2"
| #define PACKAGE_VERSION "1.22.2"
| #define PACKAGE_STRING "groff 1.22.2"
| #define PACKAGE_BUGREPORT "bug-groff@gnu.org"
| #define PACKAGE_URL ""
| #define STDC_HEADERS 1
| #define HAVE_SYS_TYPES_H 1
| #define HAVE_SYS_STAT_H 1
| #define HAVE_STDLIB_H 1
| #define HAVE_STRING_H 1
| #define HAVE_MEMORY_H 1
| #define HAVE_STRINGS_H 1
| #define HAVE_INTTYPES_H 1
| #define HAVE_STDINT_H 1
| #define HAVE_UNISTD_H 1
| #define __EXTENSIONS__ 1
| #define _ALL_SOURCE 1
| #define _GNU_SOURCE 1
| #define _POSIX_PTHREAD_SEMANTICS 1
| #define _TANDEM_SOURCE 1
| #define X_DISPLAY_MISSING 1
| #define HAVE_STDDEF_H 1
| #define HAVE_STDLIB_H 1
| #define HAVE_UNISTD_H 1
| #define HAVE_DIRENT_H 1
| #define HAVE_LIMITS_H 1
| #define HAVE_SYS_DIR_H 1
| #define HAVE_STRING_H 1
| #define HAVE_STRINGS_H 1
| #define HAVE_MATH_H 1
| #define HAVE_SYS_TIME_H 1
| #define RET_TYPE_SRAND_IS_VOID 1
| #define HAVE_SYS_NERR 1
| #define HAVE_SYS_ERRLIST 1
| #define HAVE_CC_LIMITS_H 1
| #define HAVE_CC_INTTYPES_H 1
| /* end confdefs.h.  */
| 
| 
| 
| #include <sys/types.h>
| #include <signal.h>
| #ifdef signal
| # undef signal
| #endif
| extern "C" void (*signal (int, void (*)(int)) throw ())(int);
| 
| 
| int
| main ()
| {
| 
| 
| int i;
| 
| 
|   ;
|   return 0;
| }
| 
configure:7571: gcc -c -g -O2  conftest.c >&5
configure:7571: $? = 0
configure:7580: result: void
configure:7592: checking struct exception
configure:7615: gcc -c -g -O2  conftest.c >&5
configure:7615: $? = 0
configure:7616: result: yes
configure:7628: checking whether byte ordering is bigendian
configure:7643: gcc -c -g -O2  conftest.c >&5
conftest.c:43:9: error: unknown type name 'not'
         not a universal capable compiler
         ^
conftest.c:43:15: error: expected '=', ',', ';', 'asm' or '__attribute__' before 'universal'
         not a universal capable compiler
               ^
conftest.c:43:15: error: unknown type name 'universal'
configure:7643: $? = 1
configure: failed program was:
| /* confdefs.h */
| #define PACKAGE_NAME "groff"
| #define PACKAGE_TARNAME "groff-1.22.2"
| #define PACKAGE_VERSION "1.22.2"
| #define PACKAGE_STRING "groff 1.22.2"
| #define PACKAGE_BUGREPORT "bug-groff@gnu.org"
| #define PACKAGE_URL ""
| #define STDC_HEADERS 1
| #define HAVE_SYS_TYPES_H 1
| #define HAVE_SYS_STAT_H 1
| #define HAVE_STDLIB_H 1
| #define HAVE_STRING_H 1
| #define HAVE_MEMORY_H 1
| #define HAVE_STRINGS_H 1
| #define HAVE_INTTYPES_H 1
| #define HAVE_STDINT_H 1
| #define HAVE_UNISTD_H 1
| #define __EXTENSIONS__ 1
| #define _ALL_SOURCE 1
| #define _GNU_SOURCE 1
| #define _POSIX_PTHREAD_SEMANTICS 1
| #define _TANDEM_SOURCE 1
| #define X_DISPLAY_MISSING 1
| #define HAVE_STDDEF_H 1
| #define HAVE_STDLIB_H 1
| #define HAVE_UNISTD_H 1
| #define HAVE_DIRENT_H 1
| #define HAVE_LIMITS_H 1
| #define HAVE_SYS_DIR_H 1
| #define HAVE_STRING_H 1
| #define HAVE_STRINGS_H 1
| #define HAVE_MATH_H 1
| #define HAVE_SYS_TIME_H 1
| #define RET_TYPE_SRAND_IS_VOID 1
| #define HAVE_SYS_NERR 1
| #define HAVE_SYS_ERRLIST 1
| #define HAVE_CC_LIMITS_H 1
| #define HAVE_CC_INTTYPES_H 1
| #define RETSIGTYPE void
| #define HAVE_STRUCT_EXCEPTION 1
| /* end confdefs.h.  */
| #ifndef __APPLE_CC__
| 	       not a universal capable compiler
| 	     #endif
| 	     typedef int dummy;
| 
configure:7688: gcc -c -g -O2  conftest.c >&5
configure:7688: $? = 0
configure:7706: gcc -c -g -O2  conftest.c >&5
conftest.c: In function 'main':
conftest.c:49:4: error: unknown type name 'not'
    not big endian
    ^
conftest.c:49:12: error: expected '=', ',', ';', 'asm' or '__attribute__' before 'endian'
    not big endian
            ^
configure:7706: $? = 1
configure: failed program was:
| /* confdefs.h */
| #define PACKAGE_NAME "groff"
| #define PACKAGE_TARNAME "groff-1.22.2"
| #define PACKAGE_VERSION "1.22.2"
| #define PACKAGE_STRING "groff 1.22.2"
| #define PACKAGE_BUGREPORT "bug-groff@gnu.org"
| #define PACKAGE_URL ""
| #define STDC_HEADERS 1
| #define HAVE_SYS_TYPES_H 1
| #define HAVE_SYS_STAT_H 1
| #define HAVE_STDLIB_H 1
| #define HAVE_STRING_H 1
| #define HAVE_MEMORY_H 1
| #define HAVE_STRINGS_H 1
| #define HAVE_INTTYPES_H 1
| #define HAVE_STDINT_H 1
| #define HAVE_UNISTD_H 1
| #define __EXTENSIONS__ 1
| #define _ALL_SOURCE 1
| #define _GNU_SOURCE 1
| #define _POSIX_PTHREAD_SEMANTICS 1
| #define _TANDEM_SOURCE 1
| #define X_DISPLAY_MISSING 1
| #define HAVE_STDDEF_H 1
| #define HAVE_STDLIB_H 1
| #define HAVE_UNISTD_H 1
| #define HAVE_DIRENT_H 1
| #define HAVE_LIMITS_H 1
| #define HAVE_SYS_DIR_H 1
| #define HAVE_STRING_H 1
| #define HAVE_STRINGS_H 1
| #define HAVE_MATH_H 1
| #define HAVE_SYS_TIME_H 1
| #define RET_TYPE_SRAND_IS_VOID 1
| #define HAVE_SYS_NERR 1
| #define HAVE_SYS_ERRLIST 1
| #define HAVE_CC_LIMITS_H 1
| #define HAVE_CC_INTTYPES_H 1
| #define RETSIGTYPE void
| #define HAVE_STRUCT_EXCEPTION 1
| /* end confdefs.h.  */
| #include <sys/types.h>
| 		#include <sys/param.h>
| 
| int
| main ()
| {
| #if BYTE_ORDER != BIG_ENDIAN
| 		 not big endian
| 		#endif
| 
|   ;
|   return 0;
| }
configure:7834: result: no
configure:7854: checking for main in -lc
configure:7873: gcc -o conftest -g -O2   conftest.c -lc   >&5
configure:7873: $? = 0
configure:7882: result: yes
configure:7889: checking for sin in -lm
configure:7914: gcc -o conftest -g -O2   conftest.c -lm   >&5
conftest.c:49:6: warning: conflicting types for built-in function 'sin' [enabled by default]
 char sin ();
      ^
configure:7914: $? = 0
configure:7923: result: yes
configure:7941: checking build system type
configure:7955: result: i686-pc-linux-gnu
configure:7975: checking host system type
configure:7988: result: i686-pc-linux-gnu
configure:8047: checking for ld used by GCC
configure:8111: result: /usr/bin/ld
configure:8118: checking if the linker (/usr/bin/ld) is GNU ld
configure:8131: result: yes
configure:8138: checking for shared library run path origin
configure:8151: result: done
configure:8175: checking how to run the C++ preprocessor
configure:8202: g++ -E  conftest.cpp
configure:8202: $? = 0
configure:8216: g++ -E  conftest.cpp
conftest.cpp:42:28: fatal error: ac_nonexistent.h: No such file or directory
 #include <ac_nonexistent.h>
                            ^
compilation terminated.
configure:8216: $? = 1
configure: failed program was:
| /* confdefs.h */
| #define PACKAGE_NAME "groff"
| #define PACKAGE_TARNAME "groff-1.22.2"
| #define PACKAGE_VERSION "1.22.2"
| #define PACKAGE_STRING "groff 1.22.2"
| #define PACKAGE_BUGREPORT "bug-groff@gnu.org"
| #define PACKAGE_URL ""
| #define STDC_HEADERS 1
| #define HAVE_SYS_TYPES_H 1
| #define HAVE_SYS_STAT_H 1
| #define HAVE_STDLIB_H 1
| #define HAVE_STRING_H 1
| #define HAVE_MEMORY_H 1
| #define HAVE_STRINGS_H 1
| #define HAVE_INTTYPES_H 1
| #define HAVE_STDINT_H 1
| #define HAVE_UNISTD_H 1
| #define __EXTENSIONS__ 1
| #define _ALL_SOURCE 1
| #define _GNU_SOURCE 1
| #define _POSIX_PTHREAD_SEMANTICS 1
| #define _TANDEM_SOURCE 1
| #define X_DISPLAY_MISSING 1
| #define HAVE_STDDEF_H 1
| #define HAVE_STDLIB_H 1
| #define HAVE_UNISTD_H 1
| #define HAVE_DIRENT_H 1
| #define HAVE_LIMITS_H 1
| #define HAVE_SYS_DIR_H 1
| #define HAVE_STRING_H 1
| #define HAVE_STRINGS_H 1
| #define HAVE_MATH_H 1
| #define HAVE_SYS_TIME_H 1
| #define RET_TYPE_SRAND_IS_VOID 1
| #define HAVE_SYS_NERR 1
| #define HAVE_SYS_ERRLIST 1
| #define HAVE_CC_LIMITS_H 1
| #define HAVE_CC_INTTYPES_H 1
| #define RETSIGTYPE void
| #define HAVE_STRUCT_EXCEPTION 1
| /* end confdefs.h.  */
| #include <ac_nonexistent.h>
configure:8241: result: g++ -E
configure:8261: g++ -E  conftest.cpp
configure:8261: $? = 0
configure:8275: g++ -E  conftest.cpp
conftest.cpp:42:28: fatal error: ac_nonexistent.h: No such file or directory
 #include <ac_nonexistent.h>
                            ^
compilation terminated.
configure:8275: $? = 1
configure: failed program was:
| /* confdefs.h */
| #define PACKAGE_NAME "groff"
| #define PACKAGE_TARNAME "groff-1.22.2"
| #define PACKAGE_VERSION "1.22.2"
| #define PACKAGE_STRING "groff 1.22.2"
| #define PACKAGE_BUGREPORT "bug-groff@gnu.org"
| #define PACKAGE_URL ""
| #define STDC_HEADERS 1
| #define HAVE_SYS_TYPES_H 1
| #define HAVE_SYS_STAT_H 1
| #define HAVE_STDLIB_H 1
| #define HAVE_STRING_H 1
| #define HAVE_MEMORY_H 1
| #define HAVE_STRINGS_H 1
| #define HAVE_INTTYPES_H 1
| #define HAVE_STDINT_H 1
| #define HAVE_UNISTD_H 1
| #define __EXTENSIONS__ 1
| #define _ALL_SOURCE 1
| #define _GNU_SOURCE 1
| #define _POSIX_PTHREAD_SEMANTICS 1
| #define _TANDEM_SOURCE 1
| #define X_DISPLAY_MISSING 1
| #define HAVE_STDDEF_H 1
| #define HAVE_STDLIB_H 1
| #define HAVE_UNISTD_H 1
| #define HAVE_DIRENT_H 1
| #define HAVE_LIMITS_H 1
| #define HAVE_SYS_DIR_H 1
| #define HAVE_STRING_H 1
| #define HAVE_STRINGS_H 1
| #define HAVE_MATH_H 1
| #define HAVE_SYS_TIME_H 1
| #define RET_TYPE_SRAND_IS_VOID 1
| #define HAVE_SYS_NERR 1
| #define HAVE_SYS_ERRLIST 1
| #define HAVE_CC_LIMITS_H 1
| #define HAVE_CC_INTTYPES_H 1
| #define RETSIGTYPE void
| #define HAVE_STRUCT_EXCEPTION 1
| /* end confdefs.h.  */
| #include <ac_nonexistent.h>
configure:8863: checking for iconv
configure:8887: g++ -o conftest -g -O2   conftest.cpp  >&5
configure:8887: $? = 0
configure:8921: result: yes
configure:8924: checking for working iconv
configure:9044: g++ -o conftest -g -O2   conftest.cpp  >&5
configure:9044: $? = 0
configure:9044: ./conftest
configure:9044: $? = 0
configure:9056: result: yes
configure:9084: checking for iconv declaration
configure:9113: g++ -c -g -O2  conftest.cpp >&5
configure:9113: $? = 0
configure:9124: result:
         extern size_t iconv (iconv_t cd, char * *inbuf, size_t *inbytesleft, char * *outbuf, size_t *outbytesleft);
configure:9153: checking for stdlib.h
configure:9153: result: yes
configure:9153: checking for unistd.h
configure:9153: result: yes
configure:9153: checking for sys/param.h
configure:9153: gcc -c -g -O2  conftest.c >&5
configure:9153: $? = 0
configure:9153: result: yes
configure:9173: checking for getpagesize
configure:9173: gcc -o conftest -g -O2   conftest.c  >&5
configure:9173: $? = 0
configure:9173: result: yes
configure:9182: checking for working mmap
configure:9329: gcc -o conftest -g -O2   conftest.c  >&5
configure:9329: $? = 0
configure:9329: ./conftest
configure:9329: $? = 0
configure:9339: result: yes
configure:9350: checking for fmod
configure:9350: gcc -o conftest -g -O2   conftest.c  -lc -lm >&5
conftest.c:72:6: warning: conflicting types for built-in function 'fmod' [enabled by default]
 char fmod ();
      ^
configure:9350: $? = 0
configure:9350: result: yes
configure:9363: checking for getcwd
configure:9363: gcc -o conftest -g -O2   conftest.c  -lc -lm >&5
configure:9363: $? = 0
configure:9363: result: yes
configure:9376: checking for putenv
configure:9376: gcc -o conftest -g -O2   conftest.c  -lc -lm >&5
configure:9376: $? = 0
configure:9376: result: yes
configure:9389: checking for snprintf
configure:9389: gcc -o conftest -g -O2   conftest.c  -lc -lm >&5
conftest.c:75:6: warning: conflicting types for built-in function 'snprintf' [enabled by default]
 char snprintf ();
      ^
configure:9389: $? = 0
configure:9389: result: yes
configure:9402: checking for strcasecmp
configure:9402: gcc -o conftest -g -O2   conftest.c  -lc -lm >&5
conftest.c:76:6: warning: conflicting types for built-in function 'strcasecmp' [enabled by default]
 char strcasecmp ();
      ^
configure:9402: $? = 0
configure:9402: result: yes
configure:9415: checking for strerror
configure:9415: gcc -o conftest -g -O2   conftest.c  -lc -lm >&5
configure:9415: $? = 0
configure:9415: result: yes
configure:9428: checking for strncasecmp
configure:9428: gcc -o conftest -g -O2   conftest.c  -lc -lm >&5
conftest.c:78:6: warning: conflicting types for built-in function 'strncasecmp' [enabled by default]
 char strncasecmp ();
      ^
configure:9428: $? = 0
configure:9428: result: yes
configure:9441: checking for strtol
configure:9441: gcc -o conftest -g -O2   conftest.c  -lc -lm >&5
configure:9441: $? = 0
configure:9441: result: yes
configure:9458: checking for vsnprintf
configure:9458: gcc -o conftest -g -O2   conftest.c  -lc -lm >&5
conftest.c:80:6: warning: conflicting types for built-in function 'vsnprintf' [enabled by default]
 char vsnprintf ();
      ^
configure:9458: $? = 0
configure:9458: result: yes
configure:9478: checking for gettimeofday
configure:9478: gcc -o conftest -g -O2   conftest.c  >&5
configure:9478: $? = 0
configure:9478: result: yes
configure:9478: checking for isatty
configure:9478: gcc -o conftest -g -O2   conftest.c  >&5
configure:9478: $? = 0
configure:9478: result: yes
configure:9478: checking for kill
configure:9478: gcc -o conftest -g -O2   conftest.c  >&5
configure:9478: $? = 0
configure:9478: result: yes
configure:9478: checking for rename
configure:9478: gcc -o conftest -g -O2   conftest.c  >&5
configure:9478: $? = 0
configure:9478: result: yes
configure:9478: checking for setlocale
configure:9478: gcc -o conftest -g -O2   conftest.c  >&5
configure:9478: $? = 0
configure:9478: result: yes
configure:9478: checking for strsep
configure:9478: gcc -o conftest -g -O2   conftest.c  >&5
configure:9478: $? = 0
configure:9478: result: yes
configure:9487: checking for mkstemp
configure:9519: g++ -o conftest -g -O2   conftest.cpp  >&5
configure:9519: $? = 0
configure:9520: result: yes
configure:9543: checking whether sys_siglist is declared
configure:9543: gcc -c -g -O2  conftest.c >&5
conftest.c: In function 'main':
conftest.c:105:10: error: 'sys_siglist' undeclared (first use in this function)
   (void) sys_siglist;
          ^
conftest.c:105:10: note: each undeclared identifier is reported only once for each function it appears in
configure:9543: $? = 1
configure: failed program was:
| /* confdefs.h */
| #define PACKAGE_NAME "groff"
| #define PACKAGE_TARNAME "groff-1.22.2"
| #define PACKAGE_VERSION "1.22.2"
| #define PACKAGE_STRING "groff 1.22.2"
| #define PACKAGE_BUGREPORT "bug-groff@gnu.org"
| #define PACKAGE_URL ""
| #define STDC_HEADERS 1
| #define HAVE_SYS_TYPES_H 1
| #define HAVE_SYS_STAT_H 1
| #define HAVE_STDLIB_H 1
| #define HAVE_STRING_H 1
| #define HAVE_MEMORY_H 1
| #define HAVE_STRINGS_H 1
| #define HAVE_INTTYPES_H 1
| #define HAVE_STDINT_H 1
| #define HAVE_UNISTD_H 1
| #define __EXTENSIONS__ 1
| #define _ALL_SOURCE 1
| #define _GNU_SOURCE 1
| #define _POSIX_PTHREAD_SEMANTICS 1
| #define _TANDEM_SOURCE 1
| #define X_DISPLAY_MISSING 1
| #define HAVE_STDDEF_H 1
| #define HAVE_STDLIB_H 1
| #define HAVE_UNISTD_H 1
| #define HAVE_DIRENT_H 1
| #define HAVE_LIMITS_H 1
| #define HAVE_SYS_DIR_H 1
| #define HAVE_STRING_H 1
| #define HAVE_STRINGS_H 1
| #define HAVE_MATH_H 1
| #define HAVE_SYS_TIME_H 1
| #define RET_TYPE_SRAND_IS_VOID 1
| #define HAVE_SYS_NERR 1
| #define HAVE_SYS_ERRLIST 1
| #define HAVE_CC_LIMITS_H 1
| #define HAVE_CC_INTTYPES_H 1
| #define RETSIGTYPE void
| #define HAVE_STRUCT_EXCEPTION 1
| #define HAVE_ICONV 1
| #define ICONV_CONST 
| #define HAVE_STDLIB_H 1
| #define HAVE_UNISTD_H 1
| #define HAVE_SYS_PARAM_H 1
| #define HAVE_GETPAGESIZE 1
| #define HAVE_MMAP 1
| #define HAVE_FMOD 1
| #define HAVE_GETCWD 1
| #define HAVE_PUTENV 1
| #define HAVE_SNPRINTF 1
| #define HAVE_STRCASECMP 1
| #define HAVE_STRERROR 1
| #define HAVE_STRNCASECMP 1
| #define HAVE_STRTOL 1
| #define HAVE_VSNPRINTF 1
| #define HAVE_GETTIMEOFDAY 1
| #define HAVE_ISATTY 1
| #define HAVE_KILL 1
| #define HAVE_RENAME 1
| #define HAVE_SETLOCALE 1
| #define HAVE_STRSEP 1
| #define HAVE_MKSTEMP 1
| /* end confdefs.h.  */
| #include <stdio.h>
| #ifdef HAVE_SYS_TYPES_H
| # include <sys/types.h>
| #endif
| #ifdef HAVE_SYS_STAT_H
| # include <sys/stat.h>
| #endif
| #ifdef STDC_HEADERS
| # include <stdlib.h>
| # include <stddef.h>
| #else
| # ifdef HAVE_STDLIB_H
| #  include <stdlib.h>
| # endif
| #endif
| #ifdef HAVE_STRING_H
| # if !defined STDC_HEADERS && defined HAVE_MEMORY_H
| #  include <memory.h>
| # endif
| # include <string.h>
| #endif
| #ifdef HAVE_STRINGS_H
| # include <strings.h>
| #endif
| #ifdef HAVE_INTTYPES_H
| # include <inttypes.h>
| #endif
| #ifdef HAVE_STDINT_H
| # include <stdint.h>
| #endif
| #ifdef HAVE_UNISTD_H
| # include <unistd.h>
| #endif
| int
| main ()
| {
| #ifndef sys_siglist
| #ifdef __cplusplus
|   (void) sys_siglist;
| #else
|   (void) sys_siglist;
| #endif
| #endif
| 
|   ;
|   return 0;
| }
configure:9543: result: no
configure:9553: checking whether getc_unlocked is declared
configure:9553: gcc -c -g -O2  conftest.c >&5
configure:9553: $? = 0
configure:9553: result: yes
configure:9565: checking for nl_langinfo and CODESET
configure:9581: gcc -o conftest -g -O2   conftest.c  >&5
configure:9581: $? = 0
configure:9590: result: yes
configure:9606: checking whether ANSI array delete syntax is supported
configure:9626: g++ -c -g -O2  conftest.cpp >&5
configure:9626: $? = 0
configure:9627: result: yes
configure:9649: checking traditional preprocessor
configure:9672: g++ -c -g -O2  conftest.cpp >&5
conftest.cpp: In function 'int main()':
conftest.cpp:79:16: error: expected initializer before 'bar'
 int name2(foo, bar);
                ^
conftest.cpp:71:26: note: in definition of macro 'name2'
 #define name2(a, b) a/**/b
                          ^
configure:9672: $? = 1
configure: failed program was:
| /* confdefs.h */
| #define PACKAGE_NAME "groff"
| #define PACKAGE_TARNAME "groff-1.22.2"
| #define PACKAGE_VERSION "1.22.2"
| #define PACKAGE_STRING "groff 1.22.2"
| #define PACKAGE_BUGREPORT "bug-groff@gnu.org"
| #define PACKAGE_URL ""
| #define STDC_HEADERS 1
| #define HAVE_SYS_TYPES_H 1
| #define HAVE_SYS_STAT_H 1
| #define HAVE_STDLIB_H 1
| #define HAVE_STRING_H 1
| #define HAVE_MEMORY_H 1
| #define HAVE_STRINGS_H 1
| #define HAVE_INTTYPES_H 1
| #define HAVE_STDINT_H 1
| #define HAVE_UNISTD_H 1
| #define __EXTENSIONS__ 1
| #define _ALL_SOURCE 1
| #define _GNU_SOURCE 1
| #define _POSIX_PTHREAD_SEMANTICS 1
| #define _TANDEM_SOURCE 1
| #define X_DISPLAY_MISSING 1
| #define HAVE_STDDEF_H 1
| #define HAVE_STDLIB_H 1
| #define HAVE_UNISTD_H 1
| #define HAVE_DIRENT_H 1
| #define HAVE_LIMITS_H 1
| #define HAVE_SYS_DIR_H 1
| #define HAVE_STRING_H 1
| #define HAVE_STRINGS_H 1
| #define HAVE_MATH_H 1
| #define HAVE_SYS_TIME_H 1
| #define RET_TYPE_SRAND_IS_VOID 1
| #define HAVE_SYS_NERR 1
| #define HAVE_SYS_ERRLIST 1
| #define HAVE_CC_LIMITS_H 1
| #define HAVE_CC_INTTYPES_H 1
| #define RETSIGTYPE void
| #define HAVE_STRUCT_EXCEPTION 1
| #define HAVE_ICONV 1
| #define ICONV_CONST 
| #define HAVE_STDLIB_H 1
| #define HAVE_UNISTD_H 1
| #define HAVE_SYS_PARAM_H 1
| #define HAVE_GETPAGESIZE 1
| #define HAVE_MMAP 1
| #define HAVE_FMOD 1
| #define HAVE_GETCWD 1
| #define HAVE_PUTENV 1
| #define HAVE_SNPRINTF 1
| #define HAVE_STRCASECMP 1
| #define HAVE_STRERROR 1
| #define HAVE_STRNCASECMP 1
| #define HAVE_STRTOL 1
| #define HAVE_VSNPRINTF 1
| #define HAVE_GETTIMEOFDAY 1
| #define HAVE_ISATTY 1
| #define HAVE_KILL 1
| #define HAVE_RENAME 1
| #define HAVE_SETLOCALE 1
| #define HAVE_STRSEP 1
| #define HAVE_MKSTEMP 1
| #define HAVE_DECL_SYS_SIGLIST 0
| #define HAVE_DECL_GETC_UNLOCKED 1
| #define HAVE_LANGINFO_CODESET 1
| /* end confdefs.h.  */
| 
| 
| 
| #define name2(a, b) a/**/b
| 
| 
| int
| main ()
| {
| 
| 
| int name2(foo, bar);
| 
| 
|   ;
|   return 0;
| }
| 
configure:9679: result: no
configure:9691: checking w_coredump
configure:9728: gcc -o conftest -g -O2   conftest.c  >&5
conftest.c: In function 'main':
conftest.c:81:1: error: expected ';' before '{' token
 {
 ^
configure:9728: $? = 1
configure: program exited with status 1
configure: failed program was:
| /* confdefs.h */
| #define PACKAGE_NAME "groff"
| #define PACKAGE_TARNAME "groff-1.22.2"
| #define PACKAGE_VERSION "1.22.2"
| #define PACKAGE_STRING "groff 1.22.2"
| #define PACKAGE_BUGREPORT "bug-groff@gnu.org"
| #define PACKAGE_URL ""
| #define STDC_HEADERS 1
| #define HAVE_SYS_TYPES_H 1
| #define HAVE_SYS_STAT_H 1
| #define HAVE_STDLIB_H 1
| #define HAVE_STRING_H 1
| #define HAVE_MEMORY_H 1
| #define HAVE_STRINGS_H 1
| #define HAVE_INTTYPES_H 1
| #define HAVE_STDINT_H 1
| #define HAVE_UNISTD_H 1
| #define __EXTENSIONS__ 1
| #define _ALL_SOURCE 1
| #define _GNU_SOURCE 1
| #define _POSIX_PTHREAD_SEMANTICS 1
| #define _TANDEM_SOURCE 1
| #define X_DISPLAY_MISSING 1
| #define HAVE_STDDEF_H 1
| #define HAVE_STDLIB_H 1
| #define HAVE_UNISTD_H 1
| #define HAVE_DIRENT_H 1
| #define HAVE_LIMITS_H 1
| #define HAVE_SYS_DIR_H 1
| #define HAVE_STRING_H 1
| #define HAVE_STRINGS_H 1
| #define HAVE_MATH_H 1
| #define HAVE_SYS_TIME_H 1
| #define RET_TYPE_SRAND_IS_VOID 1
| #define HAVE_SYS_NERR 1
| #define HAVE_SYS_ERRLIST 1
| #define HAVE_CC_LIMITS_H 1
| #define HAVE_CC_INTTYPES_H 1
| #define RETSIGTYPE void
| #define HAVE_STRUCT_EXCEPTION 1
| #define HAVE_ICONV 1
| #define ICONV_CONST 
| #define HAVE_STDLIB_H 1
| #define HAVE_UNISTD_H 1
| #define HAVE_SYS_PARAM_H 1
| #define HAVE_GETPAGESIZE 1
| #define HAVE_MMAP 1
| #define HAVE_FMOD 1
| #define HAVE_GETCWD 1
| #define HAVE_PUTENV 1
| #define HAVE_SNPRINTF 1
| #define HAVE_STRCASECMP 1
| #define HAVE_STRERROR 1
| #define HAVE_STRNCASECMP 1
| #define HAVE_STRTOL 1
| #define HAVE_VSNPRINTF 1
| #define HAVE_GETTIMEOFDAY 1
| #define HAVE_ISATTY 1
| #define HAVE_KILL 1
| #define HAVE_RENAME 1
| #define HAVE_SETLOCALE 1
| #define HAVE_STRSEP 1
| #define HAVE_MKSTEMP 1
| #define HAVE_DECL_SYS_SIGLIST 0
| #define HAVE_DECL_GETC_UNLOCKED 1
| #define HAVE_LANGINFO_CODESET 1
| /* end confdefs.h.  */
| 
| 
| 
| #include <sys/types.h>
| #include <sys/wait.h>
| 
| 
| int
| main ()
| {
| 
| 
| main()
| {
| #ifdef WCOREFLAG
|   exit(1);
| #else
|   int i = 0;
|   ((union wait *)&i)->w_coredump = 1;
|   exit(i != 0200);
| #endif
| }
| 
| 
|   ;
|   return 0;
| }
| 
configure:9735: result: no
configure:9744: checking default value for grops -b option
configure:9747: result: 0
configure:9750: checking default paper size
configure:9804: result: A4
configure:9807: checking for existing troff installation
configure:9814: result: no
configure:9819: checking for prefix of system macro packages
configure:9836: result: 
configure:9840: checking which system macro packages should be made available
configure:9883: result: 
configure:9886: checking separator character to use in groff search paths
configure:9913: gcc -c -g -O2  conftest.c >&5
configure:9913: $? = 0
configure:9919: result: :
configure:9986: checking for gs
configure:10016: result: no
configure:9986: checking for gswin32c
configure:10016: result: no
configure:9986: checking for gsos2
configure:10016: result: no
configure:10047: checking for pnmcut
configure:10075: result: missing
configure:10087: checking for pnmcrop
configure:10115: result: missing
configure:10127: checking for pnmtopng
configure:10155: result: missing
configure:10167: checking for psselect
configure:10195: result: missing
configure:10207: checking for pnmtops
configure:10235: result: missing
configure:10275: WARNING: missing programs:

  The programs
     `pnmcut', `pnmcrop', `pnmtopng', `psselect', `pnmtops' and `gs'
  cannot be found in the PATH.
  Consequently, groff's HTML backend (grohtml) will not work properly;
  therefore, it will neither be possible to prepare, nor to install,
  documentation in HTML format.
     
configure:10353: checking for gawk
configure:10369: found /usr/bin/gawk
configure:10380: result: gawk
configure:10431: WARNING: missing program:

  The program `gs' cannot be found in the PATH.
  Consequently, groff's PDF formatter (pdfroff) will not work properly;
  therefore, it will neither be possible to prepare, nor to install,
  documentation in PDF format.
     
configure:10443: checking whether pnmtops can handle the -nosetpage option
configure:10450: result: no
configure:10456: checking whether we are using the GNU C Library >= 2.1 or uClibc
configure:10486: result: yes
configure:10498: checking for symlink
configure:10498: gcc -o conftest -g -O2   conftest.c  >&5
configure:10498: $? = 0
configure:10498: result: yes
configure:10514: checking for working fcntl.h
configure:10606: gcc -o conftest -g -O2   conftest.c  >&5
configure:10606: $? = 0
configure:10606: ./conftest
configure:10606: $? = 0
configure:10621: result: yes
configure:10644: checking whether getc_unlocked is declared
configure:10644: result: yes
configure:10787: creating ./config.status

## ---------------------- ##
## Running config.status. ##
## ---------------------- ##

This file was extended by groff config.status 1.22.2, which was
generated by GNU Autoconf 2.69.  Invocation command line was

  CONFIG_FILES    = 
  CONFIG_HEADERS  = 
  CONFIG_LINKS    = 
  CONFIG_COMMANDS = 
  $ ./config.status 

on lfs

config.status:924: creating stamp-h
config.status:924: creating Makefile
config.status:924: creating doc/Makefile
config.status:924: creating src/utils/xtotroff/Makefile
config.status:924: creating contrib/gdiffmk/tests/runtests
config.status:924: creating test-groff
config.status:924: creating src/include/config.h

## ---------------- ##
## Cache variables. ##
## ---------------- ##

ac_cv_build=i686-pc-linux-gnu
ac_cv_c_bigendian=no
ac_cv_c_compiler_gnu=yes
ac_cv_cxx_compiler_gnu=yes
ac_cv_env_CCC_set=
ac_cv_env_CCC_value=
ac_cv_env_CC_set=
ac_cv_env_CC_value=
ac_cv_env_CFLAGS_set=
ac_cv_env_CFLAGS_value=
ac_cv_env_CPPFLAGS_set=
ac_cv_env_CPPFLAGS_value=
ac_cv_env_CPP_set=
ac_cv_env_CPP_value=
ac_cv_env_CXXCPP_set=
ac_cv_env_CXXCPP_value=
ac_cv_env_CXXFLAGS_set=
ac_cv_env_CXXFLAGS_value=
ac_cv_env_CXX_set=
ac_cv_env_CXX_value=
ac_cv_env_LDFLAGS_set=
ac_cv_env_LDFLAGS_value=
ac_cv_env_LIBS_set=
ac_cv_env_LIBS_value=
ac_cv_env_XMKMF_set=
ac_cv_env_XMKMF_value=
ac_cv_env_build_alias_set=
ac_cv_env_build_alias_value=
ac_cv_env_host_alias_set=
ac_cv_env_host_alias_value=
ac_cv_env_target_alias_set=
ac_cv_env_target_alias_value=
ac_cv_func_fmod=yes
ac_cv_func_getcwd=yes
ac_cv_func_getpagesize=yes
ac_cv_func_gettimeofday=yes
ac_cv_func_isatty=yes
ac_cv_func_kill=yes
ac_cv_func_mmap_fixed_mapped=yes
ac_cv_func_putenv=yes
ac_cv_func_rename=yes
ac_cv_func_setlocale=yes
ac_cv_func_snprintf=yes
ac_cv_func_strcasecmp=yes
ac_cv_func_strerror=yes
ac_cv_func_strncasecmp=yes
ac_cv_func_strsep=yes
ac_cv_func_strtol=yes
ac_cv_func_symlink=yes
ac_cv_func_vsnprintf=yes
ac_cv_gnu_library_2_1=yes
ac_cv_have_decl_getc_unlocked=yes
ac_cv_have_decl_sys_siglist=no
ac_cv_have_x=have_x=no
ac_cv_header_direct_h=no
ac_cv_header_dirent_h=yes
ac_cv_header_inttypes_h=yes
ac_cv_header_limits_h=yes
ac_cv_header_math_h=yes
ac_cv_header_memory_h=yes
ac_cv_header_minix_config_h=no
ac_cv_header_process_h=no
ac_cv_header_stdc=yes
ac_cv_header_stddef_h=yes
ac_cv_header_stdint_h=yes
ac_cv_header_stdlib_h=yes
ac_cv_header_string_h=yes
ac_cv_header_strings_h=yes
ac_cv_header_sys_dir_h=yes
ac_cv_header_sys_param_h=yes
ac_cv_header_sys_stat_h=yes
ac_cv_header_sys_time_h=yes
ac_cv_header_sys_types_h=yes
ac_cv_header_unistd_h=yes
ac_cv_host=i686-pc-linux-gnu
ac_cv_lib_c_main=yes
ac_cv_lib_m_sin=yes
ac_cv_objext=o
ac_cv_path_EGREP='/bin/grep -E'
ac_cv_path_GREP=/bin/grep
ac_cv_path_PERLPATH=/usr/bin/perl
ac_cv_path_install='/usr/bin/install -c'
ac_cv_prog_CPP='gcc -E'
ac_cv_prog_CXXCPP='g++ -E'
ac_cv_prog_INSTALL_INFO=install-info
ac_cv_prog_MAKEINFO=makeinfo
ac_cv_prog_YACC='bison -y'
ac_cv_prog_ac_ct_AWK=gawk
ac_cv_prog_ac_ct_CC=gcc
ac_cv_prog_ac_ct_CXX=g++
ac_cv_prog_ac_ct_RANLIB=ranlib
ac_cv_prog_cc_c89=
ac_cv_prog_cc_g=yes
ac_cv_prog_cxx_g=yes
ac_cv_prog_pnmcrop=missing
ac_cv_prog_pnmcut=missing
ac_cv_prog_pnmtopng=missing
ac_cv_prog_pnmtops=missing
ac_cv_prog_psselect=missing
ac_cv_safe_to_define___extensions__=yes
acl_cv_hardcode_direct=no
acl_cv_hardcode_libdir_flag_spec='${wl}-rpath ${wl}$libdir'
acl_cv_hardcode_libdir_separator=
acl_cv_hardcode_minus_L=no
acl_cv_libext=a
acl_cv_libname_spec='lib$name'
acl_cv_library_names_spec='$libname$shrext'
acl_cv_path_LD=/usr/bin/ld
acl_cv_prog_gnu_ld=yes
acl_cv_rpath=done
acl_cv_shlibext=so
acl_cv_wl=-Wl,
am_cv_func_iconv=yes
am_cv_func_iconv_works=yes
am_cv_langinfo_codeset=yes
am_cv_lib_iconv=no
am_cv_proto_iconv='extern size_t iconv (iconv_t cd, char * *inbuf, size_t *inbytesleft, char * *outbuf, size_t *outbytesleft);'
am_cv_proto_iconv_arg1=
gl_cv_header_working_fcntl_h=yes
groff_cv_decl_needed_gettimeofday=no
groff_cv_decl_needed_hypot=no
groff_cv_decl_needed_pclose=no
groff_cv_decl_needed_popen=no
groff_cv_decl_needed_putenv=no
groff_cv_decl_needed_rand=no
groff_cv_decl_needed_snprintf=no
groff_cv_decl_needed_srand=no
groff_cv_decl_needed_strcasecmp=no
groff_cv_decl_needed_strncasecmp=no
groff_cv_decl_needed_vfprintf=no
groff_cv_decl_needed_vsnprintf=no
groff_cv_ebcdic=no
groff_cv_header_inttypes_h=yes
groff_cv_type_unsigned_long_long=yes

## ----------------- ##
## Output variables. ##
## ----------------- ##

ALT_AWK_PROGS='gawk mawk nawk awk'
ALT_GHOSTSCRIPT_PROGS='gs gswin32c gsos2'
AWK='gawk'
BROKEN_SPOOLER_FLAGS='0'
CC='gcc'
CFLAGS='-g -O2'
CPP='gcc -E'
CPPFLAGS=''
CXX='g++'
CXXCPP='g++ -E'
CXXFLAGS='-g -O2'
DEFS='-DHAVE_CONFIG_H'
DVIPRINT=''
ECHO_C=''
ECHO_N='-n'
ECHO_T=''
EGREP='/bin/grep -E'
EXEEXT=''
GHOSTSCRIPT='missing'
GLIBC21='yes'
GREP='/bin/grep'
GROFF_PATH_SEPARATOR=':'
INSTALL_DATA='${INSTALL} -m 644'
INSTALL_INFO='install-info'
INSTALL_PROGRAM='${INSTALL}'
INSTALL_SCRIPT='${INSTALL}'
LDFLAGS=''
LIBC='-lc'
LIBEXT='a'
LIBICONV=''
LIBM='-lm'
LIBOBJS=''
LIBS=''
LN_S='ln -s'
LP=''
LPQ=''
LPR=''
LTLIBICONV=''
LTLIBOBJS=''
MAKEINFO='makeinfo'
OBJEXT='o'
OTHERDEVDIRS='font/devlj4 font/devlbp'
PACKAGE_BUGREPORT='bug-groff@gnu.org'
PACKAGE_NAME='groff'
PACKAGE_STRING='groff 1.22.2'
PACKAGE_TARNAME='groff-1.22.2'
PACKAGE_URL=''
PACKAGE_VERSION='1.22.2'
PAGE='A4'
PATH_SEPARATOR=':'
PERLPATH='/usr/bin/perl'
PSPRINT=''
RANLIB='ranlib'
SHELL='/bin/sh'
SH_SCRIPT_SED_CMD='1s/a/a/'
TTYDEVDIRS='font/devascii font/devlatin1'
XDEVDIRS=''
XLIBDIRS=''
XMKMF=''
XPROGDIRS=''
X_CFLAGS=''
X_EXTRA_LIBS=''
X_LIBS=''
X_PRE_LIBS=''
YACC='bison -y'
ac_ct_AWK='gawk'
ac_ct_CC='gcc'
ac_ct_CXX='g++'
ac_ct_GHOSTSCRIPT=''
appresdir=''
bindir='${exec_prefix}/bin'
build='i686-pc-linux-gnu'
build_alias=''
build_cpu='i686'
build_os='linux-gnu'
build_vendor='pc'
datadir='${datarootdir}'
datarootdir='${prefix}/share'
docdir='${datarootdir}/doc/${PACKAGE_TARNAME}'
dvidir='${docdir}'
exec_prefix='${prefix}'
g=''
groffer_dir='${exec_prefix}/lib/groff/groffer'
host='i686-pc-linux-gnu'
host_alias=''
host_cpu='i686'
host_os='linux-gnu'
host_vendor='pc'
htmldir='${docdir}'
includedir='${prefix}/include'
infodir='${datarootdir}/info'
libdir='${exec_prefix}/lib'
libexecdir='${exec_prefix}/libexec'
localedir='${datarootdir}/locale'
localstatedir='${prefix}/var'
make_html=''
make_install_html=''
make_install_pdfdoc=''
make_pdfdoc=''
mandir='${datarootdir}/man'
oldincludedir='/usr/include'
pdfdir='${docdir}'
pnmcrop='missing'
pnmcut='missing'
pnmtopng='missing'
pnmtops='missing'
pnmtops_nosetpage='pnmtops'
prefix='/usr'
program_transform_name='s,x,x,'
psdir='${docdir}'
psselect='missing'
sbindir='${exec_prefix}/sbin'
sharedstatedir='${prefix}/com'
sys_tmac_prefix=''
sysconfdir='${prefix}/etc'
target_alias=''
tmac_wrap=''

## ----------- ##
## confdefs.h. ##
## ----------- ##

/* confdefs.h */
#define PACKAGE_NAME "groff"
#define PACKAGE_TARNAME "groff-1.22.2"
#define PACKAGE_VERSION "1.22.2"
#define PACKAGE_STRING "groff 1.22.2"
#define PACKAGE_BUGREPORT "bug-groff@gnu.org"
#define PACKAGE_URL ""
#define STDC_HEADERS 1
#define HAVE_SYS_TYPES_H 1
#define HAVE_SYS_STAT_H 1
#define HAVE_STDLIB_H 1
#define HAVE_STRING_H 1
#define HAVE_MEMORY_H 1
#define HAVE_STRINGS_H 1
#define HAVE_INTTYPES_H 1
#define HAVE_STDINT_H 1
#define HAVE_UNISTD_H 1
#define __EXTENSIONS__ 1
#define _ALL_SOURCE 1
#define _GNU_SOURCE 1
#define _POSIX_PTHREAD_SEMANTICS 1
#define _TANDEM_SOURCE 1
#define X_DISPLAY_MISSING 1
#define HAVE_STDDEF_H 1
#define HAVE_STDLIB_H 1
#define HAVE_UNISTD_H 1
#define HAVE_DIRENT_H 1
#define HAVE_LIMITS_H 1
#define HAVE_SYS_DIR_H 1
#define HAVE_STRING_H 1
#define HAVE_STRINGS_H 1
#define HAVE_MATH_H 1
#define HAVE_SYS_TIME_H 1
#define RET_TYPE_SRAND_IS_VOID 1
#define HAVE_SYS_NERR 1
#define HAVE_SYS_ERRLIST 1
#define HAVE_CC_LIMITS_H 1
#define HAVE_CC_INTTYPES_H 1
#define RETSIGTYPE void
#define HAVE_STRUCT_EXCEPTION 1
#define HAVE_ICONV 1
#define ICONV_CONST 
#define HAVE_STDLIB_H 1
#define HAVE_UNISTD_H 1
#define HAVE_SYS_PARAM_H 1
#define HAVE_GETPAGESIZE 1
#define HAVE_MMAP 1
#define HAVE_FMOD 1
#define HAVE_GETCWD 1
#define HAVE_PUTENV 1
#define HAVE_SNPRINTF 1
#define HAVE_STRCASECMP 1
#define HAVE_STRERROR 1
#define HAVE_STRNCASECMP 1
#define HAVE_STRTOL 1
#define HAVE_VSNPRINTF 1
#define HAVE_GETTIMEOFDAY 1
#define HAVE_ISATTY 1
#define HAVE_KILL 1
#define HAVE_RENAME 1
#define HAVE_SETLOCALE 1
#define HAVE_STRSEP 1
#define HAVE_MKSTEMP 1
#define HAVE_DECL_SYS_SIGLIST 0
#define HAVE_DECL_GETC_UNLOCKED 1
#define HAVE_LANGINFO_CODESET 1
#define PAGEA4 1
#define HAVE_SYMLINK 1
#define HAVE_WORKING_O_NOATIME 1
#define HAVE_WORKING_O_NOFOLLOW 1
#define HAVE_DECL_GETC_UNLOCKED 1

configure: exit 0
