This file contains any messages produced by compilers while
running configure, to aid debugging if configure makes a mistake.

It was created by configure, which was
generated by GNU Autoconf 2.64.  Invocation command line was

  $ ../binutils-2.24/configure --prefix=/tools --disable-nls --with-lib-path=/tools/lib --with-sysroot

## --------- ##
## Platform. ##
## --------- ##

hostname = lfs
uname -m = i686
uname -r = 3.11.0-26-generic
uname -s = Linux
uname -v = #45-Ubuntu SMP Tue Jul 15 04:04:15 UTC 2014

/usr/bin/uname -p = unknown
/bin/uname -X     = unknown

/bin/arch              = unknown
/usr/bin/arch -k       = unknown
/usr/convex/getsysinfo = unknown
/usr/bin/hostinfo      = unknown
/bin/machine           = unknown
/usr/bin/oslevel       = unknown
/bin/universe          = unknown

PATH: /tools/bin
PATH: /bin
PATH: /usr/bin


## ----------- ##
## Core tests. ##
## ----------- ##

configure:2317: checking build system type
configure:2331: result: i686-pc-linux-gnu
configure:2378: checking host system type
configure:2391: result: i686-pc-linux-gnu
configure:2411: checking target system type
configure:2424: result: i686-pc-linux-gnu
configure:2478: checking for a BSD-compatible install
configure:2546: result: /usr/bin/install -c
configure:2557: checking whether ln works
configure:2579: result: yes
configure:2583: checking whether ln -s works
configure:2587: result: yes
configure:2594: checking for a sed that does not truncate output
configure:2658: result: /bin/sed
configure:2667: checking for gawk
configure:2683: found /usr/bin/gawk
configure:2694: result: gawk
configure:3962: checking for gcc
configure:3989: result: i686-lfs-linux-gnu-gcc
configure:4218: checking for C compiler version
configure:4227: i686-lfs-linux-gnu-gcc --version >&5
i686-lfs-linux-gnu-gcc (GCC) 4.8.2
Copyright (C) 2013 Free Software Foundation, Inc.
This is free software; see the source for copying conditions.  There is NO
warranty; not even for MERCHANTABILITY or FITNESS FOR A PARTICULAR PURPOSE.

configure:4238: $? = 0
configure:4227: i686-lfs-linux-gnu-gcc -v >&5
Using built-in specs.
COLLECT_GCC=i686-lfs-linux-gnu-gcc
COLLECT_LTO_WRAPPER=/mnt/lfs/tools/bin/../libexec/gcc/i686-lfs-linux-gnu/4.8.2/lto-wrapper
Target: i686-lfs-linux-gnu
Configured with: ../gcc-4.8.2/configure --target=i686-lfs-linux-gnu --prefix=/tools --with-sysroot=/mnt/lfs --with-newlib --without-headers --with-local-prefix=/tools --with-native-system-header-dir=/tools/include --disable-nls --disable-shared --disable-multilib --disable-decimal-float --disable-threads --disable-libatomic --disable-libgomp --disable-libitm --disable-libmudflap --disable-libquadmath --disable-libsanitizer --disable-libssp --disable-libstdc++-v3 --enable-languages=c,c++ --with-mpfr-include=/mnt/lfs/sources/gcc-build/../gcc-4.8.2/mpfr/src --with-mpfr-lib=/mnt/lfs/sources/gcc-build/mpfr/src/.libs
Thread model: single
gcc version 4.8.2 (GCC) 
configure:4238: $? = 0
configure:4227: i686-lfs-linux-gnu-gcc -V >&5
i686-lfs-linux-gnu-gcc: error: unrecognized command line option '-V'
i686-lfs-linux-gnu-gcc: fatal error: no input files
compilation terminated.
configure:4238: $? = 1
configure:4227: i686-lfs-linux-gnu-gcc -qversion >&5
i686-lfs-linux-gnu-gcc: error: unrecognized command line option '-qversion'
i686-lfs-linux-gnu-gcc: fatal error: no input files
compilation terminated.
configure:4238: $? = 1
configure:4258: checking for C compiler default output file name
configure:4280: i686-lfs-linux-gnu-gcc    conftest.c  >&5
configure:4284: $? = 0
configure:4321: result: a.out
configure:4337: checking whether the C compiler works
configure:4346: ./a.out
configure:4350: $? = 0
configure:4365: result: yes
configure:4372: checking whether we are cross compiling
configure:4374: result: no
configure:4377: checking for suffix of executables
configure:4384: i686-lfs-linux-gnu-gcc -o conftest    conftest.c  >&5
configure:4388: $? = 0
configure:4410: result: 
configure:4416: checking for suffix of object files
configure:4438: i686-lfs-linux-gnu-gcc -c   conftest.c >&5
configure:4442: $? = 0
configure:4463: result: o
configure:4467: checking whether we are using the GNU C compiler
configure:4486: i686-lfs-linux-gnu-gcc -c   conftest.c >&5
configure:4486: $? = 0
configure:4495: result: yes
configure:4504: checking whether i686-lfs-linux-gnu-gcc accepts -g
configure:4524: i686-lfs-linux-gnu-gcc -c -g  conftest.c >&5
configure:4524: $? = 0
configure:4565: result: yes
configure:4582: checking for i686-lfs-linux-gnu-gcc option to accept ISO C89
configure:4646: i686-lfs-linux-gnu-gcc  -c -g -O2  conftest.c >&5
configure:4646: $? = 0
configure:4659: result: none needed
configure:4737: checking for g++
configure:4753: found /usr/bin/g++
configure:4764: result: g++
configure:4791: checking for C++ compiler version
configure:4800: g++ --version >&5
g++ (Ubuntu/Linaro 4.8.1-10ubuntu9) 4.8.1
Copyright (C) 2013 Free Software Foundation, Inc.
This is free software; see the source for copying conditions.  There is NO
warranty; not even for MERCHANTABILITY or FITNESS FOR A PARTICULAR PURPOSE.

configure:4811: $? = 0
configure:4800: g++ -v >&5
Using built-in specs.
COLLECT_GCC=g++
COLLECT_LTO_WRAPPER=/usr/lib/gcc/i686-linux-gnu/4.8/lto-wrapper
Target: i686-linux-gnu
Configured with: ../src/configure -v --with-pkgversion='Ubuntu/Linaro 4.8.1-10ubuntu9' --with-bugurl=file:///usr/share/doc/gcc-4.8/README.Bugs --enable-languages=c,c++,java,go,d,fortran,objc,obj-c++ --prefix=/usr --program-suffix=-4.8 --enable-shared --enable-linker-build-id --libexecdir=/usr/lib --without-included-gettext --enable-threads=posix --with-gxx-include-dir=/usr/include/c++/4.8 --libdir=/usr/lib --enable-nls --with-sysroot=/ --enable-clocale=gnu --enable-libstdcxx-debug --enable-libstdcxx-time=yes --enable-gnu-unique-object --enable-plugin --with-system-zlib --disable-browser-plugin --enable-java-awt=gtk --enable-gtk-cairo --with-java-home=/usr/lib/jvm/java-1.5.0-gcj-4.8-i386/jre --enable-java-home --with-jvm-root-dir=/usr/lib/jvm/java-1.5.0-gcj-4.8-i386 --with-jvm-jar-dir=/usr/lib/jvm-exports/java-1.5.0-gcj-4.8-i386 --with-arch-directory=i386 --with-ecj-jar=/usr/share/java/eclipse-ecj.jar --enable-objc-gc --enable-targets=all --enable-multiarch --disable-werror --with-arch-32=i686 --with-multilib-list=m32,m64,mx32 --with-tune=generic --enable-checking=release --build=i686-linux-gnu --host=i686-linux-gnu --target=i686-linux-gnu
Thread model: posix
gcc version 4.8.1 (Ubuntu/Linaro 4.8.1-10ubuntu9) 
configure:4811: $? = 0
configure:4800: g++ -V >&5
g++: error: unrecognized command line option '-V'
g++: fatal error: no input files
compilation terminated.
configure:4811: $? = 4
configure:4800: g++ -qversion >&5
g++: error: unrecognized command line option '-qversion'
g++: fatal error: no input files
compilation terminated.
configure:4811: $? = 4
configure:4815: checking whether we are using the GNU C++ compiler
configure:4834: g++ -c   conftest.cpp >&5
configure:4834: $? = 0
configure:4843: result: yes
configure:4852: checking whether g++ accepts -g
configure:4872: g++ -c -g  conftest.cpp >&5
configure:4872: $? = 0
configure:4913: result: yes
configure:4962: checking whether g++ accepts -static-libstdc++ -static-libgcc
configure:4979: g++ -o conftest -g -O2   -static-libstdc++ -static-libgcc conftest.cpp  >&5
configure:4979: $? = 0
configure:4980: result: yes
configure:5044: checking for gnatbind
configure:5074: result: no
configure:5136: checking for gnatmake
configure:5166: result: no
configure:5185: checking whether compiler driver understands Ada
configure:5208: result: no
configure:5217: checking how to compare bootstrapped objects
configure:5242: result: cmp --ignore-initial=16 $$f1 $$f2
configure:5296: checking for objdir
configure:5311: result: .libs
configure:5883: checking for version 0.10 of ISL
configure:5902: i686-lfs-linux-gnu-gcc -o conftest -g -O2      conftest.c  -lisl >&5
conftest.c:10:25: fatal error: isl/version.h: No such file or directory
 #include <isl/version.h>
                         ^
compilation terminated.
configure:5902: $? = 1
configure: program exited with status 1
configure: failed program was:
| /* confdefs.h */
| #define PACKAGE_NAME ""
| #define PACKAGE_TARNAME ""
| #define PACKAGE_VERSION ""
| #define PACKAGE_STRING ""
| #define PACKAGE_BUGREPORT ""
| #define PACKAGE_URL ""
| #define LT_OBJDIR ".libs/"
| /* end confdefs.h.  */
| #include <isl/version.h>
|    #include <string.h>
| int
| main ()
| {
| if (strncmp (isl_version (), "isl-0.10", strlen ("isl-0.10")) != 0)
|      return 1;
| 
|   ;
|   return 0;
| }
configure:5911: result: no
configure:5931: checking for version 0.11 of ISL
configure:5950: i686-lfs-linux-gnu-gcc -o conftest -g -O2      conftest.c  -lisl >&5
conftest.c:10:25: fatal error: isl/version.h: No such file or directory
 #include <isl/version.h>
                         ^
compilation terminated.
configure:5950: $? = 1
configure: program exited with status 1
configure: failed program was:
| /* confdefs.h */
| #define PACKAGE_NAME ""
| #define PACKAGE_TARNAME ""
| #define PACKAGE_VERSION ""
| #define PACKAGE_STRING ""
| #define PACKAGE_BUGREPORT ""
| #define PACKAGE_URL ""
| #define LT_OBJDIR ".libs/"
| /* end confdefs.h.  */
| #include <isl/version.h>
|    #include <string.h>
| int
| main ()
| {
| if (strncmp (isl_version (), "isl-0.11", strlen ("isl-0.11")) != 0)
|      return 1;
| 
|   ;
|   return 0;
| }
configure:5959: result: no
configure:7121: checking for default BUILD_CONFIG
configure:7153: result: 
configure:7642: checking for bison
configure:7658: found /usr/bin/bison
configure:7669: result: bison -y
configure:7689: checking for bison
configure:7705: found /usr/bin/bison
configure:7716: result: bison
configure:7736: checking for gm4
configure:7766: result: no
configure:7736: checking for gnum4
configure:7766: result: no
configure:7736: checking for m4
configure:7752: found /usr/bin/m4
configure:7763: result: m4
configure:7783: checking for flex
configure:7813: result: no
configure:7783: checking for lex
configure:7813: result: no
configure:7831: checking for flex
configure:7861: result: no
configure:7878: checking for makeinfo
configure:7908: result: no
configure:7939: checking for expect
configure:7969: result: no
configure:7988: checking for runtest
configure:8018: result: no
configure:8052: checking for ar
configure:8079: result: i686-lfs-linux-gnu-ar
configure:8274: checking for as
configure:8290: found /usr/bin/as
configure:8301: result: as
configure:8415: checking for dlltool
configure:8445: result: no
configure:8475: checking for ld
configure:8502: result: /mnt/lfs/tools/bin/../lib/gcc/i686-lfs-linux-gnu/4.8.2/../../../../i686-lfs-linux-gnu/bin/ld
configure:8697: checking for lipo
configure:8727: result: no
configure:8838: checking for nm
configure:8854: found /usr/bin/nm
configure:8865: result: nm
configure:8898: checking for ranlib
configure:8925: result: i686-lfs-linux-gnu-ranlib
configure:9115: checking for strip
configure:9131: found /usr/bin/strip
configure:9142: result: strip
configure:9251: checking for windres
configure:9281: result: no
configure:9392: checking for windmc
configure:9422: result: no
configure:9533: checking for objcopy
configure:9549: found /usr/bin/objcopy
configure:9560: result: objcopy
configure:9674: checking for objdump
configure:9690: found /usr/bin/objdump
configure:9701: result: objdump
configure:9815: checking for readelf
configure:9831: found /usr/bin/readelf
configure:9842: result: readelf
configure:9995: checking for cc
configure:10011: found /usr/bin/cc
configure:10022: result: cc
configure:10156: checking for c++
configure:10172: found /usr/bin/c++
configure:10183: result: c++
configure:10317: checking for gcc
configure:10333: found /usr/bin/gcc
configure:10344: result: gcc
configure:10473: checking for gcj
configure:10503: result: no
configure:10634: checking for gfortran
configure:10664: result: no
configure:10795: checking for gccgo
configure:10825: result: no
configure:11036: checking for ar
configure:11052: found /usr/bin/ar
configure:11063: result: ar
configure:11266: checking for as
configure:11282: found /usr/bin/as
configure:11293: result: as
configure:11496: checking for dlltool
configure:11526: result: no
configure:11726: checking for ld
configure:11742: found /usr/bin/ld
configure:11753: result: ld
configure:11956: checking for lipo
configure:11986: result: no
configure:12186: checking for nm
configure:12202: found /usr/bin/nm
configure:12213: result: nm
configure:12416: checking for objdump
configure:12432: found /usr/bin/objdump
configure:12443: result: objdump
configure:12646: checking for ranlib
configure:12662: found /usr/bin/ranlib
configure:12673: result: ranlib
configure:12876: checking for readelf
configure:12892: found /usr/bin/readelf
configure:12903: result: readelf
configure:13106: checking for strip
configure:13122: found /usr/bin/strip
configure:13133: result: strip
configure:13336: checking for windres
configure:13366: result: no
configure:13566: checking for windmc
configure:13596: result: no
configure:13624: checking where to find the target ar
configure:13647: result: just compiled
configure:13666: checking where to find the target as
configure:13689: result: just compiled
configure:13708: checking where to find the target cc
configure:13741: result: host tool
configure:13750: checking where to find the target c++
configure:13786: result: host tool
configure:13795: checking where to find the target c++ for libstdc++
configure:13831: result: host tool
configure:13840: checking where to find the target dlltool
configure:13863: result: just compiled
configure:13882: checking where to find the target gcc
configure:13915: result: host tool
configure:13924: checking where to find the target gcj
configure:13960: result: host tool
configure:13969: checking where to find the target gfortran
configure:14005: result: host tool
configure:14014: checking where to find the target gccgo
configure:14050: result: host tool
configure:14059: checking where to find the target ld
configure:14082: result: just compiled
configure:14101: checking where to find the target lipo
configure:14123: result: host tool
configure:14132: checking where to find the target nm
configure:14155: result: just compiled
configure:14174: checking where to find the target objdump
configure:14197: result: just compiled
configure:14216: checking where to find the target ranlib
configure:14239: result: just compiled
configure:14258: checking where to find the target readelf
configure:14281: result: just compiled
configure:14300: checking where to find the target strip
configure:14323: result: just compiled
configure:14342: checking where to find the target windres
configure:14365: result: just compiled
configure:14384: checking where to find the target windmc
configure:14407: result: just compiled
configure:14454: checking whether to enable maintainer-specific portions of Makefiles
configure:14463: result: no
configure:14674: creating ./config.status

## ---------------------- ##
## Running config.status. ##
## ---------------------- ##

This file was extended by config.status, which was
generated by GNU Autoconf 2.64.  Invocation command line was

  CONFIG_FILES    = 
  CONFIG_HEADERS  = 
  CONFIG_LINKS    = 
  CONFIG_COMMANDS = 
  $ ./config.status 

on lfs

config.status:936: creating Makefile

## ---------------- ##
## Cache variables. ##
## ---------------- ##

ac_cv_build=i686-pc-linux-gnu
ac_cv_c_compiler_gnu=yes
ac_cv_cxx_compiler_gnu=yes
ac_cv_env_AR_FOR_TARGET_set=
ac_cv_env_AR_FOR_TARGET_value=
ac_cv_env_AR_set=set
ac_cv_env_AR_value=i686-lfs-linux-gnu-ar
ac_cv_env_AS_FOR_TARGET_set=
ac_cv_env_AS_FOR_TARGET_value=
ac_cv_env_AS_set=
ac_cv_env_AS_value=
ac_cv_env_CCC_set=
ac_cv_env_CCC_value=
ac_cv_env_CC_FOR_TARGET_set=
ac_cv_env_CC_FOR_TARGET_value=
ac_cv_env_CC_set=set
ac_cv_env_CC_value=i686-lfs-linux-gnu-gcc
ac_cv_env_CFLAGS_set=
ac_cv_env_CFLAGS_value=
ac_cv_env_CPPFLAGS_set=
ac_cv_env_CPPFLAGS_value=
ac_cv_env_CXXFLAGS_set=
ac_cv_env_CXXFLAGS_value=
ac_cv_env_CXX_FOR_TARGET_set=
ac_cv_env_CXX_FOR_TARGET_value=
ac_cv_env_CXX_set=
ac_cv_env_CXX_value=
ac_cv_env_DLLTOOL_FOR_TARGET_set=
ac_cv_env_DLLTOOL_FOR_TARGET_value=
ac_cv_env_DLLTOOL_set=
ac_cv_env_DLLTOOL_value=
ac_cv_env_GCC_FOR_TARGET_set=
ac_cv_env_GCC_FOR_TARGET_value=
ac_cv_env_GCJ_FOR_TARGET_set=
ac_cv_env_GCJ_FOR_TARGET_value=
ac_cv_env_GFORTRAN_FOR_TARGET_set=
ac_cv_env_GFORTRAN_FOR_TARGET_value=
ac_cv_env_GOC_FOR_TARGET_set=
ac_cv_env_GOC_FOR_TARGET_value=
ac_cv_env_LDFLAGS_set=
ac_cv_env_LDFLAGS_value=
ac_cv_env_LD_FOR_TARGET_set=
ac_cv_env_LD_FOR_TARGET_value=
ac_cv_env_LD_set=
ac_cv_env_LD_value=
ac_cv_env_LIBS_set=
ac_cv_env_LIBS_value=
ac_cv_env_LIPO_FOR_TARGET_set=
ac_cv_env_LIPO_FOR_TARGET_value=
ac_cv_env_LIPO_set=
ac_cv_env_LIPO_value=
ac_cv_env_NM_FOR_TARGET_set=
ac_cv_env_NM_FOR_TARGET_value=
ac_cv_env_NM_set=
ac_cv_env_NM_value=
ac_cv_env_OBJCOPY_set=
ac_cv_env_OBJCOPY_value=
ac_cv_env_OBJDUMP_FOR_TARGET_set=
ac_cv_env_OBJDUMP_FOR_TARGET_value=
ac_cv_env_OBJDUMP_set=
ac_cv_env_OBJDUMP_value=
ac_cv_env_RANLIB_FOR_TARGET_set=
ac_cv_env_RANLIB_FOR_TARGET_value=
ac_cv_env_RANLIB_set=set
ac_cv_env_RANLIB_value=i686-lfs-linux-gnu-ranlib
ac_cv_env_READELF_FOR_TARGET_set=
ac_cv_env_READELF_FOR_TARGET_value=
ac_cv_env_READELF_set=
ac_cv_env_READELF_value=
ac_cv_env_STRIP_FOR_TARGET_set=
ac_cv_env_STRIP_FOR_TARGET_value=
ac_cv_env_STRIP_set=
ac_cv_env_STRIP_value=
ac_cv_env_WINDMC_FOR_TARGET_set=
ac_cv_env_WINDMC_FOR_TARGET_value=
ac_cv_env_WINDMC_set=
ac_cv_env_WINDMC_value=
ac_cv_env_WINDRES_FOR_TARGET_set=
ac_cv_env_WINDRES_FOR_TARGET_value=
ac_cv_env_WINDRES_set=
ac_cv_env_WINDRES_value=
ac_cv_env_build_alias_set=
ac_cv_env_build_alias_value=
ac_cv_env_build_configargs_set=
ac_cv_env_build_configargs_value=
ac_cv_env_host_alias_set=
ac_cv_env_host_alias_value=
ac_cv_env_host_configargs_set=
ac_cv_env_host_configargs_value=
ac_cv_env_target_alias_set=
ac_cv_env_target_alias_value=
ac_cv_env_target_configargs_set=
ac_cv_env_target_configargs_value=
ac_cv_host=i686-pc-linux-gnu
ac_cv_objext=o
ac_cv_path_SED=/bin/sed
ac_cv_path_install='/usr/bin/install -c'
ac_cv_prog_AR=i686-lfs-linux-gnu-ar
ac_cv_prog_AR_FOR_TARGET=ar
ac_cv_prog_AS=as
ac_cv_prog_AS_FOR_TARGET=as
ac_cv_prog_AWK=gawk
ac_cv_prog_BISON=bison
ac_cv_prog_CC_FOR_TARGET=cc
ac_cv_prog_CXX_FOR_TARGET=c++
ac_cv_prog_GCC_FOR_TARGET=gcc
ac_cv_prog_LD=/mnt/lfs/tools/bin/../lib/gcc/i686-lfs-linux-gnu/4.8.2/../../../../i686-lfs-linux-gnu/bin/ld
ac_cv_prog_LD_FOR_TARGET=ld
ac_cv_prog_M4=m4
ac_cv_prog_NM=nm
ac_cv_prog_NM_FOR_TARGET=nm
ac_cv_prog_OBJCOPY=objcopy
ac_cv_prog_OBJDUMP=objdump
ac_cv_prog_OBJDUMP_FOR_TARGET=objdump
ac_cv_prog_RANLIB=i686-lfs-linux-gnu-ranlib
ac_cv_prog_RANLIB_FOR_TARGET=ranlib
ac_cv_prog_READELF=readelf
ac_cv_prog_READELF_FOR_TARGET=readelf
ac_cv_prog_STRIP=strip
ac_cv_prog_STRIP_FOR_TARGET=strip
ac_cv_prog_YACC='bison -y'
ac_cv_prog_ac_ct_CC=i686-lfs-linux-gnu-gcc
ac_cv_prog_ac_ct_CXX=g++
ac_cv_prog_cc_c89=
ac_cv_prog_cc_g=yes
ac_cv_prog_cxx_g=yes
ac_cv_target=i686-pc-linux-gnu
acx_cv_cc_gcc_supports_ada=no
acx_cv_prog_LN=ln
gcc_cv_isl=no
gcc_cv_prog_cmp_skip='cmp --ignore-initial=16 $$f1 $$f2'
gcc_cv_tool_dirs=
gcc_cv_tool_prefix=/tools
lt_cv_objdir=.libs

## ----------------- ##
## Output variables. ##
## ----------------- ##

AR='i686-lfs-linux-gnu-ar'
AR_FOR_BUILD='$(AR)'
AR_FOR_TARGET='$$r/$(HOST_SUBDIR)/binutils/ar'
AS='as'
AS_FOR_BUILD='$(AS)'
AS_FOR_TARGET='$$r/$(HOST_SUBDIR)/gas/as-new'
AWK='gawk'
BISON='bison'
BUILD_CONFIG=''
CC='i686-lfs-linux-gnu-gcc'
CC_FOR_BUILD='$(CC)'
CC_FOR_TARGET='$(CC)'
CFLAGS='-g -O2'
CFLAGS_FOR_BUILD='-g -O2'
CFLAGS_FOR_TARGET='-g -O2'
COMPILER_AS_FOR_TARGET='$(AS_FOR_TARGET)'
COMPILER_LD_FOR_TARGET='$(LD_FOR_TARGET)'
COMPILER_NM_FOR_TARGET='$(NM_FOR_TARGET)'
CONFIGURE_GDB_TK=''
CPPFLAGS=''
CXX='g++'
CXXFLAGS='-g -O2'
CXXFLAGS_FOR_BUILD='-g -O2'
CXXFLAGS_FOR_TARGET='-g -O2'
CXX_FOR_BUILD='$(CXX)'
CXX_FOR_TARGET='$(CXX)'
DEBUG_PREFIX_CFLAGS_FOR_TARGET=''
DEFS='-DPACKAGE_NAME=\"\" -DPACKAGE_TARNAME=\"\" -DPACKAGE_VERSION=\"\" -DPACKAGE_STRING=\"\" -DPACKAGE_BUGREPORT=\"\" -DPACKAGE_URL=\"\" -DLT_OBJDIR=\".libs/\"'
DLLTOOL='dlltool'
DLLTOOL_FOR_BUILD='$(DLLTOOL)'
DLLTOOL_FOR_TARGET='$$r/$(HOST_SUBDIR)/binutils/dlltool'
ECHO_C=''
ECHO_N='-n'
ECHO_T=''
EXEEXT=''
EXPECT='expect'
EXTRA_CONFIGARGS_LIBJAVA='--disable-static'
FLAGS_FOR_TARGET=' -L$$r/$(HOST_SUBDIR)/ld'
FLEX='/mnt/lfs/sources/binutils-2.24/missing flex'
GCC_FOR_TARGET='$()'
GCC_SHLIB_SUBDIR=''
GCJ_FOR_BUILD='$(GCJ)'
GCJ_FOR_TARGET='$(GCJ)'
GDB_TK=''
GFORTRAN_FOR_BUILD='$(GFORTRAN)'
GFORTRAN_FOR_TARGET='$(GFORTRAN)'
GNATBIND='no'
GNATMAKE='no'
GOC_FOR_BUILD='$(GOC)'
GOC_FOR_TARGET='$(GOC)'
INSTALL_DATA='${INSTALL} -m 644'
INSTALL_GDB_TK=''
INSTALL_PROGRAM='${INSTALL}'
INSTALL_SCRIPT='${INSTALL}'
LD='/mnt/lfs/tools/bin/../lib/gcc/i686-lfs-linux-gnu/4.8.2/../../../../i686-lfs-linux-gnu/bin/ld'
LDFLAGS=''
LDFLAGS_FOR_BUILD=''
LDFLAGS_FOR_TARGET=''
LD_FOR_BUILD='$(LD)'
LD_FOR_TARGET='$$r/$(HOST_SUBDIR)/ld/ld-new'
LEX='/mnt/lfs/sources/binutils-2.24/missing flex'
LIBOBJS=''
LIBS=''
LIPO='lipo'
LIPO_FOR_TARGET='$(LIPO)'
LN='ln'
LN_S='ln -s'
LTLIBOBJS=''
M4='m4'
MAINT='#'
MAINTAINER_MODE_FALSE=''
MAINTAINER_MODE_TRUE='#'
MAKEINFO='/mnt/lfs/sources/binutils-2.24/missing makeinfo'
NM='nm'
NM_FOR_BUILD='$(NM)'
NM_FOR_TARGET='$$r/$(HOST_SUBDIR)/binutils/nm-new'
OBJCOPY='objcopy'
OBJDUMP='objdump'
OBJDUMP_FOR_TARGET='$$r/$(HOST_SUBDIR)/binutils/objdump'
OBJEXT='o'
PACKAGE_BUGREPORT=''
PACKAGE_NAME=''
PACKAGE_STRING=''
PACKAGE_TARNAME=''
PACKAGE_URL=''
PACKAGE_VERSION=''
PATH_SEPARATOR=':'
RANLIB='i686-lfs-linux-gnu-ranlib'
RANLIB_FOR_BUILD='$(RANLIB)'
RANLIB_FOR_TARGET='$$r/$(HOST_SUBDIR)/binutils/ranlib'
RAW_CXX_FOR_TARGET='$(CXX)'
READELF='readelf'
READELF_FOR_TARGET='$$r/$(HOST_SUBDIR)/binutils/readelf'
RPATH_ENVVAR='LD_LIBRARY_PATH'
RUNTEST='runtest'
SED='/bin/sed'
SHELL='/bin/sh'
STRIP='strip'
STRIP_FOR_TARGET='$$r/$(HOST_SUBDIR)/binutils/strip-new'
SYSROOT_CFLAGS_FOR_TARGET=''
TOPLEVEL_CONFIGURE_ARGUMENTS='../binutils-2.24/configure --prefix=/tools --disable-nls --with-lib-path=/tools/lib --with-sysroot'
WINDMC='windmc'
WINDMC_FOR_BUILD='$(WINDMC)'
WINDMC_FOR_TARGET='$$r/$(HOST_SUBDIR)/binutils/windmc'
WINDRES='windres'
WINDRES_FOR_BUILD='$(WINDRES)'
WINDRES_FOR_TARGET='$$r/$(HOST_SUBDIR)/binutils/windres'
YACC='bison -y'
ac_ct_CC='i686-lfs-linux-gnu-gcc'
ac_ct_CXX='g++'
bindir='${exec_prefix}/bin'
build='i686-pc-linux-gnu'
build_alias=''
build_configargs=' --cache-file=../config.cache '\''--prefix=/tools'\'' '\''--disable-nls'\'' '\''--with-lib-path=/tools/lib'\'' '\''--with-sysroot'\'' --program-transform-name='\''s,y,y,'\'' --disable-option-checking'
build_configdirs=' libiberty'
build_cpu='i686'
build_libsubdir='build-i686-pc-linux-gnu'
build_noncanonical='i686-pc-linux-gnu'
build_os='linux-gnu'
build_subdir='build-i686-pc-linux-gnu'
build_tooldir='${exec_prefix}/i686-pc-linux-gnu'
build_vendor='pc'
clooginc=''
clooglibs=''
compare_exclusions='gcc/cc*-checksum$(objext) | gcc/ada/*tools/*'
configdirs=' intl libiberty opcodes bfd binutils gas ld gprof etc'
datadir='${datarootdir}'
datarootdir='${prefix}/share'
do_compare='cmp --ignore-initial=16 $$f1 $$f2'
docdir='${datarootdir}/doc/${PACKAGE}'
dvidir='${docdir}'
exec_prefix='${prefix}'
extra_host_libiberty_configure_flags=''
extra_isl_gmp_configure_flags=''
extra_mpc_gmp_configure_flags=''
extra_mpc_mpfr_configure_flags=''
extra_mpfr_configure_flags=''
gmpinc=''
gmplibs='-lmpc -lmpfr -lgmp'
host='i686-pc-linux-gnu'
host_alias=''
host_configargs=' --cache-file=./config.cache  --with-gnu-as --with-gnu-ld --with-system-zlib '\''--prefix=/tools'\'' '\''--disable-nls'\'' '\''--with-lib-path=/tools/lib'\'' '\''--with-sysroot'\'' --program-transform-name='\''s,y,y,'\'' --disable-option-checking'
host_cpu='i686'
host_noncanonical='i686-pc-linux-gnu'
host_os='linux-gnu'
host_subdir='.'
host_vendor='pc'
htmldir='${docdir}'
includedir='${prefix}/include'
infodir='${datarootdir}/info'
islinc=''
libdir='${exec_prefix}/lib'
libexecdir='${exec_prefix}/libexec'
localedir='${datarootdir}/locale'
localstatedir='${prefix}/var'
mandir='${datarootdir}/man'
oldincludedir='/usr/include'
pdfdir='${docdir}'
poststage1_ldflags='-static-libstdc++ -static-libgcc'
poststage1_libs=''
prefix='/tools'
program_transform_name='s,y,y,'
psdir='${docdir}'
sbindir='${exec_prefix}/sbin'
sharedstatedir='${prefix}/com'
stage1_cflags='-g'
stage1_checking='--enable-checking=yes,types'
stage1_languages=',c,'
stage1_ldflags='-static-libstdc++ -static-libgcc'
stage1_libs=''
stage2_werror_flag=''
sysconfdir='${prefix}/etc'
target='i686-pc-linux-gnu'
target_alias=''
target_configargs='--cache-file=./config.cache --enable-multilib   '\''--prefix=/tools'\'' '\''--disable-nls'\'' '\''--with-lib-path=/tools/lib'\'' '\''--with-sysroot'\'' --program-transform-name='\''s,y,y,'\'' --disable-option-checking'
target_configdirs=''
target_cpu='i686'
target_noncanonical='i686-pc-linux-gnu'
target_os='linux-gnu'
target_subdir='i686-pc-linux-gnu'
target_vendor='pc'
tooldir='${exec_prefix}/i686-pc-linux-gnu'

## ------------------- ##
## File substitutions. ##
## ------------------- ##

alphaieee_frag='/dev/null'
host_makefile_frag='/dev/null'
ospace_frag='/dev/null'
serialization_dependencies='serdep.tmp'
target_makefile_frag='../binutils-2.24/config/mt-gnu'

## ----------- ##
## confdefs.h. ##
## ----------- ##

/* confdefs.h */
#define PACKAGE_NAME ""
#define PACKAGE_TARNAME ""
#define PACKAGE_VERSION ""
#define PACKAGE_STRING ""
#define PACKAGE_BUGREPORT ""
#define PACKAGE_URL ""
#define LT_OBJDIR ".libs/"

configure: exit 0
