make[1]: Entering directory '/sources/iproute2-3.12.0/lib'
make[1]: Nothing to be done for 'all'.
make[1]: Leaving directory '/sources/iproute2-3.12.0/lib'
make[1]: Entering directory '/sources/iproute2-3.12.0/ip'
make[1]: Nothing to be done for 'all'.
make[1]: Leaving directory '/sources/iproute2-3.12.0/ip'
make[1]: Entering directory '/sources/iproute2-3.12.0/tc'
make[1]: Nothing to be done for 'all'.
make[1]: Leaving directory '/sources/iproute2-3.12.0/tc'
make[1]: Entering directory '/sources/iproute2-3.12.0/bridge'
make[1]: Nothing to be done for 'all'.
make[1]: Leaving directory '/sources/iproute2-3.12.0/bridge'
make[1]: Entering directory '/sources/iproute2-3.12.0/misc'
make[1]: Nothing to be done for 'all'.
make[1]: Leaving directory '/sources/iproute2-3.12.0/misc'
make[1]: Entering directory '/sources/iproute2-3.12.0/netem'
make[1]: Nothing to be done for 'all'.
make[1]: Leaving directory '/sources/iproute2-3.12.0/netem'
make[1]: Entering directory '/sources/iproute2-3.12.0/genl'
make[1]: Nothing to be done for 'all'.
make[1]: Leaving directory '/sources/iproute2-3.12.0/genl'
make[1]: Entering directory '/sources/iproute2-3.12.0/man'
make[2]: Entering directory '/sources/iproute2-3.12.0/man/man3'
make[2]: Nothing to be done for 'all'.
make[2]: Leaving directory '/sources/iproute2-3.12.0/man/man3'
make[2]: Entering directory '/sources/iproute2-3.12.0/man/man7'
make[2]: Nothing to be done for 'all'.
make[2]: Leaving directory '/sources/iproute2-3.12.0/man/man7'
make[2]: Entering directory '/sources/iproute2-3.12.0/man/man8'
make[2]: Nothing to be done for 'all'.
make[2]: Leaving directory '/sources/iproute2-3.12.0/man/man8'
make[1]: Leaving directory '/sources/iproute2-3.12.0/man'
install -m 0755 -d /sbin
install -m 0755 -d /etc/iproute2
install -m 0755 -d /usr/share/doc/iproute2-3.12.0/examples
install -m 0755 -d /usr/share/doc/iproute2-3.12.0/examples/diffserv
install -m 0644 README.iproute2+tc examples/dhcp-client-script examples/cbq.init-v0.7.3 examples/SYN-DoS.rate.limit examples/README.cbq examples/cbqinit.eth1 examples/gaiconf \
	/usr/share/doc/iproute2-3.12.0/examples
install -m 0644 examples/diffserv/Edge32-ca-u32 examples/diffserv/Edge1 examples/diffserv/Edge31-cb-chains examples/diffserv/afcbq examples/diffserv/ef-prio examples/diffserv/Edge32-cb-u32 examples/diffserv/Edge32-cb-chains examples/diffserv/efcbq examples/diffserv/regression-testing examples/diffserv/README examples/diffserv/Edge2 examples/diffserv/Edge31-ca-u32 \
	/usr/share/doc/iproute2-3.12.0/examples/diffserv
make[1]: Entering directory '/sources/iproute2-3.12.0/lib'
make[1]: Nothing to be done for 'install'.
make[1]: Leaving directory '/sources/iproute2-3.12.0/lib'
make[1]: Entering directory '/sources/iproute2-3.12.0/ip'
install -m 0755 ip rtmon /sbin
install -m 0755 ifcfg rtpr routel routef /sbin
make[1]: Leaving directory '/sources/iproute2-3.12.0/ip'
make[1]: Entering directory '/sources/iproute2-3.12.0/tc'
mkdir -p /usr/lib/tc
install -m 0755 tc /sbin
for i in ; \
do install -m 755 $i /usr/lib/tc; \
done
if [ ! -f /usr/lib/tc/m_ipt.so ]; then \
if [ -f /usr/lib/tc/m_xt.so ]; \
	then ln -s m_xt.so /usr/lib/tc/m_ipt.so ; \
elif [ -f /usr/lib/tc/m_xt_old.so ]; \
	then ln -s m_xt_old.so /usr/lib/tc/m_ipt.so ; \
fi; \
fi
make[1]: Leaving directory '/sources/iproute2-3.12.0/tc'
make[1]: Entering directory '/sources/iproute2-3.12.0/bridge'
install -m 0755 bridge /sbin
make[1]: Leaving directory '/sources/iproute2-3.12.0/bridge'
make[1]: Entering directory '/sources/iproute2-3.12.0/misc'
install -m 0755 ss nstat ifstat rtacct  lnstat /sbin
ln -sf lnstat /sbin/rtstat
ln -sf lnstat /sbin/ctstat
make[1]: Leaving directory '/sources/iproute2-3.12.0/misc'
make[1]: Entering directory '/sources/iproute2-3.12.0/netem'
mkdir -p /usr/lib/tc
for i in normal.dist pareto.dist paretonormal.dist experimental.dist; \
do install -m 644 $i /usr/lib/tc; \
done
make[1]: Leaving directory '/sources/iproute2-3.12.0/netem'
make[1]: Entering directory '/sources/iproute2-3.12.0/genl'
install -m 0755 genl /sbin
make[1]: Leaving directory '/sources/iproute2-3.12.0/genl'
make[1]: Entering directory '/sources/iproute2-3.12.0/man'
make[2]: Entering directory '/sources/iproute2-3.12.0/man/man3'
install -m 0755 -d /usr/share/man/man3
install -m 0644 libnetlink.3 /usr/share/man/man3
make[2]: Leaving directory '/sources/iproute2-3.12.0/man/man3'
make[2]: Entering directory '/sources/iproute2-3.12.0/man/man7'
install -m 0755 -d /usr/share/man/man7
install -m 0644 tc-hfsc.7 /usr/share/man/man7
make[2]: Leaving directory '/sources/iproute2-3.12.0/man/man7'
make[2]: Entering directory '/sources/iproute2-3.12.0/man/man8'
install -m 0755 -d /usr/share/man/man8
install -m 0644 ip-address.8 ip-link.8 ip-route.8 ip.8  lnstat.8 routel.8 rtacct.8 rtmon.8 ss.8 tc.8 tc-bfifo.8 tc-cbq.8 tc-cbq-details.8 tc-choke.8 tc-codel.8 tc-drr.8 tc-ematch.8 tc-fq_codel.8 tc-hfsc.8 tc-htb.8 tc-netem.8 tc-pfifo.8 tc-pfifo_fast.8 tc-prio.8 tc-red.8 tc-sfb.8 tc-sfq.8 tc-stab.8 tc-tbf.8 bridge.8 rtstat.8 ctstat.8 nstat.8 routef.8 ip-addrlabel.8 ip-l2tp.8 ip-maddress.8 ip-monitor.8 ip-mroute.8 ip-neighbour.8 ip-netns.8 ip-ntable.8 ip-rule.8 ip-tunnel.8 ip-xfrm.8 ip-tcp_metrics.8 ip-netconf.8 ip-token.8 /usr/share/man/man8
make[2]: Leaving directory '/sources/iproute2-3.12.0/man/man8'
make[1]: Leaving directory '/sources/iproute2-3.12.0/man'
make[1]: Entering directory '/sources/iproute2-3.12.0/doc'
install -m 0644 SNAPSHOT.tex api-ip6-flowlabels.tex ip-cref.tex ip-tunnels.tex preamble.tex /usr/share/doc/iproute2-3.12.0
install -m 0644 arpd.sgml nstat.sgml rtstat.sgml ss.sgml /usr/share/doc/iproute2-3.12.0
make[1]: Leaving directory '/sources/iproute2-3.12.0/doc'
install -m 0644 etc/iproute2/rt_realms etc/iproute2/rt_tables etc/iproute2/rt_scopes etc/iproute2/ematch_map etc/iproute2/rt_dsfield etc/iproute2/group etc/iproute2/rt_protos /etc/iproute2
