	  CCCMD =  cc -DPERL_CORE -c -fno-strict-aliasing -pipe -fstack-protector -I/usr/local/include -D_LARGEFILE_SOURCE -D_FILE_OFFSET_BITS=64  -std=c89 -O2 -Wall -ansi -W -Wextra -Wdeclaration-after-statement -Wendif-labels -Wc++-compat -Wwrite-strings 
	  CCCMD =  cc -DPERL_CORE -c -fno-strict-aliasing -pipe -fstack-protector -I/usr/local/include -D_LARGEFILE_SOURCE -D_FILE_OFFSET_BITS=64  -std=c89 -O2 -Wall -ansi -W -Wextra -Wdeclaration-after-statement -Wendif-labels -Wc++-compat -Wwrite-strings 
	  CCCMD =  cc -DPERL_CORE -c -fno-strict-aliasing -pipe -fstack-protector -I/usr/local/include -D_LARGEFILE_SOURCE -D_FILE_OFFSET_BITS=64  -std=c89 -O2 -Wall -ansi -W -Wextra -Wdeclaration-after-statement -Wendif-labels -Wc++-compat -Wwrite-strings 
	  CCCMD =  cc -DPERL_CORE -c -fno-strict-aliasing -pipe -fstack-protector -I/usr/local/include -D_LARGEFILE_SOURCE -D_FILE_OFFSET_BITS=64  -std=c89 -O2 -Wall -ansi -W -Wextra -Wdeclaration-after-statement -Wendif-labels -Wc++-compat -Wwrite-strings 
	  CCCMD =  cc -DPERL_CORE -c -fno-strict-aliasing -pipe -fstack-protector -I/usr/local/include -D_LARGEFILE_SOURCE -D_FILE_OFFSET_BITS=64  -std=c89 -O2 -Wall -ansi -W -Wextra -Wdeclaration-after-statement -Wendif-labels -Wc++-compat -Wwrite-strings 
	  CCCMD =  cc -DPERL_CORE -c -fno-strict-aliasing -pipe -fstack-protector -I/usr/local/include -D_LARGEFILE_SOURCE -D_FILE_OFFSET_BITS=64  -std=c89 -O2 -Wall -ansi -W -Wextra -Wdeclaration-after-statement -Wendif-labels -Wc++-compat -Wwrite-strings 
	  CCCMD =  cc -DPERL_CORE -c -fno-strict-aliasing -pipe -fstack-protector -I/usr/local/include -D_LARGEFILE_SOURCE -D_FILE_OFFSET_BITS=64  -std=c89 -O2 -Wall -ansi -W -Wextra -Wdeclaration-after-statement -Wendif-labels -Wc++-compat -Wwrite-strings 
	  CCCMD =  cc -DPERL_CORE -c -fno-strict-aliasing -pipe -fstack-protector -I/usr/local/include -D_LARGEFILE_SOURCE -D_FILE_OFFSET_BITS=64  -std=c89 -O2 -Wall -ansi -W -Wextra -Wdeclaration-after-statement -Wendif-labels -Wc++-compat -Wwrite-strings 
regcomp.c: In function 'Perl_re_op_compile':
regcomp.c:5819:9: warning: format '%X' expects argument of type 'unsigned int', but argument 2 has type 'I32' [-Wformat=]
         Perl_croak(aTHX_ "panic: reg returned NULL to re_op_compile for sizing pass, flags=%#X", flags);
         ^
regcomp.c:5991:9: warning: format '%X' expects argument of type 'unsigned int', but argument 2 has type 'I32' [-Wformat=]
         Perl_croak(aTHX_ "panic: reg returned NULL to re_op_compile for generation pass, flags=%#X", flags);
         ^
	  CCCMD =  cc -DPERL_CORE -c -fno-strict-aliasing -pipe -fstack-protector -I/usr/local/include -D_LARGEFILE_SOURCE -D_FILE_OFFSET_BITS=64  -std=c89 -O2 -Wall -ansi -W -Wextra -Wdeclaration-after-statement -Wendif-labels -Wc++-compat -Wwrite-strings 
regcomp.c: In function 'S_reg':
regcomp.c:9194:25: warning: format '%X' expects argument of type 'unsigned int', but argument 2 has type 'I32' [-Wformat=]
                         FAIL2("panic: regbranch returned NULL, flags=%#X",
                         ^
regcomp.c:9210:29: warning: format '%X' expects argument of type 'unsigned int', but argument 2 has type 'I32' [-Wformat=]
                             FAIL2("panic: regbranch returned NULL, flags=%#X",
                             ^
regcomp.c:9299:9: warning: format '%X' expects argument of type 'unsigned int', but argument 2 has type 'I32' [-Wformat=]
         FAIL2("panic: regbranch returned NULL, flags=%#X", flags);
         ^
regcomp.c:9344:13: warning: format '%X' expects argument of type 'unsigned int', but argument 2 has type 'I32' [-Wformat=]
             FAIL2("panic: regbranch returned NULL, flags=%#X", flags);
             ^
regcomp.c: In function 'S_regbranch':
regcomp.c:9549:13: warning: format '%X' expects argument of type 'unsigned int', but argument 2 has type 'I32' [-Wformat=]
             FAIL2("panic: regpiece returned NULL, flags=%#X", flags);
             ^
regcomp.c: In function 'S_regpiece':
regcomp.c:9619:13: warning: format '%X' expects argument of type 'unsigned int', but argument 2 has type 'I32' [-Wformat=]
             FAIL2("panic: regatom returned NULL, flags=%#X", flags);
             ^
regcomp.c: In function 'S_grok_bslash_N':
regcomp.c:10051:13: warning: format '%X' expects argument of type 'unsigned int', but argument 2 has type 'I32' [-Wformat=]
             FAIL2("panic: reg returned NULL to grok_bslash_N, flags=%#X",
             ^
regcomp.c: In function 'S_regatom':
regcomp.c:10337:13: warning: format '%X' expects argument of type 'unsigned int', but argument 2 has type 'I32' [-Wformat=]
             FAIL2("panic: regclass returned NULL to regatom, flags=%#X",
             ^
regcomp.c:10360:17: warning: format '%X' expects argument of type 'unsigned int', but argument 2 has type 'I32' [-Wformat=]
                 FAIL2("panic: reg returned NULL to regatom, flags=%#X", flags);
                 ^
regcomp.c:10555:21: warning: format '%X' expects argument of type 'unsigned int', but argument 2 has type 'I32' [-Wformat=]
                     FAIL2("panic: regclass returned NULL to regatom, flags=%#X",
                     ^
regcomp.c: In function 'S_handle_regex_sets':
regcomp.c:11686:25: warning: format '%X' expects argument of type 'unsigned int', but argument 2 has type 'I32' [-Wformat=]
                         FAIL2("panic: regclass returned NULL to handle_sets, flags=%#X",
                         ^
regcomp.c:11852:21: warning: format '%X' expects argument of type 'unsigned int', but argument 2 has type 'I32' [-Wformat=]
                     FAIL2("panic: regclass returned NULL to handle_sets, flags=%#X",
                     ^
regcomp.c:11875:21: warning: format '%X' expects argument of type 'unsigned int', but argument 2 has type 'I32' [-Wformat=]
                     FAIL2("panic: regclass returned NULL to handle_sets, flags=%#X",
                     ^
	  CCCMD =  cc -DPERL_CORE -c -fno-strict-aliasing -pipe -fstack-protector -I/usr/local/include -D_LARGEFILE_SOURCE -D_FILE_OFFSET_BITS=64  -std=c89 -O2 -Wall -ansi -W -Wextra -Wdeclaration-after-statement -Wendif-labels -Wc++-compat -Wwrite-strings 
	  CCCMD =  cc -DPERL_CORE -c -fno-strict-aliasing -pipe -fstack-protector -I/usr/local/include -D_LARGEFILE_SOURCE -D_FILE_OFFSET_BITS=64  -std=c89 -O2 -Wall -ansi -W -Wextra -Wdeclaration-after-statement -Wendif-labels -Wc++-compat -Wwrite-strings 
	  CCCMD =  cc -DPERL_CORE -c -fno-strict-aliasing -pipe -fstack-protector -I/usr/local/include -D_LARGEFILE_SOURCE -D_FILE_OFFSET_BITS=64  -std=c89 -O2 -Wall -ansi -W -Wextra -Wdeclaration-after-statement -Wendif-labels -Wc++-compat -Wwrite-strings 
	  CCCMD =  cc -DPERL_CORE -c -fno-strict-aliasing -pipe -fstack-protector -I/usr/local/include -D_LARGEFILE_SOURCE -D_FILE_OFFSET_BITS=64  -std=c89 -O2 -Wall -ansi -W -Wextra -Wdeclaration-after-statement -Wendif-labels -Wc++-compat -Wwrite-strings 
	  CCCMD =  cc -DPERL_CORE -c -fno-strict-aliasing -pipe -fstack-protector -I/usr/local/include -D_LARGEFILE_SOURCE -D_FILE_OFFSET_BITS=64  -std=c89 -O2 -Wall -ansi -W -Wextra -Wdeclaration-after-statement -Wendif-labels -Wc++-compat -Wwrite-strings 
	  CCCMD =  cc -DPERL_CORE -c -fno-strict-aliasing -pipe -fstack-protector -I/usr/local/include -D_LARGEFILE_SOURCE -D_FILE_OFFSET_BITS=64  -std=c89 -O2 -Wall -ansi -W -Wextra -Wdeclaration-after-statement -Wendif-labels -Wc++-compat -Wwrite-strings 
	  CCCMD =  cc -DPERL_CORE -c -fno-strict-aliasing -pipe -fstack-protector -I/usr/local/include -D_LARGEFILE_SOURCE -D_FILE_OFFSET_BITS=64  -std=c89 -O2 -Wall -ansi -W -Wextra -Wdeclaration-after-statement -Wendif-labels -Wc++-compat -Wwrite-strings 
	  CCCMD =  cc -DPERL_CORE -c -fno-strict-aliasing -pipe -fstack-protector -I/usr/local/include -D_LARGEFILE_SOURCE -D_FILE_OFFSET_BITS=64  -std=c89 -O2 -Wall -ansi -W -Wextra -Wdeclaration-after-statement -Wendif-labels -Wc++-compat -Wwrite-strings 
	  CCCMD =  cc -DPERL_CORE -c -fno-strict-aliasing -pipe -fstack-protector -I/usr/local/include -D_LARGEFILE_SOURCE -D_FILE_OFFSET_BITS=64  -std=c89 -O2 -Wall -ansi -W -Wextra -Wdeclaration-after-statement -Wendif-labels -Wc++-compat -Wwrite-strings 
	  CCCMD =  cc -DPERL_CORE -c -fno-strict-aliasing -pipe -fstack-protector -I/usr/local/include -D_LARGEFILE_SOURCE -D_FILE_OFFSET_BITS=64  -std=c89 -O2 -Wall -ansi -W -Wextra -Wdeclaration-after-statement -Wendif-labels -Wc++-compat -Wwrite-strings 
	  CCCMD =  cc -DPERL_CORE -c -fno-strict-aliasing -pipe -fstack-protector -I/usr/local/include -D_LARGEFILE_SOURCE -D_FILE_OFFSET_BITS=64  -std=c89 -O2 -Wall -ansi -W -Wextra -Wdeclaration-after-statement -Wendif-labels -Wc++-compat -Wwrite-strings 
	  CCCMD =  cc -DPERL_CORE -c -fno-strict-aliasing -pipe -fstack-protector -I/usr/local/include -D_LARGEFILE_SOURCE -D_FILE_OFFSET_BITS=64  -std=c89 -O2 -Wall -ansi -W -Wextra -Wdeclaration-after-statement -Wendif-labels -Wc++-compat -Wwrite-strings 
	  CCCMD =  cc -DPERL_CORE -c -fno-strict-aliasing -pipe -fstack-protector -I/usr/local/include -D_LARGEFILE_SOURCE -D_FILE_OFFSET_BITS=64  -std=c89 -O2 -Wall -ansi -W -Wextra -Wdeclaration-after-statement -Wendif-labels -Wc++-compat -Wwrite-strings 
	  CCCMD =  cc -DPERL_CORE -c -fno-strict-aliasing -pipe -fstack-protector -I/usr/local/include -D_LARGEFILE_SOURCE -D_FILE_OFFSET_BITS=64  -std=c89 -O2 -Wall -ansi -W -Wextra -Wdeclaration-after-statement -Wendif-labels -Wc++-compat -Wwrite-strings 
	  CCCMD =  cc -DPERL_CORE -c -fno-strict-aliasing -pipe -fstack-protector -I/usr/local/include -D_LARGEFILE_SOURCE -D_FILE_OFFSET_BITS=64  -std=c89 -O2 -Wall -ansi -W -Wextra -Wdeclaration-after-statement -Wendif-labels -Wc++-compat -Wwrite-strings 
	  CCCMD =  cc -DPERL_CORE -c -fno-strict-aliasing -pipe -fstack-protector -I/usr/local/include -D_LARGEFILE_SOURCE -D_FILE_OFFSET_BITS=64  -std=c89 -O2 -Wall -ansi -W -Wextra -Wdeclaration-after-statement -Wendif-labels -Wc++-compat -Wwrite-strings 
	  CCCMD =  cc -DPERL_CORE -c -fno-strict-aliasing -pipe -fstack-protector -I/usr/local/include -D_LARGEFILE_SOURCE -D_FILE_OFFSET_BITS=64  -std=c89 -O2 -Wall -ansi -W -Wextra -Wdeclaration-after-statement -Wendif-labels -Wc++-compat -Wwrite-strings 
	  CCCMD =  cc -DPERL_CORE -c -fno-strict-aliasing -pipe -fstack-protector -I/usr/local/include -D_LARGEFILE_SOURCE -D_FILE_OFFSET_BITS=64  -std=c89 -O2 -Wall -ansi -W -Wextra -Wdeclaration-after-statement -Wendif-labels -Wc++-compat -Wwrite-strings 
	  CCCMD =  cc -DPERL_CORE -c -fno-strict-aliasing -pipe -fstack-protector -I/usr/local/include -D_LARGEFILE_SOURCE -D_FILE_OFFSET_BITS=64  -std=c89 -O2 -Wall -ansi -W -Wextra -Wdeclaration-after-statement -Wendif-labels -Wc++-compat -Wwrite-strings 
	  CCCMD =  cc -DPERL_CORE -c -fno-strict-aliasing -pipe -fstack-protector -I/usr/local/include -D_LARGEFILE_SOURCE -D_FILE_OFFSET_BITS=64  -std=c89 -O2 -Wall -ansi -W -Wextra -Wdeclaration-after-statement -Wendif-labels -Wc++-compat -Wwrite-strings 
	  CCCMD =  cc -DPERL_CORE -c -fno-strict-aliasing -pipe -fstack-protector -I/usr/local/include -D_LARGEFILE_SOURCE -D_FILE_OFFSET_BITS=64  -std=c89 -O2 -Wall -ansi -W -Wextra -Wdeclaration-after-statement -Wendif-labels -Wc++-compat -Wwrite-strings 
	  CCCMD =  cc -DPERL_CORE -c -fno-strict-aliasing -pipe -fstack-protector -I/usr/local/include -D_LARGEFILE_SOURCE -D_FILE_OFFSET_BITS=64  -std=c89 -O2 -Wall -ansi -W -Wextra -Wdeclaration-after-statement -Wendif-labels -Wc++-compat -Wwrite-strings 
	  CCCMD =  cc -DPERL_CORE -c -fno-strict-aliasing -pipe -fstack-protector -I/usr/local/include -D_LARGEFILE_SOURCE -D_FILE_OFFSET_BITS=64  -std=c89 -O2 -Wall -ansi -W -Wextra -Wdeclaration-after-statement -Wendif-labels -Wc++-compat -Wwrite-strings 
	  CCCMD =  cc -DPERL_CORE -c -fno-strict-aliasing -pipe -fstack-protector -I/usr/local/include -D_LARGEFILE_SOURCE -D_FILE_OFFSET_BITS=64  -std=c89 -O2 -Wall -ansi -W -Wextra -Wdeclaration-after-statement -Wendif-labels -Wc++-compat -Wwrite-strings 
	  CCCMD =  cc -DPERL_CORE -c -fno-strict-aliasing -pipe -fstack-protector -I/usr/local/include -D_LARGEFILE_SOURCE -D_FILE_OFFSET_BITS=64  -std=c89 -O2 -Wall -ansi -W -Wextra -Wdeclaration-after-statement -Wendif-labels -Wc++-compat -Wwrite-strings 
	  CCCMD =  cc -DPERL_CORE -c -fno-strict-aliasing -pipe -fstack-protector -I/usr/local/include -D_LARGEFILE_SOURCE -D_FILE_OFFSET_BITS=64  -std=c89 -O2 -Wall -ansi -W -Wextra -Wdeclaration-after-statement -Wendif-labels -Wc++-compat -Wwrite-strings 
	  CCCMD =  cc -DPERL_CORE -c -fno-strict-aliasing -pipe -fstack-protector -I/usr/local/include -D_LARGEFILE_SOURCE -D_FILE_OFFSET_BITS=64  -std=c89 -O2 -Wall -ansi -W -Wextra -Wdeclaration-after-statement -Wendif-labels -Wc++-compat -Wwrite-strings 
	  CCCMD =  cc -DPERL_CORE -c -fno-strict-aliasing -pipe -fstack-protector -I/usr/local/include -D_LARGEFILE_SOURCE -D_FILE_OFFSET_BITS=64  -std=c89 -O2 -Wall -ansi -W -Wextra -Wdeclaration-after-statement -Wendif-labels -Wc++-compat -Wwrite-strings 
	  CCCMD =  cc -DPERL_CORE -c -fno-strict-aliasing -pipe -fstack-protector -I/usr/local/include -D_LARGEFILE_SOURCE -D_FILE_OFFSET_BITS=64  -std=c89 -O2 -Wall -ansi -W -Wextra -Wdeclaration-after-statement -Wendif-labels -Wc++-compat -Wwrite-strings 
	  CCCMD =  cc -DPERL_CORE -c -fno-strict-aliasing -pipe -fstack-protector -I/usr/local/include -D_LARGEFILE_SOURCE -D_FILE_OFFSET_BITS=64  -std=c89 -O2 -Wall -ansi -W -Wextra -Wdeclaration-after-statement -Wendif-labels -Wc++-compat -Wwrite-strings 
	  CCCMD =  cc -DPERL_CORE -c -fno-strict-aliasing -pipe -fstack-protector -I/usr/local/include -D_LARGEFILE_SOURCE -D_FILE_OFFSET_BITS=64  -std=c89 -O2 -Wall -ansi -W -Wextra -Wdeclaration-after-statement -Wendif-labels -Wc++-compat -Wwrite-strings 
	  CCCMD =  cc -DPERL_CORE -c -fno-strict-aliasing -pipe -fstack-protector -I/usr/local/include -D_LARGEFILE_SOURCE -D_FILE_OFFSET_BITS=64  -std=c89 -O2 -Wall -ansi -W -Wextra -Wdeclaration-after-statement -Wendif-labels -Wc++-compat -Wwrite-strings 
WARNING: Setting ABSTRACT via file 'lib/Pod/Checker.pm' failed
 at /sources/perl-5.18.2/cpan/ExtUtils-MakeMaker/lib/ExtUtils/MakeMaker.pm line 611.
WARNING: Setting ABSTRACT via file 'lib/Pod/Usage.pm' failed
 at /sources/perl-5.18.2/cpan/ExtUtils-MakeMaker/lib/ExtUtils/MakeMaker.pm line 611.
	  CCCMD =  cc -DPERL_CORE -c -fno-strict-aliasing -pipe -fstack-protector -I/usr/local/include -D_LARGEFILE_SOURCE -D_FILE_OFFSET_BITS=64  -std=c89 -O2 -Wall -ansi -W -Wextra -Wdeclaration-after-statement -Wendif-labels -Wc++-compat -Wwrite-strings 
Processing hints file hints/linux.pl
mysterious name [PL_parser-E<gt>bufend] in parts/apidoc.fnc, line 347
mysterious name [PL_parser-E<gt>bufptr] in parts/apidoc.fnc, line 348
mysterious name [PL_parser-E<gt>linestart] in parts/apidoc.fnc, line 349
mysterious name [PL_parser-E<gt>linestr] in parts/apidoc.fnc, line 350
parts/inc/variables provides PL_parser, which is still marked todo for 5.9.5
mysterious name [PL_parser-E<gt>bufend] in parts/apidoc.fnc, line 347
mysterious name [PL_parser-E<gt>bufptr] in parts/apidoc.fnc, line 348
mysterious name [PL_parser-E<gt>linestart] in parts/apidoc.fnc, line 349
mysterious name [PL_parser-E<gt>linestr] in parts/apidoc.fnc, line 350
parts/inc/variables provides PL_parser, which is still marked todo for 5.9.5
Warning: Found a 'CODE' section which seems to be using 'RETVAL' but no 'OUTPUT' section. in SHA.xs, line 36
Writing compiled form
512 bytes in string tables
32 bytes (5.88%) saved spotting duplicates
Writing compiled form
12946 bytes in string tables
4452 bytes (25.6%) saved spotting duplicates
7 bytes (0.054%) saved using substrings
Writing compiled form
34800 bytes in string tables
2786 bytes (7.41%) saved spotting duplicates
Writing compiled form
34638 bytes in string tables
2566 bytes (6.9%) saved spotting duplicates
Writing compiled form
34801 bytes in string tables
2601 bytes (6.95%) saved spotting duplicates
Writing compiled form
34764 bytes in string tables
2312 bytes (6.24%) saved spotting duplicates
Writing compiled form
38113 bytes in string tables
2548 bytes (6.27%) saved spotting duplicates
Writing compiled form
120296 bytes in string tables
138 bytes (0.115%) saved spotting duplicates
Writing compiled form
2174 bytes in string tables
367 bytes (14.4%) saved spotting duplicates
1 bytes (0.046%) saved using substrings
Processing hints file hints/linux.pl
Writing compiled form
Processing hints file hints/linux.pl
31800 bytes in string tables
2470 bytes (7.21%) saved spotting duplicates
Writing compiled form
Writing compiled form
34511 bytes in string tables
1922 bytes (5.28%) saved spotting duplicates
Processing hints file hints/linux.pl
Warning (mostly harmless): No library found for -lposix
Warning (mostly harmless): No library found for -lcposix
78376 bytes in string tables
5448 bytes (6.5%) saved spotting duplicates
Writing compiled form
32924 bytes in string tables
1726 bytes (4.98%) saved spotting duplicates
Writing compiled form
45234 bytes in string tables
2360 bytes (4.96%) saved spotting duplicates
Writing compiled form
479 bytes in string tables
POSIX.o: In function `XS_POSIX_tmpnam':
POSIX.c:(.text+0x3562): warning: the use of `tmpnam' is dangerous, better use `mkstemp'
Writing compiled form
27241 bytes in string tables
2829 bytes (9.41%) saved spotting duplicates
Processing hints file hints/linux.pl
Writing compiled form
83424 bytes in string tables
1772 bytes (2.08%) saved spotting duplicates
Please specify prototyping behavior for Hostname.xs (see perlxs manual)
Writing compiled form
43458 bytes in string tables
4417 bytes (9.23%) saved spotting duplicates
Writing compiled form
36763 bytes in string tables
4318 bytes (10.5%) saved spotting duplicates
Writing compiled form
36921 bytes in string tables
4038 bytes (9.86%) saved spotting duplicates
Writing compiled form
83711 bytes in string tables
3158 bytes (3.64%) saved spotting duplicates
Making header files for XS...
Writing compiled form
1859 bytes in string tables
305 bytes (14.1%) saved spotting duplicates
Processing hints file hints/linux.pl
Writing compiled form
98212 bytes in string tables
1314 bytes (1.32%) saved spotting duplicates
Writing compiled form
91321 bytes in string tables
3227 bytes (3.41%) saved spotting duplicates
Writing compiled form
66317 bytes in string tables
1102 bytes (1.63%) saved spotting duplicates
Processing hints file hints/linux.pl
Writing compiled form
Processing hints file hints/linux.pl
68325 bytes in string tables
1191 bytes (1.71%) saved spotting duplicates
Making header files for XS...
	  CCCMD =  cc -c -fno-strict-aliasing -pipe -fstack-protector -I/usr/local/include -D_LARGEFILE_SOURCE -D_FILE_OFFSET_BITS=64 -O2
	  CCCMD =  cc -c -fno-strict-aliasing -pipe -fstack-protector -I/usr/local/include -D_LARGEFILE_SOURCE -D_FILE_OFFSET_BITS=64 -O2
	  CCCMD =  cc -c -fno-strict-aliasing -pipe -fstack-protector -I/usr/local/include -D_LARGEFILE_SOURCE -D_FILE_OFFSET_BITS=64 -O2
	  CCCMD =  cc -c -fno-strict-aliasing -pipe -fstack-protector -I/usr/local/include -D_LARGEFILE_SOURCE -D_FILE_OFFSET_BITS=64 -O2
	  CCCMD =  cc -c -fno-strict-aliasing -pipe -fstack-protector -I/usr/local/include -D_LARGEFILE_SOURCE -D_FILE_OFFSET_BITS=64 -O2
