make[1]: Entering directory `/mnt/lfs/sources/binutils-build'
/bin/sh ../binutils-2.24/mkinstalldirs /tools /tools
make[2]: Entering directory `/mnt/lfs/sources/binutils-build/bfd'
make  install-recursive
make[3]: Entering directory `/mnt/lfs/sources/binutils-build/bfd'
Making install in doc
make[4]: Entering directory `/mnt/lfs/sources/binutils-build/bfd/doc'
test -z "/tools/share/info" || /bin/mkdir -p "/tools/share/info"
 /usr/bin/install -c -m 644 ../../../binutils-2.24/bfd/doc/bfd.info '/tools/share/info'
 install-info --info-dir='/tools/share/info' '/tools/share/info/bfd.info'
make[4]: Leaving directory `/mnt/lfs/sources/binutils-build/bfd/doc'
Making install in po
make[4]: Entering directory `/mnt/lfs/sources/binutils-build/bfd/po'
make[4]: Nothing to be done for `install'.
make[4]: Leaving directory `/mnt/lfs/sources/binutils-build/bfd/po'
make[4]: Entering directory `/mnt/lfs/sources/binutils-build/bfd'
make[5]: Entering directory `/mnt/lfs/sources/binutils-build/bfd'
make[5]: Nothing to be done for `install-exec-am'.
test -z "" || /bin/mkdir -p ""
test -z "" || /bin/mkdir -p ""
make[5]: Leaving directory `/mnt/lfs/sources/binutils-build/bfd'
make[4]: Leaving directory `/mnt/lfs/sources/binutils-build/bfd'
make[3]: Leaving directory `/mnt/lfs/sources/binutils-build/bfd'
make[2]: Leaving directory `/mnt/lfs/sources/binutils-build/bfd'
make[2]: Entering directory `/mnt/lfs/sources/binutils-build/opcodes'
Making install in .
make[3]: Entering directory `/mnt/lfs/sources/binutils-build/opcodes'
../../binutils-2.24/opcodes/i386-tbl.h
make[4]: Entering directory `/mnt/lfs/sources/binutils-build/opcodes'
make[4]: Nothing to be done for `install-exec-am'.
test -z "" || /bin/mkdir -p ""
test -z "" || /bin/mkdir -p ""
make[4]: Leaving directory `/mnt/lfs/sources/binutils-build/opcodes'
make[3]: Leaving directory `/mnt/lfs/sources/binutils-build/opcodes'
Making install in po
make[3]: Entering directory `/mnt/lfs/sources/binutils-build/opcodes/po'
make[3]: Nothing to be done for `install'.
make[3]: Leaving directory `/mnt/lfs/sources/binutils-build/opcodes/po'
make[2]: Leaving directory `/mnt/lfs/sources/binutils-build/opcodes'
make[2]: Entering directory `/mnt/lfs/sources/binutils-build/binutils'
make  install-recursive
make[3]: Entering directory `/mnt/lfs/sources/binutils-build/binutils'
Making install in doc
make[4]: Entering directory `/mnt/lfs/sources/binutils-build/binutils/doc'
make[5]: Entering directory `/mnt/lfs/sources/binutils-build/binutils/doc'
make[5]: Nothing to be done for `install-exec-am'.
test -z "/tools/share/info" || /bin/mkdir -p "/tools/share/info"
 /usr/bin/install -c -m 644 ../../../binutils-2.24/binutils/doc/binutils.info '/tools/share/info'
 install-info --info-dir='/tools/share/info' '/tools/share/info/binutils.info'
test -z "/tools/share/man/man1" || /bin/mkdir -p "/tools/share/man/man1"
 /usr/bin/install -c -m 644 '../../../binutils-2.24/binutils/doc/addr2line.1' '/tools/share/man/man1/i686-lfs-linux-gnu-addr2line.1'
 /usr/bin/install -c -m 644 '../../../binutils-2.24/binutils/doc/ar.1' '/tools/share/man/man1/i686-lfs-linux-gnu-ar.1'
 /usr/bin/install -c -m 644 '../../../binutils-2.24/binutils/doc/dlltool.1' '/tools/share/man/man1/i686-lfs-linux-gnu-dlltool.1'
 /usr/bin/install -c -m 644 '../../../binutils-2.24/binutils/doc/nlmconv.1' '/tools/share/man/man1/i686-lfs-linux-gnu-nlmconv.1'
 /usr/bin/install -c -m 644 '../../../binutils-2.24/binutils/doc/nm.1' '/tools/share/man/man1/i686-lfs-linux-gnu-nm.1'
 /usr/bin/install -c -m 644 '../../../binutils-2.24/binutils/doc/objcopy.1' '/tools/share/man/man1/i686-lfs-linux-gnu-objcopy.1'
 /usr/bin/install -c -m 644 '../../../binutils-2.24/binutils/doc/objdump.1' '/tools/share/man/man1/i686-lfs-linux-gnu-objdump.1'
 /usr/bin/install -c -m 644 '../../../binutils-2.24/binutils/doc/ranlib.1' '/tools/share/man/man1/i686-lfs-linux-gnu-ranlib.1'
 /usr/bin/install -c -m 644 '../../../binutils-2.24/binutils/doc/readelf.1' '/tools/share/man/man1/i686-lfs-linux-gnu-readelf.1'
 /usr/bin/install -c -m 644 '../../../binutils-2.24/binutils/doc/size.1' '/tools/share/man/man1/i686-lfs-linux-gnu-size.1'
 /usr/bin/install -c -m 644 '../../../binutils-2.24/binutils/doc/strings.1' '/tools/share/man/man1/i686-lfs-linux-gnu-strings.1'
 /usr/bin/install -c -m 644 '../../../binutils-2.24/binutils/doc/strip.1' '/tools/share/man/man1/i686-lfs-linux-gnu-strip.1'
 /usr/bin/install -c -m 644 '../../../binutils-2.24/binutils/doc/elfedit.1' '/tools/share/man/man1/i686-lfs-linux-gnu-elfedit.1'
 /usr/bin/install -c -m 644 '../../../binutils-2.24/binutils/doc/windres.1' '/tools/share/man/man1/i686-lfs-linux-gnu-windres.1'
 /usr/bin/install -c -m 644 '../../../binutils-2.24/binutils/doc/windmc.1' '/tools/share/man/man1/i686-lfs-linux-gnu-windmc.1'
 /usr/bin/install -c -m 644 'c++filt.1' '/tools/share/man/man1/i686-lfs-linux-gnu-c++filt.1'
make[5]: Leaving directory `/mnt/lfs/sources/binutils-build/binutils/doc'
make[4]: Leaving directory `/mnt/lfs/sources/binutils-build/binutils/doc'
Making install in po
make[4]: Entering directory `/mnt/lfs/sources/binutils-build/binutils/po'
make[4]: Nothing to be done for `install'.
make[4]: Leaving directory `/mnt/lfs/sources/binutils-build/binutils/po'
make[4]: Entering directory `/mnt/lfs/sources/binutils-build/binutils'
make[5]: Entering directory `/mnt/lfs/sources/binutils-build/binutils'
test -z "/tools/bin" || /bin/mkdir -p "/tools/bin"
  /bin/sh ./libtool   --mode=install /usr/bin/install -c size '/tools/bin/./i686-lfs-linux-gnu-size'
libtool: install: /usr/bin/install -c size /tools/bin/./i686-lfs-linux-gnu-size
  /bin/sh ./libtool   --mode=install /usr/bin/install -c objdump '/tools/bin/./i686-lfs-linux-gnu-objdump'
libtool: install: /usr/bin/install -c objdump /tools/bin/./i686-lfs-linux-gnu-objdump
  /bin/sh ./libtool   --mode=install /usr/bin/install -c ar '/tools/bin/./i686-lfs-linux-gnu-ar'
libtool: install: /usr/bin/install -c ar /tools/bin/./i686-lfs-linux-gnu-ar
  /bin/sh ./libtool   --mode=install /usr/bin/install -c strings '/tools/bin/./i686-lfs-linux-gnu-strings'
libtool: install: /usr/bin/install -c strings /tools/bin/./i686-lfs-linux-gnu-strings
  /bin/sh ./libtool   --mode=install /usr/bin/install -c ranlib '/tools/bin/./i686-lfs-linux-gnu-ranlib'
libtool: install: /usr/bin/install -c ranlib /tools/bin/./i686-lfs-linux-gnu-ranlib
  /bin/sh ./libtool   --mode=install /usr/bin/install -c objcopy '/tools/bin/./i686-lfs-linux-gnu-objcopy'
libtool: install: /usr/bin/install -c objcopy /tools/bin/./i686-lfs-linux-gnu-objcopy
  /bin/sh ./libtool   --mode=install /usr/bin/install -c addr2line '/tools/bin/./i686-lfs-linux-gnu-addr2line'
libtool: install: /usr/bin/install -c addr2line /tools/bin/./i686-lfs-linux-gnu-addr2line
  /bin/sh ./libtool   --mode=install /usr/bin/install -c readelf '/tools/bin/./i686-lfs-linux-gnu-readelf'
libtool: install: /usr/bin/install -c readelf /tools/bin/./i686-lfs-linux-gnu-readelf
  /bin/sh ./libtool   --mode=install /usr/bin/install -c elfedit '/tools/bin/./i686-lfs-linux-gnu-elfedit'
libtool: install: /usr/bin/install -c elfedit /tools/bin/./i686-lfs-linux-gnu-elfedit
test -z "/tools/bin" || /bin/mkdir -p "/tools/bin"
 /bin/sh ./libtool  --mode=install /usr/bin/install -c nm-new /tools/bin/i686-lfs-linux-gnu-nm
libtool: install: /usr/bin/install -c nm-new /tools/bin/i686-lfs-linux-gnu-nm
 /bin/sh ./libtool  --mode=install /usr/bin/install -c strip-new /tools/bin/i686-lfs-linux-gnu-strip
libtool: install: /usr/bin/install -c strip-new /tools/bin/i686-lfs-linux-gnu-strip
 /bin/sh ./libtool  --mode=install /usr/bin/install -c cxxfilt /tools/bin/i686-lfs-linux-gnu-c++filt
libtool: install: /usr/bin/install -c cxxfilt /tools/bin/i686-lfs-linux-gnu-c++filt
/bin/sh ../../binutils-2.24/binutils/../mkinstalldirs /tools/i686-lfs-linux-gnu/bin
mkdir -p -- /tools/i686-lfs-linux-gnu/bin
for i in nm-new strip-new ar ranlib dlltool objdump objcopy; do \
	  if [ -f $i ]; then \
	    j=`echo $i | sed -e 's/-new//'`; \
	    k=`echo $j | sed 's&^&i686-lfs-linux-gnu-&'`; \
	    if [ "/tools/bin/$k" != "/tools/i686-lfs-linux-gnu/bin/$j" ]; then \
	      rm -f /tools/i686-lfs-linux-gnu/bin/$j; \
	      ln /tools/bin/$k /tools/i686-lfs-linux-gnu/bin/$j >/dev/null 2>/dev/null \
		|| /bin/sh ./libtool --mode=install /usr/bin/install -c $i /tools/i686-lfs-linux-gnu/bin/$j; \
	    fi; \
	  else true; \
	  fi; \
	done
make[5]: Nothing to be done for `install-data-am'.
make[5]: Leaving directory `/mnt/lfs/sources/binutils-build/binutils'
make[4]: Leaving directory `/mnt/lfs/sources/binutils-build/binutils'
make[3]: Leaving directory `/mnt/lfs/sources/binutils-build/binutils'
make[2]: Leaving directory `/mnt/lfs/sources/binutils-build/binutils'
make[2]: Entering directory `/mnt/lfs/sources/binutils-build/etc'
for f in standards.info configure.info; do \
	  if test -f ../../binutils-2.24/etc/`echo $f | sed -e 's/.info$/.texi/'`; then \
	    if make "MAKEINFO=/mnt/lfs/sources/binutils-2.24/missing makeinfo --split-size=5000000 --split-size=5000000" $f; then \
	      true; \
	    else \
	      exit 1; \
	    fi; \
	  fi; \
	done
make[3]: Entering directory `/mnt/lfs/sources/binutils-build/etc'
make[3]: `../../binutils-2.24/etc/standards.info' is up to date.
make[3]: Leaving directory `/mnt/lfs/sources/binutils-build/etc'
make[3]: Entering directory `/mnt/lfs/sources/binutils-build/etc'
make[3]: `../../binutils-2.24/etc/configure.info' is up to date.
make[3]: Leaving directory `/mnt/lfs/sources/binutils-build/etc'
/bin/sh ../../binutils-2.24/etc/../mkinstalldirs /tools/share/info
if test ! -f standards.info; then cd ../../binutils-2.24/etc; fi; \
	if test -f standards.info; then \
	  for i in standards.info*; do \
	    /usr/bin/install -c -m 644 $i /tools/share/info/$i; \
	  done; \
	fi
if test ! -f configure.info; then cd ../../binutils-2.24/etc; fi; \
	if test -f configure.info; then \
	  for i in configure.info*; do \
	    /usr/bin/install -c -m 644 $i /tools/share/info/$i; \
	  done; \
	fi
make[2]: Leaving directory `/mnt/lfs/sources/binutils-build/etc'
make[2]: Entering directory `/mnt/lfs/sources/binutils-build/gas'
Making install in doc
make[3]: Entering directory `/mnt/lfs/sources/binutils-build/gas/doc'
make[4]: Entering directory `/mnt/lfs/sources/binutils-build/gas/doc'
make[4]: Nothing to be done for `install-exec-am'.
test -z "/tools/share/info" || /bin/mkdir -p "/tools/share/info"
 /usr/bin/install -c -m 644 ../../../binutils-2.24/gas/doc/as.info '/tools/share/info'
 install-info --info-dir='/tools/share/info' '/tools/share/info/as.info'
test -z "/tools/share/man/man1" || /bin/mkdir -p "/tools/share/man/man1"
 /usr/bin/install -c -m 644 '../../../binutils-2.24/gas/doc/as.1' '/tools/share/man/man1/i686-lfs-linux-gnu-as.1'
make[4]: Leaving directory `/mnt/lfs/sources/binutils-build/gas/doc'
make[3]: Leaving directory `/mnt/lfs/sources/binutils-build/gas/doc'
Making install in po
make[3]: Entering directory `/mnt/lfs/sources/binutils-build/gas/po'
make[3]: Nothing to be done for `install'.
make[3]: Leaving directory `/mnt/lfs/sources/binutils-build/gas/po'
make[3]: Entering directory `/mnt/lfs/sources/binutils-build/gas'
make[4]: Entering directory `/mnt/lfs/sources/binutils-build/gas'
/bin/sh ../../binutils-2.24/gas/../mkinstalldirs /tools/bin
 /bin/sh ./libtool  --mode=install /usr/bin/install -c as-new /tools/bin/i686-lfs-linux-gnu-as
libtool: install: /usr/bin/install -c as-new /tools/bin/i686-lfs-linux-gnu-as
/bin/sh ../../binutils-2.24/gas/../mkinstalldirs /tools/i686-lfs-linux-gnu/bin
n=`echo as | sed 's&^&i686-lfs-linux-gnu-&'`; \
	if [ "/tools/bin/$n" != "/tools/i686-lfs-linux-gnu/bin/as" ]; then \
	  rm -f /tools/i686-lfs-linux-gnu/bin/as; \
	  ln /tools/bin/$n /tools/i686-lfs-linux-gnu/bin/as >/dev/null 2>/dev/null \
	    || /bin/sh ./libtool --mode=install /usr/bin/install -c as-new /tools/i686-lfs-linux-gnu/bin/as; \
	else \
	  true ; \
	fi
make[4]: Nothing to be done for `install-data-am'.
make[4]: Leaving directory `/mnt/lfs/sources/binutils-build/gas'
make[3]: Leaving directory `/mnt/lfs/sources/binutils-build/gas'
make[2]: Leaving directory `/mnt/lfs/sources/binutils-build/gas'
make[2]: Entering directory `/mnt/lfs/sources/binutils-build/gprof'
make  install-recursive
make[3]: Entering directory `/mnt/lfs/sources/binutils-build/gprof'
Making install in po
make[4]: Entering directory `/mnt/lfs/sources/binutils-build/gprof/po'
make[4]: Nothing to be done for `install'.
make[4]: Leaving directory `/mnt/lfs/sources/binutils-build/gprof/po'
make[4]: Entering directory `/mnt/lfs/sources/binutils-build/gprof'
make[5]: Entering directory `/mnt/lfs/sources/binutils-build/gprof'
test -z "/tools/bin" || /bin/mkdir -p "/tools/bin"
  /bin/sh ./libtool   --mode=install /usr/bin/install -c gprof '/tools/bin/./i686-lfs-linux-gnu-gprof'
libtool: install: /usr/bin/install -c gprof /tools/bin/./i686-lfs-linux-gnu-gprof
test -z "/tools/share/info" || /bin/mkdir -p "/tools/share/info"
 /usr/bin/install -c -m 644 ../../binutils-2.24/gprof/gprof.info '/tools/share/info'
 install-info --info-dir='/tools/share/info' '/tools/share/info/gprof.info'
test -z "/tools/share/man/man1" || /bin/mkdir -p "/tools/share/man/man1"
 /usr/bin/install -c -m 644 '../../binutils-2.24/gprof/gprof.1' '/tools/share/man/man1/i686-lfs-linux-gnu-gprof.1'
make[5]: Leaving directory `/mnt/lfs/sources/binutils-build/gprof'
make[4]: Leaving directory `/mnt/lfs/sources/binutils-build/gprof'
make[3]: Leaving directory `/mnt/lfs/sources/binutils-build/gprof'
make[2]: Leaving directory `/mnt/lfs/sources/binutils-build/gprof'
make[2]: Entering directory `/mnt/lfs/sources/binutils-build/intl'
make[2]: Nothing to be done for `install'.
make[2]: Leaving directory `/mnt/lfs/sources/binutils-build/intl'
make[2]: Entering directory `/mnt/lfs/sources/binutils-build/ld'
make  install-recursive
make[3]: Entering directory `/mnt/lfs/sources/binutils-build/ld'
Making install in po
make[4]: Entering directory `/mnt/lfs/sources/binutils-build/ld/po'
make[4]: Nothing to be done for `install'.
make[4]: Leaving directory `/mnt/lfs/sources/binutils-build/ld/po'
make[4]: Entering directory `/mnt/lfs/sources/binutils-build/ld'
make[5]: Entering directory `/mnt/lfs/sources/binutils-build/ld'
test -z "/tools/bin" || /bin/mkdir -p "/tools/bin"
  /bin/sh ./libtool   --mode=install /usr/bin/install -c ld-new '/tools/bin/./i686-lfs-linux-gnu-ld.bfd'
libtool: install: /usr/bin/install -c ld-new /tools/bin/./i686-lfs-linux-gnu-ld.bfd
/bin/sh ../../binutils-2.24/ld/../mkinstalldirs /tools/i686-lfs-linux-gnu/bin
n=`echo ld.bfd | sed 's/^ld-new$/ld.bfd/;s&^&i686-lfs-linux-gnu-&'`; \
	if test "/tools/bin" != "/tools/i686-lfs-linux-gnu/bin"; then \
	  rm -f /tools/i686-lfs-linux-gnu/bin/ld.bfd; \
	  ln /tools/bin/$n /tools/i686-lfs-linux-gnu/bin/ld.bfd >/dev/null 2>/dev/null \
	  || /bin/sh ./libtool --mode=install /usr/bin/install -c ld-new /tools/i686-lfs-linux-gnu/bin/ld.bfd; \
	fi; \
	if test "xyes" = "xyes"; then \
	  ld=`echo ld | sed 's/^ld-new$/ld.bfd/;s&^&i686-lfs-linux-gnu-&'`; \
	  rm -f /tools/bin/$ld; \
	  ln /tools/bin/$n /tools/bin/$ld >/dev/null 2>/dev/null \
	  || /bin/sh ./libtool --mode=install /usr/bin/install -c ld-new /tools/bin/$ld; \
	  if test "/tools/bin" != "/tools/i686-lfs-linux-gnu/bin"; then \
	    rm -f /tools/i686-lfs-linux-gnu/bin/ld; \
	    ln /tools/bin/$n /tools/i686-lfs-linux-gnu/bin/ld >/dev/null 2>/dev/null \
	    || /bin/sh ./libtool --mode=install /usr/bin/install -c ld-new /tools/i686-lfs-linux-gnu/bin/ld; \
	  fi; \
	fi
/bin/sh ../../binutils-2.24/ld/../mkinstalldirs /tools/i686-lfs-linux-gnu/lib/ldscripts
mkdir -p -- /tools/i686-lfs-linux-gnu/lib/ldscripts
for f in ldscripts/*; do \
	  /usr/bin/install -c -m 644 $f /tools/i686-lfs-linux-gnu/lib/$f ; \
	done
test -z "/tools/share/info" || /bin/mkdir -p "/tools/share/info"
 /usr/bin/install -c -m 644 ../../binutils-2.24/ld/ld.info '/tools/share/info'
 install-info --info-dir='/tools/share/info' '/tools/share/info/ld.info'
test -z "/tools/share/man/man1" || /bin/mkdir -p "/tools/share/man/man1"
 /usr/bin/install -c -m 644 '../../binutils-2.24/ld/ld.1' '/tools/share/man/man1/i686-lfs-linux-gnu-ld.1'
make[5]: Leaving directory `/mnt/lfs/sources/binutils-build/ld'
make[4]: Leaving directory `/mnt/lfs/sources/binutils-build/ld'
make[3]: Leaving directory `/mnt/lfs/sources/binutils-build/ld'
make[2]: Leaving directory `/mnt/lfs/sources/binutils-build/ld'
make[2]: Entering directory `/mnt/lfs/sources/binutils-build/libiberty'
make[3]: Entering directory `/mnt/lfs/sources/binutils-build/libiberty/testsuite'
make[3]: Nothing to be done for `all'.
make[3]: Leaving directory `/mnt/lfs/sources/binutils-build/libiberty/testsuite'
if test -n ""; then \
		/bin/sh ../../binutils-2.24/libiberty/../mkinstalldirs /tools/lib/`gcc -g -O2 -print-multi-os-directory`; \
		/usr/bin/install -c -m 644 ./libiberty.a /tools/lib/`gcc -g -O2 -print-multi-os-directory`/./libiberty.an; \
		( cd /tools/lib/`gcc -g -O2 -print-multi-os-directory` ; chmod 644 ./libiberty.an ;ranlib ./libiberty.an ); \
		mv -f /tools/lib/`gcc -g -O2 -print-multi-os-directory`/./libiberty.an /tools/lib/`gcc -g -O2 -print-multi-os-directory`/./libiberty.a; \
		case "" in \
		  /*)    thd=;; \
		  *)     thd=/tools/include/;; \
		esac; \
		/bin/sh ../../binutils-2.24/libiberty/../mkinstalldirs ${thd}; \
		for h in ../../binutils-2.24/libiberty/../include/ansidecl.h ../../binutils-2.24/libiberty/../include/demangle.h ../../binutils-2.24/libiberty/../include/dyn-string.h ../../binutils-2.24/libiberty/../include/fibheap.h ../../binutils-2.24/libiberty/../include/floatformat.h ../../binutils-2.24/libiberty/../include/hashtab.h ../../binutils-2.24/libiberty/../include/libiberty.h ../../binutils-2.24/libiberty/../include/objalloc.h ../../binutils-2.24/libiberty/../include/partition.h ../../binutils-2.24/libiberty/../include/safe-ctype.h ../../binutils-2.24/libiberty/../include/sort.h ../../binutils-2.24/libiberty/../include/splay-tree.h ../../binutils-2.24/libiberty/../include/timeval-utils.h; do \
		  /usr/bin/install -c -m 644 $h ${thd}; \
		done; \
	fi
make[3]: Entering directory `/mnt/lfs/sources/binutils-build/libiberty/testsuite'
make[3]: Nothing to be done for `install'.
make[3]: Leaving directory `/mnt/lfs/sources/binutils-build/libiberty/testsuite'
make[2]: Leaving directory `/mnt/lfs/sources/binutils-build/libiberty'
make[1]: Nothing to be done for `install-target'.
make[1]: Leaving directory `/mnt/lfs/sources/binutils-build'
