/bin/sh ./support/mkinstalldirs /usr/include \
	/usr/include/readline /usr/lib \
	/usr/share/info /usr/share/man/man3
mkdir -p -- /usr/include/readline /usr/lib /usr/share/info /usr/share/man/man3
for f in readline.h chardefs.h keymaps.h history.h tilde.h rlstdc.h rlconf.h rltypedefs.h; do \
	/usr/bin/install -c -m 644 ./$f /usr/include/readline ; \
done
( if test -d doc ; then \
	cd doc && \
	make  infodir=/usr/share/info DESTDIR= install; \
  fi )
make[1]: Entering directory '/sources/readline-6.2/doc'
/bin/sh ../support/mkdirs /usr/share/info /usr/share/man/man3
if test -n "" ; then \
	/bin/sh ../support/mkdirs  ; \
fi
if test -f readline.info; then \
	/usr/bin/install -c -m 644 readline.info /usr/share/info/readline.info; \
else \
	/usr/bin/install -c -m 644 ./readline.info /usr/share/info/readline.info; \
fi
if test -f rluserman.info; then \
	/usr/bin/install -c -m 644 rluserman.info /usr/share/info/rluserman.info; \
else \
	/usr/bin/install -c -m 644 ./rluserman.info /usr/share/info/rluserman.info; \
fi
if test -f history.info; then \
	/usr/bin/install -c -m 644 history.info /usr/share/info/history.info; \
else \
	/usr/bin/install -c -m 644 ./history.info /usr/share/info/history.info; \
fi
if /bin/sh -c 'install-info --version' >/dev/null 2>&1; then \
	install-info --dir-file=/usr/share/info/dir \
		/usr/share/info/readline.info ; \
	install-info --dir-file=/usr/share/info/dir \
		/usr/share/info/history.info ; \
	install-info --dir-file=/usr/share/info/dir \
		/usr/share/info/rluserman.info ; \
else true; fi
/usr/bin/install -c -m 644 ./readline.3 /usr/share/man/man3/readline.3
/usr/bin/install -c -m 644 ./history.3 /usr/share/man/man3/history.3
if test -n "" ; then \
	if test -f readline.html; then \
		/usr/bin/install -c -m 644 readline.html /readline.html; \
	else \
		/usr/bin/install -c -m 644 ./readline.html /readline.html; \
	fi ; \
	if test -f history.html; then \
		/usr/bin/install -c -m 644 history.html /history.html; \
	else \
		/usr/bin/install -c -m 644 ./history.html /history.html; \
	fi ; \
	if test -f rluserman.html; then \
		/usr/bin/install -c -m 644 rluserman.html /rluserman.html; \
	else \
		/usr/bin/install -c -m 644 ./rluserman.html /rluserman.html; \
	fi ; \
fi
make[1]: Leaving directory '/sources/readline-6.2/doc'
test -d shlib || mkdir shlib
( cd shlib ; make  all )
make[1]: Entering directory '/sources/readline-6.2/shlib'
make[1]: Nothing to be done for 'all'.
make[1]: Leaving directory '/sources/readline-6.2/shlib'
( cd examples ; make  DESTDIR= install )
make[1]: Entering directory '/sources/readline-6.2/examples'
/bin/sh ../support/mkdirs /usr/share/readline
mkdir /usr/share/readline
make[1]: Leaving directory '/sources/readline-6.2/examples'
/usr/bin/install -c -m 644 libreadline.a /usr/lib/libreadline.a
test -n "ranlib" && ranlib /usr/lib/libreadline.a
/usr/bin/install -c -m 644 libhistory.a /usr/lib/libhistory.a
test -n "ranlib" && ranlib /usr/lib/libhistory.a
( cd shlib ; make  DESTDIR= install )
make[1]: Entering directory '/sources/readline-6.2/shlib'
/bin/sh ../support/mkdirs /usr/lib
/bin/sh ../support/mkdirs /usr/bin
/bin/sh ../support/shlib-install -O linux-gnu -V pc -d /usr/lib -b /usr/bin -i "/usr/bin/install -c -m 644" libhistory.so.6.2
/bin/sh ../support/shlib-install -O linux-gnu -V pc -d /usr/lib -b /usr/bin -i "/usr/bin/install -c -m 644" libreadline.so.6.2
install: you may need to run ldconfig
make[1]: Leaving directory '/sources/readline-6.2/shlib'
