make  all-recursive
make[1]: Entering directory '/sources/libpipeline-1.2.6'
Making all in gnulib/lib
make[2]: Entering directory '/sources/libpipeline-1.2.6/gnulib/lib'
  GEN      alloca.h
  GEN      c++defs.h
  GEN      arg-nonnull.h
  GEN      warn-on-use.h
  GEN      sys/types.h
  GEN      signal.h
  GEN      stdio.h
  GEN      stdlib.h
  GEN      string.h
  GEN      sys/select.h
  GEN      sys/time.h
  GEN      sys/stat.h
  GEN      sys/wait.h
  GEN      time.h
  GEN      unistd.h
  GEN      wchar.h
make  all-recursive
make[3]: Entering directory '/sources/libpipeline-1.2.6/gnulib/lib'
make[4]: Entering directory '/sources/libpipeline-1.2.6/gnulib/lib'
  CC       basename.lo
  CC       dirname-lgpl.lo
  CC       dirname.lo
  CC       basename-lgpl.lo
  CC       stripslash.lo
  CC       full-write.lo
  CC       exitfail.lo
  CC       malloca.lo
  CC       safe-read.lo
  CC       safe-write.lo
  CC       sig-handler.lo
  CC       glthread/threadlib.lo
  CC       glthread/tls.lo
  CC       unistd.lo
  CC       xmalloc.lo
  CC       xalloc-die.lo
  CC       xsize.lo
  CC       xstrndup.lo
  CC       xvasprintf.lo
  CC       xasprintf.lo
  CC       asnprintf.lo
  CC       printf-args.lo
  CC       printf-parse.lo
  CC       vasnprintf.lo
  CC       glthread/lock.lo
  CCLD     libgnu.la
make[4]: Leaving directory '/sources/libpipeline-1.2.6/gnulib/lib'
make[3]: Leaving directory '/sources/libpipeline-1.2.6/gnulib/lib'
make[2]: Leaving directory '/sources/libpipeline-1.2.6/gnulib/lib'
Making all in lib
make[2]: Entering directory '/sources/libpipeline-1.2.6/lib'
  CC       libpipeline_la-appendstr.lo
  CC       libpipeline_la-pipeline.lo
  CC       libpipeline_la-debug.lo
  CCLD     libpipeline.la
make[2]: Leaving directory '/sources/libpipeline-1.2.6/lib'
Making all in man
make[2]: Entering directory '/sources/libpipeline-1.2.6/man'
make[2]: Nothing to be done for 'all'.
make[2]: Leaving directory '/sources/libpipeline-1.2.6/man'
Making all in tests
make[2]: Entering directory '/sources/libpipeline-1.2.6/tests'
make[2]: Nothing to be done for 'all'.
make[2]: Leaving directory '/sources/libpipeline-1.2.6/tests'
make[2]: Entering directory '/sources/libpipeline-1.2.6'
make[2]: Leaving directory '/sources/libpipeline-1.2.6'
make[1]: Leaving directory '/sources/libpipeline-1.2.6'
