make  all-recursive
make[1]: Entering directory '/sources/bc-1.06.95'
Making all in lib
make[2]: Entering directory '/sources/bc-1.06.95/lib'
if gcc -DHAVE_CONFIG_H  -I. -I. -I.. -I. -I.. -I./../h   -g -O2 -Wall -funsigned-char -g -O2 -Wall -funsigned-char -MT getopt.o -MD -MP -MF ".deps/getopt.Tpo" -c -o getopt.o getopt.c; \
then mv -f ".deps/getopt.Tpo" ".deps/getopt.Po"; else rm -f ".deps/getopt.Tpo"; exit 1; fi
if gcc -DHAVE_CONFIG_H  -I. -I. -I.. -I. -I.. -I./../h   -g -O2 -Wall -funsigned-char -g -O2 -Wall -funsigned-char -MT getopt1.o -MD -MP -MF ".deps/getopt1.Tpo" -c -o getopt1.o getopt1.c; \
then mv -f ".deps/getopt1.Tpo" ".deps/getopt1.Po"; else rm -f ".deps/getopt1.Tpo"; exit 1; fi
if gcc -DHAVE_CONFIG_H  -I. -I. -I.. -I. -I.. -I./../h   -g -O2 -Wall -funsigned-char -g -O2 -Wall -funsigned-char -MT vfprintf.o -MD -MP -MF ".deps/vfprintf.Tpo" -c -o vfprintf.o vfprintf.c; \
then mv -f ".deps/vfprintf.Tpo" ".deps/vfprintf.Po"; else rm -f ".deps/vfprintf.Tpo"; exit 1; fi
if gcc -DHAVE_CONFIG_H  -I. -I. -I.. -I. -I.. -I./../h   -g -O2 -Wall -funsigned-char -g -O2 -Wall -funsigned-char -MT number.o -MD -MP -MF ".deps/number.Tpo" -c -o number.o number.c; \
then mv -f ".deps/number.Tpo" ".deps/number.Po"; else rm -f ".deps/number.Tpo"; exit 1; fi
rm -f libbc.a
ar cru libbc.a getopt.o getopt1.o vfprintf.o number.o 
ranlib libbc.a
make[2]: Leaving directory '/sources/bc-1.06.95/lib'
Making all in bc
make[2]: Entering directory '/sources/bc-1.06.95/bc'
if gcc -DHAVE_CONFIG_H -I. -I. -I.. -I. -I./../h   -g -O2 -Wall -funsigned-char -g -O2 -Wall -funsigned-char -MT main.o -MD -MP -MF ".deps/main.Tpo" -c -o main.o main.c; \
then mv -f ".deps/main.Tpo" ".deps/main.Po"; else rm -f ".deps/main.Tpo"; exit 1; fi
if gcc -DHAVE_CONFIG_H -I. -I. -I.. -I. -I./../h   -g -O2 -Wall -funsigned-char -g -O2 -Wall -funsigned-char -MT bc.o -MD -MP -MF ".deps/bc.Tpo" -c -o bc.o bc.c; \
then mv -f ".deps/bc.Tpo" ".deps/bc.Po"; else rm -f ".deps/bc.Tpo"; exit 1; fi
if gcc -DHAVE_CONFIG_H -I. -I. -I.. -I. -I./../h   -g -O2 -Wall -funsigned-char -g -O2 -Wall -funsigned-char -MT scan.o -MD -MP -MF ".deps/scan.Tpo" -c -o scan.o scan.c; \
then mv -f ".deps/scan.Tpo" ".deps/scan.Po"; else rm -f ".deps/scan.Tpo"; exit 1; fi
if gcc -DHAVE_CONFIG_H -I. -I. -I.. -I. -I./../h   -g -O2 -Wall -funsigned-char -g -O2 -Wall -funsigned-char -MT execute.o -MD -MP -MF ".deps/execute.Tpo" -c -o execute.o execute.c; \
then mv -f ".deps/execute.Tpo" ".deps/execute.Po"; else rm -f ".deps/execute.Tpo"; exit 1; fi
if gcc -DHAVE_CONFIG_H -I. -I. -I.. -I. -I./../h   -g -O2 -Wall -funsigned-char -g -O2 -Wall -funsigned-char -MT load.o -MD -MP -MF ".deps/load.Tpo" -c -o load.o load.c; \
then mv -f ".deps/load.Tpo" ".deps/load.Po"; else rm -f ".deps/load.Tpo"; exit 1; fi
if gcc -DHAVE_CONFIG_H -I. -I. -I.. -I. -I./../h   -g -O2 -Wall -funsigned-char -g -O2 -Wall -funsigned-char -MT storage.o -MD -MP -MF ".deps/storage.Tpo" -c -o storage.o storage.c; \
then mv -f ".deps/storage.Tpo" ".deps/storage.Po"; else rm -f ".deps/storage.Tpo"; exit 1; fi
if gcc -DHAVE_CONFIG_H -I. -I. -I.. -I. -I./../h   -g -O2 -Wall -funsigned-char -g -O2 -Wall -funsigned-char -MT util.o -MD -MP -MF ".deps/util.Tpo" -c -o util.o util.c; \
then mv -f ".deps/util.Tpo" ".deps/util.Po"; else rm -f ".deps/util.Tpo"; exit 1; fi
if gcc -DHAVE_CONFIG_H -I. -I. -I.. -I. -I./../h   -g -O2 -Wall -funsigned-char -g -O2 -Wall -funsigned-char -MT global.o -MD -MP -MF ".deps/global.Tpo" -c -o global.o global.c; \
then mv -f ".deps/global.Tpo" ".deps/global.Po"; else rm -f ".deps/global.Tpo"; exit 1; fi
if gcc -DHAVE_CONFIG_H -I. -I. -I.. -I. -I./../h   -g -O2 -Wall -funsigned-char -g -O2 -Wall -funsigned-char -MT warranty.o -MD -MP -MF ".deps/warranty.Tpo" -c -o warranty.o warranty.c; \
then mv -f ".deps/warranty.Tpo" ".deps/warranty.Po"; else rm -f ".deps/warranty.Tpo"; exit 1; fi
gcc -g -O2 -Wall -funsigned-char -g -O2 -Wall -funsigned-char   -o bc  main.o bc.o scan.o execute.o load.o storage.o util.o global.o warranty.o ../lib/libbc.a  -lreadline -lncurses 
make[2]: Leaving directory '/sources/bc-1.06.95/bc'
Making all in dc
make[2]: Entering directory '/sources/bc-1.06.95/dc'
if gcc -DHAVE_CONFIG_H -I. -I. -I.. -I./.. -I./../h   -g -O2 -Wall -funsigned-char -g -O2 -Wall -funsigned-char -MT dc.o -MD -MP -MF ".deps/dc.Tpo" -c -o dc.o dc.c; \
then mv -f ".deps/dc.Tpo" ".deps/dc.Po"; else rm -f ".deps/dc.Tpo"; exit 1; fi
if gcc -DHAVE_CONFIG_H -I. -I. -I.. -I./.. -I./../h   -g -O2 -Wall -funsigned-char -g -O2 -Wall -funsigned-char -MT misc.o -MD -MP -MF ".deps/misc.Tpo" -c -o misc.o misc.c; \
then mv -f ".deps/misc.Tpo" ".deps/misc.Po"; else rm -f ".deps/misc.Tpo"; exit 1; fi
if gcc -DHAVE_CONFIG_H -I. -I. -I.. -I./.. -I./../h   -g -O2 -Wall -funsigned-char -g -O2 -Wall -funsigned-char -MT eval.o -MD -MP -MF ".deps/eval.Tpo" -c -o eval.o eval.c; \
then mv -f ".deps/eval.Tpo" ".deps/eval.Po"; else rm -f ".deps/eval.Tpo"; exit 1; fi
if gcc -DHAVE_CONFIG_H -I. -I. -I.. -I./.. -I./../h   -g -O2 -Wall -funsigned-char -g -O2 -Wall -funsigned-char -MT stack.o -MD -MP -MF ".deps/stack.Tpo" -c -o stack.o stack.c; \
then mv -f ".deps/stack.Tpo" ".deps/stack.Po"; else rm -f ".deps/stack.Tpo"; exit 1; fi
if gcc -DHAVE_CONFIG_H -I. -I. -I.. -I./.. -I./../h   -g -O2 -Wall -funsigned-char -g -O2 -Wall -funsigned-char -MT array.o -MD -MP -MF ".deps/array.Tpo" -c -o array.o array.c; \
then mv -f ".deps/array.Tpo" ".deps/array.Po"; else rm -f ".deps/array.Tpo"; exit 1; fi
if gcc -DHAVE_CONFIG_H -I. -I. -I.. -I./.. -I./../h   -g -O2 -Wall -funsigned-char -g -O2 -Wall -funsigned-char -MT numeric.o -MD -MP -MF ".deps/numeric.Tpo" -c -o numeric.o numeric.c; \
then mv -f ".deps/numeric.Tpo" ".deps/numeric.Po"; else rm -f ".deps/numeric.Tpo"; exit 1; fi
if gcc -DHAVE_CONFIG_H -I. -I. -I.. -I./.. -I./../h   -g -O2 -Wall -funsigned-char -g -O2 -Wall -funsigned-char -MT string.o -MD -MP -MF ".deps/string.Tpo" -c -o string.o string.c; \
then mv -f ".deps/string.Tpo" ".deps/string.Po"; else rm -f ".deps/string.Tpo"; exit 1; fi
gcc -g -O2 -Wall -funsigned-char -g -O2 -Wall -funsigned-char   -o dc  dc.o misc.o eval.o stack.o array.o numeric.o string.o ../lib/libbc.a 
make[2]: Leaving directory '/sources/bc-1.06.95/dc'
Making all in doc
make[2]: Entering directory '/sources/bc-1.06.95/doc'
restore=: && backupdir=".am$$" && \
am__cwd=`pwd` && cd . && \
rm -rf $backupdir && mkdir $backupdir && \
if (makeinfo --no-split --version) >/dev/null 2>&1; then \
  for f in bc.info bc.info-[0-9] bc.info-[0-9][0-9] bc.i[0-9] bc.i[0-9][0-9]; do \
    if test -f $f; then mv $f $backupdir; restore=mv; else :; fi; \
  done; \
else :; fi && \
cd "$am__cwd"; \
if makeinfo --no-split   -I . \
 -o bc.info bc.texi; \
then \
  rc=0; \
  cd .; \
else \
  rc=$?; \
  cd . && \
  $restore $backupdir/* `echo "./bc.info" | sed 's|[^/]*$||'`; \
fi; \
rm -rf $backupdir; exit $rc
restore=: && backupdir=".am$$" && \
am__cwd=`pwd` && cd . && \
rm -rf $backupdir && mkdir $backupdir && \
if (makeinfo --no-split --version) >/dev/null 2>&1; then \
  for f in dc.info dc.info-[0-9] dc.info-[0-9][0-9] dc.i[0-9] dc.i[0-9][0-9]; do \
    if test -f $f; then mv $f $backupdir; restore=mv; else :; fi; \
  done; \
else :; fi && \
cd "$am__cwd"; \
if makeinfo --no-split   -I . \
 -o dc.info dc.texi; \
then \
  rc=0; \
  cd .; \
else \
  rc=$?; \
  cd . && \
  $restore $backupdir/* `echo "./dc.info" | sed 's|[^/]*$||'`; \
fi; \
rm -rf $backupdir; exit $rc
make[2]: Leaving directory '/sources/bc-1.06.95/doc'
make[2]: Entering directory '/sources/bc-1.06.95'
make[2]: Leaving directory '/sources/bc-1.06.95'
make[1]: Leaving directory '/sources/bc-1.06.95'
