sed  -e 's/LFS-VERSION/208/' \
        -e 's/SECURE_GETENV/SECURE_GETENV/' \
        udev-lfs-208-3/cfg.h > ./cfg.h
CC src/shared/cgroup-util.c
CC src/shared/mkdir.c
CC src/shared/label.c
CC src/shared/log.c
CC src/shared/strv.c
CC src/shared/strbuf.c
CC src/shared/path-util.c
CC src/shared/conf-files.c
CC src/shared/hashmap.c
CC src/shared/set.c
CC src/shared/exit-status.c
CC src/shared/util.c
CC src/shared/mkdir-label.c
CC src/shared/dev-setup.c
CC src/login/sd-login.c
CC src/libsystemd-daemon/sd-daemon.c
CC src/shared/time-util.c
CC src/shared/fileio.c
CC src/shared/strxcpyx.c
CC src/shared/env-util.c
CC src/shared/utf8.c
CC src/libudev/libudev-device-private.c
CC src/libudev/libudev-device.c
CC src/libudev/libudev-enumerate.c
CC src/libudev/libudev-hwdb.c
CC src/libudev/libudev-list.c
CC src/libudev/libudev-monitor.c
CC src/libudev/libudev-queue-private.c
CC src/libudev/libudev-queue.c
CC src/libudev/libudev-util.c
CC src/libudev/libudev.c
CC src/test/test-device-nodes.c
CC src/shared/device-nodes.c
CC src/udev/udev-ctrl.c
CC src/udev/udev-rules.c
CC src/udev/udev-watch.c
CC src/udev/udev-event.c
CC src/udev/udev-node.c
CC src/udev/udev-builtin.c
CC src/udev/udev-builtin-blkid.c
CC src/udev/udev-builtin-firmware.c
CC src/udev/udev-builtin-keyboard.c
CC src/udev/udev-builtin-path_id.c
CC src/udev/udev-builtin-hwdb.c
CC src/udev/udev-builtin-kmod.c
CC src/udev/udev-builtin-uaccess.c
CC src/udev/udev-builtin-net_id.c
CC src/udev/udev-builtin-usb_id.c
CC src/udev/udev-builtin-input_id.c
CC src/udev/udev-builtin-btrfs.c
CC src/udev/udevd.c
CC src/udev/udevadm.c
CC src/udev/udevadm-test.c
CC src/udev/udevadm-monitor.c
CC src/udev/udevadm-settle.c
CC src/udev/udevadm-hwdb.c
CC src/udev/udevadm-info.c
CC src/udev/udevadm-test-builtin.c
CC src/udev/udevadm-trigger.c
CC src/udev/udevadm-control.c
CC src/udev/accelerometer/accelerometer.c
CC src/udev/ata_id/ata_id.c
CC src/udev/cdrom_id/cdrom_id.c
CC src/udev/scsi_id/scsi_id.c
CC src/udev/scsi_id/scsi_serial.c
CC src/udev/v4l_id/v4l_id.c
CC src/udev/mtd_probe/mtd_probe.c
CC src/udev/mtd_probe/probe_smartmedia.c
CC src/udev/collect/collect.c
GEN build/udev.pc
GEN build/libudev.pc
AR build/udev-local.a
LINK build/libudev.so.1.3.2
LINK build/udevd
LINK build/udevadm
ln -sfn libudev.so.1.3.2 build/libudev.so.1
ln -sfn libudev.so.1.3.2 build/libudev.so
LINK build/accelerometer
LINK build/ata_id
LINK build/scsi_id
LINK build/cdrom_id
LINK build/v4l_id
LINK build/mtd_probe
LINK build/collect
