mkdir /usr/share/vim
mkdir /usr/share/vim/vim74
mkdir /usr/share/vim/vim74/doc
mkdir /usr/share/vim/vim74/print
mkdir /usr/share/vim/vim74/colors
mkdir /usr/share/vim/vim74/syntax
mkdir /usr/share/vim/vim74/indent
mkdir /usr/share/vim/vim74/ftplugin
mkdir /usr/share/vim/vim74/autoload
mkdir /usr/share/vim/vim74/autoload/xml
mkdir /usr/share/vim/vim74/plugin
mkdir /usr/share/vim/vim74/tutor
mkdir /usr/share/vim/vim74/spell
mkdir /usr/share/vim/vim74/compiler
mkdir /usr/share/vim/vim74/macros
mkdir /usr/share/vim/vim74/tools
mkdir /usr/share/man/fr.ISO8859-1
mkdir /usr/share/man/fr.ISO8859-1/man1
mkdir /usr/share/man/fr.UTF-8
mkdir /usr/share/man/fr.UTF-8/man1
mkdir /usr/share/man/it.ISO8859-1
mkdir /usr/share/man/it.ISO8859-1/man1
mkdir /usr/share/man/it.UTF-8
mkdir /usr/share/man/it.UTF-8/man1
mkdir /usr/share/man/pl.ISO8859-2
mkdir /usr/share/man/pl.ISO8859-2/man1
mkdir /usr/share/man/pl.UTF-8
mkdir /usr/share/man/pl.UTF-8/man1
mkdir /usr/share/man/ru.KOI8-R
mkdir /usr/share/man/ru.KOI8-R/man1
mkdir /usr/share/man/ru.UTF-8
mkdir /usr/share/man/ru.UTF-8/man1
mkdir /usr/share/vim/vim74/lang
mkdir /usr/share/vim/vim74/keymap
