make  install-recursive
make[1]: Entering directory '/sources/bison-3.0.2'
Making install in po
make[2]: Entering directory '/sources/bison-3.0.2/po'
installing da.gmo as /usr/share/locale/da/LC_MESSAGES/bison.mo
installing de.gmo as /usr/share/locale/de/LC_MESSAGES/bison.mo
installing el.gmo as /usr/share/locale/el/LC_MESSAGES/bison.mo
installing eo.gmo as /usr/share/locale/eo/LC_MESSAGES/bison.mo
installing es.gmo as /usr/share/locale/es/LC_MESSAGES/bison.mo
installing et.gmo as /usr/share/locale/et/LC_MESSAGES/bison.mo
installing fi.gmo as /usr/share/locale/fi/LC_MESSAGES/bison.mo
installing fr.gmo as /usr/share/locale/fr/LC_MESSAGES/bison.mo
installing ga.gmo as /usr/share/locale/ga/LC_MESSAGES/bison.mo
installing hr.gmo as /usr/share/locale/hr/LC_MESSAGES/bison.mo
installing id.gmo as /usr/share/locale/id/LC_MESSAGES/bison.mo
installing it.gmo as /usr/share/locale/it/LC_MESSAGES/bison.mo
installing ja.gmo as /usr/share/locale/ja/LC_MESSAGES/bison.mo
installing ms.gmo as /usr/share/locale/ms/LC_MESSAGES/bison.mo
installing nb.gmo as /usr/share/locale/nb/LC_MESSAGES/bison.mo
installing nl.gmo as /usr/share/locale/nl/LC_MESSAGES/bison.mo
installing pl.gmo as /usr/share/locale/pl/LC_MESSAGES/bison.mo
installing pt.gmo as /usr/share/locale/pt/LC_MESSAGES/bison.mo
installing pt_BR.gmo as /usr/share/locale/pt_BR/LC_MESSAGES/bison.mo
installing ro.gmo as /usr/share/locale/ro/LC_MESSAGES/bison.mo
installing ru.gmo as /usr/share/locale/ru/LC_MESSAGES/bison.mo
installing sr.gmo as /usr/share/locale/sr/LC_MESSAGES/bison.mo
installing sv.gmo as /usr/share/locale/sv/LC_MESSAGES/bison.mo
installing tr.gmo as /usr/share/locale/tr/LC_MESSAGES/bison.mo
installing uk.gmo as /usr/share/locale/uk/LC_MESSAGES/bison.mo
installing vi.gmo as /usr/share/locale/vi/LC_MESSAGES/bison.mo
installing zh_CN.gmo as /usr/share/locale/zh_CN/LC_MESSAGES/bison.mo
installing zh_TW.gmo as /usr/share/locale/zh_TW/LC_MESSAGES/bison.mo
if test "bison" = "gettext-tools"; then \
  /bin/mkdir -p /usr/share/gettext/po; \
  for file in Makefile.in.in remove-potcdate.sin quot.sed boldquot.sed en@quot.header en@boldquot.header insert-header.sin Rules-quot   Makevars.template; do \
    /usr/bin/install -c -m 644 ./$file \
		    /usr/share/gettext/po/$file; \
  done; \
  for file in Makevars; do \
    rm -f /usr/share/gettext/po/$file; \
  done; \
else \
  : ; \
fi
make[2]: Leaving directory '/sources/bison-3.0.2/po'
Making install in runtime-po
make[2]: Entering directory '/sources/bison-3.0.2/runtime-po'
installing ast.gmo as /usr/share/locale/ast/LC_MESSAGES/bison-runtime.mo
installing da.gmo as /usr/share/locale/da/LC_MESSAGES/bison-runtime.mo
installing de.gmo as /usr/share/locale/de/LC_MESSAGES/bison-runtime.mo
installing el.gmo as /usr/share/locale/el/LC_MESSAGES/bison-runtime.mo
installing eo.gmo as /usr/share/locale/eo/LC_MESSAGES/bison-runtime.mo
installing es.gmo as /usr/share/locale/es/LC_MESSAGES/bison-runtime.mo
installing et.gmo as /usr/share/locale/et/LC_MESSAGES/bison-runtime.mo
installing fi.gmo as /usr/share/locale/fi/LC_MESSAGES/bison-runtime.mo
installing fr.gmo as /usr/share/locale/fr/LC_MESSAGES/bison-runtime.mo
installing ga.gmo as /usr/share/locale/ga/LC_MESSAGES/bison-runtime.mo
installing gl.gmo as /usr/share/locale/gl/LC_MESSAGES/bison-runtime.mo
installing hr.gmo as /usr/share/locale/hr/LC_MESSAGES/bison-runtime.mo
installing hu.gmo as /usr/share/locale/hu/LC_MESSAGES/bison-runtime.mo
installing ia.gmo as /usr/share/locale/ia/LC_MESSAGES/bison-runtime.mo
installing id.gmo as /usr/share/locale/id/LC_MESSAGES/bison-runtime.mo
installing it.gmo as /usr/share/locale/it/LC_MESSAGES/bison-runtime.mo
installing ja.gmo as /usr/share/locale/ja/LC_MESSAGES/bison-runtime.mo
installing ky.gmo as /usr/share/locale/ky/LC_MESSAGES/bison-runtime.mo
installing lt.gmo as /usr/share/locale/lt/LC_MESSAGES/bison-runtime.mo
installing lv.gmo as /usr/share/locale/lv/LC_MESSAGES/bison-runtime.mo
installing ms.gmo as /usr/share/locale/ms/LC_MESSAGES/bison-runtime.mo
installing nb.gmo as /usr/share/locale/nb/LC_MESSAGES/bison-runtime.mo
installing nl.gmo as /usr/share/locale/nl/LC_MESSAGES/bison-runtime.mo
installing pl.gmo as /usr/share/locale/pl/LC_MESSAGES/bison-runtime.mo
installing pt.gmo as /usr/share/locale/pt/LC_MESSAGES/bison-runtime.mo
installing pt_BR.gmo as /usr/share/locale/pt_BR/LC_MESSAGES/bison-runtime.mo
installing ro.gmo as /usr/share/locale/ro/LC_MESSAGES/bison-runtime.mo
installing ru.gmo as /usr/share/locale/ru/LC_MESSAGES/bison-runtime.mo
installing sl.gmo as /usr/share/locale/sl/LC_MESSAGES/bison-runtime.mo
installing sq.gmo as /usr/share/locale/sq/LC_MESSAGES/bison-runtime.mo
installing sr.gmo as /usr/share/locale/sr/LC_MESSAGES/bison-runtime.mo
installing sv.gmo as /usr/share/locale/sv/LC_MESSAGES/bison-runtime.mo
installing th.gmo as /usr/share/locale/th/LC_MESSAGES/bison-runtime.mo
installing tr.gmo as /usr/share/locale/tr/LC_MESSAGES/bison-runtime.mo
installing uk.gmo as /usr/share/locale/uk/LC_MESSAGES/bison-runtime.mo
installing vi.gmo as /usr/share/locale/vi/LC_MESSAGES/bison-runtime.mo
installing zh_CN.gmo as /usr/share/locale/zh_CN/LC_MESSAGES/bison-runtime.mo
installing zh_TW.gmo as /usr/share/locale/zh_TW/LC_MESSAGES/bison-runtime.mo
if test "bison" = "gettext-tools"; then \
  /bin/mkdir -p /usr/share/gettext/po; \
  for file in Makefile.in.in remove-potcdate.sin quot.sed boldquot.sed en@quot.header en@boldquot.header insert-header.sin Rules-quot   Makevars.template; do \
    /usr/bin/install -c -m 644 ./$file \
		    /usr/share/gettext/po/$file; \
  done; \
  for file in Makevars; do \
    rm -f /usr/share/gettext/po/$file; \
  done; \
else \
  : ; \
fi
make[2]: Leaving directory '/sources/bison-3.0.2/runtime-po'
Making install in .
make[2]: Entering directory '/sources/bison-3.0.2'
  GEN      doc/bison.help
make[3]: Entering directory '/sources/bison-3.0.2'
 /bin/mkdir -p '/usr/bin'
  /usr/bin/install -c src/bison '/usr/bin'
 /bin/mkdir -p '/usr/bin'
 /usr/bin/install -c src/yacc '/usr/bin'
if test yes = no; then \
  case 'linux-gnu' in \
    darwin[56]*) \
      need_charset_alias=true ;; \
    darwin* | cygwin* | mingw* | pw32* | cegcc*) \
      need_charset_alias=false ;; \
    *) \
      need_charset_alias=true ;; \
  esac ; \
else \
  need_charset_alias=false ; \
fi ; \
if $need_charset_alias; then \
  /bin/sh /sources/bison-3.0.2/build-aux/install-sh -d /usr/lib ; \
fi ; \
if test -f /usr/lib/charset.alias; then \
  sed -f lib/ref-add.sed /usr/lib/charset.alias > /usr/lib/charset.tmp ; \
  /usr/bin/install -c -m 644 /usr/lib/charset.tmp /usr/lib/charset.alias ; \
  rm -f /usr/lib/charset.tmp ; \
else \
  if $need_charset_alias; then \
    sed -f lib/ref-add.sed lib/charset.alias > /usr/lib/charset.tmp ; \
    /usr/bin/install -c -m 644 /usr/lib/charset.tmp /usr/lib/charset.alias ; \
    rm -f /usr/lib/charset.tmp ; \
  fi ; \
fi
 /bin/mkdir -p '/usr/lib'
 /usr/bin/install -c -m 644  lib/liby.a '/usr/lib'
 ( cd '/usr/lib' && ranlib liby.a )
 /bin/mkdir -p '/usr/share/aclocal'
 /usr/bin/install -c -m 644 m4/bison-i18n.m4 '/usr/share/aclocal'
 /bin/mkdir -p '/usr/share/bison/m4sugar'
 /usr/bin/install -c -m 644 data/m4sugar/foreach.m4 data/m4sugar/m4sugar.m4 '/usr/share/bison/m4sugar'
 /bin/mkdir -p '/usr/share/bison'
 /usr/bin/install -c -m 644 data/README data/bison.m4 data/c++-skel.m4 data/c++.m4 data/c-like.m4 data/c-skel.m4 data/c.m4 data/glr.c data/glr.cc data/java-skel.m4 data/java.m4 data/lalr1.cc data/lalr1.java data/location.cc data/stack.hh data/variant.hh data/yacc.c '/usr/share/bison'
 /bin/mkdir -p '/usr/share/bison/xslt'
 /usr/bin/install -c -m 644 data/xslt/bison.xsl data/xslt/xml2dot.xsl data/xslt/xml2text.xsl data/xslt/xml2xhtml.xsl '/usr/share/bison/xslt'
  GEN      doc/bison.help
 /bin/mkdir -p '/usr/share/info'
 /usr/bin/install -c -m 644 ./doc/bison.info '/usr/share/info'
 install-info --info-dir='/usr/share/info' '/usr/share/info/bison.info'
 /bin/mkdir -p '/usr/share/man/man1'
 /usr/bin/install -c -m 644 ./doc/bison.1 doc/yacc.1 '/usr/share/man/man1'
make[3]: Leaving directory '/sources/bison-3.0.2'
make[2]: Leaving directory '/sources/bison-3.0.2'
make[1]: Leaving directory '/sources/bison-3.0.2'
