make  all-recursive
make[1]: Entering directory '/sources/flex-2.5.38'
Making all in lib
make[2]: Entering directory '/sources/flex-2.5.38/lib'
/bin/sh ../libtool --tag=CC   --mode=compile gcc -DHAVE_CONFIG_H -I. -I..     -g -O2 -MT lib.lo -MD -MP -MF .deps/lib.Tpo -c -o lib.lo lib.c
libtool: compile:  gcc -DHAVE_CONFIG_H -I. -I.. -g -O2 -MT lib.lo -MD -MP -MF .deps/lib.Tpo -c lib.c  -fPIC -DPIC -o .libs/lib.o
libtool: compile:  gcc -DHAVE_CONFIG_H -I. -I.. -g -O2 -MT lib.lo -MD -MP -MF .deps/lib.Tpo -c lib.c -o lib.o >/dev/null 2>&1
mv -f .deps/lib.Tpo .deps/lib.Plo
/bin/sh ../libtool --tag=CC   --mode=link gcc  -g -O2   -o libcompat.la  lib.lo  -lm 
libtool: link: ar cru .libs/libcompat.a .libs/lib.o 
libtool: link: ranlib .libs/libcompat.a
libtool: link: ( cd ".libs" && rm -f "libcompat.la" && ln -s "../libcompat.la" "libcompat.la" )
make[2]: Leaving directory '/sources/flex-2.5.38/lib'
Making all in .
make[2]: Entering directory '/sources/flex-2.5.38'
/bin/sh ./libtool --tag=CC   --mode=compile gcc -DHAVE_CONFIG_H -I.  -DLOCALEDIR=\"/usr/share/locale\" -I./intl   -g -O2 -MT libmain.lo -MD -MP -MF .deps/libmain.Tpo -c -o libmain.lo libmain.c
/bin/sh ./libtool --tag=CC   --mode=compile gcc -DHAVE_CONFIG_H -I.  -DLOCALEDIR=\"/usr/share/locale\" -I./intl   -g -O2 -MT libyywrap.lo -MD -MP -MF .deps/libyywrap.Tpo -c -o libyywrap.lo libyywrap.c
gcc -DHAVE_CONFIG_H -I.  -DLOCALEDIR=\"/usr/share/locale\" -I./intl   -g -O2 -MT ccl.o -MD -MP -MF .deps/ccl.Tpo -c -o ccl.o ccl.c
gcc -DHAVE_CONFIG_H -I.  -DLOCALEDIR=\"/usr/share/locale\" -I./intl   -g -O2 -MT dfa.o -MD -MP -MF .deps/dfa.Tpo -c -o dfa.o dfa.c
libtool: compile:  gcc -DHAVE_CONFIG_H -I. -DLOCALEDIR=\"/usr/share/locale\" -I./intl -g -O2 -MT libyywrap.lo -MD -MP -MF .deps/libyywrap.Tpo -c libyywrap.c  -fPIC -DPIC -o .libs/libyywrap.o
libtool: compile:  gcc -DHAVE_CONFIG_H -I. -DLOCALEDIR=\"/usr/share/locale\" -I./intl -g -O2 -MT libmain.lo -MD -MP -MF .deps/libmain.Tpo -c libmain.c  -fPIC -DPIC -o .libs/libmain.o
libtool: compile:  gcc -DHAVE_CONFIG_H -I. -DLOCALEDIR=\"/usr/share/locale\" -I./intl -g -O2 -MT libyywrap.lo -MD -MP -MF .deps/libyywrap.Tpo -c libyywrap.c -o libyywrap.o >/dev/null 2>&1
libtool: compile:  gcc -DHAVE_CONFIG_H -I. -DLOCALEDIR=\"/usr/share/locale\" -I./intl -g -O2 -MT libmain.lo -MD -MP -MF .deps/libmain.Tpo -c libmain.c -o libmain.o >/dev/null 2>&1
mv -f .deps/libyywrap.Tpo .deps/libyywrap.Plo
gcc -DHAVE_CONFIG_H -I.  -DLOCALEDIR=\"/usr/share/locale\" -I./intl   -g -O2 -MT ecs.o -MD -MP -MF .deps/ecs.Tpo -c -o ecs.o ecs.c
mv -f .deps/libmain.Tpo .deps/libmain.Plo
gcc -DHAVE_CONFIG_H -I.  -DLOCALEDIR=\"/usr/share/locale\" -I./intl   -g -O2 -MT scanflags.o -MD -MP -MF .deps/scanflags.Tpo -c -o scanflags.o scanflags.c
mv -f .deps/ccl.Tpo .deps/ccl.Po
gcc -DHAVE_CONFIG_H -I.  -DLOCALEDIR=\"/usr/share/locale\" -I./intl   -g -O2 -MT gen.o -MD -MP -MF .deps/gen.Tpo -c -o gen.o gen.c
mv -f .deps/scanflags.Tpo .deps/scanflags.Po
gcc -DHAVE_CONFIG_H -I.  -DLOCALEDIR=\"/usr/share/locale\" -I./intl   -g -O2 -MT main.o -MD -MP -MF .deps/main.Tpo -c -o main.o main.c
mv -f .deps/ecs.Tpo .deps/ecs.Po
gcc -DHAVE_CONFIG_H -I.  -DLOCALEDIR=\"/usr/share/locale\" -I./intl   -g -O2 -MT misc.o -MD -MP -MF .deps/misc.Tpo -c -o misc.o misc.c
mv -f .deps/dfa.Tpo .deps/dfa.Po
gcc -DHAVE_CONFIG_H -I.  -DLOCALEDIR=\"/usr/share/locale\" -I./intl   -g -O2 -MT nfa.o -MD -MP -MF .deps/nfa.Tpo -c -o nfa.o nfa.c
mv -f .deps/misc.Tpo .deps/misc.Po
gcc -DHAVE_CONFIG_H -I.  -DLOCALEDIR=\"/usr/share/locale\" -I./intl   -g -O2 -MT parse.o -MD -MP -MF .deps/parse.Tpo -c -o parse.o parse.c
mv -f .deps/nfa.Tpo .deps/nfa.Po
gcc -DHAVE_CONFIG_H -I.  -DLOCALEDIR=\"/usr/share/locale\" -I./intl   -g -O2 -MT scan.o -MD -MP -MF .deps/scan.Tpo -c -o scan.o scan.c
mv -f .deps/main.Tpo .deps/main.Po
gcc -DHAVE_CONFIG_H -I.  -DLOCALEDIR=\"/usr/share/locale\" -I./intl   -g -O2 -MT skel.o -MD -MP -MF .deps/skel.Tpo -c -o skel.o skel.c
mv -f .deps/gen.Tpo .deps/gen.Po
gcc -DHAVE_CONFIG_H -I.  -DLOCALEDIR=\"/usr/share/locale\" -I./intl   -g -O2 -MT sym.o -MD -MP -MF .deps/sym.Tpo -c -o sym.o sym.c
mv -f .deps/skel.Tpo .deps/skel.Po
gcc -DHAVE_CONFIG_H -I.  -DLOCALEDIR=\"/usr/share/locale\" -I./intl   -g -O2 -MT tblcmp.o -MD -MP -MF .deps/tblcmp.Tpo -c -o tblcmp.o tblcmp.c
mv -f .deps/sym.Tpo .deps/sym.Po
gcc -DHAVE_CONFIG_H -I.  -DLOCALEDIR=\"/usr/share/locale\" -I./intl   -g -O2 -MT yylex.o -MD -MP -MF .deps/yylex.Tpo -c -o yylex.o yylex.c
mv -f .deps/yylex.Tpo .deps/yylex.Po
gcc -DHAVE_CONFIG_H -I.  -DLOCALEDIR=\"/usr/share/locale\" -I./intl   -g -O2 -MT options.o -MD -MP -MF .deps/options.Tpo -c -o options.o options.c
mv -f .deps/options.Tpo .deps/options.Po
gcc -DHAVE_CONFIG_H -I.  -DLOCALEDIR=\"/usr/share/locale\" -I./intl   -g -O2 -MT scanopt.o -MD -MP -MF .deps/scanopt.Tpo -c -o scanopt.o scanopt.c
mv -f .deps/tblcmp.Tpo .deps/tblcmp.Po
gcc -DHAVE_CONFIG_H -I.  -DLOCALEDIR=\"/usr/share/locale\" -I./intl   -g -O2 -MT buf.o -MD -MP -MF .deps/buf.Tpo -c -o buf.o buf.c
mv -f .deps/parse.Tpo .deps/parse.Po
gcc -DHAVE_CONFIG_H -I.  -DLOCALEDIR=\"/usr/share/locale\" -I./intl   -g -O2 -MT tables.o -MD -MP -MF .deps/tables.Tpo -c -o tables.o tables.c
mv -f .deps/buf.Tpo .deps/buf.Po
gcc -DHAVE_CONFIG_H -I.  -DLOCALEDIR=\"/usr/share/locale\" -I./intl   -g -O2 -MT tables_shared.o -MD -MP -MF .deps/tables_shared.Tpo -c -o tables_shared.o tables_shared.c
mv -f .deps/tables_shared.Tpo .deps/tables_shared.Po
gcc -DHAVE_CONFIG_H -I.  -DLOCALEDIR=\"/usr/share/locale\" -I./intl   -g -O2 -MT filter.o -MD -MP -MF .deps/filter.Tpo -c -o filter.o filter.c
mv -f .deps/scanopt.Tpo .deps/scanopt.Po
mv -f .deps/tables.Tpo .deps/tables.Po
gcc -DHAVE_CONFIG_H -I.  -DLOCALEDIR=\"/usr/share/locale\" -I./intl   -g -O2 -MT regex.o -MD -MP -MF .deps/regex.Tpo -c -o regex.o regex.c
/bin/sh ./libtool --tag=CC   --mode=link gcc  -g -O2 -no-undefined -version-info 2:0:0  -o libfl.la -rpath /usr/lib libmain.lo libyywrap.lo  -lm 
mv -f .deps/filter.Tpo .deps/filter.Po
/bin/sh ./libtool --tag=CC   --mode=link gcc  -g -O2 -no-undefined -version-info 2:0:0  -o libfl_pic.la -rpath /usr/lib libmain.lo libyywrap.lo  -lm 
libtool: link: gcc -shared  -fPIC -DPIC  .libs/libmain.o .libs/libyywrap.o   -lm  -O2   -Wl,-soname -Wl,libfl.so.2 -o .libs/libfl.so.2.0.0
mv -f .deps/regex.Tpo .deps/regex.Po
libtool: link: gcc -shared  -fPIC -DPIC  .libs/libmain.o .libs/libyywrap.o   -lm  -O2   -Wl,-soname -Wl,libfl_pic.so.2 -o .libs/libfl_pic.so.2.0.0
libtool: link: (cd ".libs" && rm -f "libfl.so.2" && ln -s "libfl.so.2.0.0" "libfl.so.2")
libtool: link: (cd ".libs" && rm -f "libfl.so" && ln -s "libfl.so.2.0.0" "libfl.so")
libtool: link: ar cru .libs/libfl.a  libmain.o libyywrap.o
libtool: link: ranlib .libs/libfl.a
libtool: link: (cd ".libs" && rm -f "libfl_pic.so.2" && ln -s "libfl_pic.so.2.0.0" "libfl_pic.so.2")
libtool: link: (cd ".libs" && rm -f "libfl_pic.so" && ln -s "libfl_pic.so.2.0.0" "libfl_pic.so")
libtool: link: ( cd ".libs" && rm -f "libfl.la" && ln -s "../libfl.la" "libfl.la" )
libtool: link: ar cru .libs/libfl_pic.a  libmain.o libyywrap.o
libtool: link: ranlib .libs/libfl_pic.a
libtool: link: ( cd ".libs" && rm -f "libfl_pic.la" && ln -s "../libfl_pic.la" "libfl_pic.la" )
mv -f .deps/scan.Tpo .deps/scan.Po
/bin/sh ./libtool --tag=CC   --mode=link gcc  -g -O2   -o flex ccl.o dfa.o ecs.o scanflags.o gen.o main.o misc.o nfa.o parse.o scan.o skel.o sym.o tblcmp.o yylex.o options.o scanopt.o buf.o tables.o tables_shared.o filter.o regex.o lib/libcompat.la -lm 
libtool: link: gcc -g -O2 -o flex ccl.o dfa.o ecs.o scanflags.o gen.o main.o misc.o nfa.o parse.o scan.o skel.o sym.o tblcmp.o yylex.o options.o scanopt.o buf.o tables.o tables_shared.o filter.o regex.o  lib/.libs/libcompat.a -lm
make[2]: Leaving directory '/sources/flex-2.5.38'
Making all in doc
make[2]: Entering directory '/sources/flex-2.5.38/doc'
make[2]: Nothing to be done for 'all'.
make[2]: Leaving directory '/sources/flex-2.5.38/doc'
Making all in examples
make[2]: Entering directory '/sources/flex-2.5.38/examples'
Making all in manual
make[3]: Entering directory '/sources/flex-2.5.38/examples/manual'
make[3]: Nothing to be done for 'all'.
make[3]: Leaving directory '/sources/flex-2.5.38/examples/manual'
Making all in fastwc
make[3]: Entering directory '/sources/flex-2.5.38/examples/fastwc'
make[3]: Nothing to be done for 'all'.
make[3]: Leaving directory '/sources/flex-2.5.38/examples/fastwc'
make[3]: Entering directory '/sources/flex-2.5.38/examples'
make[3]: Nothing to be done for 'all-am'.
make[3]: Leaving directory '/sources/flex-2.5.38/examples'
make[2]: Leaving directory '/sources/flex-2.5.38/examples'
Making all in po
make[2]: Entering directory '/sources/flex-2.5.38/po'
make[2]: Leaving directory '/sources/flex-2.5.38/po'
Making all in tools
make[2]: Entering directory '/sources/flex-2.5.38/tools'
make[2]: Nothing to be done for 'all'.
make[2]: Leaving directory '/sources/flex-2.5.38/tools'
Making all in tests
make[2]: Entering directory '/sources/flex-2.5.38/tests'
Making all in test-concatenated-options
make[3]: Entering directory '/sources/flex-2.5.38/tests/test-concatenated-options'
make[3]: Nothing to be done for 'all'.
make[3]: Leaving directory '/sources/flex-2.5.38/tests/test-concatenated-options'
Making all in test-c++-yywrap
make[3]: Entering directory '/sources/flex-2.5.38/tests/test-c++-yywrap'
make[3]: Nothing to be done for 'all'.
make[3]: Leaving directory '/sources/flex-2.5.38/tests/test-c++-yywrap'
Making all in test-extended
make[3]: Entering directory '/sources/flex-2.5.38/tests/test-extended'
make[3]: Nothing to be done for 'all'.
make[3]: Leaving directory '/sources/flex-2.5.38/tests/test-extended'
Making all in test-ccl
make[3]: Entering directory '/sources/flex-2.5.38/tests/test-ccl'
make[3]: Nothing to be done for 'all'.
make[3]: Leaving directory '/sources/flex-2.5.38/tests/test-ccl'
Making all in test-quotes
make[3]: Entering directory '/sources/flex-2.5.38/tests/test-quotes'
make[3]: Nothing to be done for 'all'.
make[3]: Leaving directory '/sources/flex-2.5.38/tests/test-quotes'
Making all in test-rescan-r
make[3]: Entering directory '/sources/flex-2.5.38/tests/test-rescan-r'
make[3]: Nothing to be done for 'all'.
make[3]: Leaving directory '/sources/flex-2.5.38/tests/test-rescan-r'
Making all in test-rescan-nr
make[3]: Entering directory '/sources/flex-2.5.38/tests/test-rescan-nr'
make[3]: Nothing to be done for 'all'.
make[3]: Leaving directory '/sources/flex-2.5.38/tests/test-rescan-nr'
Making all in test-basic-nr
make[3]: Entering directory '/sources/flex-2.5.38/tests/test-basic-nr'
make[3]: Nothing to be done for 'all'.
make[3]: Leaving directory '/sources/flex-2.5.38/tests/test-basic-nr'
Making all in test-basic-r
make[3]: Entering directory '/sources/flex-2.5.38/tests/test-basic-r'
make[3]: Nothing to be done for 'all'.
make[3]: Leaving directory '/sources/flex-2.5.38/tests/test-basic-r'
Making all in test-multiple-scanners-nr
make[3]: Entering directory '/sources/flex-2.5.38/tests/test-multiple-scanners-nr'
make[3]: Nothing to be done for 'all'.
make[3]: Leaving directory '/sources/flex-2.5.38/tests/test-multiple-scanners-nr'
Making all in test-multiple-scanners-r
make[3]: Entering directory '/sources/flex-2.5.38/tests/test-multiple-scanners-r'
make[3]: Nothing to be done for 'all'.
make[3]: Leaving directory '/sources/flex-2.5.38/tests/test-multiple-scanners-r'
Making all in test-header-nr
make[3]: Entering directory '/sources/flex-2.5.38/tests/test-header-nr'
make[3]: Nothing to be done for 'all'.
make[3]: Leaving directory '/sources/flex-2.5.38/tests/test-header-nr'
Making all in test-header-r
make[3]: Entering directory '/sources/flex-2.5.38/tests/test-header-r'
make[3]: Nothing to be done for 'all'.
make[3]: Leaving directory '/sources/flex-2.5.38/tests/test-header-r'
Making all in test-reject
make[3]: Entering directory '/sources/flex-2.5.38/tests/test-reject'
make[3]: Nothing to be done for 'all'.
make[3]: Leaving directory '/sources/flex-2.5.38/tests/test-reject'
Making all in test-c++-multiple-scanners
make[3]: Entering directory '/sources/flex-2.5.38/tests/test-c++-multiple-scanners'
make[3]: Nothing to be done for 'all'.
make[3]: Leaving directory '/sources/flex-2.5.38/tests/test-c++-multiple-scanners'
Making all in test-c++-basic
make[3]: Entering directory '/sources/flex-2.5.38/tests/test-c++-basic'
make[3]: Nothing to be done for 'all'.
make[3]: Leaving directory '/sources/flex-2.5.38/tests/test-c++-basic'
Making all in test-posixly-correct
make[3]: Entering directory '/sources/flex-2.5.38/tests/test-posixly-correct'
make[3]: Nothing to be done for 'all'.
make[3]: Leaving directory '/sources/flex-2.5.38/tests/test-posixly-correct'
Making all in test-posix
make[3]: Entering directory '/sources/flex-2.5.38/tests/test-posix'
make[3]: Nothing to be done for 'all'.
make[3]: Leaving directory '/sources/flex-2.5.38/tests/test-posix'
Making all in test-mem-r
make[3]: Entering directory '/sources/flex-2.5.38/tests/test-mem-r'
make[3]: Nothing to be done for 'all'.
make[3]: Leaving directory '/sources/flex-2.5.38/tests/test-mem-r'
Making all in test-mem-nr
make[3]: Entering directory '/sources/flex-2.5.38/tests/test-mem-nr'
make[3]: Nothing to be done for 'all'.
make[3]: Leaving directory '/sources/flex-2.5.38/tests/test-mem-nr'
Making all in test-debug-nr
make[3]: Entering directory '/sources/flex-2.5.38/tests/test-debug-nr'
make[3]: Nothing to be done for 'all'.
make[3]: Leaving directory '/sources/flex-2.5.38/tests/test-debug-nr'
Making all in test-debug-r
make[3]: Entering directory '/sources/flex-2.5.38/tests/test-debug-r'
make[3]: Nothing to be done for 'all'.
make[3]: Leaving directory '/sources/flex-2.5.38/tests/test-debug-r'
Making all in test-lineno-r
make[3]: Entering directory '/sources/flex-2.5.38/tests/test-lineno-r'
make[3]: Nothing to be done for 'all'.
make[3]: Leaving directory '/sources/flex-2.5.38/tests/test-lineno-r'
Making all in test-lineno-nr
make[3]: Entering directory '/sources/flex-2.5.38/tests/test-lineno-nr'
make[3]: Nothing to be done for 'all'.
make[3]: Leaving directory '/sources/flex-2.5.38/tests/test-lineno-nr'
Making all in test-lineno-trailing
make[3]: Entering directory '/sources/flex-2.5.38/tests/test-lineno-trailing'
make[3]: Nothing to be done for 'all'.
make[3]: Leaving directory '/sources/flex-2.5.38/tests/test-lineno-trailing'
Making all in test-linedir-r
make[3]: Entering directory '/sources/flex-2.5.38/tests/test-linedir-r'
make[3]: Nothing to be done for 'all'.
make[3]: Leaving directory '/sources/flex-2.5.38/tests/test-linedir-r'
Making all in test-array-nr
make[3]: Entering directory '/sources/flex-2.5.38/tests/test-array-nr'
make[3]: Nothing to be done for 'all'.
make[3]: Leaving directory '/sources/flex-2.5.38/tests/test-array-nr'
Making all in test-array-r
make[3]: Entering directory '/sources/flex-2.5.38/tests/test-array-r'
make[3]: Nothing to be done for 'all'.
make[3]: Leaving directory '/sources/flex-2.5.38/tests/test-array-r'
Making all in test-c-cpp-nr
make[3]: Entering directory '/sources/flex-2.5.38/tests/test-c-cpp-nr'
make[3]: Nothing to be done for 'all'.
make[3]: Leaving directory '/sources/flex-2.5.38/tests/test-c-cpp-nr'
Making all in test-c-cpp-r
make[3]: Entering directory '/sources/flex-2.5.38/tests/test-c-cpp-r'
make[3]: Nothing to be done for 'all'.
make[3]: Leaving directory '/sources/flex-2.5.38/tests/test-c-cpp-r'
Making all in test-include-by-buffer
make[3]: Entering directory '/sources/flex-2.5.38/tests/test-include-by-buffer'
make[3]: Nothing to be done for 'all'.
make[3]: Leaving directory '/sources/flex-2.5.38/tests/test-include-by-buffer'
Making all in test-include-by-push
make[3]: Entering directory '/sources/flex-2.5.38/tests/test-include-by-push'
make[3]: Nothing to be done for 'all'.
make[3]: Leaving directory '/sources/flex-2.5.38/tests/test-include-by-push'
Making all in test-include-by-reentrant
make[3]: Entering directory '/sources/flex-2.5.38/tests/test-include-by-reentrant'
make[3]: Nothing to be done for 'all'.
make[3]: Leaving directory '/sources/flex-2.5.38/tests/test-include-by-reentrant'
Making all in test-prefix-nr
make[3]: Entering directory '/sources/flex-2.5.38/tests/test-prefix-nr'
make[3]: Nothing to be done for 'all'.
make[3]: Leaving directory '/sources/flex-2.5.38/tests/test-prefix-nr'
Making all in test-prefix-r
make[3]: Entering directory '/sources/flex-2.5.38/tests/test-prefix-r'
make[3]: Nothing to be done for 'all'.
make[3]: Leaving directory '/sources/flex-2.5.38/tests/test-prefix-r'
Making all in test-pthread
make[3]: Entering directory '/sources/flex-2.5.38/tests/test-pthread'
make[3]: Nothing to be done for 'all'.
make[3]: Leaving directory '/sources/flex-2.5.38/tests/test-pthread'
Making all in test-string-nr
make[3]: Entering directory '/sources/flex-2.5.38/tests/test-string-nr'
make[3]: Nothing to be done for 'all'.
make[3]: Leaving directory '/sources/flex-2.5.38/tests/test-string-nr'
Making all in test-string-r
make[3]: Entering directory '/sources/flex-2.5.38/tests/test-string-r'
make[3]: Nothing to be done for 'all'.
make[3]: Leaving directory '/sources/flex-2.5.38/tests/test-string-r'
Making all in test-yyextra
make[3]: Entering directory '/sources/flex-2.5.38/tests/test-yyextra'
make[3]: Nothing to be done for 'all'.
make[3]: Leaving directory '/sources/flex-2.5.38/tests/test-yyextra'
Making all in test-alloc-extra
make[3]: Entering directory '/sources/flex-2.5.38/tests/test-alloc-extra'
make[3]: Nothing to be done for 'all'.
make[3]: Leaving directory '/sources/flex-2.5.38/tests/test-alloc-extra'
Making all in test-noansi-nr
make[3]: Entering directory '/sources/flex-2.5.38/tests/test-noansi-nr'
make[3]: Nothing to be done for 'all'.
make[3]: Leaving directory '/sources/flex-2.5.38/tests/test-noansi-nr'
Making all in test-noansi-r
make[3]: Entering directory '/sources/flex-2.5.38/tests/test-noansi-r'
make[3]: Nothing to be done for 'all'.
make[3]: Leaving directory '/sources/flex-2.5.38/tests/test-noansi-r'
Making all in test-top
make[3]: Entering directory '/sources/flex-2.5.38/tests/test-top'
make[3]: Nothing to be done for 'all'.
make[3]: Leaving directory '/sources/flex-2.5.38/tests/test-top'
Making all in test-table-opts
make[3]: Entering directory '/sources/flex-2.5.38/tests/test-table-opts'
make[3]: Nothing to be done for 'all'.
make[3]: Leaving directory '/sources/flex-2.5.38/tests/test-table-opts'
make[3]: Entering directory '/sources/flex-2.5.38/tests'
make[3]: Nothing to be done for 'all-am'.
make[3]: Leaving directory '/sources/flex-2.5.38/tests'
make[2]: Leaving directory '/sources/flex-2.5.38/tests'
make[1]: Leaving directory '/sources/flex-2.5.38'
