configure: WARNING:
*** Makeinfo is missing. Info documentation will not be built.
configure: WARNING: using cross tools not prefixed with host triplet
configure: WARNING: the "none" host is obsolete, use --disable-assembly
configure: WARNING:
*** Makeinfo is missing. Info documentation will not be built.
configure: WARNING: cannot check for properly working vsnprintf when cross compiling, will assume it's ok
../../gcc-4.8.2/zlib/../config-ml.in: line 130: enable_libstdc++_v3=no: command not found
../../../gcc-4.8.2/fixincludes/server.c: In function 'server_setup':
../../../gcc-4.8.2/fixincludes/server.c:195:10: warning: ignoring return value of 'getcwd', declared with attribute warn_unused_result [-Wunused-result]
   getcwd (buff, MAXPATHLEN + 1);
          ^
../../gcc-4.8.2/fixincludes/server.c: In function 'server_setup':
../../gcc-4.8.2/fixincludes/server.c:195:10: warning: ignoring return value of 'getcwd', declared with attribute warn_unused_result [-Wunused-result]
   getcwd (buff, MAXPATHLEN + 1);
          ^
../../gcc-4.8.2/libcpp/directives.c: In function 'void cpp_define_formatted(cpp_reader*, const char*, ...)':
../../gcc-4.8.2/libcpp/directives.c:2380:28: warning: ignoring return value of 'int vasprintf(char**, const char*, __gnuc_va_list)', declared with attribute warn_unused_result [-Wunused-result]
   vasprintf (&ptr, fmt, ap);
                            ^
libtool: install: warning: remember to run `libtool --finish /tools/libexec/gcc/i686-lfs-linux-gnu/4.8.2'
../../gcc-4.8.2/libcpp/expr.c: In function 'unsigned int cpp_classify_number(cpp_reader*, const cpp_token*, const char**, source_location)':
../../gcc-4.8.2/libcpp/expr.c:629:18: warning: format not a string literal and no format arguments [-Wformat-security]
        0, message);
                  ^
../../gcc-4.8.2/libcpp/expr.c:632:39: warning: format not a string literal and no format arguments [-Wformat-security]
           virtual_location, 0, message);
                                       ^
../../gcc-4.8.2/libcpp/macro.c: In function 'bool create_iso_definition(cpp_reader*, cpp_macro*)':
../../gcc-4.8.2/libcpp/macro.c:2965:58: warning: format not a string literal and no format arguments [-Wformat-security]
        cpp_error (pfile, CPP_DL_ERROR, paste_op_error_msg);
                                                          ^
../../gcc-4.8.2/libcpp/macro.c:2978:58: warning: format not a string literal and no format arguments [-Wformat-security]
        cpp_error (pfile, CPP_DL_ERROR, paste_op_error_msg);
                                                          ^
configure: WARNING: fixed-point is not supported for this target, ignored
configure: WARNING:
*** Makeinfo is missing or too old.
*** Info documentation will not be built.
Links are now set up to build a cross-compiler
 from i686-pc-linux-gnu to i686-lfs-linux-gnu.
../../gcc-4.8.2/gcc/genhooks.c: In function 'void emit_documentation(const char*)':
../../gcc-4.8.2/gcc/genhooks.c:140:31: warning: ignoring return value of 'int fscanf(FILE*, const char*, ...)', declared with attribute warn_unused_result [-Wunused-result]
       fscanf (f, "%999s", buf);
                               ^
../../gcc-4.8.2/gcc/genhooks.c:131:3: warning: ignoring return value of 'int fscanf(FILE*, const char*, ...)', declared with attribute warn_unused_result [-Wunused-result]
   while (fscanf (f, "%*[^@]"), buf[0] = '\0',
   ^
../../gcc-4.8.2/gcc/genhooks.c:193:34: warning: ignoring return value of 'int fscanf(FILE*, const char*, ...)', declared with attribute warn_unused_result [-Wunused-result]
       fscanf (f, "%5[^ \n]", buf);
                                  ^
../../gcc-4.8.2/gcc/genhooks.c:199:31: warning: ignoring return value of 'int fscanf(FILE*, const char*, ...)', declared with attribute warn_unused_result [-Wunused-result]
       fscanf (f, "%999s", buf);
                               ^
../../gcc-4.8.2/gcc/lto-wrapper.c: In function 'pex_obj* collect_execute(char**)':
../../gcc-4.8.2/gcc/lto-wrapper.c:195:24: warning: format not a string literal and no format arguments [-Wformat-security]
    fatal_perror (errmsg);
                        ^
../../gcc-4.8.2/gcc/lto-wrapper.c:198:15: warning: format not a string literal and no format arguments [-Wformat-security]
  fatal (errmsg);
               ^
../../gcc-4.8.2/gcc/lto-wrapper.c: In function 'void run_gcc(unsigned int, char**)':
../../gcc-4.8.2/gcc/lto-wrapper.c:514:30: warning: ignoring return value of 'ssize_t read(int, void*, size_t)', declared with attribute warn_unused_result [-Wunused-result]
       read (fd, data, length);
                              ^
../../gcc-4.8.2/gcc/c/c-decl.c: In function 'tree_node* grokdeclarator(const c_declarator*, c_declspecs*, decl_context, bool, tree_node**, tree_node**, tree_node**, bool*, deprecated_states)':
../../gcc-4.8.2/gcc/c/c-decl.c:5611:16: warning: format not a string literal and no format arguments [-Wformat-security]
   error (errmsg);
                ^
../../gcc-4.8.2/gcc/c/c-decl.c: In function 'tree_node* grokparms(c_arg_info*, bool)':
../../gcc-4.8.2/gcc/c/c-decl.c:6346:21: warning: format not a string literal and no format arguments [-Wformat-security]
        error (errmsg);
                     ^
../../gcc-4.8.2/gcc/c/c-typeck.c: In function 'int convert_arguments(tree, vec<tree_node*, va_gc>*, vec<tree_node*, va_gc>*, tree, tree)':
../../gcc-4.8.2/gcc/c/c-typeck.c:3165:28: warning: format not a string literal and no format arguments [-Wformat-security]
    error (invalid_func_diag);
                            ^
../../gcc-4.8.2/gcc/c/c-typeck.c: In function 'tree_node* build_unary_op(location_t, tree_code, tree, int)':
../../gcc-4.8.2/gcc/c/c-typeck.c:3451:42: warning: format not a string literal and no format arguments [-Wformat-security]
       error_at (location, invalid_op_diag);
                                          ^
../../gcc-4.8.2/gcc/c/c-typeck.c: In function 'void error_init(const char*)':
../../gcc-4.8.2/gcc/c/c-typeck.c:5940:16: warning: format not a string literal and no format arguments [-Wformat-security]
   error (gmsgid);
                ^
../../gcc-4.8.2/gcc/c/c-typeck.c: In function 'void pedwarn_init(location_t, int, const char*)':
../../gcc-4.8.2/gcc/c/c-typeck.c:5957:33: warning: format not a string literal and no format arguments [-Wformat-security]
   pedwarn (location, opt, gmsgid);
                                 ^
../../gcc-4.8.2/gcc/c/c-typeck.c: In function 'void warning_init(int, const char*)':
../../gcc-4.8.2/gcc/c/c-typeck.c:5975:23: warning: format not a string literal and no format arguments [-Wformat-security]
   warning (opt, gmsgid);
                       ^
../../gcc-4.8.2/gcc/c/c-typeck.c: In function 'tree_node* build_binary_op(location_t, tree_code, tree, tree, int)':
../../gcc-4.8.2/gcc/c/c-typeck.c:9524:42: warning: format not a string literal and no format arguments [-Wformat-security]
       error_at (location, invalid_op_diag);
                                          ^
../../gcc-4.8.2/gcc/c/c-convert.c: In function 'tree_node* convert(tree, tree)':
../../gcc-4.8.2/gcc/c/c-convert.c:82:31: warning: format not a string literal and no format arguments [-Wformat-security]
       error (invalid_conv_diag);
                               ^
../../gcc-4.8.2/gcc/c-family/c-common.c: In function 'void c_parse_error(const char*, cpp_ttype, tree, unsigned char)':
../../gcc-4.8.2/gcc/c-family/c-common.c:9362:18: warning: format not a string literal and no format arguments [-Wformat-security]
     error (gmsgid);
                  ^
../../gcc-4.8.2/gcc/c-family/c-common.c:9366:21: warning: format not a string literal and no format arguments [-Wformat-security]
       error (message);
                     ^
../../gcc-4.8.2/gcc/dwarf2asm.c: In function 'void dw2_asm_output_vms_delta(int, const char*, const char*, const char*, ...)':
../../gcc-4.8.2/gcc/dwarf2asm.c:165:50: warning: format not a string literal and no format arguments [-Wformat-security]
   dw2_asm_output_delta (size, lab1, lab2, comment);
                                                  ^
../../gcc-4.8.2/gcc/final.c: In function 'void output_operand_lossage(const char*, ...)':
../../gcc-4.8.2/gcc/final.c:3307:53: warning: ignoring return value of 'int asprintf(char**, const char*, ...)', declared with attribute warn_unused_result [-Wunused-result]
   asprintf (&fmt_string, "%s%s", pfx_str, _(cmsgid));
                                                     ^
../../gcc-4.8.2/gcc/final.c:3308:43: warning: ignoring return value of 'int vasprintf(char**, const char*, __gnuc_va_list)', declared with attribute warn_unused_result [-Wunused-result]
   vasprintf (&new_message, fmt_string, ap);
                                           ^
../../gcc-4.8.2/gcc/fold-const.c: In function 'void fold_overflow_warning(const char*, warn_strict_overflow_code)':
../../gcc-4.8.2/gcc/fold-const.c:306:42: warning: format not a string literal and no format arguments [-Wformat-security]
     warning (OPT_Wstrict_overflow, gmsgid);
                                          ^
../../gcc-4.8.2/gcc/targhooks.c: In function 'const char* pch_option_mismatch(const char*)':
../../gcc-4.8.2/gcc/targhooks.c:1484:79: warning: ignoring return value of 'int asprintf(char**, const char*, ...)', declared with attribute warn_unused_result [-Wunused-result]
   asprintf (&r, _("created and used with differing settings of '%s'"), option);
                                                                               ^
../../gcc-4.8.2/gcc/toplev.c: In function 'void init_local_tick()':
../../gcc-4.8.2/gcc/toplev.c:249:56: warning: ignoring return value of 'ssize_t read(int, void*, size_t)', declared with attribute warn_unused_result [-Wunused-result]
           read (fd, &random_seed, sizeof (random_seed));
                                                        ^
../../gcc-4.8.2/gcc/tree-sra.c: In function 'void dump_dereferences_table(FILE*, const char*, long long int*)':
../../gcc-4.8.2/gcc/tree-sra.c:3776:26: warning: format not a string literal and no format arguments [-Wformat-security]
   fprintf (dump_file, str);
                          ^
../../gcc-4.8.2/gcc/tree-ssa-structalias.c: In function 'variable_info* create_variable_info_for_1(tree, const char*)':
../../gcc-4.8.2/gcc/tree-ssa-structalias.c:5592:63: warning: ignoring return value of 'int asprintf(char**, const char*, ...)', declared with attribute warn_unused_result [-Wunused-result]
       "+" HOST_WIDE_INT_PRINT_DEC, name, fo->offset, fo->size);
                                                               ^
../../gcc-4.8.2/gcc/tree-ssa-structalias.c: In function 'variable_info* create_function_info_for(tree, const char*)':
../../gcc-4.8.2/gcc/tree-ssa-structalias.c:5333:47: warning: ignoring return value of 'int asprintf(char**, const char*, ...)', declared with attribute warn_unused_result [-Wunused-result]
       asprintf (&tempname, "%s.clobber", name);
                                               ^
../../gcc-4.8.2/gcc/tree-ssa-structalias.c:5347:43: warning: ignoring return value of 'int asprintf(char**, const char*, ...)', declared with attribute warn_unused_result [-Wunused-result]
       asprintf (&tempname, "%s.use", name);
                                           ^
../../gcc-4.8.2/gcc/tree-ssa-structalias.c:5369:45: warning: ignoring return value of 'int asprintf(char**, const char*, ...)', declared with attribute warn_unused_result [-Wunused-result]
       asprintf (&tempname, "%s.chain", name);
                                             ^
../../gcc-4.8.2/gcc/tree-ssa-structalias.c:5397:46: warning: ignoring return value of 'int asprintf(char**, const char*, ...)', declared with attribute warn_unused_result [-Wunused-result]
       asprintf (&tempname, "%s.result", name);
                                              ^
../../gcc-4.8.2/gcc/tree-ssa-structalias.c:5427:48: warning: ignoring return value of 'int asprintf(char**, const char*, ...)', declared with attribute warn_unused_result [-Wunused-result]
       asprintf (&tempname, "%s.arg%d", name, i);
                                                ^
../../gcc-4.8.2/gcc/tree-ssa-structalias.c:5456:47: warning: ignoring return value of 'int asprintf(char**, const char*, ...)', declared with attribute warn_unused_result [-Wunused-result]
       asprintf (&tempname, "%s.varargs", name);
                                               ^
../../gcc-4.8.2/gcc/tree-ssa-uninit.c: In function 'void dump_predicates(gimple, size_t, vec<use_pred_info*>*, const char*)':
../../gcc-4.8.2/gcc/tree-ssa-uninit.c:614:26: warning: format not a string literal and no format arguments [-Wformat-security]
   fprintf (dump_file, msg);
                          ^
../../gcc-4.8.2/gcc/opts.c: In function 'void print_filtered_help(unsigned int, unsigned int, unsigned int, unsigned int, gcc_options*, unsigned int)':
../../gcc-4.8.2/gcc/opts.c:1007:33: warning: format not a string literal and no format arguments [-Wformat-security]
       * (const char **) flag_var);
                                 ^
../../gcc-4.8.2/gcc/opts.c:1007:33: warning: format not a string literal and no format arguments [-Wformat-security]
../../gcc-4.8.2/gcc/opts.c:1021:8: warning: format not a string literal and no format arguments [-Wformat-security]
     arg);
        ^
../../gcc-4.8.2/gcc/opts.c:1021:8: warning: format not a string literal and no format arguments [-Wformat-security]
../../gcc-4.8.2/gcc/diagnostic.c: In function 'char* build_message_string(const char*, ...)':
../../gcc-4.8.2/gcc/diagnostic.c:67:28: warning: ignoring return value of 'int vasprintf(char**, const char*, __gnuc_va_list)', declared with attribute warn_unused_result [-Wunused-result]
   vasprintf (&str, msg, ap);
                            ^
../../gcc-4.8.2/gcc/cp/decl.c: In function 'tree_node* grokdeclarator(const cp_declarator*, cp_decl_specifier_seq*, decl_context, int, tree_node**)':
../../gcc-4.8.2/gcc/cp/decl.c:9453:16: warning: format not a string literal and no format arguments [-Wformat-security]
   error (errmsg);
                ^
../../gcc-4.8.2/gcc/cp/decl.c: In function 'tree_node* grokparms(tree, tree_node**)':
../../gcc-4.8.2/gcc/cp/decl.c:11038:17: warning: format not a string literal and no format arguments [-Wformat-security]
    error (errmsg);
                 ^
../../gcc-4.8.2/gcc/cp/pt.c: In function 'tree_node* tsubst_copy_and_build(tree, tree, tsubst_flags_t, tree, bool, bool)':
../../gcc-4.8.2/gcc/cp/pt.c:13497:20: warning: format not a string literal and no format arguments [-Wformat-security]
    error (error_msg);
                    ^
../../gcc-4.8.2/gcc/cp/parser.c: In function 'bool cp_parser_check_type_definition(cp_parser*)':
../../gcc-4.8.2/gcc/cp/parser.c:2541:55: warning: format not a string literal and no format arguments [-Wformat-security]
       error (parser->type_definition_forbidden_message);
                                                       ^
../../gcc-4.8.2/gcc/cp/typeck.c: In function 'tree_node* cp_build_binary_op(location_t, tree_code, tree, tree, tsubst_flags_t)':
../../gcc-4.8.2/gcc/cp/typeck.c:3924:29: warning: format not a string literal and no format arguments [-Wformat-security]
       error (invalid_op_diag);
                             ^
../../gcc-4.8.2/gcc/cp/typeck.c: In function 'tree_node* cp_build_unary_op(tree_code, tree, int, tsubst_flags_t)':
../../gcc-4.8.2/gcc/cp/typeck.c:5389:29: warning: format not a string literal and no format arguments [-Wformat-security]
       error (invalid_op_diag);
                             ^
../../gcc-4.8.2/gcc/cp/cvt.c: In function 'tree_node* ocp_convert(tree, tree, int, int, tsubst_flags_t)':
../../gcc-4.8.2/gcc/cp/cvt.c:662:26: warning: format not a string literal and no format arguments [-Wformat-security]
  error (invalid_conv_diag);
                          ^
../../gcc-4.8.2/gcc/collect2.c: In function 'pex_obj* collect_execute(const char*, char**, const char*, const char*, int)':
../../gcc-4.8.2/gcc/collect2.c:1931:21: warning: format not a string literal and no format arguments [-Wformat-security]
  fatal_error (errmsg);
                     ^
../../gcc-4.8.2/gcc/collect2.c: In function 'void scan_prog_file(const char*, scanpass, scanfilter)':
../../gcc-4.8.2/gcc/collect2.c:2458:21: warning: format not a string literal and no format arguments [-Wformat-security]
  fatal_error (errmsg);
                     ^
../../gcc-4.8.2/gcc/gcc.c: In function 'int execute()':
../../gcc-4.8.2/gcc/gcc.c:2767:25: warning: format not a string literal and no format arguments [-Wformat-security]
      fatal_error (errmsg);
                         ^
../../gcc-4.8.2/gcc/gcc.c: In function 'long long unsigned int get_random_number()':
../../gcc-4.8.2/gcc/gcc.c:8297:46: warning: ignoring return value of 'ssize_t read(int, void*, size_t)', declared with attribute warn_unused_result [-Wunused-result]
       read (fd, &ret, sizeof (HOST_WIDE_INT));
                                              ^
../../gcc-4.8.2/gcc/lto/lto.c: In function 'void lto_resolution_read(splay_tree, FILE*, lto_file*)':
../../gcc-4.8.2/gcc/lto/lto.c:2172:27: warning: ignoring return value of 'int fscanf(FILE*, const char*, ...)', declared with attribute warn_unused_result [-Wunused-result]
   fscanf (resolution, " ");   /* Read white space. */
                           ^
../../gcc-4.8.2/gcc/lto/lto.c:2174:56: warning: ignoring return value of 'size_t fread(void*, size_t, size_t, FILE*)', declared with attribute warn_unused_result [-Wunused-result]
   fread (obj_name, sizeof (char), name_len, resolution);
                                                        ^
../../gcc-4.8.2/gcc/lto/lto.c:2194:42: warning: ignoring return value of 'int fscanf(FILE*, const char*, ...)', declared with attribute warn_unused_result [-Wunused-result]
   fscanf (resolution, "%u", &num_symbols);
                                          ^
xgcc: error trying to exec 'cc1': execvp: No such file or directory
../../../gcc-4.8.2/libgcc/../config-ml.in: line 130: enable_libstdc++_v3=no: command not found
../../../gcc-4.8.2/libgcc/soft-fp/divtf3.c:34:8: warning: no previous prototype for '__divtf3' [-Wmissing-prototypes]
 TFtype __divtf3(TFtype a, TFtype b)
        ^
../../../gcc-4.8.2/libgcc/soft-fp/eqtf2.c:34:9: warning: no previous prototype for '__eqtf2' [-Wmissing-prototypes]
 CMPtype __eqtf2(TFtype a, TFtype b)
         ^
../../../gcc-4.8.2/libgcc/soft-fp/getf2.c:34:9: warning: no previous prototype for '__getf2' [-Wmissing-prototypes]
 CMPtype __getf2(TFtype a, TFtype b)
         ^
../../../gcc-4.8.2/libgcc/soft-fp/letf2.c:34:9: warning: no previous prototype for '__letf2' [-Wmissing-prototypes]
 CMPtype __letf2(TFtype a, TFtype b)
         ^
../../../gcc-4.8.2/libgcc/soft-fp/multf3.c:34:8: warning: no previous prototype for '__multf3' [-Wmissing-prototypes]
 TFtype __multf3(TFtype a, TFtype b)
        ^
In file included from ../../../gcc-4.8.2/libgcc/soft-fp/soft-fp.h:192:0,
                 from ../../../gcc-4.8.2/libgcc/soft-fp/divtf3.c:31:
../../../gcc-4.8.2/libgcc/soft-fp/divtf3.c: In function '__divtf3':
../../../gcc-4.8.2/libgcc/soft-fp/op-common.h:176:11: warning: 'R_e' may be used uninitialized in this function [-Wmaybe-uninitialized]
     X##_e += _FP_EXPBIAS_##fs;     \
           ^
../../../gcc-4.8.2/libgcc/soft-fp/divtf3.c:37:41: note: 'R_e' was declared here
   FP_DECL_Q(A); FP_DECL_Q(B); FP_DECL_Q(R);
                                         ^
../../../gcc-4.8.2/libgcc/soft-fp/op-common.h:33:52: note: in definition of macro '_FP_DECL'
   _FP_I_TYPE X##_c __attribute__((unused)), X##_s, X##_e; \
                                                    ^
../../../gcc-4.8.2/libgcc/soft-fp/divtf3.c:37:31: note: in expansion of macro 'FP_DECL_Q'
   FP_DECL_Q(A); FP_DECL_Q(B); FP_DECL_Q(R);
                               ^
../../../gcc-4.8.2/libgcc/soft-fp/negtf2.c:34:8: warning: no previous prototype for '__negtf2' [-Wmissing-prototypes]
 TFtype __negtf2(TFtype a)
        ^
In file included from ../../../gcc-4.8.2/libgcc/soft-fp/soft-fp.h:192:0,
                 from ../../../gcc-4.8.2/libgcc/soft-fp/multf3.c:31:
../../../gcc-4.8.2/libgcc/soft-fp/multf3.c: In function '__multf3':
../../../gcc-4.8.2/libgcc/soft-fp/op-common.h:176:11: warning: 'R_e' may be used uninitialized in this function [-Wmaybe-uninitialized]
     X##_e += _FP_EXPBIAS_##fs;     \
           ^
../../../gcc-4.8.2/libgcc/soft-fp/multf3.c:37:41: note: 'R_e' was declared here
   FP_DECL_Q(A); FP_DECL_Q(B); FP_DECL_Q(R);
                                         ^
../../../gcc-4.8.2/libgcc/soft-fp/op-common.h:33:52: note: in definition of macro '_FP_DECL'
   _FP_I_TYPE X##_c __attribute__((unused)), X##_s, X##_e; \
                                                    ^
../../../gcc-4.8.2/libgcc/soft-fp/multf3.c:37:31: note: in expansion of macro 'FP_DECL_Q'
   FP_DECL_Q(A); FP_DECL_Q(B); FP_DECL_Q(R);
                               ^
../../../gcc-4.8.2/libgcc/soft-fp/subtf3.c:34:8: warning: no previous prototype for '__subtf3' [-Wmissing-prototypes]
 TFtype __subtf3(TFtype a, TFtype b)
        ^
../../../gcc-4.8.2/libgcc/soft-fp/unordtf2.c:33:9: warning: no previous prototype for '__unordtf2' [-Wmissing-prototypes]
 CMPtype __unordtf2(TFtype a, TFtype b)
         ^
In file included from ../../../gcc-4.8.2/libgcc/soft-fp/soft-fp.h:192:0,
                 from ../../../gcc-4.8.2/libgcc/soft-fp/unordtf2.c:30:
../../../gcc-4.8.2/libgcc/soft-fp/unordtf2.c: In function '__unordtf2':
../../../gcc-4.8.2/libgcc/soft-fp/unordtf2.c:36:13: warning: variable 'B_s' set but not used [-Wunused-but-set-variable]
   FP_DECL_Q(B);
             ^
../../../gcc-4.8.2/libgcc/soft-fp/op-common.h:33:45: note: in definition of macro '_FP_DECL'
   _FP_I_TYPE X##_c __attribute__((unused)), X##_s, X##_e; \
                                             ^
../../../gcc-4.8.2/libgcc/soft-fp/unordtf2.c:36:3: note: in expansion of macro 'FP_DECL_Q'
   FP_DECL_Q(B);
   ^
../../../gcc-4.8.2/libgcc/soft-fp/unordtf2.c:35:13: warning: variable 'A_s' set but not used [-Wunused-but-set-variable]
   FP_DECL_Q(A);
             ^
../../../gcc-4.8.2/libgcc/soft-fp/op-common.h:33:45: note: in definition of macro '_FP_DECL'
   _FP_I_TYPE X##_c __attribute__((unused)), X##_s, X##_e; \
                                             ^
../../../gcc-4.8.2/libgcc/soft-fp/unordtf2.c:35:3: note: in expansion of macro 'FP_DECL_Q'
   FP_DECL_Q(A);
   ^
../../../gcc-4.8.2/libgcc/soft-fp/fixtfsi.c:34:8: warning: no previous prototype for '__fixtfsi' [-Wmissing-prototypes]
 SItype __fixtfsi(TFtype a)
        ^
../../../gcc-4.8.2/libgcc/soft-fp/fixtfsi.c: In function '__fixtfsi':
../../../gcc-4.8.2/libgcc/soft-fp/fixtfsi.c:41:3: warning: left shift count >= width of type [enabled by default]
   FP_TO_INT_Q(r, A, SI_BITS, 1);
   ^
../../../gcc-4.8.2/libgcc/soft-fp/fixtfsi.c:41:3: warning: left shift count >= width of type [enabled by default]
../../../gcc-4.8.2/libgcc/soft-fp/fixtfsi.c:41:3: warning: left shift count >= width of type [enabled by default]
../../../gcc-4.8.2/libgcc/soft-fp/fixtfsi.c:41:3: warning: left shift count >= width of type [enabled by default]
../../../gcc-4.8.2/libgcc/soft-fp/fixtfsi.c:41:3: warning: left shift count >= width of type [enabled by default]
../../../gcc-4.8.2/libgcc/soft-fp/fixtfsi.c:41:3: warning: left shift count >= width of type [enabled by default]
../../../gcc-4.8.2/libgcc/soft-fp/fixtfsi.c:41:3: warning: left shift count >= width of type [enabled by default]
../../../gcc-4.8.2/libgcc/soft-fp/fixtfsi.c:41:3: warning: left shift count >= width of type [enabled by default]
../../../gcc-4.8.2/libgcc/soft-fp/fixunstfsi.c:34:9: warning: no previous prototype for '__fixunstfsi' [-Wmissing-prototypes]
 USItype __fixunstfsi(TFtype a)
         ^
../../../gcc-4.8.2/libgcc/soft-fp/fixunstfsi.c: In function '__fixunstfsi':
../../../gcc-4.8.2/libgcc/soft-fp/fixunstfsi.c:41:3: warning: left shift count >= width of type [enabled by default]
   FP_TO_INT_Q(r, A, SI_BITS, 0);
   ^
../../../gcc-4.8.2/libgcc/soft-fp/fixunstfsi.c:41:3: warning: left shift count >= width of type [enabled by default]
../../../gcc-4.8.2/libgcc/soft-fp/fixunstfsi.c:41:3: warning: left shift count >= width of type [enabled by default]
../../../gcc-4.8.2/libgcc/soft-fp/fixunstfsi.c:41:3: warning: left shift count >= width of type [enabled by default]
../../../gcc-4.8.2/libgcc/soft-fp/fixunstfsi.c:41:3: warning: left shift count >= width of type [enabled by default]
../../../gcc-4.8.2/libgcc/soft-fp/fixunstfsi.c:41:3: warning: left shift count >= width of type [enabled by default]
../../../gcc-4.8.2/libgcc/soft-fp/fixunstfsi.c:41:3: warning: left shift count >= width of type [enabled by default]
../../../gcc-4.8.2/libgcc/soft-fp/fixunstfsi.c:41:3: warning: left shift count >= width of type [enabled by default]
../../../gcc-4.8.2/libgcc/soft-fp/floatsitf.c:34:8: warning: no previous prototype for '__floatsitf' [-Wmissing-prototypes]
 TFtype __floatsitf(SItype i)
        ^
../../../gcc-4.8.2/libgcc/soft-fp/floatunsitf.c:35:1: warning: no previous prototype for '__floatunsitf' [-Wmissing-prototypes]
 __floatunsitf(USItype i)
 ^
../../../gcc-4.8.2/libgcc/soft-fp/floatunsitf.c: In function '__floatunsitf':
../../../gcc-4.8.2/libgcc/soft-fp/floatunsitf.c:41:3: warning: comparison of unsigned expression < 0 is always false [-Wtype-limits]
   FP_FROM_INT_Q(A, i, SI_BITS, USItype);
   ^
../../../gcc-4.8.2/libgcc/soft-fp/fixtfdi.c:34:8: warning: no previous prototype for '__fixtfdi' [-Wmissing-prototypes]
 DItype __fixtfdi(TFtype a)
        ^
../../../gcc-4.8.2/libgcc/soft-fp/floatditf.c:34:8: warning: no previous prototype for '__floatditf' [-Wmissing-prototypes]
 TFtype __floatditf(DItype i)
        ^
../../../gcc-4.8.2/libgcc/soft-fp/fixunstfdi.c:34:9: warning: no previous prototype for '__fixunstfdi' [-Wmissing-prototypes]
 UDItype __fixunstfdi(TFtype a)
         ^
../../../gcc-4.8.2/libgcc/soft-fp/floatunditf.c:35:1: warning: no previous prototype for '__floatunditf' [-Wmissing-prototypes]
 __floatunditf(UDItype i)
 ^
../../../gcc-4.8.2/libgcc/soft-fp/floatunditf.c: In function '__floatunditf':
../../../gcc-4.8.2/libgcc/soft-fp/floatunditf.c:41:3: warning: comparison of unsigned expression < 0 is always false [-Wtype-limits]
   FP_FROM_INT_Q(A, i, DI_BITS, UDItype);
   ^
../../../gcc-4.8.2/libgcc/soft-fp/extendsftf2.c:35:8: warning: no previous prototype for '__extendsftf2' [-Wmissing-prototypes]
 TFtype __extendsftf2(SFtype a)
        ^
../../../gcc-4.8.2/libgcc/soft-fp/extenddftf2.c:35:8: warning: no previous prototype for '__extenddftf2' [-Wmissing-prototypes]
 TFtype __extenddftf2(DFtype a)
        ^
../../../gcc-4.8.2/libgcc/soft-fp/extendxftf2.c:35:8: warning: no previous prototype for '__extendxftf2' [-Wmissing-prototypes]
 TFtype __extendxftf2(XFtype a)
        ^
../../../gcc-4.8.2/libgcc/soft-fp/trunctfsf2.c:35:8: warning: no previous prototype for '__trunctfsf2' [-Wmissing-prototypes]
 SFtype __trunctfsf2(TFtype a)
        ^
../../../gcc-4.8.2/libgcc/soft-fp/trunctfdf2.c:35:8: warning: no previous prototype for '__trunctfdf2' [-Wmissing-prototypes]
 DFtype __trunctfdf2(TFtype a)
        ^
../../../gcc-4.8.2/libgcc/soft-fp/trunctfxf2.c:35:8: warning: no previous prototype for '__trunctfxf2' [-Wmissing-prototypes]
 XFtype __trunctfxf2(TFtype a)
        ^
../../../gcc-4.8.2/libgcc/crtstuff.c: In function 'frame_dummy':
../../../gcc-4.8.2/libgcc/crtstuff.c:463:19: warning: array subscript is above array bounds [-Warray-bounds]
   if (__JCR_LIST__[0])
                   ^
../../../gcc-4.8.2/libgcc/crtstuff.c: In function 'frame_dummy':
../../../gcc-4.8.2/libgcc/crtstuff.c:463:19: warning: array subscript is above array bounds [-Warray-bounds]
   if (__JCR_LIST__[0])
                   ^
../../../gcc-4.8.2/libgcc/crtstuff.c: In function 'frame_dummy':
../../../gcc-4.8.2/libgcc/crtstuff.c:463:19: warning: array subscript is above array bounds [-Warray-bounds]
   if (__JCR_LIST__[0])
                   ^
