  GEN      public-submodule-commit
make  check-recursive
make[1]: Entering directory '/sources/inetutils-1.9.2'
Making check in lib
make[2]: Entering directory '/sources/inetutils-1.9.2/lib'
make  check-recursive
make[3]: Entering directory '/sources/inetutils-1.9.2/lib'
make[4]: Entering directory '/sources/inetutils-1.9.2/lib'
make[4]: Nothing to be done for 'check-am'.
make[4]: Leaving directory '/sources/inetutils-1.9.2/lib'
make[3]: Leaving directory '/sources/inetutils-1.9.2/lib'
make[2]: Leaving directory '/sources/inetutils-1.9.2/lib'
Making check in libinetutils
make[2]: Entering directory '/sources/inetutils-1.9.2/libinetutils'
make[2]: Nothing to be done for 'check'.
make[2]: Leaving directory '/sources/inetutils-1.9.2/libinetutils'
Making check in libtelnet
make[2]: Entering directory '/sources/inetutils-1.9.2/libtelnet'
make[2]: Nothing to be done for 'check'.
make[2]: Leaving directory '/sources/inetutils-1.9.2/libtelnet'
Making check in libicmp
make[2]: Entering directory '/sources/inetutils-1.9.2/libicmp'
make[2]: Nothing to be done for 'check'.
make[2]: Leaving directory '/sources/inetutils-1.9.2/libicmp'
Making check in libls
make[2]: Entering directory '/sources/inetutils-1.9.2/libls'
make[2]: Nothing to be done for 'check'.
make[2]: Leaving directory '/sources/inetutils-1.9.2/libls'
Making check in src
make[2]: Entering directory '/sources/inetutils-1.9.2/src'
make[2]: Nothing to be done for 'check'.
make[2]: Leaving directory '/sources/inetutils-1.9.2/src'
Making check in telnet
make[2]: Entering directory '/sources/inetutils-1.9.2/telnet'
make[2]: Nothing to be done for 'check'.
make[2]: Leaving directory '/sources/inetutils-1.9.2/telnet'
Making check in telnetd
make[2]: Entering directory '/sources/inetutils-1.9.2/telnetd'
make[2]: Nothing to be done for 'check'.
make[2]: Leaving directory '/sources/inetutils-1.9.2/telnetd'
Making check in ftp
make[2]: Entering directory '/sources/inetutils-1.9.2/ftp'
make[2]: Nothing to be done for 'check'.
make[2]: Leaving directory '/sources/inetutils-1.9.2/ftp'
Making check in ftpd
make[2]: Entering directory '/sources/inetutils-1.9.2/ftpd'
make[2]: Nothing to be done for 'check'.
make[2]: Leaving directory '/sources/inetutils-1.9.2/ftpd'
Making check in talk
make[2]: Entering directory '/sources/inetutils-1.9.2/talk'
make[2]: Nothing to be done for 'check'.
make[2]: Leaving directory '/sources/inetutils-1.9.2/talk'
Making check in talkd
make[2]: Entering directory '/sources/inetutils-1.9.2/talkd'
make[2]: Nothing to be done for 'check'.
make[2]: Leaving directory '/sources/inetutils-1.9.2/talkd'
Making check in whois
make[2]: Entering directory '/sources/inetutils-1.9.2/whois'
make  check-am
make[3]: Entering directory '/sources/inetutils-1.9.2/whois'
make[3]: Nothing to be done for 'check-am'.
make[3]: Leaving directory '/sources/inetutils-1.9.2/whois'
make[2]: Leaving directory '/sources/inetutils-1.9.2/whois'
Making check in ping
make[2]: Entering directory '/sources/inetutils-1.9.2/ping'
make[2]: Nothing to be done for 'check'.
make[2]: Leaving directory '/sources/inetutils-1.9.2/ping'
Making check in ifconfig
make[2]: Entering directory '/sources/inetutils-1.9.2/ifconfig'
Making check in system
make[3]: Entering directory '/sources/inetutils-1.9.2/ifconfig/system'
make[3]: Nothing to be done for 'check'.
make[3]: Leaving directory '/sources/inetutils-1.9.2/ifconfig/system'
make[3]: Entering directory '/sources/inetutils-1.9.2/ifconfig'
make[3]: Nothing to be done for 'check-am'.
make[3]: Leaving directory '/sources/inetutils-1.9.2/ifconfig'
make[2]: Leaving directory '/sources/inetutils-1.9.2/ifconfig'
Making check in doc
make[2]: Entering directory '/sources/inetutils-1.9.2/doc'
make[2]: Nothing to be done for 'check'.
make[2]: Leaving directory '/sources/inetutils-1.9.2/doc'
Making check in man
make[2]: Entering directory '/sources/inetutils-1.9.2/man'
make[2]: Nothing to be done for 'check'.
make[2]: Leaving directory '/sources/inetutils-1.9.2/man'
Making check in tests
make[2]: Entering directory '/sources/inetutils-1.9.2/tests'
make  check-am
make[3]: Entering directory '/sources/inetutils-1.9.2/tests'
make  localhost readutmp waitdaemon  \
  utmp.sh ping-localhost.sh traceroute-localhost.sh     hostname.sh dnsdomainname.sh ifconfig.sh
make[4]: Entering directory '/sources/inetutils-1.9.2/tests'
  CC       localhost.o
  CCLD     localhost
  CC       readutmp.o
  CCLD     readutmp
  CC       waitdaemon.o
  CCLD     waitdaemon
make[4]: Nothing to be done for 'utmp.sh'.
make[4]: Nothing to be done for 'ping-localhost.sh'.
make[4]: Nothing to be done for 'traceroute-localhost.sh'.
make[4]: Nothing to be done for 'hostname.sh'.
make[4]: Nothing to be done for 'dnsdomainname.sh'.
make[4]: Nothing to be done for 'ifconfig.sh'.
make[4]: Leaving directory '/sources/inetutils-1.9.2/tests'
make  check-TESTS
make[4]: Entering directory '/sources/inetutils-1.9.2/tests'
make[5]: Entering directory '/sources/inetutils-1.9.2/tests'
PASS: localhost
PASS: waitdaemon
PASS: utmp.sh
PASS: ping-localhost.sh
PASS: traceroute-localhost.sh
PASS: hostname.sh
PASS: dnsdomainname.sh
PASS: ifconfig.sh
make[6]: Entering directory '/sources/inetutils-1.9.2/tests'
make  all-am
make[7]: Entering directory '/sources/inetutils-1.9.2/tests'
make[7]: Nothing to be done for 'all-am'.
make[7]: Leaving directory '/sources/inetutils-1.9.2/tests'
make[6]: Leaving directory '/sources/inetutils-1.9.2/tests'
============================================================================
Testsuite summary for GNU inetutils 1.9.2
============================================================================
# TOTAL: 8
# PASS:  8
# SKIP:  0
# XFAIL: 0
# FAIL:  0
# XPASS: 0
# ERROR: 0
============================================================================
make[5]: Leaving directory '/sources/inetutils-1.9.2/tests'
make[4]: Leaving directory '/sources/inetutils-1.9.2/tests'
make[3]: Leaving directory '/sources/inetutils-1.9.2/tests'
make[2]: Leaving directory '/sources/inetutils-1.9.2/tests'
make[2]: Entering directory '/sources/inetutils-1.9.2'
make[2]: Leaving directory '/sources/inetutils-1.9.2'
make[1]: Leaving directory '/sources/inetutils-1.9.2'
