libtool: install: warning: `libmount.la' has not been installed in `/tools/lib'
libtool: install: warning: `/mnt/lfs/sources/util-linux-2.24.1/libblkid.la' has not been installed in `/tools/lib'
libtool: install: warning: `/mnt/lfs/sources/util-linux-2.24.1/libuuid.la' has not been installed in `/tools/lib'
libtool: install: warning: `libmount.la' has not been installed in `/tools/lib'
libtool: install: warning: `/mnt/lfs/sources/util-linux-2.24.1/libblkid.la' has not been installed in `/tools/lib'
libtool: install: warning: `/mnt/lfs/sources/util-linux-2.24.1/libuuid.la' has not been installed in `/tools/lib'
libtool: install: warning: `libmount.la' has not been installed in `/tools/lib'
libtool: install: warning: `/mnt/lfs/sources/util-linux-2.24.1/libblkid.la' has not been installed in `/tools/lib'
libtool: install: warning: `/mnt/lfs/sources/util-linux-2.24.1/libuuid.la' has not been installed in `/tools/lib'
libtool: install: warning: `libblkid.la' has not been installed in `/tools/lib'
libtool: install: warning: `libmount.la' has not been installed in `/tools/lib'
libtool: install: warning: `/mnt/lfs/sources/util-linux-2.24.1/libblkid.la' has not been installed in `/tools/lib'
libtool: install: warning: `/mnt/lfs/sources/util-linux-2.24.1/libuuid.la' has not been installed in `/tools/lib'
libtool: install: warning: `libmount.la' has not been installed in `/tools/lib'
libtool: install: warning: `/mnt/lfs/sources/util-linux-2.24.1/libblkid.la' has not been installed in `/tools/lib'
libtool: install: warning: `/mnt/lfs/sources/util-linux-2.24.1/libuuid.la' has not been installed in `/tools/lib'
libtool: install: warning: `libmount.la' has not been installed in `/tools/lib'
libtool: install: warning: `/mnt/lfs/sources/util-linux-2.24.1/libblkid.la' has not been installed in `/tools/lib'
libtool: install: warning: `/mnt/lfs/sources/util-linux-2.24.1/libuuid.la' has not been installed in `/tools/lib'
libtool: install: warning: `libmount.la' has not been installed in `/tools/lib'
libtool: install: warning: `/mnt/lfs/sources/util-linux-2.24.1/libblkid.la' has not been installed in `/tools/lib'
libtool: install: warning: `/mnt/lfs/sources/util-linux-2.24.1/libuuid.la' has not been installed in `/tools/lib'
libtool: install: warning: `libmount.la' has not been installed in `/tools/lib'
libtool: install: warning: `/mnt/lfs/sources/util-linux-2.24.1/libblkid.la' has not been installed in `/tools/lib'
libtool: install: warning: `/mnt/lfs/sources/util-linux-2.24.1/libuuid.la' has not been installed in `/tools/lib'
libtool: install: warning: `libblkid.la' has not been installed in `/tools/lib'
libtool: install: warning: `/mnt/lfs/sources/util-linux-2.24.1/libuuid.la' has not been installed in `/tools/lib'
libtool: install: warning: `libblkid.la' has not been installed in `/tools/lib'
libtool: install: warning: `/mnt/lfs/sources/util-linux-2.24.1/libuuid.la' has not been installed in `/tools/lib'
libtool: install: warning: `libblkid.la' has not been installed in `/tools/lib'
libtool: install: warning: `/mnt/lfs/sources/util-linux-2.24.1/libuuid.la' has not been installed in `/tools/lib'
libtool: install: warning: `libuuid.la' has not been installed in `/tools/lib'
libtool: install: warning: `libblkid.la' has not been installed in `/tools/lib'
libtool: install: warning: `/mnt/lfs/sources/util-linux-2.24.1/libuuid.la' has not been installed in `/tools/lib'
libtool: install: warning: `libblkid.la' has not been installed in `/tools/lib'
libtool: install: warning: `/mnt/lfs/sources/util-linux-2.24.1/libuuid.la' has not been installed in `/tools/lib'
libtool: install: warning: `libuuid.la' has not been installed in `/tools/lib'
libtool: install: warning: `libmount.la' has not been installed in `/tools/lib'
libtool: install: warning: `/mnt/lfs/sources/util-linux-2.24.1/libblkid.la' has not been installed in `/tools/lib'
libtool: install: warning: `libblkid.la' has not been installed in `/tools/lib'
libtool: install: warning: `/mnt/lfs/sources/util-linux-2.24.1/libuuid.la' has not been installed in `/tools/lib'
libtool: install: warning: `/mnt/lfs/sources/util-linux-2.24.1/libblkid.la' has not been installed in `/tools/lib'
libtool: install: warning: `libblkid.la' has not been installed in `/tools/lib'
libtool: install: warning: `/mnt/lfs/sources/util-linux-2.24.1/libuuid.la' has not been installed in `/tools/lib'
libtool: install: warning: `libuuid.la' has not been installed in `/tools/lib'
libtool: install: warning: `libblkid.la' has not been installed in `/tools/lib'
libtool: install: warning: `/mnt/lfs/sources/util-linux-2.24.1/libuuid.la' has not been installed in `/tools/lib'
libtool: install: warning: `libmount.la' has not been installed in `/tools/lib'
libtool: install: warning: `/mnt/lfs/sources/util-linux-2.24.1/libblkid.la' has not been installed in `/tools/lib'
libtool: install: warning: `/mnt/lfs/sources/util-linux-2.24.1/libuuid.la' has not been installed in `/tools/lib'
libtool: install: warning: `libmount.la' has not been installed in `/tools/lib'
libtool: install: warning: `/mnt/lfs/sources/util-linux-2.24.1/libblkid.la' has not been installed in `/tools/lib'
libtool: install: warning: `/mnt/lfs/sources/util-linux-2.24.1/libuuid.la' has not been installed in `/tools/lib'
libtool: install: warning: `libuuid.la' has not been installed in `/tools/lib'
libtool: install: warning: relinking `libblkid.la'
libtool: install: warning: relinking `libmount.la'
/sbin/ldconfig.real: /tools/lib/libstdc++.so.6.0.18-gdb.py is not an ELF file - it has the wrong magic bytes at the start.

