Making install in src
make[1]: Entering directory '/sources/mpc-1.0.2/src'
make[2]: Entering directory '/sources/mpc-1.0.2/src'
 /tools/bin/mkdir -p '/usr/lib'
 /bin/sh ../libtool   --mode=install /tools/bin/install -c   libmpc.la '/usr/lib'
libtool: install: /tools/bin/install -c .libs/libmpc.so.3.0.0 /usr/lib/libmpc.so.3.0.0
libtool: install: (cd /usr/lib && { ln -s -f libmpc.so.3.0.0 libmpc.so.3 || { rm -f libmpc.so.3 && ln -s libmpc.so.3.0.0 libmpc.so.3; }; })
libtool: install: (cd /usr/lib && { ln -s -f libmpc.so.3.0.0 libmpc.so || { rm -f libmpc.so && ln -s libmpc.so.3.0.0 libmpc.so; }; })
libtool: install: /tools/bin/install -c .libs/libmpc.lai /usr/lib/libmpc.la
libtool: install: /tools/bin/install -c .libs/libmpc.a /usr/lib/libmpc.a
libtool: install: chmod 644 /usr/lib/libmpc.a
libtool: install: ranlib /usr/lib/libmpc.a
libtool: finish: PATH="/bin:/usr/bin:/sbin:/usr/sbin:/tools/bin:/sbin" ldconfig -n /usr/lib
----------------------------------------------------------------------
Libraries have been installed in:
   /usr/lib

If you ever happen to want to link against installed libraries
in a given directory, LIBDIR, you must either use libtool, and
specify the full pathname of the library, or use the `-LLIBDIR'
flag during linking and do at least one of the following:
   - add LIBDIR to the `LD_LIBRARY_PATH' environment variable
     during execution
   - add LIBDIR to the `LD_RUN_PATH' environment variable
     during linking
   - use the `-Wl,-rpath -Wl,LIBDIR' linker flag
   - have your system administrator add LIBDIR to `/etc/ld.so.conf'

See any operating system documentation about shared libraries for
more information, such as the ld(1) and ld.so(8) manual pages.
----------------------------------------------------------------------
make[2]: Nothing to be done for 'install-data-am'.
make[2]: Leaving directory '/sources/mpc-1.0.2/src'
make[1]: Leaving directory '/sources/mpc-1.0.2/src'
Making install in tests
make[1]: Entering directory '/sources/mpc-1.0.2/tests'
make[2]: Entering directory '/sources/mpc-1.0.2/tests'
make[2]: Nothing to be done for 'install-exec-am'.
make[2]: Nothing to be done for 'install-data-am'.
make[2]: Leaving directory '/sources/mpc-1.0.2/tests'
make[1]: Leaving directory '/sources/mpc-1.0.2/tests'
Making install in doc
make[1]: Entering directory '/sources/mpc-1.0.2/doc'
make[2]: Entering directory '/sources/mpc-1.0.2/doc'
make[2]: Nothing to be done for 'install-exec-am'.
 /tools/bin/mkdir -p '/usr/share/info'
 /tools/bin/install -c -m 644 ./mpc.info '/usr/share/info'
 install-info --info-dir='/usr/share/info' '/usr/share/info/mpc.info'
make[2]: Leaving directory '/sources/mpc-1.0.2/doc'
make[1]: Leaving directory '/sources/mpc-1.0.2/doc'
make[1]: Entering directory '/sources/mpc-1.0.2'
make[2]: Entering directory '/sources/mpc-1.0.2'
make[2]: Nothing to be done for 'install-exec-am'.
 /tools/bin/mkdir -p '/usr/include'
 /tools/bin/install -c -m 644 src/mpc.h '/usr/include'
make[2]: Leaving directory '/sources/mpc-1.0.2'
make[1]: Leaving directory '/sources/mpc-1.0.2'
