Making check in src
make[1]: Entering directory '/sources/file-5.17/src'
make  check-am
make[2]: Entering directory '/sources/file-5.17/src'
make[2]: Nothing to be done for 'check-am'.
make[2]: Leaving directory '/sources/file-5.17/src'
make[1]: Leaving directory '/sources/file-5.17/src'
Making check in magic
make[1]: Entering directory '/sources/file-5.17/magic'
make[1]: Nothing to be done for 'check'.
make[1]: Leaving directory '/sources/file-5.17/magic'
Making check in tests
make[1]: Entering directory '/sources/file-5.17/tests'
make  test
make[2]: Entering directory '/sources/file-5.17/tests'
  CC       test-test.o
  CCLD     test
make[2]: Leaving directory '/sources/file-5.17/tests'
make  check-local
make[2]: Entering directory '/sources/file-5.17/tests'
MAGIC=../magic/magic ./test
for i in ../tests/*.testfile; do MAGIC=../magic/magic ./test ../tests/$i ../tests/${i%%.testfile}.result; done
../tests/../tests/escapevel.testfile: Zip data (MIME type "application/vnd.nz.gen.geek_central.ti5x"?)
../tests/../tests/gedcom.testfile: GEDCOM genealogy text version 5.5, ASCII text
../tests/../tests/issue311docx.testfile: Microsoft Word 2007+
make[2]: Leaving directory '/sources/file-5.17/tests'
make[1]: Leaving directory '/sources/file-5.17/tests'
Making check in doc
make[1]: Entering directory '/sources/file-5.17/doc'
make[1]: Nothing to be done for 'check'.
make[1]: Leaving directory '/sources/file-5.17/doc'
Making check in python
make[1]: Entering directory '/sources/file-5.17/python'
make[1]: Nothing to be done for 'check'.
make[1]: Leaving directory '/sources/file-5.17/python'
make[1]: Entering directory '/sources/file-5.17'
make[1]: Leaving directory '/sources/file-5.17'
