mkdir: created directory '/lib/udev'
mkdir: created directory '/lib/udev/devices'
mkdir: created directory '/lib/udev/devices/pts'
mkdir: created directory '/lib/udev/rules.d'
mkdir: created directory '/lib/firmware'
mkdir: created directory '/usr/lib/firmware'
mkdir: created directory '/etc/udev'
mkdir: created directory '/etc/udev/rules.d'
mkdir: created directory '/usr/share/doc/udev-208'
mkdir: created directory '/usr/share/doc/udev-208/lfs'
mkdir: created directory '/usr/share/gtk-doc'
mkdir: created directory '/usr/share/gtk-doc/html'
mkdir: created directory '/usr/share/gtk-doc/html/libudev'
'build/udevadm' -> '/sbin/udevadm'
'build/udevd' -> '/lib/udev/udevd'
'build/accelerometer' -> '/lib/udev/accelerometer'
'build/ata_id' -> '/lib/udev/ata_id'
'build/cdrom_id' -> '/lib/udev/cdrom_id'
'build/collect' -> '/lib/udev/collect'
'build/mtd_probe' -> '/lib/udev/mtd_probe'
'build/scsi_id' -> '/lib/udev/scsi_id'
'build/v4l_id' -> '/lib/udev/v4l_id'
'udev-lfs-208-3/write_cd_rules' -> '/lib/udev/write_cd_rules'
'udev-lfs-208-3/write_net_rules' -> '/lib/udev/write_net_rules'
'udev-lfs-208-3/rule_generator.functions' -> '/lib/udev/rule_generator.functions'
'build/libudev.pc' -> '/usr/lib/pkgconfig/libudev.pc'
'build/udev.pc' -> '/usr/lib/pkgconfig/udev.pc'
'build/libudev.so.1.3.2' -> '/lib/libudev.so.1.3.2'
ln -svfn ../../lib/libudev.so.1.3.2 /usr/lib/libudev.so
'/usr/lib/libudev.so' -> '../../lib/libudev.so.1.3.2'
ln -svfn libudev.so.1.3.2           /lib/libudev.so.1
'/lib/libudev.so.1' -> 'libudev.so.1.3.2'
'src/libudev/libudev.h' -> '/usr/include/libudev.h'
'rules/42-usb-hid-pm.rules' -> '/lib/udev/rules.d/42-usb-hid-pm.rules'
'rules/50-firmware.rules' -> '/lib/udev/rules.d/50-firmware.rules'
'rules/50-udev-default.rules' -> '/lib/udev/rules.d/50-udev-default.rules'
'rules/60-cdrom_id.rules' -> '/lib/udev/rules.d/60-cdrom_id.rules'
'rules/60-keyboard.rules' -> '/lib/udev/rules.d/60-keyboard.rules'
'rules/60-persistent-alsa.rules' -> '/lib/udev/rules.d/60-persistent-alsa.rules'
'rules/60-persistent-input.rules' -> '/lib/udev/rules.d/60-persistent-input.rules'
'rules/60-persistent-serial.rules' -> '/lib/udev/rules.d/60-persistent-serial.rules'
'rules/60-persistent-storage-tape.rules' -> '/lib/udev/rules.d/60-persistent-storage-tape.rules'
'rules/60-persistent-storage.rules' -> '/lib/udev/rules.d/60-persistent-storage.rules'
'rules/60-persistent-v4l.rules' -> '/lib/udev/rules.d/60-persistent-v4l.rules'
'rules/61-accelerometer.rules' -> '/lib/udev/rules.d/61-accelerometer.rules'
'rules/64-btrfs.rules' -> '/lib/udev/rules.d/64-btrfs.rules'
'rules/75-net-description.rules' -> '/lib/udev/rules.d/75-net-description.rules'
'rules/75-probe_mtd.rules' -> '/lib/udev/rules.d/75-probe_mtd.rules'
'rules/75-tty-description.rules' -> '/lib/udev/rules.d/75-tty-description.rules'
'rules/78-sound-card.rules' -> '/lib/udev/rules.d/78-sound-card.rules'
'rules/80-drivers.rules' -> '/lib/udev/rules.d/80-drivers.rules'
'rules/80-net-name-slot.rules' -> '/lib/udev/rules.d/80-net-name-slot.rules'
'rules/95-udev-late.rules' -> '/lib/udev/rules.d/95-udev-late.rules'
'rules/99-systemd.rules' -> '/lib/udev/rules.d/99-systemd.rules'
'rules/99-systemd.rules.in' -> '/lib/udev/rules.d/99-systemd.rules.in'
removed '/lib/udev/rules.d/99-systemd.rules'
removed '/lib/udev/rules.d/99-systemd.rules.in'
'udev-lfs-208-3/55-lfs.rules' -> '/etc/udev/rules.d/55-lfs.rules'
'udev-lfs-208-3/81-cdrom.rules' -> '/etc/udev/rules.d/81-cdrom.rules'
'udev-lfs-208-3/83-cdrom-symlinks.rules' -> '/etc/udev/rules.d/83-cdrom-symlinks.rules'
mkdir: created directory '/lib/udev/hwdb.d'
'udev-lfs-208-3/udev.7' -> '/usr/share/man/man7/udev.7'
'udev-lfs-208-3/udevadm.8' -> '/usr/share/man/man8/udevadm.8'
'udev-lfs-208-3/udevd.8' -> '/usr/share/man/man8/udevd.8'
'udev-lfs-208-3/README' -> '/usr/share/doc/udev-208/lfs/README'
'udev-lfs-208-3/55-lfs.txt' -> '/usr/share/doc/udev-208/lfs/55-lfs.txt'
'docs/libudev/libudev-overrides.txt' -> '/usr/share/doc/udev-208/libudev-overrides.txt'
'docs/libudev/libudev-sections.txt' -> '/usr/share/doc/udev-208/libudev-sections.txt'
'docs/libudev/libudev.types' -> '/usr/share/doc/udev-208/libudev.types'
'docs/libudev/html/api-index-full.html' -> '/usr/share/gtk-doc/html/libudev/api-index-full.html'
'docs/libudev/html/ch01.html' -> '/usr/share/gtk-doc/html/libudev/ch01.html'
'docs/libudev/html/home.png' -> '/usr/share/gtk-doc/html/libudev/home.png'
'docs/libudev/html/index.html' -> '/usr/share/gtk-doc/html/libudev/index.html'
'docs/libudev/html/index.sgml' -> '/usr/share/gtk-doc/html/libudev/index.sgml'
'docs/libudev/html/left.png' -> '/usr/share/gtk-doc/html/libudev/left.png'
'docs/libudev/html/libudev-udev-device.html' -> '/usr/share/gtk-doc/html/libudev/libudev-udev-device.html'
'docs/libudev/html/libudev-udev-enumerate.html' -> '/usr/share/gtk-doc/html/libudev/libudev-udev-enumerate.html'
'docs/libudev/html/libudev-udev-hwdb.html' -> '/usr/share/gtk-doc/html/libudev/libudev-udev-hwdb.html'
'docs/libudev/html/libudev-udev-list.html' -> '/usr/share/gtk-doc/html/libudev/libudev-udev-list.html'
'docs/libudev/html/libudev-udev-monitor.html' -> '/usr/share/gtk-doc/html/libudev/libudev-udev-monitor.html'
'docs/libudev/html/libudev-udev-queue.html' -> '/usr/share/gtk-doc/html/libudev/libudev-udev-queue.html'
'docs/libudev/html/libudev-udev-util.html' -> '/usr/share/gtk-doc/html/libudev/libudev-udev-util.html'
'docs/libudev/html/libudev-udev.html' -> '/usr/share/gtk-doc/html/libudev/libudev-udev.html'
'docs/libudev/html/libudev.devhelp2' -> '/usr/share/gtk-doc/html/libudev/libudev.devhelp2'
'docs/libudev/html/right.png' -> '/usr/share/gtk-doc/html/libudev/right.png'
'docs/libudev/html/style.css' -> '/usr/share/gtk-doc/html/libudev/style.css'
'docs/libudev/html/up.png' -> '/usr/share/gtk-doc/html/libudev/up.png'
'udev-lfs-208-3/init-net-rules.sh' -> '/lib/udev/init-net-rules.sh'
