make[1]: Entering directory `/mnt/lfs/sources/binutils-build'
/bin/sh ../binutils-2.24/mkinstalldirs /tools /tools
make[2]: Entering directory `/mnt/lfs/sources/binutils-build/bfd'
make  install-recursive
make[3]: Entering directory `/mnt/lfs/sources/binutils-build/bfd'
Making install in doc
make[4]: Entering directory `/mnt/lfs/sources/binutils-build/bfd/doc'
test -z "/tools/share/info" || /bin/mkdir -p "/tools/share/info"
 /usr/bin/install -c -m 644 ../../../binutils-2.24/bfd/doc/bfd.info '/tools/share/info'
 install-info --info-dir='/tools/share/info' '/tools/share/info/bfd.info'
make[4]: Leaving directory `/mnt/lfs/sources/binutils-build/bfd/doc'
Making install in po
make[4]: Entering directory `/mnt/lfs/sources/binutils-build/bfd/po'
make[4]: Nothing to be done for `install'.
make[4]: Leaving directory `/mnt/lfs/sources/binutils-build/bfd/po'
make[4]: Entering directory `/mnt/lfs/sources/binutils-build/bfd'
make[5]: Entering directory `/mnt/lfs/sources/binutils-build/bfd'
make[5]: Nothing to be done for `install-exec-am'.
test -z "/tools/include" || /bin/mkdir -p "/tools/include"
 /usr/bin/install -c -m 644 bfd.h ../../binutils-2.24/bfd/../include/ansidecl.h ../../binutils-2.24/bfd/../include/symcat.h ../../binutils-2.24/bfd/../include/bfdlink.h '/tools/include'
test -z "/tools/lib" || /bin/mkdir -p "/tools/lib"
 /bin/sh ./libtool   --mode=install /usr/bin/install -c   libbfd.la '/tools/lib'
libtool: install: /usr/bin/install -c .libs/libbfd.lai /tools/lib/libbfd.la
libtool: install: /usr/bin/install -c .libs/libbfd.a /tools/lib/libbfd.a
libtool: install: chmod 644 /tools/lib/libbfd.a
libtool: install: i686-lfs-linux-gnu-ranlib /tools/lib/libbfd.a
libtool: finish: PATH="/tools/bin:/bin:/usr/bin:/sbin" ldconfig -n /tools/lib
----------------------------------------------------------------------
Libraries have been installed in:
   /tools/lib

If you ever happen to want to link against installed libraries
in a given directory, LIBDIR, you must either use libtool, and
specify the full pathname of the library, or use the `-LLIBDIR'
flag during linking and do at least one of the following:
   - add LIBDIR to the `LD_LIBRARY_PATH' environment variable
     during execution
   - add LIBDIR to the `LD_RUN_PATH' environment variable
     during linking
   - use the `-Wl,-rpath -Wl,LIBDIR' linker flag
   - have your system administrator add LIBDIR to `/etc/ld.so.conf'

See any operating system documentation about shared libraries for
more information, such as the ld(1) and ld.so(8) manual pages.
----------------------------------------------------------------------
make[5]: Leaving directory `/mnt/lfs/sources/binutils-build/bfd'
make[4]: Leaving directory `/mnt/lfs/sources/binutils-build/bfd'
make[3]: Leaving directory `/mnt/lfs/sources/binutils-build/bfd'
make[2]: Leaving directory `/mnt/lfs/sources/binutils-build/bfd'
make[2]: Entering directory `/mnt/lfs/sources/binutils-build/opcodes'
Making install in .
make[3]: Entering directory `/mnt/lfs/sources/binutils-build/opcodes'
../../binutils-2.24/opcodes/i386-tbl.h
make[4]: Entering directory `/mnt/lfs/sources/binutils-build/opcodes'
make[4]: Nothing to be done for `install-exec-am'.
test -z "/tools/include" || /bin/mkdir -p "/tools/include"
 /usr/bin/install -c -m 644 ../../binutils-2.24/opcodes/../include/dis-asm.h '/tools/include'
../../binutils-2.24/opcodes/i386-tbl.h
test -z "/tools/lib" || /bin/mkdir -p "/tools/lib"
 /bin/sh ./libtool   --mode=install /usr/bin/install -c   libopcodes.la '/tools/lib'
libtool: install: /usr/bin/install -c .libs/libopcodes.lai /tools/lib/libopcodes.la
libtool: install: /usr/bin/install -c .libs/libopcodes.a /tools/lib/libopcodes.a
libtool: install: chmod 644 /tools/lib/libopcodes.a
libtool: install: i686-lfs-linux-gnu-ranlib /tools/lib/libopcodes.a
libtool: finish: PATH="/tools/bin:/bin:/usr/bin:/sbin" ldconfig -n /tools/lib
----------------------------------------------------------------------
Libraries have been installed in:
   /tools/lib

If you ever happen to want to link against installed libraries
in a given directory, LIBDIR, you must either use libtool, and
specify the full pathname of the library, or use the `-LLIBDIR'
flag during linking and do at least one of the following:
   - add LIBDIR to the `LD_LIBRARY_PATH' environment variable
     during execution
   - add LIBDIR to the `LD_RUN_PATH' environment variable
     during linking
   - use the `-Wl,-rpath -Wl,LIBDIR' linker flag
   - have your system administrator add LIBDIR to `/etc/ld.so.conf'

See any operating system documentation about shared libraries for
more information, such as the ld(1) and ld.so(8) manual pages.
----------------------------------------------------------------------
make[4]: Leaving directory `/mnt/lfs/sources/binutils-build/opcodes'
make[3]: Leaving directory `/mnt/lfs/sources/binutils-build/opcodes'
Making install in po
make[3]: Entering directory `/mnt/lfs/sources/binutils-build/opcodes/po'
make[3]: Nothing to be done for `install'.
make[3]: Leaving directory `/mnt/lfs/sources/binutils-build/opcodes/po'
make[2]: Leaving directory `/mnt/lfs/sources/binutils-build/opcodes'
make[2]: Entering directory `/mnt/lfs/sources/binutils-build/binutils'
make  install-recursive
make[3]: Entering directory `/mnt/lfs/sources/binutils-build/binutils'
Making install in doc
make[4]: Entering directory `/mnt/lfs/sources/binutils-build/binutils/doc'
make[5]: Entering directory `/mnt/lfs/sources/binutils-build/binutils/doc'
make[5]: Nothing to be done for `install-exec-am'.
test -z "/tools/share/info" || /bin/mkdir -p "/tools/share/info"
 /usr/bin/install -c -m 644 ../../../binutils-2.24/binutils/doc/binutils.info '/tools/share/info'
 install-info --info-dir='/tools/share/info' '/tools/share/info/binutils.info'
test -z "/tools/share/man/man1" || /bin/mkdir -p "/tools/share/man/man1"
 /usr/bin/install -c -m 644 ../../../binutils-2.24/binutils/doc/addr2line.1 ../../../binutils-2.24/binutils/doc/ar.1 ../../../binutils-2.24/binutils/doc/dlltool.1 ../../../binutils-2.24/binutils/doc/nlmconv.1 ../../../binutils-2.24/binutils/doc/nm.1 ../../../binutils-2.24/binutils/doc/objcopy.1 ../../../binutils-2.24/binutils/doc/objdump.1 ../../../binutils-2.24/binutils/doc/ranlib.1 ../../../binutils-2.24/binutils/doc/readelf.1 ../../../binutils-2.24/binutils/doc/size.1 ../../../binutils-2.24/binutils/doc/strings.1 ../../../binutils-2.24/binutils/doc/strip.1 ../../../binutils-2.24/binutils/doc/elfedit.1 ../../../binutils-2.24/binutils/doc/windres.1 ../../../binutils-2.24/binutils/doc/windmc.1 c++filt.1 '/tools/share/man/man1'
make[5]: Leaving directory `/mnt/lfs/sources/binutils-build/binutils/doc'
make[4]: Leaving directory `/mnt/lfs/sources/binutils-build/binutils/doc'
Making install in po
make[4]: Entering directory `/mnt/lfs/sources/binutils-build/binutils/po'
make[4]: Nothing to be done for `install'.
make[4]: Leaving directory `/mnt/lfs/sources/binutils-build/binutils/po'
make[4]: Entering directory `/mnt/lfs/sources/binutils-build/binutils'
make[5]: Entering directory `/mnt/lfs/sources/binutils-build/binutils'
test -z "/tools/bin" || /bin/mkdir -p "/tools/bin"
  /bin/sh ./libtool   --mode=install /usr/bin/install -c size objdump ar strings ranlib objcopy addr2line readelf elfedit '/tools/bin'
libtool: install: /usr/bin/install -c size /tools/bin/size
libtool: install: /usr/bin/install -c objdump /tools/bin/objdump
libtool: install: /usr/bin/install -c ar /tools/bin/ar
libtool: install: /usr/bin/install -c strings /tools/bin/strings
libtool: install: /usr/bin/install -c ranlib /tools/bin/ranlib
libtool: install: /usr/bin/install -c objcopy /tools/bin/objcopy
libtool: install: /usr/bin/install -c addr2line /tools/bin/addr2line
libtool: install: /usr/bin/install -c readelf /tools/bin/readelf
libtool: install: /usr/bin/install -c elfedit /tools/bin/elfedit
test -z "/tools/bin" || /bin/mkdir -p "/tools/bin"
 /bin/sh ./libtool  --mode=install /usr/bin/install -c nm-new /tools/bin/nm
libtool: install: /usr/bin/install -c nm-new /tools/bin/nm
 /bin/sh ./libtool  --mode=install /usr/bin/install -c strip-new /tools/bin/strip
libtool: install: /usr/bin/install -c strip-new /tools/bin/strip
 /bin/sh ./libtool  --mode=install /usr/bin/install -c cxxfilt /tools/bin/c++filt
libtool: install: /usr/bin/install -c cxxfilt /tools/bin/c++filt
/bin/sh ../../binutils-2.24/binutils/../mkinstalldirs /tools/i686-pc-linux-gnu/bin
mkdir -p -- /tools/i686-pc-linux-gnu/bin
for i in nm-new strip-new ar ranlib dlltool objdump objcopy; do \
	  if [ -f $i ]; then \
	    j=`echo $i | sed -e 's/-new//'`; \
	    k=`echo $j | sed 's,y,y,'`; \
	    if [ "/tools/bin/$k" != "/tools/i686-pc-linux-gnu/bin/$j" ]; then \
	      rm -f /tools/i686-pc-linux-gnu/bin/$j; \
	      ln /tools/bin/$k /tools/i686-pc-linux-gnu/bin/$j >/dev/null 2>/dev/null \
		|| /bin/sh ./libtool --mode=install /usr/bin/install -c $i /tools/i686-pc-linux-gnu/bin/$j; \
	    fi; \
	  else true; \
	  fi; \
	done
make[5]: Nothing to be done for `install-data-am'.
make[5]: Leaving directory `/mnt/lfs/sources/binutils-build/binutils'
make[4]: Leaving directory `/mnt/lfs/sources/binutils-build/binutils'
make[3]: Leaving directory `/mnt/lfs/sources/binutils-build/binutils'
make[2]: Leaving directory `/mnt/lfs/sources/binutils-build/binutils'
make[2]: Entering directory `/mnt/lfs/sources/binutils-build/etc'
for f in standards.info configure.info; do \
	  if test -f ../../binutils-2.24/etc/`echo $f | sed -e 's/.info$/.texi/'`; then \
	    if make "MAKEINFO=/mnt/lfs/sources/binutils-2.24/missing makeinfo --split-size=5000000 --split-size=5000000" $f; then \
	      true; \
	    else \
	      exit 1; \
	    fi; \
	  fi; \
	done
make[3]: Entering directory `/mnt/lfs/sources/binutils-build/etc'
make[3]: `../../binutils-2.24/etc/standards.info' is up to date.
make[3]: Leaving directory `/mnt/lfs/sources/binutils-build/etc'
make[3]: Entering directory `/mnt/lfs/sources/binutils-build/etc'
make[3]: `../../binutils-2.24/etc/configure.info' is up to date.
make[3]: Leaving directory `/mnt/lfs/sources/binutils-build/etc'
/bin/sh ../../binutils-2.24/etc/../mkinstalldirs /tools/share/info
if test ! -f standards.info; then cd ../../binutils-2.24/etc; fi; \
	if test -f standards.info; then \
	  for i in standards.info*; do \
	    /usr/bin/install -c -m 644 $i /tools/share/info/$i; \
	  done; \
	fi
if test ! -f configure.info; then cd ../../binutils-2.24/etc; fi; \
	if test -f configure.info; then \
	  for i in configure.info*; do \
	    /usr/bin/install -c -m 644 $i /tools/share/info/$i; \
	  done; \
	fi
make[2]: Leaving directory `/mnt/lfs/sources/binutils-build/etc'
make[2]: Entering directory `/mnt/lfs/sources/binutils-build/gas'
Making install in doc
make[3]: Entering directory `/mnt/lfs/sources/binutils-build/gas/doc'
make[4]: Entering directory `/mnt/lfs/sources/binutils-build/gas/doc'
make[4]: Nothing to be done for `install-exec-am'.
test -z "/tools/share/info" || /bin/mkdir -p "/tools/share/info"
 /usr/bin/install -c -m 644 ../../../binutils-2.24/gas/doc/as.info '/tools/share/info'
 install-info --info-dir='/tools/share/info' '/tools/share/info/as.info'
test -z "/tools/share/man/man1" || /bin/mkdir -p "/tools/share/man/man1"
 /usr/bin/install -c -m 644 ../../../binutils-2.24/gas/doc/as.1 '/tools/share/man/man1'
make[4]: Leaving directory `/mnt/lfs/sources/binutils-build/gas/doc'
make[3]: Leaving directory `/mnt/lfs/sources/binutils-build/gas/doc'
Making install in po
make[3]: Entering directory `/mnt/lfs/sources/binutils-build/gas/po'
make[3]: Nothing to be done for `install'.
make[3]: Leaving directory `/mnt/lfs/sources/binutils-build/gas/po'
make[3]: Entering directory `/mnt/lfs/sources/binutils-build/gas'
make[4]: Entering directory `/mnt/lfs/sources/binutils-build/gas'
/bin/sh ../../binutils-2.24/gas/../mkinstalldirs /tools/bin
 /bin/sh ./libtool  --mode=install /usr/bin/install -c as-new /tools/bin/as
libtool: install: /usr/bin/install -c as-new /tools/bin/as
/bin/sh ../../binutils-2.24/gas/../mkinstalldirs /tools/i686-pc-linux-gnu/bin
n=`echo as | sed 's,y,y,'`; \
	if [ "/tools/bin/$n" != "/tools/i686-pc-linux-gnu/bin/as" ]; then \
	  rm -f /tools/i686-pc-linux-gnu/bin/as; \
	  ln /tools/bin/$n /tools/i686-pc-linux-gnu/bin/as >/dev/null 2>/dev/null \
	    || /bin/sh ./libtool --mode=install /usr/bin/install -c as-new /tools/i686-pc-linux-gnu/bin/as; \
	else \
	  true ; \
	fi
make[4]: Nothing to be done for `install-data-am'.
make[4]: Leaving directory `/mnt/lfs/sources/binutils-build/gas'
make[3]: Leaving directory `/mnt/lfs/sources/binutils-build/gas'
make[2]: Leaving directory `/mnt/lfs/sources/binutils-build/gas'
make[2]: Entering directory `/mnt/lfs/sources/binutils-build/gprof'
make  install-recursive
make[3]: Entering directory `/mnt/lfs/sources/binutils-build/gprof'
Making install in po
make[4]: Entering directory `/mnt/lfs/sources/binutils-build/gprof/po'
make[4]: Nothing to be done for `install'.
make[4]: Leaving directory `/mnt/lfs/sources/binutils-build/gprof/po'
make[4]: Entering directory `/mnt/lfs/sources/binutils-build/gprof'
make[5]: Entering directory `/mnt/lfs/sources/binutils-build/gprof'
test -z "/tools/bin" || /bin/mkdir -p "/tools/bin"
  /bin/sh ./libtool   --mode=install /usr/bin/install -c gprof '/tools/bin'
libtool: install: /usr/bin/install -c gprof /tools/bin/gprof
test -z "/tools/share/info" || /bin/mkdir -p "/tools/share/info"
 /usr/bin/install -c -m 644 ../../binutils-2.24/gprof/gprof.info '/tools/share/info'
 install-info --info-dir='/tools/share/info' '/tools/share/info/gprof.info'
test -z "/tools/share/man/man1" || /bin/mkdir -p "/tools/share/man/man1"
 /usr/bin/install -c -m 644 ../../binutils-2.24/gprof/gprof.1 '/tools/share/man/man1'
make[5]: Leaving directory `/mnt/lfs/sources/binutils-build/gprof'
make[4]: Leaving directory `/mnt/lfs/sources/binutils-build/gprof'
make[3]: Leaving directory `/mnt/lfs/sources/binutils-build/gprof'
make[2]: Leaving directory `/mnt/lfs/sources/binutils-build/gprof'
make[2]: Entering directory `/mnt/lfs/sources/binutils-build/intl'
make[2]: Nothing to be done for `install'.
make[2]: Leaving directory `/mnt/lfs/sources/binutils-build/intl'
make[2]: Entering directory `/mnt/lfs/sources/binutils-build/ld'
make  install-recursive
make[3]: Entering directory `/mnt/lfs/sources/binutils-build/ld'
Making install in po
make[4]: Entering directory `/mnt/lfs/sources/binutils-build/ld/po'
make[4]: Nothing to be done for `install'.
make[4]: Leaving directory `/mnt/lfs/sources/binutils-build/ld/po'
make[4]: Entering directory `/mnt/lfs/sources/binutils-build/ld'
make[5]: Entering directory `/mnt/lfs/sources/binutils-build/ld'
test -z "/tools/bin" || /bin/mkdir -p "/tools/bin"
  /bin/sh ./libtool   --mode=install /usr/bin/install -c ld-new '/tools/bin/./ld.bfd'
libtool: install: /usr/bin/install -c ld-new /tools/bin/./ld.bfd
/bin/sh ../../binutils-2.24/ld/../mkinstalldirs /tools/i686-pc-linux-gnu/bin
n=`echo ld.bfd | sed 's/^ld-new$/ld.bfd/;s,y,y,'`; \
	if test "/tools/bin" != "/tools/i686-pc-linux-gnu/bin"; then \
	  rm -f /tools/i686-pc-linux-gnu/bin/ld.bfd; \
	  ln /tools/bin/$n /tools/i686-pc-linux-gnu/bin/ld.bfd >/dev/null 2>/dev/null \
	  || /bin/sh ./libtool --mode=install /usr/bin/install -c ld-new /tools/i686-pc-linux-gnu/bin/ld.bfd; \
	fi; \
	if test "xyes" = "xyes"; then \
	  ld=`echo ld | sed 's/^ld-new$/ld.bfd/;s,y,y,'`; \
	  rm -f /tools/bin/$ld; \
	  ln /tools/bin/$n /tools/bin/$ld >/dev/null 2>/dev/null \
	  || /bin/sh ./libtool --mode=install /usr/bin/install -c ld-new /tools/bin/$ld; \
	  if test "/tools/bin" != "/tools/i686-pc-linux-gnu/bin"; then \
	    rm -f /tools/i686-pc-linux-gnu/bin/ld; \
	    ln /tools/bin/$n /tools/i686-pc-linux-gnu/bin/ld >/dev/null 2>/dev/null \
	    || /bin/sh ./libtool --mode=install /usr/bin/install -c ld-new /tools/i686-pc-linux-gnu/bin/ld; \
	  fi; \
	fi
/bin/sh ../../binutils-2.24/ld/../mkinstalldirs /tools/i686-pc-linux-gnu/lib/ldscripts
mkdir -p -- /tools/i686-pc-linux-gnu/lib/ldscripts
for f in ldscripts/*; do \
	  /usr/bin/install -c -m 644 $f /tools/i686-pc-linux-gnu/lib/$f ; \
	done
test -z "/tools/share/info" || /bin/mkdir -p "/tools/share/info"
 /usr/bin/install -c -m 644 ../../binutils-2.24/ld/ld.info '/tools/share/info'
 install-info --info-dir='/tools/share/info' '/tools/share/info/ld.info'
test -z "/tools/share/man/man1" || /bin/mkdir -p "/tools/share/man/man1"
 /usr/bin/install -c -m 644 ../../binutils-2.24/ld/ld.1 '/tools/share/man/man1'
make[5]: Leaving directory `/mnt/lfs/sources/binutils-build/ld'
make[4]: Leaving directory `/mnt/lfs/sources/binutils-build/ld'
make[3]: Leaving directory `/mnt/lfs/sources/binutils-build/ld'
make[2]: Leaving directory `/mnt/lfs/sources/binutils-build/ld'
make[2]: Entering directory `/mnt/lfs/sources/binutils-build/libiberty'
make[3]: Entering directory `/mnt/lfs/sources/binutils-build/libiberty/testsuite'
make[3]: Nothing to be done for `all'.
make[3]: Leaving directory `/mnt/lfs/sources/binutils-build/libiberty/testsuite'
if test -n ""; then \
		/bin/sh ../../binutils-2.24/libiberty/../mkinstalldirs /tools/lib/`i686-lfs-linux-gnu-gcc -g -O2 -print-multi-os-directory`; \
		/usr/bin/install -c -m 644 ./libiberty.a /tools/lib/`i686-lfs-linux-gnu-gcc -g -O2 -print-multi-os-directory`/./libiberty.an; \
		( cd /tools/lib/`i686-lfs-linux-gnu-gcc -g -O2 -print-multi-os-directory` ; chmod 644 ./libiberty.an ;i686-lfs-linux-gnu-ranlib ./libiberty.an ); \
		mv -f /tools/lib/`i686-lfs-linux-gnu-gcc -g -O2 -print-multi-os-directory`/./libiberty.an /tools/lib/`i686-lfs-linux-gnu-gcc -g -O2 -print-multi-os-directory`/./libiberty.a; \
		case "" in \
		  /*)    thd=;; \
		  *)     thd=/tools/include/;; \
		esac; \
		/bin/sh ../../binutils-2.24/libiberty/../mkinstalldirs ${thd}; \
		for h in ../../binutils-2.24/libiberty/../include/ansidecl.h ../../binutils-2.24/libiberty/../include/demangle.h ../../binutils-2.24/libiberty/../include/dyn-string.h ../../binutils-2.24/libiberty/../include/fibheap.h ../../binutils-2.24/libiberty/../include/floatformat.h ../../binutils-2.24/libiberty/../include/hashtab.h ../../binutils-2.24/libiberty/../include/libiberty.h ../../binutils-2.24/libiberty/../include/objalloc.h ../../binutils-2.24/libiberty/../include/partition.h ../../binutils-2.24/libiberty/../include/safe-ctype.h ../../binutils-2.24/libiberty/../include/sort.h ../../binutils-2.24/libiberty/../include/splay-tree.h ../../binutils-2.24/libiberty/../include/timeval-utils.h; do \
		  /usr/bin/install -c -m 644 $h ${thd}; \
		done; \
	fi
make[3]: Entering directory `/mnt/lfs/sources/binutils-build/libiberty/testsuite'
make[3]: Nothing to be done for `install'.
make[3]: Leaving directory `/mnt/lfs/sources/binutils-build/libiberty/testsuite'
make[2]: Leaving directory `/mnt/lfs/sources/binutils-build/libiberty'
make[1]: Nothing to be done for `install-target'.
make[1]: Leaving directory `/mnt/lfs/sources/binutils-build'
