patching file assoc.c
patching file bashline.c
patching file bashline.h
patching file builtins/declare.def
patching file builtins/fc.def
patching file builtins/mapfile.def
patching file builtins/printf.def
patching file builtins/read.def
patching file builtins/shopt.def
patching file command.h
patching file doc/bash.1
patching file doc/bashref.texi
patching file error.c
patching file execute_cmd.c
patching file expr.c
patching file lib/glob/glob.c
patching file lib/glob/gmisc.c
patching file lib/glob/xmbsrtowcs.c
patching file lib/readline/callback.c
patching file lib/readline/input.c
patching file lib/readline/vi_mode.c
patching file lib/sh/eaccess.c
patching file lib/sh/zread.c
patching file parse.y
patching file patchlevel.h
patching file pathexp.c
patching file print_cmd.c
patching file redir.c
patching file shell.h
patching file sig.c
patching file subst.c
patching file subst.h
patching file support/shobj-conf
patching file tests/shopt.right
patching file variables.c
patching file variables.h
