This file contains any messages produced by compilers while
running configure, to aid debugging if configure makes a mistake.

It was created by configure, which was
generated by GNU Autoconf 2.64.  Invocation command line was

  $ ../gcc-4.8.2/configure --prefix=/usr --enable-shared --enable-threads=posix --enable-__cxa_atexit --enable-clocale=gnu --enable-languages=c,c++ --disable-multilib --disable-bootstrap --with-system-zlib

## --------- ##
## Platform. ##
## --------- ##

hostname = lfs
uname -m = i686
uname -r = 3.11.0-26-generic
uname -s = Linux
uname -v = #45-Ubuntu SMP Tue Jul 15 04:04:15 UTC 2014

/usr/bin/uname -p = unknown
/bin/uname -X     = unknown

/bin/arch              = unknown
/usr/bin/arch -k       = unknown
/usr/convex/getsysinfo = unknown
/usr/bin/hostinfo      = unknown
/bin/machine           = unknown
/usr/bin/oslevel       = unknown
/bin/universe          = unknown

PATH: /bin
PATH: /usr/bin
PATH: /sbin
PATH: /usr/sbin
PATH: /tools/bin


## ----------- ##
## Core tests. ##
## ----------- ##

configure:2317: checking build system type
configure:2331: result: i686-pc-linux-gnu
configure:2378: checking host system type
configure:2391: result: i686-pc-linux-gnu
configure:2411: checking target system type
configure:2424: result: i686-pc-linux-gnu
configure:2478: checking for a BSD-compatible install
configure:2546: result: /tools/bin/install -c
configure:2557: checking whether ln works
configure:2579: result: yes
configure:2583: checking whether ln -s works
configure:2587: result: yes
configure:2594: checking for a sed that does not truncate output
configure:2658: result: /tools/bin/sed
configure:2667: checking for gawk
configure:2683: found /tools/bin/gawk
configure:2694: result: gawk
configure:3164: checking for libatomic support
configure:3174: result: yes
configure:3183: checking for libitm support
configure:3193: result: yes
configure:3202: checking for libsanitizer support
configure:3212: result: yes
configure:3936: checking for gcc
configure:3952: found /tools/bin/gcc
configure:3963: result: gcc
configure:4192: checking for C compiler version
configure:4201: gcc --version >&5
gcc (GCC) 4.8.2
Copyright (C) 2013 Free Software Foundation, Inc.
This is free software; see the source for copying conditions.  There is NO
warranty; not even for MERCHANTABILITY or FITNESS FOR A PARTICULAR PURPOSE.

configure:4212: $? = 0
configure:4201: gcc -v >&5
Reading specs from /tools/lib/gcc/i686-pc-linux-gnu/4.8.2/specs
COLLECT_GCC=gcc
COLLECT_LTO_WRAPPER=/tools/libexec/gcc/i686-pc-linux-gnu/4.8.2/lto-wrapper
Target: i686-pc-linux-gnu
Configured with: ../gcc-4.8.2/configure --prefix=/tools --with-local-prefix=/tools --with-native-system-header-dir=/tools/include --enable-clocale=gnu --enable-shared --enable-threads=posix --enable-__cxa_atexit --enable-languages=c,c++ --disable-libstdcxx-pch --disable-multilib --disable-bootstrap --disable-libgomp --with-mpfr-include=/mnt/lfs/sources/gcc-build/../gcc-4.8.2/mpfr/src --with-mpfr-lib=/mnt/lfs/sources/gcc-build/mpfr/src/.libs
Thread model: posix
gcc version 4.8.2 (GCC) 
configure:4212: $? = 0
configure:4201: gcc -V >&5
gcc: error: unrecognized command line option '-V'
gcc: fatal error: no input files
compilation terminated.
configure:4212: $? = 1
configure:4201: gcc -qversion >&5
gcc: error: unrecognized command line option '-qversion'
gcc: fatal error: no input files
compilation terminated.
configure:4212: $? = 1
configure:4232: checking for C compiler default output file name
configure:4254: gcc    conftest.c  >&5
configure:4258: $? = 0
configure:4295: result: a.out
configure:4311: checking whether the C compiler works
configure:4320: ./a.out
configure:4324: $? = 0
configure:4339: result: yes
configure:4346: checking whether we are cross compiling
configure:4348: result: no
configure:4351: checking for suffix of executables
configure:4358: gcc -o conftest    conftest.c  >&5
configure:4362: $? = 0
configure:4384: result: 
configure:4390: checking for suffix of object files
configure:4412: gcc -c   conftest.c >&5
configure:4416: $? = 0
configure:4437: result: o
configure:4441: checking whether we are using the GNU C compiler
configure:4460: gcc -c   conftest.c >&5
configure:4460: $? = 0
configure:4469: result: yes
configure:4478: checking whether gcc accepts -g
configure:4498: gcc -c -g  conftest.c >&5
configure:4498: $? = 0
configure:4539: result: yes
configure:4556: checking for gcc option to accept ISO C89
configure:4620: gcc  -c -g -O2  conftest.c >&5
configure:4620: $? = 0
configure:4633: result: none needed
configure:4711: checking for g++
configure:4727: found /tools/bin/g++
configure:4738: result: g++
configure:4765: checking for C++ compiler version
configure:4774: g++ --version >&5
g++ (GCC) 4.8.2
Copyright (C) 2013 Free Software Foundation, Inc.
This is free software; see the source for copying conditions.  There is NO
warranty; not even for MERCHANTABILITY or FITNESS FOR A PARTICULAR PURPOSE.

configure:4785: $? = 0
configure:4774: g++ -v >&5
Reading specs from /tools/lib/gcc/i686-pc-linux-gnu/4.8.2/specs
COLLECT_GCC=g++
COLLECT_LTO_WRAPPER=/tools/libexec/gcc/i686-pc-linux-gnu/4.8.2/lto-wrapper
Target: i686-pc-linux-gnu
Configured with: ../gcc-4.8.2/configure --prefix=/tools --with-local-prefix=/tools --with-native-system-header-dir=/tools/include --enable-clocale=gnu --enable-shared --enable-threads=posix --enable-__cxa_atexit --enable-languages=c,c++ --disable-libstdcxx-pch --disable-multilib --disable-bootstrap --disable-libgomp --with-mpfr-include=/mnt/lfs/sources/gcc-build/../gcc-4.8.2/mpfr/src --with-mpfr-lib=/mnt/lfs/sources/gcc-build/mpfr/src/.libs
Thread model: posix
gcc version 4.8.2 (GCC) 
configure:4785: $? = 0
configure:4774: g++ -V >&5
g++: error: unrecognized command line option '-V'
g++: fatal error: no input files
compilation terminated.
configure:4785: $? = 1
configure:4774: g++ -qversion >&5
g++: error: unrecognized command line option '-qversion'
g++: fatal error: no input files
compilation terminated.
configure:4785: $? = 1
configure:4789: checking whether we are using the GNU C++ compiler
configure:4808: g++ -c   conftest.cpp >&5
configure:4808: $? = 0
configure:4817: result: yes
configure:4826: checking whether g++ accepts -g
configure:4846: g++ -c -g  conftest.cpp >&5
configure:4846: $? = 0
configure:4887: result: yes
configure:4936: checking whether g++ accepts -static-libstdc++ -static-libgcc
configure:4953: g++ -o conftest -g -O2   -static-libstdc++ -static-libgcc conftest.cpp  >&5
/tools/lib/gcc/i686-pc-linux-gnu/4.8.2/../../../../i686-pc-linux-gnu/bin/ld: cannot find -lstdc++
collect2: error: ld returned 1 exit status
configure:4953: $? = 1
configure: failed program was:
| /* confdefs.h */
| #define PACKAGE_NAME ""
| #define PACKAGE_TARNAME ""
| #define PACKAGE_VERSION ""
| #define PACKAGE_STRING ""
| #define PACKAGE_BUGREPORT ""
| #define PACKAGE_URL ""
| /* end confdefs.h.  */
| 
| #if (__GNUC__ < 4) || (__GNUC__ == 4 && __GNUC_MINOR__ < 5)
| #error -static-libstdc++ not implemented
| #endif
| int main() {}
configure:4957: result: no
configure:5018: checking for gnatbind
configure:5048: result: no
configure:5110: checking for gnatmake
configure:5140: result: no
configure:5159: checking whether compiler driver understands Ada
configure:5182: result: no
configure:5191: checking how to compare bootstrapped objects
configure:5216: result: cmp --ignore-initial=16 $$f1 $$f2
configure:5270: checking for objdir
configure:5285: result: .libs
configure:5459: checking for the correct version of gmp.h
configure:5479: gcc -c -g -O2   conftest.c >&5
configure:5479: $? = 0
configure:5497: gcc -c -g -O2   conftest.c >&5
configure:5497: $? = 0
configure:5498: result: yes
configure:5514: checking for the correct version of mpfr.h
configure:5532: gcc -c -g -O2   conftest.c >&5
configure:5532: $? = 0
configure:5549: gcc -c -g -O2   conftest.c >&5
configure:5549: $? = 0
configure:5550: result: yes
configure:5567: checking for the correct version of mpc.h
configure:5584: gcc -c -g -O2   conftest.c >&5
configure:5584: $? = 0
configure:5600: gcc -c -g -O2   conftest.c >&5
configure:5600: $? = 0
configure:5601: result: yes
configure:5619: checking for the correct version of the gmp/mpfr/mpc libraries
configure:5650: gcc -o conftest -g -O2    conftest.c  -lmpc -lmpfr -lgmp >&5
configure:5650: $? = 0
configure:5651: result: yes
configure:5857: checking for version 0.10 of ISL
configure:5876: gcc -o conftest -g -O2      conftest.c  -lisl >&5
conftest.c:10:25: fatal error: isl/version.h: No such file or directory
 #include <isl/version.h>
                         ^
compilation terminated.
configure:5876: $? = 1
configure: program exited with status 1
configure: failed program was:
| /* confdefs.h */
| #define PACKAGE_NAME ""
| #define PACKAGE_TARNAME ""
| #define PACKAGE_VERSION ""
| #define PACKAGE_STRING ""
| #define PACKAGE_BUGREPORT ""
| #define PACKAGE_URL ""
| #define LT_OBJDIR ".libs/"
| /* end confdefs.h.  */
| #include <isl/version.h>
|    #include <string.h>
| int
| main ()
| {
| if (strncmp (isl_version (), "isl-0.10", strlen ("isl-0.10")) != 0)
|      return 1;
| 
|   ;
|   return 0;
| }
configure:5885: result: no
configure:5905: checking for version 0.11 of ISL
configure:5924: gcc -o conftest -g -O2      conftest.c  -lisl >&5
conftest.c:10:25: fatal error: isl/version.h: No such file or directory
 #include <isl/version.h>
                         ^
compilation terminated.
configure:5924: $? = 1
configure: program exited with status 1
configure: failed program was:
| /* confdefs.h */
| #define PACKAGE_NAME ""
| #define PACKAGE_TARNAME ""
| #define PACKAGE_VERSION ""
| #define PACKAGE_STRING ""
| #define PACKAGE_BUGREPORT ""
| #define PACKAGE_URL ""
| #define LT_OBJDIR ".libs/"
| /* end confdefs.h.  */
| #include <isl/version.h>
|    #include <string.h>
| int
| main ()
| {
| if (strncmp (isl_version (), "isl-0.11", strlen ("isl-0.11")) != 0)
|      return 1;
| 
|   ;
|   return 0;
| }
configure:5933: result: no
configure:5953: checking for version 0.12 of ISL
configure:5972: gcc -o conftest -g -O2      conftest.c  -lisl >&5
conftest.c:10:25: fatal error: isl/version.h: No such file or directory
 #include <isl/version.h>
                         ^
compilation terminated.
configure:5972: $? = 1
configure: program exited with status 1
configure: failed program was:
| /* confdefs.h */
| #define PACKAGE_NAME ""
| #define PACKAGE_TARNAME ""
| #define PACKAGE_VERSION ""
| #define PACKAGE_STRING ""
| #define PACKAGE_BUGREPORT ""
| #define PACKAGE_URL ""
| #define LT_OBJDIR ".libs/"
| /* end confdefs.h.  */
| #include <isl/version.h>
|    #include <string.h>
| int
| main ()
| {
| if (strncmp (isl_version (), "isl-0.12", strlen ("isl-0.12")) != 0)
|      return 1;
| 
|   ;
|   return 0;
| }
configure:5981: result: no
configure:7139: checking for default BUILD_CONFIG
configure:7171: result: 
configure:7660: checking for bison
configure:7690: result: no
configure:7660: checking for byacc
configure:7690: result: no
configure:7660: checking for yacc
configure:7690: result: no
configure:7707: checking for bison
configure:7737: result: no
configure:7754: checking for gm4
configure:7784: result: no
configure:7754: checking for gnum4
configure:7784: result: no
configure:7754: checking for m4
configure:7770: found /tools/bin/m4
configure:7781: result: m4
configure:7801: checking for flex
configure:7831: result: no
configure:7801: checking for lex
configure:7831: result: no
configure:7849: checking for flex
configure:7879: result: no
configure:7896: checking for makeinfo
configure:7912: found /tools/bin/makeinfo
configure:7923: result: makeinfo
configure:7957: checking for expect
configure:7973: found /tools/bin/expect
configure:7984: result: expect
configure:8006: checking for runtest
configure:8022: found /tools/bin/runtest
configure:8033: result: runtest
configure:8151: checking for ar
configure:8167: found /usr/bin/ar
configure:8178: result: ar
configure:8292: checking for as
configure:8308: found /usr/bin/as
configure:8319: result: as
configure:8433: checking for dlltool
configure:8463: result: no
configure:8493: checking for ld
configure:8520: result: /tools/lib/gcc/i686-pc-linux-gnu/4.8.2/../../../../i686-pc-linux-gnu/bin/ld
configure:8715: checking for lipo
configure:8745: result: no
configure:8856: checking for nm
configure:8872: found /usr/bin/nm
configure:8883: result: nm
configure:8997: checking for ranlib
configure:9013: found /usr/bin/ranlib
configure:9024: result: ranlib
configure:9133: checking for strip
configure:9149: found /usr/bin/strip
configure:9160: result: strip
configure:9269: checking for windres
configure:9299: result: no
configure:9410: checking for windmc
configure:9440: result: no
configure:9551: checking for objcopy
configure:9567: found /usr/bin/objcopy
configure:9578: result: objcopy
configure:9692: checking for objdump
configure:9708: found /usr/bin/objdump
configure:9719: result: objdump
configure:9833: checking for readelf
configure:9849: found /usr/bin/readelf
configure:9860: result: readelf
configure:10013: checking for cc
configure:10029: found /tools/bin/cc
configure:10040: result: cc
configure:10174: checking for c++
configure:10190: found /tools/bin/c++
configure:10201: result: c++
configure:10335: checking for gcc
configure:10351: found /tools/bin/gcc
configure:10362: result: gcc
configure:10491: checking for gcj
configure:10521: result: no
configure:10652: checking for gfortran
configure:10682: result: no
configure:10813: checking for gccgo
configure:10843: result: no
configure:10904: checking for ar
configure:10937: result: no
configure:11054: checking for ar
configure:11070: found /usr/bin/ar
configure:11081: result: ar
configure:11134: checking for as
configure:11167: result: no
configure:11284: checking for as
configure:11300: found /usr/bin/as
configure:11311: result: as
configure:11364: checking for dlltool
configure:11397: result: no
configure:11514: checking for dlltool
configure:11544: result: no
configure:11594: checking for ld
configure:11627: result: no
configure:11744: checking for ld
configure:11760: found /usr/bin/ld
configure:11771: result: ld
configure:11824: checking for lipo
configure:11857: result: no
configure:11974: checking for lipo
configure:12004: result: no
configure:12054: checking for nm
configure:12087: result: no
configure:12204: checking for nm
configure:12220: found /usr/bin/nm
configure:12231: result: nm
configure:12284: checking for objdump
configure:12317: result: no
configure:12434: checking for objdump
configure:12450: found /usr/bin/objdump
configure:12461: result: objdump
configure:12514: checking for ranlib
configure:12547: result: no
configure:12664: checking for ranlib
configure:12680: found /usr/bin/ranlib
configure:12691: result: ranlib
configure:12744: checking for readelf
configure:12777: result: no
configure:12894: checking for readelf
configure:12910: found /usr/bin/readelf
configure:12921: result: readelf
configure:12974: checking for strip
configure:13007: result: no
configure:13124: checking for strip
configure:13140: found /usr/bin/strip
configure:13151: result: strip
configure:13204: checking for windres
configure:13237: result: no
configure:13354: checking for windres
configure:13384: result: no
configure:13434: checking for windmc
configure:13467: result: no
configure:13584: checking for windmc
configure:13614: result: no
configure:13642: checking where to find the target ar
configure:13675: result: host tool
configure:13684: checking where to find the target as
configure:13717: result: host tool
configure:13726: checking where to find the target cc
configure:13749: result: just compiled
configure:13768: checking where to find the target c++
configure:13794: result: just compiled
configure:13813: checking where to find the target c++ for libstdc++
configure:13839: result: just compiled
configure:13858: checking where to find the target dlltool
configure:13891: result: host tool
configure:13900: checking where to find the target gcc
configure:13923: result: just compiled
configure:13942: checking where to find the target gcj
configure:13978: result: host tool
configure:13987: checking where to find the target gfortran
configure:14023: result: host tool
configure:14032: checking where to find the target gccgo
configure:14068: result: host tool
configure:14077: checking where to find the target ld
configure:14110: result: host tool
configure:14119: checking where to find the target lipo
configure:14141: result: host tool
configure:14150: checking where to find the target nm
configure:14183: result: host tool
configure:14192: checking where to find the target objdump
configure:14225: result: host tool
configure:14234: checking where to find the target ranlib
configure:14267: result: host tool
configure:14276: checking where to find the target readelf
configure:14309: result: host tool
configure:14318: checking where to find the target strip
configure:14351: result: host tool
configure:14360: checking where to find the target windres
configure:14393: result: host tool
configure:14402: checking where to find the target windmc
configure:14435: result: host tool
configure:14472: checking whether to enable maintainer-specific portions of Makefiles
configure:14481: result: no
configure:14692: creating ./config.status

## ---------------------- ##
## Running config.status. ##
## ---------------------- ##

This file was extended by config.status, which was
generated by GNU Autoconf 2.64.  Invocation command line was

  CONFIG_FILES    = 
  CONFIG_HEADERS  = 
  CONFIG_LINKS    = 
  CONFIG_COMMANDS = 
  $ ./config.status 

on lfs

config.status:977: creating Makefile

## ---------------- ##
## Cache variables. ##
## ---------------- ##

ac_cv_build=i686-pc-linux-gnu
ac_cv_c_compiler_gnu=yes
ac_cv_cxx_compiler_gnu=yes
ac_cv_env_AR_FOR_TARGET_set=
ac_cv_env_AR_FOR_TARGET_value=
ac_cv_env_AR_set=
ac_cv_env_AR_value=
ac_cv_env_AS_FOR_TARGET_set=
ac_cv_env_AS_FOR_TARGET_value=
ac_cv_env_AS_set=
ac_cv_env_AS_value=
ac_cv_env_CCC_set=
ac_cv_env_CCC_value=
ac_cv_env_CC_FOR_TARGET_set=
ac_cv_env_CC_FOR_TARGET_value=
ac_cv_env_CC_set=
ac_cv_env_CC_value=
ac_cv_env_CFLAGS_set=
ac_cv_env_CFLAGS_value=
ac_cv_env_CPPFLAGS_set=
ac_cv_env_CPPFLAGS_value=
ac_cv_env_CXXFLAGS_set=
ac_cv_env_CXXFLAGS_value=
ac_cv_env_CXX_FOR_TARGET_set=
ac_cv_env_CXX_FOR_TARGET_value=
ac_cv_env_CXX_set=
ac_cv_env_CXX_value=
ac_cv_env_DLLTOOL_FOR_TARGET_set=
ac_cv_env_DLLTOOL_FOR_TARGET_value=
ac_cv_env_DLLTOOL_set=
ac_cv_env_DLLTOOL_value=
ac_cv_env_GCC_FOR_TARGET_set=
ac_cv_env_GCC_FOR_TARGET_value=
ac_cv_env_GCJ_FOR_TARGET_set=
ac_cv_env_GCJ_FOR_TARGET_value=
ac_cv_env_GFORTRAN_FOR_TARGET_set=
ac_cv_env_GFORTRAN_FOR_TARGET_value=
ac_cv_env_GOC_FOR_TARGET_set=
ac_cv_env_GOC_FOR_TARGET_value=
ac_cv_env_LDFLAGS_set=
ac_cv_env_LDFLAGS_value=
ac_cv_env_LD_FOR_TARGET_set=
ac_cv_env_LD_FOR_TARGET_value=
ac_cv_env_LD_set=
ac_cv_env_LD_value=
ac_cv_env_LIBS_set=
ac_cv_env_LIBS_value=
ac_cv_env_LIPO_FOR_TARGET_set=
ac_cv_env_LIPO_FOR_TARGET_value=
ac_cv_env_LIPO_set=
ac_cv_env_LIPO_value=
ac_cv_env_NM_FOR_TARGET_set=
ac_cv_env_NM_FOR_TARGET_value=
ac_cv_env_NM_set=
ac_cv_env_NM_value=
ac_cv_env_OBJCOPY_set=
ac_cv_env_OBJCOPY_value=
ac_cv_env_OBJDUMP_FOR_TARGET_set=
ac_cv_env_OBJDUMP_FOR_TARGET_value=
ac_cv_env_OBJDUMP_set=
ac_cv_env_OBJDUMP_value=
ac_cv_env_RANLIB_FOR_TARGET_set=
ac_cv_env_RANLIB_FOR_TARGET_value=
ac_cv_env_RANLIB_set=
ac_cv_env_RANLIB_value=
ac_cv_env_READELF_FOR_TARGET_set=
ac_cv_env_READELF_FOR_TARGET_value=
ac_cv_env_READELF_set=
ac_cv_env_READELF_value=
ac_cv_env_STRIP_FOR_TARGET_set=
ac_cv_env_STRIP_FOR_TARGET_value=
ac_cv_env_STRIP_set=
ac_cv_env_STRIP_value=
ac_cv_env_WINDMC_FOR_TARGET_set=
ac_cv_env_WINDMC_FOR_TARGET_value=
ac_cv_env_WINDMC_set=
ac_cv_env_WINDMC_value=
ac_cv_env_WINDRES_FOR_TARGET_set=
ac_cv_env_WINDRES_FOR_TARGET_value=
ac_cv_env_WINDRES_set=
ac_cv_env_WINDRES_value=
ac_cv_env_build_alias_set=
ac_cv_env_build_alias_value=
ac_cv_env_build_configargs_set=
ac_cv_env_build_configargs_value=
ac_cv_env_host_alias_set=
ac_cv_env_host_alias_value=
ac_cv_env_host_configargs_set=
ac_cv_env_host_configargs_value=
ac_cv_env_target_alias_set=
ac_cv_env_target_alias_value=
ac_cv_env_target_configargs_set=
ac_cv_env_target_configargs_value=
ac_cv_host=i686-pc-linux-gnu
ac_cv_objext=o
ac_cv_path_SED=/tools/bin/sed
ac_cv_path_install='/tools/bin/install -c'
ac_cv_prog_AR=ar
ac_cv_prog_AR_FOR_TARGET=ar
ac_cv_prog_AS=as
ac_cv_prog_AS_FOR_TARGET=as
ac_cv_prog_AWK=gawk
ac_cv_prog_CC_FOR_TARGET=cc
ac_cv_prog_CXX_FOR_TARGET=c++
ac_cv_prog_EXPECT=expect
ac_cv_prog_GCC_FOR_TARGET=gcc
ac_cv_prog_LD=/tools/lib/gcc/i686-pc-linux-gnu/4.8.2/../../../../i686-pc-linux-gnu/bin/ld
ac_cv_prog_LD_FOR_TARGET=ld
ac_cv_prog_M4=m4
ac_cv_prog_MAKEINFO=makeinfo
ac_cv_prog_NM=nm
ac_cv_prog_NM_FOR_TARGET=nm
ac_cv_prog_OBJCOPY=objcopy
ac_cv_prog_OBJDUMP=objdump
ac_cv_prog_OBJDUMP_FOR_TARGET=objdump
ac_cv_prog_RANLIB=ranlib
ac_cv_prog_RANLIB_FOR_TARGET=ranlib
ac_cv_prog_READELF=readelf
ac_cv_prog_READELF_FOR_TARGET=readelf
ac_cv_prog_RUNTEST=runtest
ac_cv_prog_STRIP=strip
ac_cv_prog_STRIP_FOR_TARGET=strip
ac_cv_prog_ac_ct_CC=gcc
ac_cv_prog_ac_ct_CXX=g++
ac_cv_prog_cc_c89=
ac_cv_prog_cc_g=yes
ac_cv_prog_cxx_g=yes
ac_cv_target=i686-pc-linux-gnu
acx_cv_cc_gcc_supports_ada=no
acx_cv_prog_LN=ln
gcc_cv_isl=no
gcc_cv_prog_cmp_skip='cmp --ignore-initial=16 $$f1 $$f2'
gcc_cv_tool_dirs=/usr/libexec/gcc/i686-pc-linux-gnu/4.8.2:/usr/libexec/gcc/i686-pc-linux-gnu:/usr/lib/gcc/i686-pc-linux-gnu/4.8.2:/usr/lib/gcc/i686-pc-linux-gnu:/usr/i686-pc-linux-gnu/bin/i686-pc-linux-gnu/4.8.2:/usr/i686-pc-linux-gnu/bin:
gcc_cv_tool_prefix=/usr
lt_cv_objdir=.libs

## ----------------- ##
## Output variables. ##
## ----------------- ##

AR='ar'
AR_FOR_BUILD='$(AR)'
AR_FOR_TARGET='$(AR)'
AS='as'
AS_FOR_BUILD='$(AS)'
AS_FOR_TARGET='$(AS)'
AWK='gawk'
BISON='/sources/gcc-4.8.2/missing bison'
BUILD_CONFIG=''
CC='gcc'
CC_FOR_BUILD='$(CC)'
CC_FOR_TARGET='$$r/$(HOST_SUBDIR)/gcc/xgcc -B$$r/$(HOST_SUBDIR)/gcc/'
CFLAGS='-g -O2'
CFLAGS_FOR_BUILD='-g -O2'
CFLAGS_FOR_TARGET='-g -O2'
COMPILER_AS_FOR_TARGET='$$r/$(HOST_SUBDIR)/gcc/as'
COMPILER_LD_FOR_TARGET='$$r/$(HOST_SUBDIR)/gcc/collect-ld'
COMPILER_NM_FOR_TARGET='$$r/$(HOST_SUBDIR)/gcc/nm'
CONFIGURE_GDB_TK=''
CPPFLAGS=''
CXX='g++'
CXXFLAGS='-g -O2'
CXXFLAGS_FOR_BUILD='-g -O2'
CXXFLAGS_FOR_TARGET='-g -O2'
CXX_FOR_BUILD='$(CXX)'
CXX_FOR_TARGET='$$r/$(HOST_SUBDIR)/gcc/xg++ -B$$r/$(HOST_SUBDIR)/gcc/ -nostdinc++ `if test -f $$r/$(TARGET_SUBDIR)/libstdc++-v3/scripts/testsuite_flags; then $(SHELL) $$r/$(TARGET_SUBDIR)/libstdc++-v3/scripts/testsuite_flags --build-includes; else echo -funconfigured-libstdc++-v3 ; fi` -L$$r/$(TARGET_SUBDIR)/libstdc++-v3/src -L$$r/$(TARGET_SUBDIR)/libstdc++-v3/src/.libs'
DEBUG_PREFIX_CFLAGS_FOR_TARGET=''
DEFS='-DPACKAGE_NAME=\"\" -DPACKAGE_TARNAME=\"\" -DPACKAGE_VERSION=\"\" -DPACKAGE_STRING=\"\" -DPACKAGE_BUGREPORT=\"\" -DPACKAGE_URL=\"\" -DLT_OBJDIR=\".libs/\"'
DLLTOOL='dlltool'
DLLTOOL_FOR_BUILD='$(DLLTOOL)'
DLLTOOL_FOR_TARGET='$(DLLTOOL)'
ECHO_C=''
ECHO_N='-n'
ECHO_T=''
EXEEXT=''
EXPECT='expect'
EXTRA_CONFIGARGS_LIBJAVA='--disable-static'
FLAGS_FOR_TARGET=' -B$(build_tooldir)/bin/ -B$(build_tooldir)/lib/ -isystem $(build_tooldir)/include -isystem $(build_tooldir)/sys-include'
FLEX='/sources/gcc-4.8.2/missing flex'
GCC_FOR_TARGET='$$r/$(HOST_SUBDIR)/gcc/xgcc -B$$r/$(HOST_SUBDIR)/gcc/'
GCC_SHLIB_SUBDIR=''
GCJ_FOR_BUILD='$(GCJ)'
GCJ_FOR_TARGET='$(GCJ)'
GDB_TK=''
GFORTRAN_FOR_BUILD='$(GFORTRAN)'
GFORTRAN_FOR_TARGET='$(GFORTRAN)'
GNATBIND='no'
GNATMAKE='no'
GOC_FOR_BUILD='$(GOC)'
GOC_FOR_TARGET='$(GOC)'
INSTALL_DATA='${INSTALL} -m 644'
INSTALL_GDB_TK=''
INSTALL_PROGRAM='${INSTALL}'
INSTALL_SCRIPT='${INSTALL}'
LD='/tools/lib/gcc/i686-pc-linux-gnu/4.8.2/../../../../i686-pc-linux-gnu/bin/ld'
LDFLAGS=''
LDFLAGS_FOR_BUILD=''
LDFLAGS_FOR_TARGET=''
LD_FOR_BUILD='$(LD)'
LD_FOR_TARGET='$(LD)'
LEX='/sources/gcc-4.8.2/missing flex'
LIBOBJS=''
LIBS=''
LIPO='lipo'
LIPO_FOR_TARGET='$(LIPO)'
LN='ln'
LN_S='ln -s'
LTLIBOBJS=''
M4='m4'
MAINT='#'
MAINTAINER_MODE_FALSE=''
MAINTAINER_MODE_TRUE='#'
MAKEINFO='makeinfo'
NM='nm'
NM_FOR_BUILD='$(NM)'
NM_FOR_TARGET='$(NM)'
OBJCOPY='objcopy'
OBJDUMP='objdump'
OBJDUMP_FOR_TARGET='$(OBJDUMP)'
OBJEXT='o'
PACKAGE_BUGREPORT=''
PACKAGE_NAME=''
PACKAGE_STRING=''
PACKAGE_TARNAME=''
PACKAGE_URL=''
PACKAGE_VERSION=''
PATH_SEPARATOR=':'
RANLIB='ranlib'
RANLIB_FOR_BUILD='$(RANLIB)'
RANLIB_FOR_TARGET='$(RANLIB)'
RAW_CXX_FOR_TARGET='$$r/$(HOST_SUBDIR)/gcc/xgcc -shared-libgcc -B$$r/$(HOST_SUBDIR)/gcc -nostdinc++ -L$$r/$(TARGET_SUBDIR)/libstdc++-v3/src -L$$r/$(TARGET_SUBDIR)/libstdc++-v3/src/.libs'
READELF='readelf'
READELF_FOR_TARGET='$(READELF)'
RPATH_ENVVAR='LD_LIBRARY_PATH'
RUNTEST='runtest'
SED='/tools/bin/sed'
SHELL='/bin/sh'
STRIP='strip'
STRIP_FOR_TARGET='$(STRIP)'
SYSROOT_CFLAGS_FOR_TARGET=''
TOPLEVEL_CONFIGURE_ARGUMENTS='../gcc-4.8.2/configure --prefix=/usr --enable-shared --enable-threads=posix --enable-__cxa_atexit --enable-clocale=gnu --enable-languages=c,c++ --disable-multilib --disable-bootstrap --with-system-zlib'
WINDMC='windmc'
WINDMC_FOR_BUILD='$(WINDMC)'
WINDMC_FOR_TARGET='$(WINDMC)'
WINDRES='windres'
WINDRES_FOR_BUILD='$(WINDRES)'
WINDRES_FOR_TARGET='$(WINDRES)'
YACC='/sources/gcc-4.8.2/missing bison -y'
ac_ct_CC='gcc'
ac_ct_CXX='g++'
bindir='${exec_prefix}/bin'
build='i686-pc-linux-gnu'
build_alias=''
build_configargs=' --cache-file=../config.cache '\''--prefix=/usr'\'' '\''--enable-shared'\'' '\''--enable-threads=posix'\'' '\''--enable-__cxa_atexit'\'' '\''--enable-clocale=gnu'\'' '\''--disable-multilib'\'' '\''--disable-bootstrap'\'' '\''--with-system-zlib'\'' '\''--enable-languages=c,c++,lto'\'' --program-transform-name='\''s,y,y,'\'' --disable-option-checking'
build_configdirs=' libiberty fixincludes'
build_cpu='i686'
build_libsubdir='build-i686-pc-linux-gnu'
build_noncanonical='i686-pc-linux-gnu'
build_os='linux-gnu'
build_subdir='build-i686-pc-linux-gnu'
build_tooldir='${exec_prefix}/i686-pc-linux-gnu'
build_vendor='pc'
clooginc=''
clooglibs=''
compare_exclusions='gcc/cc*-checksum$(objext) | gcc/ada/*tools/*'
configdirs=' intl libiberty libbacktrace libcpp libdecnumber fixincludes gcc lto-plugin'
datadir='${datarootdir}'
datarootdir='${prefix}/share'
do_compare='cmp --ignore-initial=16 $$f1 $$f2'
docdir='${datarootdir}/doc/${PACKAGE}'
dvidir='${docdir}'
exec_prefix='${prefix}'
extra_host_libiberty_configure_flags='--enable-shared'
extra_isl_gmp_configure_flags=''
extra_mpc_gmp_configure_flags=''
extra_mpc_mpfr_configure_flags=''
extra_mpfr_configure_flags=''
gmpinc=''
gmplibs='-lmpc -lmpfr -lgmp'
host='i686-pc-linux-gnu'
host_alias=''
host_configargs=' --cache-file=./config.cache  --with-system-zlib '\''--prefix=/usr'\'' '\''--enable-shared'\'' '\''--enable-threads=posix'\'' '\''--enable-__cxa_atexit'\'' '\''--enable-clocale=gnu'\'' '\''--disable-multilib'\'' '\''--disable-bootstrap'\'' '\''--with-system-zlib'\'' '\''--enable-languages=c,c++,lto'\'' --program-transform-name='\''s,y,y,'\'' --disable-option-checking'
host_cpu='i686'
host_noncanonical='i686-pc-linux-gnu'
host_os='linux-gnu'
host_subdir='.'
host_vendor='pc'
htmldir='${docdir}'
includedir='${prefix}/include'
infodir='${datarootdir}/info'
islinc=''
libdir='${exec_prefix}/lib'
libexecdir='${exec_prefix}/libexec'
localedir='${datarootdir}/locale'
localstatedir='${prefix}/var'
mandir='${datarootdir}/man'
oldincludedir='/usr/include'
pdfdir='${docdir}'
poststage1_ldflags='-static-libstdc++ -static-libgcc'
poststage1_libs=''
prefix='/usr'
program_transform_name='s,y,y,'
psdir='${docdir}'
sbindir='${exec_prefix}/sbin'
sharedstatedir='${prefix}/com'
stage1_cflags='-g'
stage1_checking='--enable-checking=yes,types'
stage1_languages='c,c++,lto'
stage1_ldflags=''
stage1_libs=''
stage2_werror_flag=''
sysconfdir='${prefix}/etc'
target='i686-pc-linux-gnu'
target_alias=''
target_configargs='--cache-file=./config.cache   '\''--prefix=/usr'\'' '\''--enable-shared'\'' '\''--enable-threads=posix'\'' '\''--enable-__cxa_atexit'\'' '\''--enable-clocale=gnu'\'' '\''--disable-multilib'\'' '\''--disable-bootstrap'\'' '\''--with-system-zlib'\'' '\''--enable-languages=c,c++,lto'\'' --program-transform-name='\''s,y,y,'\'' --disable-option-checking'
target_configdirs=' libgcc libgomp libatomic libitm libstdc++-v3 libmudflap libsanitizer libssp libquadmath'
target_cpu='i686'
target_noncanonical='i686-pc-linux-gnu'
target_os='linux-gnu'
target_subdir='i686-pc-linux-gnu'
target_vendor='pc'
tooldir='${exec_prefix}/i686-pc-linux-gnu'

## ------------------- ##
## File substitutions. ##
## ------------------- ##

alphaieee_frag='/dev/null'
host_makefile_frag='/dev/null'
ospace_frag='/dev/null'
serialization_dependencies='serdep.tmp'
target_makefile_frag='../gcc-4.8.2/config/mt-gnu'

## ----------- ##
## confdefs.h. ##
## ----------- ##

/* confdefs.h */
#define PACKAGE_NAME ""
#define PACKAGE_TARNAME ""
#define PACKAGE_VERSION ""
#define PACKAGE_STRING ""
#define PACKAGE_BUGREPORT ""
#define PACKAGE_URL ""
#define LT_OBJDIR ".libs/"

configure: exit 0

## ---------------------- ##
## Running config.status. ##
## ---------------------- ##

This file was extended by config.status, which was
generated by GNU Autoconf 2.64.  Invocation command line was

  CONFIG_FILES    = 
  CONFIG_HEADERS  = 
  CONFIG_LINKS    = 
  CONFIG_COMMANDS = 
  $ ./config.status --file=-

on lfs


## ---------------------- ##
## Running config.status. ##
## ---------------------- ##

This file was extended by config.status, which was
generated by GNU Autoconf 2.64.  Invocation command line was

  CONFIG_FILES    = 
  CONFIG_HEADERS  = 
  CONFIG_LINKS    = 
  CONFIG_COMMANDS = 
  $ ./config.status --file=-

on lfs

