make  install-recursive
make[1]: Entering directory `/mnt/lfs/sources/gzip-1.6'
Making install in lib
make[2]: Entering directory `/mnt/lfs/sources/gzip-1.6/lib'
make  install-am
make[3]: Entering directory `/mnt/lfs/sources/gzip-1.6/lib'
make[4]: Entering directory `/mnt/lfs/sources/gzip-1.6/lib'
if test yes = no; then \
	  case 'linux-gnu' in \
	    darwin[56]*) \
	      need_charset_alias=true ;; \
	    darwin* | cygwin* | mingw* | pw32* | cegcc*) \
	      need_charset_alias=false ;; \
	    *) \
	      need_charset_alias=true ;; \
	  esac ; \
	else \
	  need_charset_alias=false ; \
	fi ; \
	if $need_charset_alias; then \
	  /bin/sh /mnt/lfs/sources/gzip-1.6/build-aux/install-sh -d /tools/lib ; \
	fi ; \
	if test -f /tools/lib/charset.alias; then \
	  sed -f ref-add.sed /tools/lib/charset.alias > /tools/lib/charset.tmp ; \
	  /tools/bin/install -c -m 644 /tools/lib/charset.tmp /tools/lib/charset.alias ; \
	  rm -f /tools/lib/charset.tmp ; \
	else \
	  if $need_charset_alias; then \
	    sed -f ref-add.sed charset.alias > /tools/lib/charset.tmp ; \
	    /tools/bin/install -c -m 644 /tools/lib/charset.tmp /tools/lib/charset.alias ; \
	    rm -f /tools/lib/charset.tmp ; \
	  fi ; \
	fi
make[4]: Nothing to be done for `install-data-am'.
make[4]: Leaving directory `/mnt/lfs/sources/gzip-1.6/lib'
make[3]: Leaving directory `/mnt/lfs/sources/gzip-1.6/lib'
make[2]: Leaving directory `/mnt/lfs/sources/gzip-1.6/lib'
Making install in doc
make[2]: Entering directory `/mnt/lfs/sources/gzip-1.6/doc'
make[3]: Entering directory `/mnt/lfs/sources/gzip-1.6/doc'
make[3]: Nothing to be done for `install-exec-am'.
 /tools/bin/mkdir -p '/tools/share/info'
 /tools/bin/install -c -m 644 ./gzip.info '/tools/share/info'
 install-info --info-dir='/tools/share/info' '/tools/share/info/gzip.info'
make[3]: Leaving directory `/mnt/lfs/sources/gzip-1.6/doc'
make[2]: Leaving directory `/mnt/lfs/sources/gzip-1.6/doc'
Making install in .
make[2]: Entering directory `/mnt/lfs/sources/gzip-1.6'
make[3]: Entering directory `/mnt/lfs/sources/gzip-1.6'
 /tools/bin/mkdir -p '/tools/bin'
  /tools/bin/install -c gzip '/tools/bin'
 /tools/bin/mkdir -p '/tools/bin'
 /tools/bin/install -c gunzip gzexe zcat zcmp zdiff zegrep zfgrep zforce zgrep zless zmore znew '/tools/bin'
make  install-exec-hook
make[4]: Entering directory `/mnt/lfs/sources/gzip-1.6'
make[4]: Leaving directory `/mnt/lfs/sources/gzip-1.6'
 /tools/bin/mkdir -p '/tools/share/man/man1'
 /tools/bin/install -c -m 644 gunzip.1 gzexe.1 gzip.1 zcat.1 zcmp.1 zdiff.1 zforce.1 zgrep.1 zless.1 zmore.1 znew.1 '/tools/share/man/man1'
make[3]: Leaving directory `/mnt/lfs/sources/gzip-1.6'
make[2]: Leaving directory `/mnt/lfs/sources/gzip-1.6'
Making install in tests
make[2]: Entering directory `/mnt/lfs/sources/gzip-1.6/tests'
make[3]: Entering directory `/mnt/lfs/sources/gzip-1.6/tests'
make[3]: Nothing to be done for `install-exec-am'.
make[3]: Nothing to be done for `install-data-am'.
make[3]: Leaving directory `/mnt/lfs/sources/gzip-1.6/tests'
make[2]: Leaving directory `/mnt/lfs/sources/gzip-1.6/tests'
make[1]: Leaving directory `/mnt/lfs/sources/gzip-1.6'
