Making install in lib
make[1]: Entering directory `/mnt/lfs/sources/check-0.9.12/lib'
make[2]: Entering directory `/mnt/lfs/sources/check-0.9.12/lib'
make[2]: Nothing to be done for `install-exec-am'.
make[2]: Nothing to be done for `install-data-am'.
make[2]: Leaving directory `/mnt/lfs/sources/check-0.9.12/lib'
make[1]: Leaving directory `/mnt/lfs/sources/check-0.9.12/lib'
Making install in src
make[1]: Entering directory `/mnt/lfs/sources/check-0.9.12/src'
make[2]: Entering directory `/mnt/lfs/sources/check-0.9.12/src'
test -z "/tools/lib" || /bin/mkdir -p "/tools/lib"
 /bin/sh ../libtool   --mode=install /usr/bin/install -c   libcheck.la '/tools/lib'
libtool: install: /usr/bin/install -c .libs/libcheck.so.0.0.0 /tools/lib/libcheck.so.0.0.0
libtool: install: (cd /tools/lib && { ln -s -f libcheck.so.0.0.0 libcheck.so.0 || { rm -f libcheck.so.0 && ln -s libcheck.so.0.0.0 libcheck.so.0; }; })
libtool: install: (cd /tools/lib && { ln -s -f libcheck.so.0.0.0 libcheck.so || { rm -f libcheck.so && ln -s libcheck.so.0.0.0 libcheck.so; }; })
libtool: install: /usr/bin/install -c .libs/libcheck.lai /tools/lib/libcheck.la
libtool: install: /usr/bin/install -c .libs/libcheck.a /tools/lib/libcheck.a
libtool: install: chmod 644 /tools/lib/libcheck.a
libtool: install: ranlib /tools/lib/libcheck.a
libtool: finish: PATH="/tools/bin:/bin:/usr/bin:/sbin" ldconfig -n /tools/lib
----------------------------------------------------------------------
Libraries have been installed in:
   /tools/lib

If you ever happen to want to link against installed libraries
in a given directory, LIBDIR, you must either use libtool, and
specify the full pathname of the library, or use the `-LLIBDIR'
flag during linking and do at least one of the following:
   - add LIBDIR to the `LD_LIBRARY_PATH' environment variable
     during execution
   - add LIBDIR to the `LD_RUN_PATH' environment variable
     during linking
   - use the `-Wl,-rpath -Wl,LIBDIR' linker flag
   - have your system administrator add LIBDIR to `/etc/ld.so.conf'

See any operating system documentation about shared libraries for
more information, such as the ld(1) and ld.so(8) manual pages.
----------------------------------------------------------------------
test -z "/tools/include" || /bin/mkdir -p "/tools/include"
 /usr/bin/install -c -m 644 check.h '/tools/include'
make[2]: Leaving directory `/mnt/lfs/sources/check-0.9.12/src'
make[1]: Leaving directory `/mnt/lfs/sources/check-0.9.12/src'
Making install in doc
make[1]: Entering directory `/mnt/lfs/sources/check-0.9.12/doc'
make[2]: Entering directory `/mnt/lfs/sources/check-0.9.12/doc'
make[2]: Nothing to be done for `install-exec-am'.
test -z "/tools/share/doc/check/example" || /bin/mkdir -p "/tools/share/doc/check/example"
 /usr/bin/install -c -m 644 example/Makefile.am example/README example/configure.ac '/tools/share/doc/check/example'
test -z "/tools/share/doc/check/example/src" || /bin/mkdir -p "/tools/share/doc/check/example/src"
 /usr/bin/install -c -m 644 example/src/Makefile.am example/src/main.c example/src/money.c example/src/money.h example/src/money.1.h example/src/money.2.h example/src/money.1.c example/src/money.3.c example/src/money.4.c example/src/money.5.c example/src/money.6.c '/tools/share/doc/check/example/src'
test -z "/tools/share/doc/check/example/tests" || /bin/mkdir -p "/tools/share/doc/check/example/tests"
 /usr/bin/install -c -m 644 example/tests/Makefile.am example/tests/check_money.c example/tests/check_money.1.c example/tests/check_money.2.c example/tests/check_money.3.c example/tests/check_money.6.c example/tests/check_money.7.c '/tools/share/doc/check/example/tests'
test -z "/tools/share/info" || /bin/mkdir -p "/tools/share/info"
 /usr/bin/install -c -m 644 ./check.info '/tools/share/info'
 install-info --info-dir='/tools/share/info' '/tools/share/info/check.info'
make[2]: Leaving directory `/mnt/lfs/sources/check-0.9.12/doc'
make[1]: Leaving directory `/mnt/lfs/sources/check-0.9.12/doc'
Making install in .
make[1]: Entering directory `/mnt/lfs/sources/check-0.9.12'
make[2]: Entering directory `/mnt/lfs/sources/check-0.9.12'
make[2]: Nothing to be done for `install-exec-am'.
test -z "/tools/share/doc/check" || /bin/mkdir -p "/tools/share/doc/check"
 /usr/bin/install -c -m 644 SVNChangeLog ChangeLog ChangeLogOld NEWS README COPYING.LESSER '/tools/share/doc/check'
test -z "/tools/include" || /bin/mkdir -p "/tools/include"
 /usr/bin/install -c -m 644 check_stdint.h '/tools/include'
test -z "/tools/share/aclocal" || /bin/mkdir -p "/tools/share/aclocal"
 /usr/bin/install -c -m 644 check.m4 '/tools/share/aclocal'
test -z "/tools/lib/pkgconfig" || /bin/mkdir -p "/tools/lib/pkgconfig"
 /usr/bin/install -c -m 644 check.pc '/tools/lib/pkgconfig'
make[2]: Leaving directory `/mnt/lfs/sources/check-0.9.12'
make[1]: Leaving directory `/mnt/lfs/sources/check-0.9.12'
Making install in checkmk
make[1]: Entering directory `/mnt/lfs/sources/check-0.9.12/checkmk'
make[2]: Entering directory `/mnt/lfs/sources/check-0.9.12/checkmk'
test -z "/tools/bin" || /bin/mkdir -p "/tools/bin"
 /usr/bin/install -c checkmk '/tools/bin'
test -z "/tools/share/man/man1" || /bin/mkdir -p "/tools/share/man/man1"
 /usr/bin/install -c -m 644 doc/checkmk.1 '/tools/share/man/man1'
make[2]: Leaving directory `/mnt/lfs/sources/check-0.9.12/checkmk'
make[1]: Leaving directory `/mnt/lfs/sources/check-0.9.12/checkmk'
Making install in tests
make[1]: Entering directory `/mnt/lfs/sources/check-0.9.12/tests'
make[2]: Entering directory `/mnt/lfs/sources/check-0.9.12/tests'
make[2]: Nothing to be done for `install-exec-am'.
make[2]: Nothing to be done for `install-data-am'.
make[2]: Leaving directory `/mnt/lfs/sources/check-0.9.12/tests'
make[1]: Leaving directory `/mnt/lfs/sources/check-0.9.12/tests'
