Making check in src
make[1]: Entering directory '/sources/kbd-2.0.1/src'
Making check in vlock
make[2]: Entering directory '/sources/kbd-2.0.1/src/vlock'
make[2]: Nothing to be done for 'check'.
make[2]: Leaving directory '/sources/kbd-2.0.1/src/vlock'
Making check in libkeymap
make[2]: Entering directory '/sources/kbd-2.0.1/src/libkeymap'
make  check-am
make[3]: Entering directory '/sources/kbd-2.0.1/src/libkeymap'
make[3]: Nothing to be done for 'check-am'.
make[3]: Leaving directory '/sources/kbd-2.0.1/src/libkeymap'
make[2]: Leaving directory '/sources/kbd-2.0.1/src/libkeymap'
make[2]: Entering directory '/sources/kbd-2.0.1/src'
make[2]: Nothing to be done for 'check-am'.
make[2]: Leaving directory '/sources/kbd-2.0.1/src'
make[1]: Leaving directory '/sources/kbd-2.0.1/src'
Making check in data
make[1]: Entering directory '/sources/kbd-2.0.1/data'
make[1]: Nothing to be done for 'check'.
make[1]: Leaving directory '/sources/kbd-2.0.1/data'
Making check in po
make[1]: Entering directory '/sources/kbd-2.0.1/po'
make[1]: Nothing to be done for 'check'.
make[1]: Leaving directory '/sources/kbd-2.0.1/po'
Making check in tests
make[1]: Entering directory '/sources/kbd-2.0.1/tests'
make  libkeymap-init libkeymap-kmap libkeymap-keys libkeymap-parse libkeymap-charset dumpkeys-fulltable alt-is-meta
make[2]: Entering directory '/sources/kbd-2.0.1/tests'
make[2]: 'libkeymap-init' is up to date.
make[2]: 'libkeymap-kmap' is up to date.
make[2]: 'libkeymap-keys' is up to date.
make[2]: 'libkeymap-parse' is up to date.
make[2]: 'libkeymap-charset' is up to date.
sed \
	-e 's,2.0.1,2.0.1,g' \
	-e 's,@DATADIR@,.,g' \
	-e 's,@BUILDDIR@,.,g' \
	<dumpkeys-fulltable.in >./dumpkeys-fulltable
touch -r dumpkeys-fulltable.in ./dumpkeys-fulltable
chmod 755 ./dumpkeys-fulltable
sed \
	-e 's,2.0.1,2.0.1,g' \
	-e 's,@DATADIR@,.,g' \
	-e 's,@BUILDDIR@,.,g' \
	<alt-is-meta.in >./alt-is-meta
touch -r alt-is-meta.in ./alt-is-meta
chmod 755 ./alt-is-meta
make[2]: Leaving directory '/sources/kbd-2.0.1/tests'
make  check-TESTS
make[2]: Entering directory '/sources/kbd-2.0.1/tests'
Running suite(s): libkeymap
100%: Checks: 3, Failures: 0, Errors: 0
PASS: libkeymap-init
Running suite(s): libkeymap
100%: Checks: 2, Failures: 0, Errors: 0
PASS: libkeymap-kmap
Running suite(s): libkeymap
100%: Checks: 5, Failures: 0, Errors: 0
PASS: libkeymap-keys
Running suite(s): libkeymap
100%: Checks: 7, Failures: 0, Errors: 0
PASS: libkeymap-parse
Running suite(s): libkeymap
100%: Checks: 2, Failures: 0, Errors: 0
PASS: libkeymap-charset
PASS: dumpkeys-fulltable
PASS: alt-is-meta
==================
All 7 tests passed
==================
make[2]: Leaving directory '/sources/kbd-2.0.1/tests'
make[1]: Leaving directory '/sources/kbd-2.0.1/tests'
Making check in docs
make[1]: Entering directory '/sources/kbd-2.0.1/docs'
Making check in man
make[2]: Entering directory '/sources/kbd-2.0.1/docs/man'
Making check in man1
make[3]: Entering directory '/sources/kbd-2.0.1/docs/man/man1'
make[3]: Nothing to be done for 'check'.
make[3]: Leaving directory '/sources/kbd-2.0.1/docs/man/man1'
Making check in man5
make[3]: Entering directory '/sources/kbd-2.0.1/docs/man/man5'
make[3]: Nothing to be done for 'check'.
make[3]: Leaving directory '/sources/kbd-2.0.1/docs/man/man5'
Making check in man8
make[3]: Entering directory '/sources/kbd-2.0.1/docs/man/man8'
make[3]: Nothing to be done for 'check'.
make[3]: Leaving directory '/sources/kbd-2.0.1/docs/man/man8'
make[3]: Entering directory '/sources/kbd-2.0.1/docs/man'
make[3]: Nothing to be done for 'check-am'.
make[3]: Leaving directory '/sources/kbd-2.0.1/docs/man'
make[2]: Leaving directory '/sources/kbd-2.0.1/docs/man'
Making check in reference
make[2]: Entering directory '/sources/kbd-2.0.1/docs/reference'
make[3]: Entering directory '/sources/kbd-2.0.1/docs/reference'
make[3]: Nothing to be done for 'check-am'.
make[3]: Leaving directory '/sources/kbd-2.0.1/docs/reference'
make[2]: Leaving directory '/sources/kbd-2.0.1/docs/reference'
make[2]: Entering directory '/sources/kbd-2.0.1/docs'
make[2]: Nothing to be done for 'check-am'.
make[2]: Leaving directory '/sources/kbd-2.0.1/docs'
make[1]: Leaving directory '/sources/kbd-2.0.1/docs'
make[1]: Entering directory '/sources/kbd-2.0.1'
make[1]: Leaving directory '/sources/kbd-2.0.1'
