Making install in gnulib
make[1]: Entering directory `/mnt/lfs/sources/findutils-4.4.2/gnulib'
Making install in lib
make[2]: Entering directory `/mnt/lfs/sources/findutils-4.4.2/gnulib/lib'
make  install-am
make[3]: Entering directory `/mnt/lfs/sources/findutils-4.4.2/gnulib/lib'
make[4]: Entering directory `/mnt/lfs/sources/findutils-4.4.2/gnulib/lib'
test yes != no || /bin/sh ../../build-aux/mkinstalldirs /tools/lib
if test -f /tools/lib/charset.alias; then \
	  sed -f ref-add.sed /tools/lib/charset.alias > /tools/lib/charset.tmp ; \
	  /tools/bin/install -c -m 644 /tools/lib/charset.tmp /tools/lib/charset.alias ; \
	  rm -f /tools/lib/charset.tmp ; \
	else \
	  if test yes = no; then \
	    sed -f ref-add.sed charset.alias > /tools/lib/charset.tmp ; \
	    /tools/bin/install -c -m 644 /tools/lib/charset.tmp /tools/lib/charset.alias ; \
	    rm -f /tools/lib/charset.tmp ; \
	  fi ; \
	fi
make[4]: Nothing to be done for `install-data-am'.
make[4]: Leaving directory `/mnt/lfs/sources/findutils-4.4.2/gnulib/lib'
make[3]: Leaving directory `/mnt/lfs/sources/findutils-4.4.2/gnulib/lib'
make[2]: Leaving directory `/mnt/lfs/sources/findutils-4.4.2/gnulib/lib'
make[2]: Entering directory `/mnt/lfs/sources/findutils-4.4.2/gnulib'
make[3]: Entering directory `/mnt/lfs/sources/findutils-4.4.2/gnulib'
make[3]: Nothing to be done for `install-exec-am'.
make[3]: Nothing to be done for `install-data-am'.
make[3]: Leaving directory `/mnt/lfs/sources/findutils-4.4.2/gnulib'
make[2]: Leaving directory `/mnt/lfs/sources/findutils-4.4.2/gnulib'
make[1]: Leaving directory `/mnt/lfs/sources/findutils-4.4.2/gnulib'
Making install in tests
make[1]: Entering directory `/mnt/lfs/sources/findutils-4.4.2/tests'
make  install-recursive
make[2]: Entering directory `/mnt/lfs/sources/findutils-4.4.2/tests'
make[3]: Entering directory `/mnt/lfs/sources/findutils-4.4.2/tests'
make[4]: Entering directory `/mnt/lfs/sources/findutils-4.4.2/tests'
make[4]: Nothing to be done for `install-exec-am'.
make[4]: Nothing to be done for `install-data-am'.
make[4]: Leaving directory `/mnt/lfs/sources/findutils-4.4.2/tests'
make[3]: Leaving directory `/mnt/lfs/sources/findutils-4.4.2/tests'
make[2]: Leaving directory `/mnt/lfs/sources/findutils-4.4.2/tests'
make[1]: Leaving directory `/mnt/lfs/sources/findutils-4.4.2/tests'
Making install in build-aux
make[1]: Entering directory `/mnt/lfs/sources/findutils-4.4.2/build-aux'
make[2]: Entering directory `/mnt/lfs/sources/findutils-4.4.2/build-aux'
make[2]: Nothing to be done for `install-exec-am'.
make[2]: Nothing to be done for `install-data-am'.
make[2]: Leaving directory `/mnt/lfs/sources/findutils-4.4.2/build-aux'
make[1]: Leaving directory `/mnt/lfs/sources/findutils-4.4.2/build-aux'
Making install in lib
make[1]: Entering directory `/mnt/lfs/sources/findutils-4.4.2/lib'
make  install-am
make[2]: Entering directory `/mnt/lfs/sources/findutils-4.4.2/lib'
make[3]: Entering directory `/mnt/lfs/sources/findutils-4.4.2/lib'
make[3]: Nothing to be done for `install-exec-am'.
make[3]: Nothing to be done for `install-data-am'.
make[3]: Leaving directory `/mnt/lfs/sources/findutils-4.4.2/lib'
make[2]: Leaving directory `/mnt/lfs/sources/findutils-4.4.2/lib'
make[1]: Leaving directory `/mnt/lfs/sources/findutils-4.4.2/lib'
Making install in find
make[1]: Entering directory `/mnt/lfs/sources/findutils-4.4.2/find'
Making install in .
make[2]: Entering directory `/mnt/lfs/sources/findutils-4.4.2/find'
make[3]: Entering directory `/mnt/lfs/sources/findutils-4.4.2/find'
test -z "/tools/bin" || /tools/bin/mkdir -p "/tools/bin"
  /tools/bin/install -c 'find' '/tools/bin/find'
  /tools/bin/install -c 'oldfind' '/tools/bin/oldfind'
test -z "/tools/share/man/man1" || /tools/bin/mkdir -p "/tools/share/man/man1"
 /tools/bin/install -c -m 644 './find.1' '/tools/share/man/man1/find.1'
make[3]: Leaving directory `/mnt/lfs/sources/findutils-4.4.2/find'
make[2]: Leaving directory `/mnt/lfs/sources/findutils-4.4.2/find'
Making install in testsuite
make[2]: Entering directory `/mnt/lfs/sources/findutils-4.4.2/find/testsuite'
make[3]: Entering directory `/mnt/lfs/sources/findutils-4.4.2/find/testsuite'
make[3]: Nothing to be done for `install-exec-am'.
make[3]: Nothing to be done for `install-data-am'.
make[3]: Leaving directory `/mnt/lfs/sources/findutils-4.4.2/find/testsuite'
make[2]: Leaving directory `/mnt/lfs/sources/findutils-4.4.2/find/testsuite'
make[1]: Leaving directory `/mnt/lfs/sources/findutils-4.4.2/find'
Making install in xargs
make[1]: Entering directory `/mnt/lfs/sources/findutils-4.4.2/xargs'
Making install in .
make[2]: Entering directory `/mnt/lfs/sources/findutils-4.4.2/xargs'
make[3]: Entering directory `/mnt/lfs/sources/findutils-4.4.2/xargs'
test -z "/tools/bin" || /tools/bin/mkdir -p "/tools/bin"
  /tools/bin/install -c 'xargs' '/tools/bin/xargs'
test -z "/tools/share/man/man1" || /tools/bin/mkdir -p "/tools/share/man/man1"
 /tools/bin/install -c -m 644 './xargs.1' '/tools/share/man/man1/xargs.1'
make[3]: Leaving directory `/mnt/lfs/sources/findutils-4.4.2/xargs'
make[2]: Leaving directory `/mnt/lfs/sources/findutils-4.4.2/xargs'
Making install in testsuite
make[2]: Entering directory `/mnt/lfs/sources/findutils-4.4.2/xargs/testsuite'
make[3]: Entering directory `/mnt/lfs/sources/findutils-4.4.2/xargs/testsuite'
make[3]: Nothing to be done for `install-exec-am'.
make[3]: Nothing to be done for `install-data-am'.
make[3]: Leaving directory `/mnt/lfs/sources/findutils-4.4.2/xargs/testsuite'
make[2]: Leaving directory `/mnt/lfs/sources/findutils-4.4.2/xargs/testsuite'
make[1]: Leaving directory `/mnt/lfs/sources/findutils-4.4.2/xargs'
Making install in locate
make[1]: Entering directory `/mnt/lfs/sources/findutils-4.4.2/locate'
make  install-recursive
make[2]: Entering directory `/mnt/lfs/sources/findutils-4.4.2/locate'
Making install in .
make[3]: Entering directory `/mnt/lfs/sources/findutils-4.4.2/locate'
make[4]: Entering directory `/mnt/lfs/sources/findutils-4.4.2/locate'
test -z "/tools/bin" || /tools/bin/mkdir -p "/tools/bin"
  /tools/bin/install -c 'locate' '/tools/bin/locate'
test -z "/tools/bin" || /tools/bin/mkdir -p "/tools/bin"
 /tools/bin/install -c 'updatedb' '/tools/bin/updatedb'
test -z "/tools/libexec" || /tools/bin/mkdir -p "/tools/libexec"
  /tools/bin/install -c 'frcode' '/tools/libexec/frcode'
  /tools/bin/install -c 'code' '/tools/libexec/code'
  /tools/bin/install -c 'bigram' '/tools/libexec/bigram'
test -z "/tools/share/man/man1" || /tools/bin/mkdir -p "/tools/share/man/man1"
 /tools/bin/install -c -m 644 './locate.1' '/tools/share/man/man1/locate.1'
 /tools/bin/install -c -m 644 './updatedb.1' '/tools/share/man/man1/updatedb.1'
test -z "/tools/share/man/man5" || /tools/bin/mkdir -p "/tools/share/man/man5"
 /tools/bin/install -c -m 644 './locatedb.5' '/tools/share/man/man5/locatedb.5'
make  install-data-hook
make[5]: Entering directory `/mnt/lfs/sources/findutils-4.4.2/locate'
../build-aux/mkinstalldirs /tools/var
make[5]: Leaving directory `/mnt/lfs/sources/findutils-4.4.2/locate'
make[4]: Leaving directory `/mnt/lfs/sources/findutils-4.4.2/locate'
make[3]: Leaving directory `/mnt/lfs/sources/findutils-4.4.2/locate'
Making install in testsuite
make[3]: Entering directory `/mnt/lfs/sources/findutils-4.4.2/locate/testsuite'
make[4]: Entering directory `/mnt/lfs/sources/findutils-4.4.2/locate/testsuite'
make[4]: Nothing to be done for `install-exec-am'.
make[4]: Nothing to be done for `install-data-am'.
make[4]: Leaving directory `/mnt/lfs/sources/findutils-4.4.2/locate/testsuite'
make[3]: Leaving directory `/mnt/lfs/sources/findutils-4.4.2/locate/testsuite'
make[2]: Leaving directory `/mnt/lfs/sources/findutils-4.4.2/locate'
make[1]: Leaving directory `/mnt/lfs/sources/findutils-4.4.2/locate'
Making install in doc
make[1]: Entering directory `/mnt/lfs/sources/findutils-4.4.2/doc'
make[2]: Entering directory `/mnt/lfs/sources/findutils-4.4.2/doc'
make[2]: Nothing to be done for `install-exec-am'.
test -z "/tools/share/info" || /tools/bin/mkdir -p "/tools/share/info"
 /tools/bin/install -c -m 644 './find.info' '/tools/share/info/find.info'
 /tools/bin/install -c -m 644 './find-maint.info' '/tools/share/info/find-maint.info'
 install-info --info-dir='/tools/share/info' '/tools/share/info/find.info'
 install-info --info-dir='/tools/share/info' '/tools/share/info/find-maint.info'
make[2]: Leaving directory `/mnt/lfs/sources/findutils-4.4.2/doc'
make[1]: Leaving directory `/mnt/lfs/sources/findutils-4.4.2/doc'
Making install in po
make[1]: Entering directory `/mnt/lfs/sources/findutils-4.4.2/po'
/bin/sh ../build-aux/mkinstalldirs /tools/share
installing be.gmo as /tools/share/locale/be/LC_MESSAGES/findutils.mo
installing bg.gmo as /tools/share/locale/bg/LC_MESSAGES/findutils.mo
installing ca.gmo as /tools/share/locale/ca/LC_MESSAGES/findutils.mo
installing cs.gmo as /tools/share/locale/cs/LC_MESSAGES/findutils.mo
installing da.gmo as /tools/share/locale/da/LC_MESSAGES/findutils.mo
installing de.gmo as /tools/share/locale/de/LC_MESSAGES/findutils.mo
installing el.gmo as /tools/share/locale/el/LC_MESSAGES/findutils.mo
installing eo.gmo as /tools/share/locale/eo/LC_MESSAGES/findutils.mo
installing es.gmo as /tools/share/locale/es/LC_MESSAGES/findutils.mo
installing et.gmo as /tools/share/locale/et/LC_MESSAGES/findutils.mo
installing fi.gmo as /tools/share/locale/fi/LC_MESSAGES/findutils.mo
installing fr.gmo as /tools/share/locale/fr/LC_MESSAGES/findutils.mo
installing ga.gmo as /tools/share/locale/ga/LC_MESSAGES/findutils.mo
installing gl.gmo as /tools/share/locale/gl/LC_MESSAGES/findutils.mo
installing hr.gmo as /tools/share/locale/hr/LC_MESSAGES/findutils.mo
installing hu.gmo as /tools/share/locale/hu/LC_MESSAGES/findutils.mo
installing id.gmo as /tools/share/locale/id/LC_MESSAGES/findutils.mo
installing it.gmo as /tools/share/locale/it/LC_MESSAGES/findutils.mo
installing ja.gmo as /tools/share/locale/ja/LC_MESSAGES/findutils.mo
installing ko.gmo as /tools/share/locale/ko/LC_MESSAGES/findutils.mo
installing lg.gmo as /tools/share/locale/lg/LC_MESSAGES/findutils.mo
installing lt.gmo as /tools/share/locale/lt/LC_MESSAGES/findutils.mo
installing ms.gmo as /tools/share/locale/ms/LC_MESSAGES/findutils.mo
installing nl.gmo as /tools/share/locale/nl/LC_MESSAGES/findutils.mo
installing pl.gmo as /tools/share/locale/pl/LC_MESSAGES/findutils.mo
installing pt.gmo as /tools/share/locale/pt/LC_MESSAGES/findutils.mo
installing pt_BR.gmo as /tools/share/locale/pt_BR/LC_MESSAGES/findutils.mo
installing ro.gmo as /tools/share/locale/ro/LC_MESSAGES/findutils.mo
installing ru.gmo as /tools/share/locale/ru/LC_MESSAGES/findutils.mo
installing rw.gmo as /tools/share/locale/rw/LC_MESSAGES/findutils.mo
installing sk.gmo as /tools/share/locale/sk/LC_MESSAGES/findutils.mo
installing sl.gmo as /tools/share/locale/sl/LC_MESSAGES/findutils.mo
installing sr.gmo as /tools/share/locale/sr/LC_MESSAGES/findutils.mo
installing sv.gmo as /tools/share/locale/sv/LC_MESSAGES/findutils.mo
installing tr.gmo as /tools/share/locale/tr/LC_MESSAGES/findutils.mo
installing uk.gmo as /tools/share/locale/uk/LC_MESSAGES/findutils.mo
installing vi.gmo as /tools/share/locale/vi/LC_MESSAGES/findutils.mo
installing zh_CN.gmo as /tools/share/locale/zh_CN/LC_MESSAGES/findutils.mo
installing zh_TW.gmo as /tools/share/locale/zh_TW/LC_MESSAGES/findutils.mo
if test "findutils" = "gettext-tools"; then \
	  /bin/sh ../build-aux/mkinstalldirs /tools/share/gettext/po; \
	  for file in Makefile.in.in remove-potcdate.sin quot.sed boldquot.sed en@quot.header en@boldquot.header insert-header.sin Rules-quot   Makevars.template; do \
	    /tools/bin/install -c -m 644 ./$file \
			    /tools/share/gettext/po/$file; \
	  done; \
	  for file in Makevars; do \
	    rm -f /tools/share/gettext/po/$file; \
	  done; \
	else \
	  : ; \
	fi
make[1]: Leaving directory `/mnt/lfs/sources/findutils-4.4.2/po'
Making install in m4
make[1]: Entering directory `/mnt/lfs/sources/findutils-4.4.2/m4'
make[2]: Entering directory `/mnt/lfs/sources/findutils-4.4.2/m4'
make[2]: Nothing to be done for `install-exec-am'.
make[2]: Nothing to be done for `install-data-am'.
make[2]: Leaving directory `/mnt/lfs/sources/findutils-4.4.2/m4'
make[1]: Leaving directory `/mnt/lfs/sources/findutils-4.4.2/m4'
make[1]: Entering directory `/mnt/lfs/sources/findutils-4.4.2'
make[2]: Entering directory `/mnt/lfs/sources/findutils-4.4.2'
make[2]: Nothing to be done for `install-exec-am'.
make[2]: Nothing to be done for `install-data-am'.
make[2]: Leaving directory `/mnt/lfs/sources/findutils-4.4.2'
make[1]: Leaving directory `/mnt/lfs/sources/findutils-4.4.2'
