Making install in lib
make[1]: Entering directory '/sources/bc-1.06.95/lib'
make[2]: Entering directory '/sources/bc-1.06.95/lib'
make[2]: Nothing to be done for 'install-exec-am'.
make[2]: Nothing to be done for 'install-data-am'.
make[2]: Leaving directory '/sources/bc-1.06.95/lib'
make[1]: Leaving directory '/sources/bc-1.06.95/lib'
Making install in bc
make[1]: Entering directory '/sources/bc-1.06.95/bc'
make[2]: Entering directory '/sources/bc-1.06.95/bc'
test -z "/usr/bin" || mkdir -p -- "/usr/bin"
  /usr/bin/install -c 'bc' '/usr/bin/bc'
make[2]: Nothing to be done for 'install-data-am'.
make[2]: Leaving directory '/sources/bc-1.06.95/bc'
make[1]: Leaving directory '/sources/bc-1.06.95/bc'
Making install in dc
make[1]: Entering directory '/sources/bc-1.06.95/dc'
make[2]: Entering directory '/sources/bc-1.06.95/dc'
test -z "/usr/bin" || mkdir -p -- "/usr/bin"
  /usr/bin/install -c 'dc' '/usr/bin/dc'
make[2]: Nothing to be done for 'install-data-am'.
make[2]: Leaving directory '/sources/bc-1.06.95/dc'
make[1]: Leaving directory '/sources/bc-1.06.95/dc'
Making install in doc
make[1]: Entering directory '/sources/bc-1.06.95/doc'
make[2]: Entering directory '/sources/bc-1.06.95/doc'
make[2]: Nothing to be done for 'install-exec-am'.
test -z "/usr/share/info" || mkdir -p -- "/usr/share/info"
 /usr/bin/install -c -m 644 './bc.info' '/usr/share/info/bc.info'
 /usr/bin/install -c -m 644 './dc.info' '/usr/share/info/dc.info'
 install-info --info-dir='/usr/share/info' '/usr/share/info/bc.info'
 install-info --info-dir='/usr/share/info' '/usr/share/info/dc.info'
test -z "/usr/share/man/man1" || mkdir -p -- "/usr/share/man/man1"
 /usr/bin/install -c -m 644 './bc.1' '/usr/share/man/man1/bc.1'
 /usr/bin/install -c -m 644 './dc.1' '/usr/share/man/man1/dc.1'
make[2]: Leaving directory '/sources/bc-1.06.95/doc'
make[1]: Leaving directory '/sources/bc-1.06.95/doc'
make[1]: Entering directory '/sources/bc-1.06.95'
make[2]: Entering directory '/sources/bc-1.06.95'
make[2]: Nothing to be done for 'install-exec-am'.
make[2]: Nothing to be done for 'install-data-am'.
make[2]: Leaving directory '/sources/bc-1.06.95'
make[1]: Leaving directory '/sources/bc-1.06.95'
