make  all-recursive
make[1]: Entering directory `/mnt/lfs/sources/grep-2.16'
Making all in po
make[2]: Entering directory `/mnt/lfs/sources/grep-2.16/po'
make[2]: Nothing to be done for `all'.
make[2]: Leaving directory `/mnt/lfs/sources/grep-2.16/po'
Making all in lib
make[2]: Entering directory `/mnt/lfs/sources/grep-2.16/lib'
  GEN      alloca.h
  GEN      c++defs.h
  GEN      warn-on-use.h
  GEN      arg-nonnull.h
  GEN      unused-parameter.h
  GEN      unistr.h
  GEN      sys/types.h
  GEN      unitypes.h
  GEN      uniwidth.h
  GEN      wchar.h
  GEN      wctype.h
  GEN      ctype.h
  GEN      dirent.h
  GEN      fcntl.h
  GEN      iconv.h
  GEN      inttypes.h
  GEN      langinfo.h
  GEN      locale.h
  GEN      stdio.h
  GEN      stdlib.h
  GEN      string.h
  GEN      sys/stat.h
  GEN      sys/time.h
  GEN      time.h
  GEN      unistd.h
make  all-am
make[3]: Entering directory `/mnt/lfs/sources/grep-2.16/lib'
  CC       argmatch.o
  CC       binary-io.o
  CC       bitrotate.o
  CC       c-ctype.o
  CC       c-strcasecmp.o
  CC       cloexec.o
  CC       c-strncasecmp.o
  CC       close-stream.o
  CC       closeout.o
  CC       cycle-check.o
  CC       opendir-safer.o
  CC       dirname-lgpl.o
  CC       basename-lgpl.o
  CC       stripslash.o
  CC       exclude.o
  CC       creat-safer.o
  CC       exitfail.o
  CC       open-safer.o
  CC       fd-hook.o
  CC       filenamecat-lgpl.o
  CC       hash.o
  CC       i-ring.o
  CC       localcharset.o
  CC       malloca.o
  CC       mbchar.o
  CC       mbiter.o
  CC       mbscasecmp.o
  CC       mbslen.o
  CC       mbsstr.o
  CC       mbuiter.o
  CC       openat-die.o
  CC       openat-safer.o
  CC       progname.o
  CC       propername.o
  CC       quotearg.o
  CC       safe-read.o
  CC       save-cwd.o
  CC       striconv.o
  CC       strnlen1.o
  CC       glthread/threadlib.o
  CC       trim.o
  CC       unistd.o
  CC       dup-safer.o
  CC       fd-safer.o
  CC       pipe-safer.o
  CC       version-etc.o
  CC       version-etc-fsf.o
  CC       wctype-h.o
  CC       xmalloc.o
  CC       xalloc-die.o
  CC       xstriconv.o
  CC       xstrtoimax.o
  CC       xstrtol.o
  CC       xstrtoul.o
  CC       xstrtol-error.o
  CC       colorize.o
  CC       chdir-long.o
  CC       fcntl.o
  CC       fts.o
  CC       openat-proc.o
  GEN      charset.alias
  GEN      ref-add.sed
  GEN      ref-del.sed
  CC       glthread/lock.o
  CC       unistr/u8-mbtoucr.o
  CC       unistr/u8-uctomb.o
  CC       unistr/u8-uctomb-aux.o
  CC       uniwidth/width.o
  AR       libgreputils.a
make[3]: Leaving directory `/mnt/lfs/sources/grep-2.16/lib'
make[2]: Leaving directory `/mnt/lfs/sources/grep-2.16/lib'
Making all in doc
make[2]: Entering directory `/mnt/lfs/sources/grep-2.16/doc'
  GEN      grep.1
  GEN      fgrep.1
  GEN      egrep.1
make[2]: Leaving directory `/mnt/lfs/sources/grep-2.16/doc'
Making all in src
make[2]: Entering directory `/mnt/lfs/sources/grep-2.16/src'
  CC       kwset.o
  CC       dfa.o
  CC       searchutils.o
  CC       dfasearch.o
  CC       kwsearch.o
  CC       pcresearch.o
  CC       main.o
  CC       grep.o
  CC       egrep.o
  CC       fgrep.o
  AR       libgrep.a
  CCLD     grep
  CCLD     egrep
make[2]: Leaving directory `/mnt/lfs/sources/grep-2.16/src'
Making all in tests
make[2]: Entering directory `/mnt/lfs/sources/grep-2.16/tests'
make[2]: Nothing to be done for `all'.
make[2]: Leaving directory `/mnt/lfs/sources/grep-2.16/tests'
Making all in gnulib-tests
make[2]: Entering directory `/mnt/lfs/sources/grep-2.16/gnulib-tests'
  GEN      arg-nonnull.h
  GEN      c++defs.h
  GEN      unused-parameter.h
  GEN      warn-on-use.h
make  all-recursive
make[3]: Entering directory `/mnt/lfs/sources/grep-2.16/gnulib-tests'
Making all in .
make[4]: Entering directory `/mnt/lfs/sources/grep-2.16/gnulib-tests'
make[4]: Nothing to be done for `all-am'.
make[4]: Leaving directory `/mnt/lfs/sources/grep-2.16/gnulib-tests'
make[3]: Leaving directory `/mnt/lfs/sources/grep-2.16/gnulib-tests'
make[2]: Leaving directory `/mnt/lfs/sources/grep-2.16/gnulib-tests'
make[2]: Entering directory `/mnt/lfs/sources/grep-2.16'
make[2]: Leaving directory `/mnt/lfs/sources/grep-2.16'
make[1]: Leaving directory `/mnt/lfs/sources/grep-2.16'
