make  all-recursive
make[1]: Entering directory '/mnt/lfs/sources/patch-2.7.1'
Making all in lib
make[2]: Entering directory '/mnt/lfs/sources/patch-2.7.1/lib'
make  all-am
make[3]: Entering directory '/mnt/lfs/sources/patch-2.7.1/lib'
make[3]: Nothing to be done for 'all-am'.
make[3]: Leaving directory '/mnt/lfs/sources/patch-2.7.1/lib'
make[2]: Leaving directory '/mnt/lfs/sources/patch-2.7.1/lib'
Making all in src
make[2]: Entering directory '/mnt/lfs/sources/patch-2.7.1/src'
make[2]: Nothing to be done for 'all'.
make[2]: Leaving directory '/mnt/lfs/sources/patch-2.7.1/src'
Making all in tests
make[2]: Entering directory '/mnt/lfs/sources/patch-2.7.1/tests'
make[2]: Nothing to be done for 'all'.
make[2]: Leaving directory '/mnt/lfs/sources/patch-2.7.1/tests'
make[2]: Entering directory '/mnt/lfs/sources/patch-2.7.1'
make[2]: Leaving directory '/mnt/lfs/sources/patch-2.7.1'
make[1]: Leaving directory '/mnt/lfs/sources/patch-2.7.1'
