make  all-recursive
make[1]: Entering directory `/mnt/lfs/sources/check-0.9.12'
Making all in lib
make[2]: Entering directory `/mnt/lfs/sources/check-0.9.12/lib'
/bin/sh ../libtool  --tag=CC   --mode=compile gcc -DHAVE_CONFIG_H -I. -I..     -g -O2 -Wextra -Wstrict-prototypes -Wmissing-prototypes -Wwrite-strings -Wno-variadic-macros -pedantic -Wimport -Wfatal-errors -Wformat=2 -Winit-self -Wmissing-include-dirs -Wswitch-default -Wunknown-pragmas -Wmissing-noreturn -MT libcompat.lo -MD -MP -MF .deps/libcompat.Tpo -c -o libcompat.lo libcompat.c
libtool: compile:  gcc -DHAVE_CONFIG_H -I. -I.. -g -O2 -Wextra -Wstrict-prototypes -Wmissing-prototypes -Wwrite-strings -Wno-variadic-macros -pedantic -Wimport -Wfatal-errors -Wformat=2 -Winit-self -Wmissing-include-dirs -Wswitch-default -Wunknown-pragmas -Wmissing-noreturn -MT libcompat.lo -MD -MP -MF .deps/libcompat.Tpo -c libcompat.c  -fPIC -DPIC -o .libs/libcompat.o
libtool: compile:  gcc -DHAVE_CONFIG_H -I. -I.. -g -O2 -Wextra -Wstrict-prototypes -Wmissing-prototypes -Wwrite-strings -Wno-variadic-macros -pedantic -Wimport -Wfatal-errors -Wformat=2 -Winit-self -Wmissing-include-dirs -Wswitch-default -Wunknown-pragmas -Wmissing-noreturn -MT libcompat.lo -MD -MP -MF .deps/libcompat.Tpo -c libcompat.c -o libcompat.o >/dev/null 2>&1
mv -f .deps/libcompat.Tpo .deps/libcompat.Plo
/bin/sh ../libtool  --tag=CC   --mode=link gcc  -g -O2 -Wextra -Wstrict-prototypes -Wmissing-prototypes -Wwrite-strings -Wno-variadic-macros -pedantic -Wimport -Wfatal-errors -Wformat=2 -Winit-self -Wmissing-include-dirs -Wswitch-default -Wunknown-pragmas -Wmissing-noreturn -no-undefined  -o libcompat.la  libcompat.lo   -lrt -lm 
libtool: link: ar cru .libs/libcompat.a .libs/libcompat.o 
libtool: link: ranlib .libs/libcompat.a
libtool: link: ( cd ".libs" && rm -f "libcompat.la" && ln -s "../libcompat.la" "libcompat.la" )
make[2]: Leaving directory `/mnt/lfs/sources/check-0.9.12/lib'
Making all in src
make[2]: Entering directory `/mnt/lfs/sources/check-0.9.12/src'
/bin/sh ../libtool  --tag=CC   --mode=compile gcc -DHAVE_CONFIG_H -I. -I..    -pthread  -g -O2 -Wextra -Wstrict-prototypes -Wmissing-prototypes -Wwrite-strings -Wno-variadic-macros -pedantic -Wimport -Wfatal-errors -Wformat=2 -Winit-self -Wmissing-include-dirs -Wswitch-default -Wunknown-pragmas -Wmissing-noreturn -MT check.lo -MD -MP -MF .deps/check.Tpo -c -o check.lo check.c
/bin/sh ../libtool  --tag=CC   --mode=compile gcc -DHAVE_CONFIG_H -I. -I..    -pthread  -g -O2 -Wextra -Wstrict-prototypes -Wmissing-prototypes -Wwrite-strings -Wno-variadic-macros -pedantic -Wimport -Wfatal-errors -Wformat=2 -Winit-self -Wmissing-include-dirs -Wswitch-default -Wunknown-pragmas -Wmissing-noreturn -MT check_error.lo -MD -MP -MF .deps/check_error.Tpo -c -o check_error.lo check_error.c
/bin/sh ../libtool  --tag=CC   --mode=compile gcc -DHAVE_CONFIG_H -I. -I..    -pthread  -g -O2 -Wextra -Wstrict-prototypes -Wmissing-prototypes -Wwrite-strings -Wno-variadic-macros -pedantic -Wimport -Wfatal-errors -Wformat=2 -Winit-self -Wmissing-include-dirs -Wswitch-default -Wunknown-pragmas -Wmissing-noreturn -MT check_list.lo -MD -MP -MF .deps/check_list.Tpo -c -o check_list.lo check_list.c
/bin/sh ../libtool  --tag=CC   --mode=compile gcc -DHAVE_CONFIG_H -I. -I..    -pthread  -g -O2 -Wextra -Wstrict-prototypes -Wmissing-prototypes -Wwrite-strings -Wno-variadic-macros -pedantic -Wimport -Wfatal-errors -Wformat=2 -Winit-self -Wmissing-include-dirs -Wswitch-default -Wunknown-pragmas -Wmissing-noreturn -MT check_log.lo -MD -MP -MF .deps/check_log.Tpo -c -o check_log.lo check_log.c
libtool: compile:  gcc -DHAVE_CONFIG_H -I. -I.. -pthread -g -O2 -Wextra -Wstrict-prototypes -Wmissing-prototypes -Wwrite-strings -Wno-variadic-macros -pedantic -Wimport -Wfatal-errors -Wformat=2 -Winit-self -Wmissing-include-dirs -Wswitch-default -Wunknown-pragmas -Wmissing-noreturn -MT check_error.lo -MD -MP -MF .deps/check_error.Tpo -c check_error.c  -fPIC -DPIC -o .libs/check_error.o
libtool: compile:  gcc -DHAVE_CONFIG_H -I. -I.. -pthread -g -O2 -Wextra -Wstrict-prototypes -Wmissing-prototypes -Wwrite-strings -Wno-variadic-macros -pedantic -Wimport -Wfatal-errors -Wformat=2 -Winit-self -Wmissing-include-dirs -Wswitch-default -Wunknown-pragmas -Wmissing-noreturn -MT check.lo -MD -MP -MF .deps/check.Tpo -c check.c  -fPIC -DPIC -o .libs/check.o
libtool: compile:  gcc -DHAVE_CONFIG_H -I. -I.. -pthread -g -O2 -Wextra -Wstrict-prototypes -Wmissing-prototypes -Wwrite-strings -Wno-variadic-macros -pedantic -Wimport -Wfatal-errors -Wformat=2 -Winit-self -Wmissing-include-dirs -Wswitch-default -Wunknown-pragmas -Wmissing-noreturn -MT check_log.lo -MD -MP -MF .deps/check_log.Tpo -c check_log.c  -fPIC -DPIC -o .libs/check_log.o
libtool: compile:  gcc -DHAVE_CONFIG_H -I. -I.. -pthread -g -O2 -Wextra -Wstrict-prototypes -Wmissing-prototypes -Wwrite-strings -Wno-variadic-macros -pedantic -Wimport -Wfatal-errors -Wformat=2 -Winit-self -Wmissing-include-dirs -Wswitch-default -Wunknown-pragmas -Wmissing-noreturn -MT check_list.lo -MD -MP -MF .deps/check_list.Tpo -c check_list.c  -fPIC -DPIC -o .libs/check_list.o
libtool: compile:  gcc -DHAVE_CONFIG_H -I. -I.. -pthread -g -O2 -Wextra -Wstrict-prototypes -Wmissing-prototypes -Wwrite-strings -Wno-variadic-macros -pedantic -Wimport -Wfatal-errors -Wformat=2 -Winit-self -Wmissing-include-dirs -Wswitch-default -Wunknown-pragmas -Wmissing-noreturn -MT check_error.lo -MD -MP -MF .deps/check_error.Tpo -c check_error.c -o check_error.o >/dev/null 2>&1
libtool: compile:  gcc -DHAVE_CONFIG_H -I. -I.. -pthread -g -O2 -Wextra -Wstrict-prototypes -Wmissing-prototypes -Wwrite-strings -Wno-variadic-macros -pedantic -Wimport -Wfatal-errors -Wformat=2 -Winit-self -Wmissing-include-dirs -Wswitch-default -Wunknown-pragmas -Wmissing-noreturn -MT check_list.lo -MD -MP -MF .deps/check_list.Tpo -c check_list.c -o check_list.o >/dev/null 2>&1
mv -f .deps/check_error.Tpo .deps/check_error.Plo
/bin/sh ../libtool  --tag=CC   --mode=compile gcc -DHAVE_CONFIG_H -I. -I..    -pthread  -g -O2 -Wextra -Wstrict-prototypes -Wmissing-prototypes -Wwrite-strings -Wno-variadic-macros -pedantic -Wimport -Wfatal-errors -Wformat=2 -Winit-self -Wmissing-include-dirs -Wswitch-default -Wunknown-pragmas -Wmissing-noreturn -MT check_msg.lo -MD -MP -MF .deps/check_msg.Tpo -c -o check_msg.lo check_msg.c
libtool: compile:  gcc -DHAVE_CONFIG_H -I. -I.. -pthread -g -O2 -Wextra -Wstrict-prototypes -Wmissing-prototypes -Wwrite-strings -Wno-variadic-macros -pedantic -Wimport -Wfatal-errors -Wformat=2 -Winit-self -Wmissing-include-dirs -Wswitch-default -Wunknown-pragmas -Wmissing-noreturn -MT check_msg.lo -MD -MP -MF .deps/check_msg.Tpo -c check_msg.c  -fPIC -DPIC -o .libs/check_msg.o
libtool: compile:  gcc -DHAVE_CONFIG_H -I. -I.. -pthread -g -O2 -Wextra -Wstrict-prototypes -Wmissing-prototypes -Wwrite-strings -Wno-variadic-macros -pedantic -Wimport -Wfatal-errors -Wformat=2 -Winit-self -Wmissing-include-dirs -Wswitch-default -Wunknown-pragmas -Wmissing-noreturn -MT check_log.lo -MD -MP -MF .deps/check_log.Tpo -c check_log.c -o check_log.o >/dev/null 2>&1
mv -f .deps/check_list.Tpo .deps/check_list.Plo
/bin/sh ../libtool  --tag=CC   --mode=compile gcc -DHAVE_CONFIG_H -I. -I..    -pthread  -g -O2 -Wextra -Wstrict-prototypes -Wmissing-prototypes -Wwrite-strings -Wno-variadic-macros -pedantic -Wimport -Wfatal-errors -Wformat=2 -Winit-self -Wmissing-include-dirs -Wswitch-default -Wunknown-pragmas -Wmissing-noreturn -MT check_pack.lo -MD -MP -MF .deps/check_pack.Tpo -c -o check_pack.lo check_pack.c
libtool: compile:  gcc -DHAVE_CONFIG_H -I. -I.. -pthread -g -O2 -Wextra -Wstrict-prototypes -Wmissing-prototypes -Wwrite-strings -Wno-variadic-macros -pedantic -Wimport -Wfatal-errors -Wformat=2 -Winit-self -Wmissing-include-dirs -Wswitch-default -Wunknown-pragmas -Wmissing-noreturn -MT check.lo -MD -MP -MF .deps/check.Tpo -c check.c -o check.o >/dev/null 2>&1
libtool: compile:  gcc -DHAVE_CONFIG_H -I. -I.. -pthread -g -O2 -Wextra -Wstrict-prototypes -Wmissing-prototypes -Wwrite-strings -Wno-variadic-macros -pedantic -Wimport -Wfatal-errors -Wformat=2 -Winit-self -Wmissing-include-dirs -Wswitch-default -Wunknown-pragmas -Wmissing-noreturn -MT check_pack.lo -MD -MP -MF .deps/check_pack.Tpo -c check_pack.c  -fPIC -DPIC -o .libs/check_pack.o
libtool: compile:  gcc -DHAVE_CONFIG_H -I. -I.. -pthread -g -O2 -Wextra -Wstrict-prototypes -Wmissing-prototypes -Wwrite-strings -Wno-variadic-macros -pedantic -Wimport -Wfatal-errors -Wformat=2 -Winit-self -Wmissing-include-dirs -Wswitch-default -Wunknown-pragmas -Wmissing-noreturn -MT check_msg.lo -MD -MP -MF .deps/check_msg.Tpo -c check_msg.c -o check_msg.o >/dev/null 2>&1
mv -f .deps/check_log.Tpo .deps/check_log.Plo
/bin/sh ../libtool  --tag=CC   --mode=compile gcc -DHAVE_CONFIG_H -I. -I..    -pthread  -g -O2 -Wextra -Wstrict-prototypes -Wmissing-prototypes -Wwrite-strings -Wno-variadic-macros -pedantic -Wimport -Wfatal-errors -Wformat=2 -Winit-self -Wmissing-include-dirs -Wswitch-default -Wunknown-pragmas -Wmissing-noreturn -MT check_print.lo -MD -MP -MF .deps/check_print.Tpo -c -o check_print.lo check_print.c
mv -f .deps/check_msg.Tpo .deps/check_msg.Plo
/bin/sh ../libtool  --tag=CC   --mode=compile gcc -DHAVE_CONFIG_H -I. -I..    -pthread  -g -O2 -Wextra -Wstrict-prototypes -Wmissing-prototypes -Wwrite-strings -Wno-variadic-macros -pedantic -Wimport -Wfatal-errors -Wformat=2 -Winit-self -Wmissing-include-dirs -Wswitch-default -Wunknown-pragmas -Wmissing-noreturn -MT check_run.lo -MD -MP -MF .deps/check_run.Tpo -c -o check_run.lo check_run.c
libtool: compile:  gcc -DHAVE_CONFIG_H -I. -I.. -pthread -g -O2 -Wextra -Wstrict-prototypes -Wmissing-prototypes -Wwrite-strings -Wno-variadic-macros -pedantic -Wimport -Wfatal-errors -Wformat=2 -Winit-self -Wmissing-include-dirs -Wswitch-default -Wunknown-pragmas -Wmissing-noreturn -MT check_pack.lo -MD -MP -MF .deps/check_pack.Tpo -c check_pack.c -o check_pack.o >/dev/null 2>&1
libtool: compile:  gcc -DHAVE_CONFIG_H -I. -I.. -pthread -g -O2 -Wextra -Wstrict-prototypes -Wmissing-prototypes -Wwrite-strings -Wno-variadic-macros -pedantic -Wimport -Wfatal-errors -Wformat=2 -Winit-self -Wmissing-include-dirs -Wswitch-default -Wunknown-pragmas -Wmissing-noreturn -MT check_print.lo -MD -MP -MF .deps/check_print.Tpo -c check_print.c  -fPIC -DPIC -o .libs/check_print.o
mv -f .deps/check.Tpo .deps/check.Plo
/bin/sh ../libtool  --tag=CC   --mode=compile gcc -DHAVE_CONFIG_H -I. -I..    -pthread  -g -O2 -Wextra -Wstrict-prototypes -Wmissing-prototypes -Wwrite-strings -Wno-variadic-macros -pedantic -Wimport -Wfatal-errors -Wformat=2 -Winit-self -Wmissing-include-dirs -Wswitch-default -Wunknown-pragmas -Wmissing-noreturn -MT check_str.lo -MD -MP -MF .deps/check_str.Tpo -c -o check_str.lo check_str.c
libtool: compile:  gcc -DHAVE_CONFIG_H -I. -I.. -pthread -g -O2 -Wextra -Wstrict-prototypes -Wmissing-prototypes -Wwrite-strings -Wno-variadic-macros -pedantic -Wimport -Wfatal-errors -Wformat=2 -Winit-self -Wmissing-include-dirs -Wswitch-default -Wunknown-pragmas -Wmissing-noreturn -MT check_run.lo -MD -MP -MF .deps/check_run.Tpo -c check_run.c  -fPIC -DPIC -o .libs/check_run.o
libtool: compile:  gcc -DHAVE_CONFIG_H -I. -I.. -pthread -g -O2 -Wextra -Wstrict-prototypes -Wmissing-prototypes -Wwrite-strings -Wno-variadic-macros -pedantic -Wimport -Wfatal-errors -Wformat=2 -Winit-self -Wmissing-include-dirs -Wswitch-default -Wunknown-pragmas -Wmissing-noreturn -MT check_str.lo -MD -MP -MF .deps/check_str.Tpo -c check_str.c  -fPIC -DPIC -o .libs/check_str.o
libtool: compile:  gcc -DHAVE_CONFIG_H -I. -I.. -pthread -g -O2 -Wextra -Wstrict-prototypes -Wmissing-prototypes -Wwrite-strings -Wno-variadic-macros -pedantic -Wimport -Wfatal-errors -Wformat=2 -Winit-self -Wmissing-include-dirs -Wswitch-default -Wunknown-pragmas -Wmissing-noreturn -MT check_print.lo -MD -MP -MF .deps/check_print.Tpo -c check_print.c -o check_print.o >/dev/null 2>&1
libtool: compile:  gcc -DHAVE_CONFIG_H -I. -I.. -pthread -g -O2 -Wextra -Wstrict-prototypes -Wmissing-prototypes -Wwrite-strings -Wno-variadic-macros -pedantic -Wimport -Wfatal-errors -Wformat=2 -Winit-self -Wmissing-include-dirs -Wswitch-default -Wunknown-pragmas -Wmissing-noreturn -MT check_str.lo -MD -MP -MF .deps/check_str.Tpo -c check_str.c -o check_str.o >/dev/null 2>&1
mv -f .deps/check_pack.Tpo .deps/check_pack.Plo
sed -n -e 's/^..*CK_EXPORT[[:space:]][[:space:]]*\([[:alnum:]_][[:alnum:]_]*\)..*$/\1/p' ../src/check.h.in > exported.sym
mv -f .deps/check_str.Tpo .deps/check_str.Plo
mv -f .deps/check_print.Tpo .deps/check_print.Plo
libtool: compile:  gcc -DHAVE_CONFIG_H -I. -I.. -pthread -g -O2 -Wextra -Wstrict-prototypes -Wmissing-prototypes -Wwrite-strings -Wno-variadic-macros -pedantic -Wimport -Wfatal-errors -Wformat=2 -Winit-self -Wmissing-include-dirs -Wswitch-default -Wunknown-pragmas -Wmissing-noreturn -MT check_run.lo -MD -MP -MF .deps/check_run.Tpo -c check_run.c -o check_run.o >/dev/null 2>&1
mv -f .deps/check_run.Tpo .deps/check_run.Plo
/bin/sh ../libtool  --tag=CC   --mode=link gcc -pthread  -g -O2 -Wextra -Wstrict-prototypes -Wmissing-prototypes -Wwrite-strings -Wno-variadic-macros -pedantic -Wimport -Wfatal-errors -Wformat=2 -Winit-self -Wmissing-include-dirs -Wswitch-default -Wunknown-pragmas -Wmissing-noreturn -no-undefined -export-symbols exported.sym  -o libcheck.la -rpath /tools/lib check.lo check_error.lo check_list.lo check_log.lo check_msg.lo check_pack.lo check_print.lo check_run.lo check_str.lo   ../lib/libcompat.la -lrt -lm 
/bin/sh ../libtool  --tag=CC   --mode=link gcc -pthread  -g -O2 -Wextra -Wstrict-prototypes -Wmissing-prototypes -Wwrite-strings -Wno-variadic-macros -pedantic -Wimport -Wfatal-errors -Wformat=2 -Winit-self -Wmissing-include-dirs -Wswitch-default -Wunknown-pragmas -Wmissing-noreturn -no-undefined  -o libcheckinternal.la  check.lo check_error.lo check_list.lo check_log.lo check_msg.lo check_pack.lo check_print.lo check_run.lo check_str.lo   ../lib/libcompat.la -lrt -lm 
libtool: link: echo "{ global:" > .libs/libcheck.ver
libtool: link:  cat exported.sym | sed -e "s/\(.*\)/\1;/" >> .libs/libcheck.ver
libtool: link: (cd .libs/libcheckinternal.lax/libcompat.a && ar x "/mnt/lfs/sources/check-0.9.12/src/../lib/.libs/libcompat.a")
libtool: link:  echo "local: *; };" >> .libs/libcheck.ver
libtool: link:  gcc -shared  -fPIC -DPIC  .libs/check.o .libs/check_error.o .libs/check_list.o .libs/check_log.o .libs/check_msg.o .libs/check_pack.o .libs/check_print.o .libs/check_run.o .libs/check_str.o  -Wl,--whole-archive ../lib/.libs/libcompat.a -Wl,--no-whole-archive  -lrt -lm  -pthread -O2   -pthread -Wl,-soname -Wl,libcheck.so.0 -Wl,-version-script -Wl,.libs/libcheck.ver -o .libs/libcheck.so.0.0.0
libtool: link: ar cru .libs/libcheckinternal.a .libs/check.o .libs/check_error.o .libs/check_list.o .libs/check_log.o .libs/check_msg.o .libs/check_pack.o .libs/check_print.o .libs/check_run.o .libs/check_str.o   .libs/libcheckinternal.lax/libcompat.a/libcompat.o 
libtool: link: ranlib .libs/libcheckinternal.a
libtool: link: rm -fr .libs/libcheckinternal.lax
libtool: link: ( cd ".libs" && rm -f "libcheckinternal.la" && ln -s "../libcheckinternal.la" "libcheckinternal.la" )
libtool: link: (cd ".libs" && rm -f "libcheck.so.0" && ln -s "libcheck.so.0.0.0" "libcheck.so.0")
libtool: link: (cd ".libs" && rm -f "libcheck.so" && ln -s "libcheck.so.0.0.0" "libcheck.so")
libtool: link: (cd .libs/libcheck.lax/libcompat.a && ar x "/mnt/lfs/sources/check-0.9.12/src/../lib/.libs/libcompat.a")
libtool: link: ar cru .libs/libcheck.a  check.o check_error.o check_list.o check_log.o check_msg.o check_pack.o check_print.o check_run.o check_str.o  .libs/libcheck.lax/libcompat.a/libcompat.o 
libtool: link: ranlib .libs/libcheck.a
libtool: link: rm -fr .libs/libcheck.lax
libtool: link: ( cd ".libs" && rm -f "libcheck.la" && ln -s "../libcheck.la" "libcheck.la" )
make[2]: Leaving directory `/mnt/lfs/sources/check-0.9.12/src'
Making all in doc
make[2]: Entering directory `/mnt/lfs/sources/check-0.9.12/doc'
cd ../doc/example; \
	diff -U 100 src/money.1.h src/money.2.h > /mnt/lfs/sources/check-0.9.12/doc/money.1-2.h.diff || test $? -eq 1; \
	cd -;
cd ../doc/example; \
	diff -U 100 src/money.1.c src/money.3.c > /mnt/lfs/sources/check-0.9.12/doc/money.1-3.c.diff || test $? -eq 1; \
	cd -;
cd ../doc/example; \
	diff -U 100 src/money.3.c src/money.4.c > /mnt/lfs/sources/check-0.9.12/doc/money.3-4.c.diff || test $? -eq 1; \
	cd -;
cd ../doc/example; \
	diff -U 100 src/money.4.c src/money.5.c > /mnt/lfs/sources/check-0.9.12/doc/money.4-5.c.diff || test $? -eq 1; \
	cd -;
/mnt/lfs/sources/check-0.9.12/doc
cd ../doc/example; \
	diff -U 100 src/money.5.c src/money.6.c > /mnt/lfs/sources/check-0.9.12/doc/money.5-6.c.diff || test $? -eq 1; \
	cd -;
/mnt/lfs/sources/check-0.9.12/doc
cd ../doc/example; \
	diff -U 100 tests/check_money.1.c tests/check_money.2.c > /mnt/lfs/sources/check-0.9.12/doc/check_money.1-2.c.diff || test $? -eq 1; \
	cd -;
/mnt/lfs/sources/check-0.9.12/doc
cd ../doc/example; \
	diff -U 100 tests/check_money.2.c tests/check_money.3.c > /mnt/lfs/sources/check-0.9.12/doc/check_money.2-3.c.diff || test $? -eq 1; \
	cd -;
/mnt/lfs/sources/check-0.9.12/doc
cd ../doc/example; \
	diff -U 100 tests/check_money.3.c tests/check_money.6.c > /mnt/lfs/sources/check-0.9.12/doc/check_money.3-6.c.diff || test $? -eq 1; \
	cd -;
/mnt/lfs/sources/check-0.9.12/doc
cd ../doc/example; \
	diff -U 100 tests/check_money.6.c tests/check_money.7.c > /mnt/lfs/sources/check-0.9.12/doc/check_money.6-7.c.diff || test $? -eq 1; \
	cd -;
/mnt/lfs/sources/check-0.9.12/doc
/mnt/lfs/sources/check-0.9.12/doc
/mnt/lfs/sources/check-0.9.12/doc
/mnt/lfs/sources/check-0.9.12/doc
make[2]: Leaving directory `/mnt/lfs/sources/check-0.9.12/doc'
Making all in .
make[2]: Entering directory `/mnt/lfs/sources/check-0.9.12'
make[2]: Leaving directory `/mnt/lfs/sources/check-0.9.12'
Making all in checkmk
make[2]: Entering directory `/mnt/lfs/sources/check-0.9.12/checkmk'
make[2]: Nothing to be done for `all'.
make[2]: Leaving directory `/mnt/lfs/sources/check-0.9.12/checkmk'
Making all in tests
make[2]: Entering directory `/mnt/lfs/sources/check-0.9.12/tests'
gcc -DHAVE_CONFIG_H -I. -I..  -I../src -I../src   -g -O2 -Wextra -Wstrict-prototypes -Wmissing-prototypes -Wwrite-strings -Wno-variadic-macros -pedantic -Wimport -Wfatal-errors -Wformat=2 -Winit-self -Wmissing-include-dirs -Wswitch-default -Wunknown-pragmas -Wmissing-noreturn -MT check_check_export-check_check_sub.o -MD -MP -MF .deps/check_check_export-check_check_sub.Tpo -c -o check_check_export-check_check_sub.o `test -f 'check_check_sub.c' || echo './'`check_check_sub.c
gcc -DHAVE_CONFIG_H -I. -I..  -I../src -I../src   -g -O2 -Wextra -Wstrict-prototypes -Wmissing-prototypes -Wwrite-strings -Wno-variadic-macros -pedantic -Wimport -Wfatal-errors -Wformat=2 -Winit-self -Wmissing-include-dirs -Wswitch-default -Wunknown-pragmas -Wmissing-noreturn -MT check_check_export-check_check_master.o -MD -MP -MF .deps/check_check_export-check_check_master.Tpo -c -o check_check_export-check_check_master.o `test -f 'check_check_master.c' || echo './'`check_check_master.c
gcc -DHAVE_CONFIG_H -I. -I..  -I../src -I../src   -g -O2 -Wextra -Wstrict-prototypes -Wmissing-prototypes -Wwrite-strings -Wno-variadic-macros -pedantic -Wimport -Wfatal-errors -Wformat=2 -Winit-self -Wmissing-include-dirs -Wswitch-default -Wunknown-pragmas -Wmissing-noreturn -MT check_check_export-check_check_log.o -MD -MP -MF .deps/check_check_export-check_check_log.Tpo -c -o check_check_export-check_check_log.o `test -f 'check_check_log.c' || echo './'`check_check_log.c
gcc -DHAVE_CONFIG_H -I. -I..  -I../src -I../src   -g -O2 -Wextra -Wstrict-prototypes -Wmissing-prototypes -Wwrite-strings -Wno-variadic-macros -pedantic -Wimport -Wfatal-errors -Wformat=2 -Winit-self -Wmissing-include-dirs -Wswitch-default -Wunknown-pragmas -Wmissing-noreturn -MT check_check_export-check_check_fork.o -MD -MP -MF .deps/check_check_export-check_check_fork.Tpo -c -o check_check_export-check_check_fork.o `test -f 'check_check_fork.c' || echo './'`check_check_fork.c
mv -f .deps/check_check_export-check_check_fork.Tpo .deps/check_check_export-check_check_fork.Po
gcc -DHAVE_CONFIG_H -I. -I..  -I../src -I../src   -g -O2 -Wextra -Wstrict-prototypes -Wmissing-prototypes -Wwrite-strings -Wno-variadic-macros -pedantic -Wimport -Wfatal-errors -Wformat=2 -Winit-self -Wmissing-include-dirs -Wswitch-default -Wunknown-pragmas -Wmissing-noreturn -MT check_check_export-check_check_export_main.o -MD -MP -MF .deps/check_check_export-check_check_export_main.Tpo -c -o check_check_export-check_check_export_main.o `test -f 'check_check_export_main.c' || echo './'`check_check_export_main.c
mv -f .deps/check_check_export-check_check_master.Tpo .deps/check_check_export-check_check_master.Po
gcc -DHAVE_CONFIG_H -I. -I..  -I../src -I../src   -g -O2 -Wextra -Wstrict-prototypes -Wmissing-prototypes -Wwrite-strings -Wno-variadic-macros -pedantic -Wimport -Wfatal-errors -Wformat=2 -Winit-self -Wmissing-include-dirs -Wswitch-default -Wunknown-pragmas -Wmissing-noreturn -MT check_check-check_list.o -MD -MP -MF .deps/check_check-check_list.Tpo -c -o check_check-check_list.o `test -f 'check_list.c' || echo './'`check_list.c
mv -f .deps/check_check_export-check_check_export_main.Tpo .deps/check_check_export-check_check_export_main.Po
gcc -DHAVE_CONFIG_H -I. -I..  -I../src -I../src   -g -O2 -Wextra -Wstrict-prototypes -Wmissing-prototypes -Wwrite-strings -Wno-variadic-macros -pedantic -Wimport -Wfatal-errors -Wformat=2 -Winit-self -Wmissing-include-dirs -Wswitch-default -Wunknown-pragmas -Wmissing-noreturn -MT check_check-check_check_sub.o -MD -MP -MF .deps/check_check-check_check_sub.Tpo -c -o check_check-check_check_sub.o `test -f 'check_check_sub.c' || echo './'`check_check_sub.c
mv -f .deps/check_check_export-check_check_log.Tpo .deps/check_check_export-check_check_log.Po
gcc -DHAVE_CONFIG_H -I. -I..  -I../src -I../src   -g -O2 -Wextra -Wstrict-prototypes -Wmissing-prototypes -Wwrite-strings -Wno-variadic-macros -pedantic -Wimport -Wfatal-errors -Wformat=2 -Winit-self -Wmissing-include-dirs -Wswitch-default -Wunknown-pragmas -Wmissing-noreturn -MT check_check-check_check_master.o -MD -MP -MF .deps/check_check-check_check_master.Tpo -c -o check_check-check_check_master.o `test -f 'check_check_master.c' || echo './'`check_check_master.c
mv -f .deps/check_check-check_list.Tpo .deps/check_check-check_list.Po
gcc -DHAVE_CONFIG_H -I. -I..  -I../src -I../src   -g -O2 -Wextra -Wstrict-prototypes -Wmissing-prototypes -Wwrite-strings -Wno-variadic-macros -pedantic -Wimport -Wfatal-errors -Wformat=2 -Winit-self -Wmissing-include-dirs -Wswitch-default -Wunknown-pragmas -Wmissing-noreturn -MT check_check-check_check_msg.o -MD -MP -MF .deps/check_check-check_check_msg.Tpo -c -o check_check-check_check_msg.o `test -f 'check_check_msg.c' || echo './'`check_check_msg.c
mv -f .deps/check_check-check_check_master.Tpo .deps/check_check-check_check_master.Po
gcc -DHAVE_CONFIG_H -I. -I..  -I../src -I../src   -g -O2 -Wextra -Wstrict-prototypes -Wmissing-prototypes -Wwrite-strings -Wno-variadic-macros -pedantic -Wimport -Wfatal-errors -Wformat=2 -Winit-self -Wmissing-include-dirs -Wswitch-default -Wunknown-pragmas -Wmissing-noreturn -MT check_check-check_check_log.o -MD -MP -MF .deps/check_check-check_check_log.Tpo -c -o check_check-check_check_log.o `test -f 'check_check_log.c' || echo './'`check_check_log.c
mv -f .deps/check_check_export-check_check_sub.Tpo .deps/check_check_export-check_check_sub.Po
gcc -DHAVE_CONFIG_H -I. -I..  -I../src -I../src   -g -O2 -Wextra -Wstrict-prototypes -Wmissing-prototypes -Wwrite-strings -Wno-variadic-macros -pedantic -Wimport -Wfatal-errors -Wformat=2 -Winit-self -Wmissing-include-dirs -Wswitch-default -Wunknown-pragmas -Wmissing-noreturn -MT check_check-check_check_log_internal.o -MD -MP -MF .deps/check_check-check_check_log_internal.Tpo -c -o check_check-check_check_log_internal.o `test -f 'check_check_log_internal.c' || echo './'`check_check_log_internal.c
mv -f .deps/check_check-check_check_msg.Tpo .deps/check_check-check_check_msg.Po
gcc -DHAVE_CONFIG_H -I. -I..  -I../src -I../src   -g -O2 -Wextra -Wstrict-prototypes -Wmissing-prototypes -Wwrite-strings -Wno-variadic-macros -pedantic -Wimport -Wfatal-errors -Wformat=2 -Winit-self -Wmissing-include-dirs -Wswitch-default -Wunknown-pragmas -Wmissing-noreturn -MT check_check-check_check_limit.o -MD -MP -MF .deps/check_check-check_check_limit.Tpo -c -o check_check-check_check_limit.o `test -f 'check_check_limit.c' || echo './'`check_check_limit.c
mv -f .deps/check_check-check_check_log_internal.Tpo .deps/check_check-check_check_log_internal.Po
gcc -DHAVE_CONFIG_H -I. -I..  -I../src -I../src   -g -O2 -Wextra -Wstrict-prototypes -Wmissing-prototypes -Wwrite-strings -Wno-variadic-macros -pedantic -Wimport -Wfatal-errors -Wformat=2 -Winit-self -Wmissing-include-dirs -Wswitch-default -Wunknown-pragmas -Wmissing-noreturn -MT check_check-check_check_fork.o -MD -MP -MF .deps/check_check-check_check_fork.Tpo -c -o check_check-check_check_fork.o `test -f 'check_check_fork.c' || echo './'`check_check_fork.c
mv -f .deps/check_check-check_check_limit.Tpo .deps/check_check-check_check_limit.Po
gcc -DHAVE_CONFIG_H -I. -I..  -I../src -I../src   -g -O2 -Wextra -Wstrict-prototypes -Wmissing-prototypes -Wwrite-strings -Wno-variadic-macros -pedantic -Wimport -Wfatal-errors -Wformat=2 -Winit-self -Wmissing-include-dirs -Wswitch-default -Wunknown-pragmas -Wmissing-noreturn -MT check_check-check_check_fixture.o -MD -MP -MF .deps/check_check-check_check_fixture.Tpo -c -o check_check-check_check_fixture.o `test -f 'check_check_fixture.c' || echo './'`check_check_fixture.c
mv -f .deps/check_check-check_check_log.Tpo .deps/check_check-check_check_log.Po
mv -f .deps/check_check-check_check_sub.Tpo .deps/check_check-check_check_sub.Po
gcc -DHAVE_CONFIG_H -I. -I..  -I../src -I../src   -g -O2 -Wextra -Wstrict-prototypes -Wmissing-prototypes -Wwrite-strings -Wno-variadic-macros -pedantic -Wimport -Wfatal-errors -Wformat=2 -Winit-self -Wmissing-include-dirs -Wswitch-default -Wunknown-pragmas -Wmissing-noreturn -MT check_check-check_check_pack.o -MD -MP -MF .deps/check_check-check_check_pack.Tpo -c -o check_check-check_check_pack.o `test -f 'check_check_pack.c' || echo './'`check_check_pack.c
gcc -DHAVE_CONFIG_H -I. -I..  -I../src -I../src   -g -O2 -Wextra -Wstrict-prototypes -Wmissing-prototypes -Wwrite-strings -Wno-variadic-macros -pedantic -Wimport -Wfatal-errors -Wformat=2 -Winit-self -Wmissing-include-dirs -Wswitch-default -Wunknown-pragmas -Wmissing-noreturn -MT check_check-check_check_exit.o -MD -MP -MF .deps/check_check-check_check_exit.Tpo -c -o check_check-check_check_exit.o `test -f 'check_check_exit.c' || echo './'`check_check_exit.c
mv -f .deps/check_check-check_check_fork.Tpo .deps/check_check-check_check_fork.Po
gcc -DHAVE_CONFIG_H -I. -I..  -I../src -I../src   -g -O2 -Wextra -Wstrict-prototypes -Wmissing-prototypes -Wwrite-strings -Wno-variadic-macros -pedantic -Wimport -Wfatal-errors -Wformat=2 -Winit-self -Wmissing-include-dirs -Wswitch-default -Wunknown-pragmas -Wmissing-noreturn -MT check_check-check_check_selective.o -MD -MP -MF .deps/check_check-check_check_selective.Tpo -c -o check_check-check_check_selective.o `test -f 'check_check_selective.c' || echo './'`check_check_selective.c
mv -f .deps/check_check-check_check_exit.Tpo .deps/check_check-check_check_exit.Po
gcc -DHAVE_CONFIG_H -I. -I..  -I../src -I../src   -g -O2 -Wextra -Wstrict-prototypes -Wmissing-prototypes -Wwrite-strings -Wno-variadic-macros -pedantic -Wimport -Wfatal-errors -Wformat=2 -Winit-self -Wmissing-include-dirs -Wswitch-default -Wunknown-pragmas -Wmissing-noreturn -MT check_check-check_check_main.o -MD -MP -MF .deps/check_check-check_check_main.Tpo -c -o check_check-check_check_main.o `test -f 'check_check_main.c' || echo './'`check_check_main.c
mv -f .deps/check_check-check_check_main.Tpo .deps/check_check-check_check_main.Po
gcc -DHAVE_CONFIG_H -I. -I..  -I../src -I../src   -g -O2 -Wextra -Wstrict-prototypes -Wmissing-prototypes -Wwrite-strings -Wno-variadic-macros -pedantic -Wimport -Wfatal-errors -Wformat=2 -Winit-self -Wmissing-include-dirs -Wswitch-default -Wunknown-pragmas -Wmissing-noreturn -MT check_stress.o -MD -MP -MF .deps/check_stress.Tpo -c -o check_stress.o check_stress.c
mv -f .deps/check_check-check_check_selective.Tpo .deps/check_check-check_check_selective.Po
gcc -DHAVE_CONFIG_H -I. -I..  -I../src -I../src  -pthread -g -O2 -Wextra -Wstrict-prototypes -Wmissing-prototypes -Wwrite-strings -Wno-variadic-macros -pedantic -Wimport -Wfatal-errors -Wformat=2 -Winit-self -Wmissing-include-dirs -Wswitch-default -Wunknown-pragmas -Wmissing-noreturn -MT check_thread_stress-check_thread_stress.o -MD -MP -MF .deps/check_thread_stress-check_thread_stress.Tpo -c -o check_thread_stress-check_thread_stress.o `test -f 'check_thread_stress.c' || echo './'`check_thread_stress.c
mv -f .deps/check_check-check_check_fixture.Tpo .deps/check_check-check_check_fixture.Po
gcc -DHAVE_CONFIG_H -I. -I..  -I../src -I../src   -g -O2 -Wextra -Wstrict-prototypes -Wmissing-prototypes -Wwrite-strings -Wno-variadic-macros -pedantic -Wimport -Wfatal-errors -Wformat=2 -Winit-self -Wmissing-include-dirs -Wswitch-default -Wunknown-pragmas -Wmissing-noreturn -MT check_nofork.o -MD -MP -MF .deps/check_nofork.Tpo -c -o check_nofork.o check_nofork.c
mv -f .deps/check_check-check_check_pack.Tpo .deps/check_check-check_check_pack.Po
mv -f .deps/check_thread_stress-check_thread_stress.Tpo .deps/check_thread_stress-check_thread_stress.Po
gcc -DHAVE_CONFIG_H -I. -I..  -I../src -I../src  -DTIMEOUT_TESTS_ENABLED=0 -DMEMORY_LEAKING_TESTS_ENABLED=0 -g -O2 -Wextra -Wstrict-prototypes -Wmissing-prototypes -Wwrite-strings -Wno-variadic-macros -pedantic -Wimport -Wfatal-errors -Wformat=2 -Winit-self -Wmissing-include-dirs -Wswitch-default -Wunknown-pragmas -Wmissing-noreturn -MT check_mem_leaks-check_mem_leaks.o -MD -MP -MF .deps/check_mem_leaks-check_mem_leaks.Tpo -c -o check_mem_leaks-check_mem_leaks.o `test -f 'check_mem_leaks.c' || echo './'`check_mem_leaks.c
gcc -DHAVE_CONFIG_H -I. -I..  -I../src -I../src  -DTIMEOUT_TESTS_ENABLED=0 -DMEMORY_LEAKING_TESTS_ENABLED=0 -g -O2 -Wextra -Wstrict-prototypes -Wmissing-prototypes -Wwrite-strings -Wno-variadic-macros -pedantic -Wimport -Wfatal-errors -Wformat=2 -Winit-self -Wmissing-include-dirs -Wswitch-default -Wunknown-pragmas -Wmissing-noreturn -MT check_mem_leaks-check_check_log.o -MD -MP -MF .deps/check_mem_leaks-check_check_log.Tpo -c -o check_mem_leaks-check_check_log.o `test -f 'check_check_log.c' || echo './'`check_check_log.c
mv -f .deps/check_stress.Tpo .deps/check_stress.Po
gcc -DHAVE_CONFIG_H -I. -I..  -I../src -I../src  -DTIMEOUT_TESTS_ENABLED=0 -DMEMORY_LEAKING_TESTS_ENABLED=0 -g -O2 -Wextra -Wstrict-prototypes -Wmissing-prototypes -Wwrite-strings -Wno-variadic-macros -pedantic -Wimport -Wfatal-errors -Wformat=2 -Winit-self -Wmissing-include-dirs -Wswitch-default -Wunknown-pragmas -Wmissing-noreturn -MT check_mem_leaks-check_check_fork.o -MD -MP -MF .deps/check_mem_leaks-check_check_fork.Tpo -c -o check_mem_leaks-check_check_fork.o `test -f 'check_check_fork.c' || echo './'`check_check_fork.c
mv -f .deps/check_mem_leaks-check_mem_leaks.Tpo .deps/check_mem_leaks-check_mem_leaks.Po
gcc -DHAVE_CONFIG_H -I. -I..  -I../src -I../src  -DTIMEOUT_TESTS_ENABLED=0 -DMEMORY_LEAKING_TESTS_ENABLED=0 -g -O2 -Wextra -Wstrict-prototypes -Wmissing-prototypes -Wwrite-strings -Wno-variadic-macros -pedantic -Wimport -Wfatal-errors -Wformat=2 -Winit-self -Wmissing-include-dirs -Wswitch-default -Wunknown-pragmas -Wmissing-noreturn -MT check_mem_leaks-check_check_exit.o -MD -MP -MF .deps/check_mem_leaks-check_check_exit.Tpo -c -o check_mem_leaks-check_check_exit.o `test -f 'check_check_exit.c' || echo './'`check_check_exit.c
mv -f .deps/check_nofork.Tpo .deps/check_nofork.Po
gcc -DHAVE_CONFIG_H -I. -I..  -I../src -I../src  -DTIMEOUT_TESTS_ENABLED=0 -DMEMORY_LEAKING_TESTS_ENABLED=0 -g -O2 -Wextra -Wstrict-prototypes -Wmissing-prototypes -Wwrite-strings -Wno-variadic-macros -pedantic -Wimport -Wfatal-errors -Wformat=2 -Winit-self -Wmissing-include-dirs -Wswitch-default -Wunknown-pragmas -Wmissing-noreturn -MT check_mem_leaks-check_check_selective.o -MD -MP -MF .deps/check_mem_leaks-check_check_selective.Tpo -c -o check_mem_leaks-check_check_selective.o `test -f 'check_check_selective.c' || echo './'`check_check_selective.c
mv -f .deps/check_mem_leaks-check_check_fork.Tpo .deps/check_mem_leaks-check_check_fork.Po
gcc -DHAVE_CONFIG_H -I. -I..  -I../src -I../src  -DTIMEOUT_TESTS_ENABLED=0 -DMEMORY_LEAKING_TESTS_ENABLED=0 -g -O2 -Wextra -Wstrict-prototypes -Wmissing-prototypes -Wwrite-strings -Wno-variadic-macros -pedantic -Wimport -Wfatal-errors -Wformat=2 -Winit-self -Wmissing-include-dirs -Wswitch-default -Wunknown-pragmas -Wmissing-noreturn -MT check_mem_leaks-check_check_sub.o -MD -MP -MF .deps/check_mem_leaks-check_check_sub.Tpo -c -o check_mem_leaks-check_check_sub.o `test -f 'check_check_sub.c' || echo './'`check_check_sub.c
mv -f .deps/check_mem_leaks-check_check_exit.Tpo .deps/check_mem_leaks-check_check_exit.Po
gcc -DHAVE_CONFIG_H -I. -I..  -I../src -I../src  -DTIMEOUT_TESTS_ENABLED=0 -DMEMORY_LEAKING_TESTS_ENABLED=0 -g -O2 -Wextra -Wstrict-prototypes -Wmissing-prototypes -Wwrite-strings -Wno-variadic-macros -pedantic -Wimport -Wfatal-errors -Wformat=2 -Winit-self -Wmissing-include-dirs -Wswitch-default -Wunknown-pragmas -Wmissing-noreturn -MT check_mem_leaks-check_check_master.o -MD -MP -MF .deps/check_mem_leaks-check_check_master.Tpo -c -o check_mem_leaks-check_check_master.o `test -f 'check_check_master.c' || echo './'`check_check_master.c
mv -f .deps/check_mem_leaks-check_check_log.Tpo .deps/check_mem_leaks-check_check_log.Po
gcc -DHAVE_CONFIG_H -I. -I..  -I../src -I../src   -g -O2 -Wextra -Wstrict-prototypes -Wmissing-prototypes -Wwrite-strings -Wno-variadic-macros -pedantic -Wimport -Wfatal-errors -Wformat=2 -Winit-self -Wmissing-include-dirs -Wswitch-default -Wunknown-pragmas -Wmissing-noreturn -MT ex_output.o -MD -MP -MF .deps/ex_output.Tpo -c -o ex_output.o ex_output.c
mv -f .deps/check_mem_leaks-check_check_selective.Tpo .deps/check_mem_leaks-check_check_selective.Po
/bin/sh ../libtool  --tag=CC   --mode=link gcc  -g -O2 -Wextra -Wstrict-prototypes -Wmissing-prototypes -Wwrite-strings -Wno-variadic-macros -pedantic -Wimport -Wfatal-errors -Wformat=2 -Winit-self -Wmissing-include-dirs -Wswitch-default -Wunknown-pragmas -Wmissing-noreturn   -o check_check_export check_check_export-check_check_sub.o check_check_export-check_check_master.o check_check_export-check_check_log.o check_check_export-check_check_fork.o check_check_export-check_check_export_main.o ../src/libcheck.la ../lib/libcompat.la -lrt -lm 
mv -f .deps/check_mem_leaks-check_check_master.Tpo .deps/check_mem_leaks-check_check_master.Po
/bin/sh ../libtool  --tag=CC   --mode=link gcc  -g -O2 -Wextra -Wstrict-prototypes -Wmissing-prototypes -Wwrite-strings -Wno-variadic-macros -pedantic -Wimport -Wfatal-errors -Wformat=2 -Winit-self -Wmissing-include-dirs -Wswitch-default -Wunknown-pragmas -Wmissing-noreturn   -o check_check check_check-check_list.o check_check-check_check_sub.o check_check-check_check_master.o check_check-check_check_msg.o check_check-check_check_log.o check_check-check_check_log_internal.o check_check-check_check_limit.o check_check-check_check_fork.o check_check-check_check_fixture.o check_check-check_check_pack.o check_check-check_check_exit.o check_check-check_check_selective.o check_check-check_check_main.o ../src/libcheckinternal.la ../lib/libcompat.la -lrt -lm 
mv -f .deps/ex_output.Tpo .deps/ex_output.Po
/bin/sh ../libtool  --tag=CC   --mode=link gcc  -g -O2 -Wextra -Wstrict-prototypes -Wmissing-prototypes -Wwrite-strings -Wno-variadic-macros -pedantic -Wimport -Wfatal-errors -Wformat=2 -Winit-self -Wmissing-include-dirs -Wswitch-default -Wunknown-pragmas -Wmissing-noreturn   -o check_stress check_stress.o ../src/libcheck.la ../lib/libcompat.la -lrt -lm 
libtool: link: gcc -g -O2 -Wextra -Wstrict-prototypes -Wmissing-prototypes -Wwrite-strings -Wno-variadic-macros -pedantic -Wimport -Wfatal-errors -Wformat=2 -Winit-self -Wmissing-include-dirs -Wswitch-default -Wunknown-pragmas -Wmissing-noreturn -o .libs/check_check_export check_check_export-check_check_sub.o check_check_export-check_check_master.o check_check_export-check_check_log.o check_check_export-check_check_fork.o check_check_export-check_check_export_main.o  ../src/.libs/libcheck.so ../lib/.libs/libcompat.a -lrt -lm -pthread -Wl,-rpath -Wl,/tools/lib
/bin/sh ../libtool  --tag=CC   --mode=link gcc -pthread -g -O2 -Wextra -Wstrict-prototypes -Wmissing-prototypes -Wwrite-strings -Wno-variadic-macros -pedantic -Wimport -Wfatal-errors -Wformat=2 -Winit-self -Wmissing-include-dirs -Wswitch-default -Wunknown-pragmas -Wmissing-noreturn   -o check_thread_stress check_thread_stress-check_thread_stress.o ../src/libcheck.la ../lib/libcompat.la  -lrt -lm 
mv -f .deps/check_mem_leaks-check_check_sub.Tpo .deps/check_mem_leaks-check_check_sub.Po
/bin/sh ../libtool  --tag=CC   --mode=link gcc  -g -O2 -Wextra -Wstrict-prototypes -Wmissing-prototypes -Wwrite-strings -Wno-variadic-macros -pedantic -Wimport -Wfatal-errors -Wformat=2 -Winit-self -Wmissing-include-dirs -Wswitch-default -Wunknown-pragmas -Wmissing-noreturn   -o check_nofork check_nofork.o ../src/libcheck.la ../lib/libcompat.la -lrt -lm 
libtool: link: gcc -g -O2 -Wextra -Wstrict-prototypes -Wmissing-prototypes -Wwrite-strings -Wno-variadic-macros -pedantic -Wimport -Wfatal-errors -Wformat=2 -Winit-self -Wmissing-include-dirs -Wswitch-default -Wunknown-pragmas -Wmissing-noreturn -o check_check check_check-check_list.o check_check-check_check_sub.o check_check-check_check_master.o check_check-check_check_msg.o check_check-check_check_log.o check_check-check_check_log_internal.o check_check-check_check_limit.o check_check-check_check_fork.o check_check-check_check_fixture.o check_check-check_check_pack.o check_check-check_check_exit.o check_check-check_check_selective.o check_check-check_check_main.o  ../src/.libs/libcheckinternal.a ../lib/.libs/libcompat.a -lrt -lm -pthread
libtool: link: gcc -g -O2 -Wextra -Wstrict-prototypes -Wmissing-prototypes -Wwrite-strings -Wno-variadic-macros -pedantic -Wimport -Wfatal-errors -Wformat=2 -Winit-self -Wmissing-include-dirs -Wswitch-default -Wunknown-pragmas -Wmissing-noreturn -o .libs/check_stress check_stress.o  ../src/.libs/libcheck.so ../lib/.libs/libcompat.a -lrt -lm -pthread -Wl,-rpath -Wl,/tools/lib
/bin/sh ../libtool  --tag=CC   --mode=link gcc -DTIMEOUT_TESTS_ENABLED=0 -DMEMORY_LEAKING_TESTS_ENABLED=0 -g -O2 -Wextra -Wstrict-prototypes -Wmissing-prototypes -Wwrite-strings -Wno-variadic-macros -pedantic -Wimport -Wfatal-errors -Wformat=2 -Winit-self -Wmissing-include-dirs -Wswitch-default -Wunknown-pragmas -Wmissing-noreturn   -o check_mem_leaks check_mem_leaks-check_mem_leaks.o check_mem_leaks-check_check_log.o check_mem_leaks-check_check_fork.o check_mem_leaks-check_check_exit.o check_mem_leaks-check_check_selective.o check_mem_leaks-check_check_sub.o check_mem_leaks-check_check_master.o ../src/libcheck.la ../lib/libcompat.la -lrt -lm 
/bin/sh ../libtool  --tag=CC   --mode=link gcc  -g -O2 -Wextra -Wstrict-prototypes -Wmissing-prototypes -Wwrite-strings -Wno-variadic-macros -pedantic -Wimport -Wfatal-errors -Wformat=2 -Winit-self -Wmissing-include-dirs -Wswitch-default -Wunknown-pragmas -Wmissing-noreturn   -o ex_output ex_output.o ../src/libcheck.la ../lib/libcompat.la -lrt -lm 
libtool: link: gcc -pthread -g -O2 -Wextra -Wstrict-prototypes -Wmissing-prototypes -Wwrite-strings -Wno-variadic-macros -pedantic -Wimport -Wfatal-errors -Wformat=2 -Winit-self -Wmissing-include-dirs -Wswitch-default -Wunknown-pragmas -Wmissing-noreturn -o .libs/check_thread_stress check_thread_stress-check_thread_stress.o  ../src/.libs/libcheck.so ../lib/.libs/libcompat.a -lrt -lm -pthread -Wl,-rpath -Wl,/tools/lib
libtool: link: gcc -g -O2 -Wextra -Wstrict-prototypes -Wmissing-prototypes -Wwrite-strings -Wno-variadic-macros -pedantic -Wimport -Wfatal-errors -Wformat=2 -Winit-self -Wmissing-include-dirs -Wswitch-default -Wunknown-pragmas -Wmissing-noreturn -o .libs/check_nofork check_nofork.o  ../src/.libs/libcheck.so ../lib/.libs/libcompat.a -lrt -lm -pthread -Wl,-rpath -Wl,/tools/lib
libtool: link: gcc -DTIMEOUT_TESTS_ENABLED=0 -DMEMORY_LEAKING_TESTS_ENABLED=0 -g -O2 -Wextra -Wstrict-prototypes -Wmissing-prototypes -Wwrite-strings -Wno-variadic-macros -pedantic -Wimport -Wfatal-errors -Wformat=2 -Winit-self -Wmissing-include-dirs -Wswitch-default -Wunknown-pragmas -Wmissing-noreturn -o .libs/check_mem_leaks check_mem_leaks-check_mem_leaks.o check_mem_leaks-check_check_log.o check_mem_leaks-check_check_fork.o check_mem_leaks-check_check_exit.o check_mem_leaks-check_check_selective.o check_mem_leaks-check_check_sub.o check_mem_leaks-check_check_master.o  ../src/.libs/libcheck.so ../lib/.libs/libcompat.a -lrt -lm -pthread -Wl,-rpath -Wl,/tools/lib
libtool: link: gcc -g -O2 -Wextra -Wstrict-prototypes -Wmissing-prototypes -Wwrite-strings -Wno-variadic-macros -pedantic -Wimport -Wfatal-errors -Wformat=2 -Winit-self -Wmissing-include-dirs -Wswitch-default -Wunknown-pragmas -Wmissing-noreturn -o .libs/ex_output ex_output.o  ../src/.libs/libcheck.so ../lib/.libs/libcompat.a -lrt -lm -pthread -Wl,-rpath -Wl,/tools/lib
make[2]: Leaving directory `/mnt/lfs/sources/check-0.9.12/tests'
make[1]: Leaving directory `/mnt/lfs/sources/check-0.9.12'
