Making install in po
make[1]: Entering directory '/sources/grep-2.16/po'
installing af.gmo as /usr/share/locale/af/LC_MESSAGES/grep.mo
installing be.gmo as /usr/share/locale/be/LC_MESSAGES/grep.mo
installing bg.gmo as /usr/share/locale/bg/LC_MESSAGES/grep.mo
installing ca.gmo as /usr/share/locale/ca/LC_MESSAGES/grep.mo
installing cs.gmo as /usr/share/locale/cs/LC_MESSAGES/grep.mo
installing da.gmo as /usr/share/locale/da/LC_MESSAGES/grep.mo
installing de.gmo as /usr/share/locale/de/LC_MESSAGES/grep.mo
installing el.gmo as /usr/share/locale/el/LC_MESSAGES/grep.mo
installing eo.gmo as /usr/share/locale/eo/LC_MESSAGES/grep.mo
installing es.gmo as /usr/share/locale/es/LC_MESSAGES/grep.mo
installing et.gmo as /usr/share/locale/et/LC_MESSAGES/grep.mo
installing eu.gmo as /usr/share/locale/eu/LC_MESSAGES/grep.mo
installing fi.gmo as /usr/share/locale/fi/LC_MESSAGES/grep.mo
installing fr.gmo as /usr/share/locale/fr/LC_MESSAGES/grep.mo
installing ga.gmo as /usr/share/locale/ga/LC_MESSAGES/grep.mo
installing gl.gmo as /usr/share/locale/gl/LC_MESSAGES/grep.mo
installing he.gmo as /usr/share/locale/he/LC_MESSAGES/grep.mo
installing hr.gmo as /usr/share/locale/hr/LC_MESSAGES/grep.mo
installing hu.gmo as /usr/share/locale/hu/LC_MESSAGES/grep.mo
installing id.gmo as /usr/share/locale/id/LC_MESSAGES/grep.mo
installing it.gmo as /usr/share/locale/it/LC_MESSAGES/grep.mo
installing ja.gmo as /usr/share/locale/ja/LC_MESSAGES/grep.mo
installing ko.gmo as /usr/share/locale/ko/LC_MESSAGES/grep.mo
installing ky.gmo as /usr/share/locale/ky/LC_MESSAGES/grep.mo
installing lt.gmo as /usr/share/locale/lt/LC_MESSAGES/grep.mo
installing nb.gmo as /usr/share/locale/nb/LC_MESSAGES/grep.mo
installing nl.gmo as /usr/share/locale/nl/LC_MESSAGES/grep.mo
installing pa.gmo as /usr/share/locale/pa/LC_MESSAGES/grep.mo
installing pl.gmo as /usr/share/locale/pl/LC_MESSAGES/grep.mo
installing pt.gmo as /usr/share/locale/pt/LC_MESSAGES/grep.mo
installing pt_BR.gmo as /usr/share/locale/pt_BR/LC_MESSAGES/grep.mo
installing ro.gmo as /usr/share/locale/ro/LC_MESSAGES/grep.mo
installing ru.gmo as /usr/share/locale/ru/LC_MESSAGES/grep.mo
installing sk.gmo as /usr/share/locale/sk/LC_MESSAGES/grep.mo
installing sl.gmo as /usr/share/locale/sl/LC_MESSAGES/grep.mo
installing sr.gmo as /usr/share/locale/sr/LC_MESSAGES/grep.mo
installing sv.gmo as /usr/share/locale/sv/LC_MESSAGES/grep.mo
installing th.gmo as /usr/share/locale/th/LC_MESSAGES/grep.mo
installing tr.gmo as /usr/share/locale/tr/LC_MESSAGES/grep.mo
installing uk.gmo as /usr/share/locale/uk/LC_MESSAGES/grep.mo
installing vi.gmo as /usr/share/locale/vi/LC_MESSAGES/grep.mo
installing zh_CN.gmo as /usr/share/locale/zh_CN/LC_MESSAGES/grep.mo
installing zh_TW.gmo as /usr/share/locale/zh_TW/LC_MESSAGES/grep.mo
if test "grep" = "gettext-tools"; then \
  /bin/mkdir -p /usr/share/gettext/po; \
  for file in Makefile.in.in remove-potcdate.sin quot.sed boldquot.sed en@quot.header en@boldquot.header insert-header.sin Rules-quot   Makevars.template; do \
    /usr/bin/install -c -m 644 ./$file \
		    /usr/share/gettext/po/$file; \
  done; \
  for file in Makevars; do \
    rm -f /usr/share/gettext/po/$file; \
  done; \
else \
  : ; \
fi
make[1]: Leaving directory '/sources/grep-2.16/po'
Making install in lib
make[1]: Entering directory '/sources/grep-2.16/lib'
make  install-am
make[2]: Entering directory '/sources/grep-2.16/lib'
make[3]: Entering directory '/sources/grep-2.16/lib'
if test yes = no; then \
  case 'linux-gnu' in \
    darwin[56]*) \
      need_charset_alias=true ;; \
    darwin* | cygwin* | mingw* | pw32* | cegcc*) \
      need_charset_alias=false ;; \
    *) \
      need_charset_alias=true ;; \
  esac ; \
else \
  need_charset_alias=false ; \
fi ; \
if $need_charset_alias; then \
  /bin/sh /sources/grep-2.16/build-aux/install-sh -d /usr/lib ; \
fi ; \
if test -f /usr/lib/charset.alias; then \
  sed -f ref-add.sed /usr/lib/charset.alias > /usr/lib/charset.tmp ; \
  /usr/bin/install -c -m 644 /usr/lib/charset.tmp /usr/lib/charset.alias ; \
  rm -f /usr/lib/charset.tmp ; \
else \
  if $need_charset_alias; then \
    sed -f ref-add.sed charset.alias > /usr/lib/charset.tmp ; \
    /usr/bin/install -c -m 644 /usr/lib/charset.tmp /usr/lib/charset.alias ; \
    rm -f /usr/lib/charset.tmp ; \
  fi ; \
fi
make[3]: Nothing to be done for 'install-data-am'.
make[3]: Leaving directory '/sources/grep-2.16/lib'
make[2]: Leaving directory '/sources/grep-2.16/lib'
make[1]: Leaving directory '/sources/grep-2.16/lib'
Making install in doc
make[1]: Entering directory '/sources/grep-2.16/doc'
make[2]: Entering directory '/sources/grep-2.16/doc'
make[2]: Nothing to be done for 'install-exec-am'.
 /bin/mkdir -p '/usr/share/info'
 /usr/bin/install -c -m 644 ./grep.info '/usr/share/info'
 install-info --info-dir='/usr/share/info' '/usr/share/info/grep.info'
 /bin/mkdir -p '/usr/share/man/man1'
 /usr/bin/install -c -m 644 grep.1 fgrep.1 egrep.1 '/usr/share/man/man1'
make[2]: Leaving directory '/sources/grep-2.16/doc'
make[1]: Leaving directory '/sources/grep-2.16/doc'
Making install in src
make[1]: Entering directory '/sources/grep-2.16/src'
make[2]: Entering directory '/sources/grep-2.16/src'
 /bin/mkdir -p '/bin'
  /usr/bin/install -c grep egrep fgrep '/bin'
make[2]: Nothing to be done for 'install-data-am'.
make[2]: Leaving directory '/sources/grep-2.16/src'
make[1]: Leaving directory '/sources/grep-2.16/src'
Making install in tests
make[1]: Entering directory '/sources/grep-2.16/tests'
make[2]: Entering directory '/sources/grep-2.16/tests'
make[2]: Nothing to be done for 'install-exec-am'.
make[2]: Nothing to be done for 'install-data-am'.
make[2]: Leaving directory '/sources/grep-2.16/tests'
make[1]: Leaving directory '/sources/grep-2.16/tests'
Making install in gnulib-tests
make[1]: Entering directory '/sources/grep-2.16/gnulib-tests'
make  install-recursive
make[2]: Entering directory '/sources/grep-2.16/gnulib-tests'
Making install in .
make[3]: Entering directory '/sources/grep-2.16/gnulib-tests'
make[4]: Entering directory '/sources/grep-2.16/gnulib-tests'
make[4]: Nothing to be done for 'install-exec-am'.
make[4]: Nothing to be done for 'install-data-am'.
make[4]: Leaving directory '/sources/grep-2.16/gnulib-tests'
make[3]: Leaving directory '/sources/grep-2.16/gnulib-tests'
make[2]: Leaving directory '/sources/grep-2.16/gnulib-tests'
make[1]: Leaving directory '/sources/grep-2.16/gnulib-tests'
make[1]: Entering directory '/sources/grep-2.16'
make[2]: Entering directory '/sources/grep-2.16'
make[2]: Nothing to be done for 'install-exec-am'.
make[2]: Nothing to be done for 'install-data-am'.
make[2]: Leaving directory '/sources/grep-2.16'
make[1]: Leaving directory '/sources/grep-2.16'
