This file contains any messages produced by compilers while
running configure, to aid debugging if configure makes a mistake.

It was created by psmisc configure 22.20, which was
generated by GNU Autoconf 2.69.  Invocation command line was

  $ ./configure --prefix=/usr

## --------- ##
## Platform. ##
## --------- ##

hostname = lfs
uname -m = i686
uname -r = 3.11.0-26-generic
uname -s = Linux
uname -v = #45-Ubuntu SMP Tue Jul 15 04:04:15 UTC 2014

/usr/bin/uname -p = unknown
/bin/uname -X     = unknown

/bin/arch              = unknown
/usr/bin/arch -k       = unknown
/usr/convex/getsysinfo = unknown
/usr/bin/hostinfo      = unknown
/bin/machine           = unknown
/usr/bin/oslevel       = unknown
/bin/universe          = unknown

PATH: /bin
PATH: /usr/bin
PATH: /sbin
PATH: /usr/sbin
PATH: /tools/bin


## ----------- ##
## Core tests. ##
## ----------- ##

configure:2357: checking build system type
configure:2371: result: i686-pc-linux-gnu
configure:2391: checking host system type
configure:2404: result: i686-pc-linux-gnu
configure:2424: checking target system type
configure:2437: result: i686-pc-linux-gnu
configure:2479: checking for a BSD-compatible install
configure:2547: result: /tools/bin/install -c
configure:2558: checking whether build environment is sane
configure:2608: result: yes
configure:2749: checking for a thread-safe mkdir -p
configure:2788: result: /tools/bin/mkdir -p
configure:2801: checking for gawk
configure:2817: found /tools/bin/gawk
configure:2828: result: gawk
configure:2839: checking whether make sets $(MAKE)
configure:2861: result: yes
configure:2996: checking for gcc
configure:3012: found /usr/bin/gcc
configure:3023: result: gcc
configure:3252: checking for C compiler version
configure:3261: gcc --version >&5
gcc (GCC) 4.8.2
Copyright (C) 2013 Free Software Foundation, Inc.
This is free software; see the source for copying conditions.  There is NO
warranty; not even for MERCHANTABILITY or FITNESS FOR A PARTICULAR PURPOSE.

configure:3272: $? = 0
configure:3261: gcc -v >&5
Using built-in specs.
COLLECT_GCC=gcc
COLLECT_LTO_WRAPPER=/usr/libexec/gcc/i686-pc-linux-gnu/4.8.2/lto-wrapper
Target: i686-pc-linux-gnu
Configured with: ../gcc-4.8.2/configure --prefix=/usr --enable-shared --enable-threads=posix --enable-__cxa_atexit --enable-clocale=gnu --enable-languages=c,c++ --disable-multilib --disable-bootstrap --with-system-zlib
Thread model: posix
gcc version 4.8.2 (GCC) 
configure:3272: $? = 0
configure:3261: gcc -V >&5
gcc: error: unrecognized command line option '-V'
gcc: fatal error: no input files
compilation terminated.
configure:3272: $? = 1
configure:3261: gcc -qversion >&5
gcc: error: unrecognized command line option '-qversion'
gcc: fatal error: no input files
compilation terminated.
configure:3272: $? = 1
configure:3292: checking whether the C compiler works
configure:3314: gcc    conftest.c  >&5
configure:3318: $? = 0
configure:3366: result: yes
configure:3369: checking for C compiler default output file name
configure:3371: result: a.out
configure:3377: checking for suffix of executables
configure:3384: gcc -o conftest    conftest.c  >&5
configure:3388: $? = 0
configure:3410: result: 
configure:3432: checking whether we are cross compiling
configure:3440: gcc -o conftest    conftest.c  >&5
configure:3444: $? = 0
configure:3451: ./conftest
configure:3455: $? = 0
configure:3470: result: no
configure:3475: checking for suffix of object files
configure:3497: gcc -c   conftest.c >&5
configure:3501: $? = 0
configure:3522: result: o
configure:3526: checking whether we are using the GNU C compiler
configure:3545: gcc -c   conftest.c >&5
configure:3545: $? = 0
configure:3554: result: yes
configure:3563: checking whether gcc accepts -g
configure:3583: gcc -c -g  conftest.c >&5
configure:3583: $? = 0
configure:3624: result: yes
configure:3641: checking for gcc option to accept ISO C89
configure:3704: gcc  -c -g -O2  conftest.c >&5
configure:3704: $? = 0
configure:3717: result: none needed
configure:3748: checking for style of include used by make
configure:3776: result: GNU
configure:3802: checking dependency style of gcc
configure:3913: result: gcc3
configure:3928: checking whether make sets $(MAKE)
configure:3950: result: yes
configure:3959: checking whether ln -s works
configure:3963: result: yes
configure:4082: checking for tgetent in -ltinfo
configure:4107: gcc -o conftest -g -O2   conftest.c -ltinfo   >&5
/usr/bin/ld: cannot find -ltinfo
collect2: error: ld returned 1 exit status
configure:4107: $? = 1
configure: failed program was:
| /* confdefs.h */
| #define PACKAGE_NAME "psmisc"
| #define PACKAGE_TARNAME "psmisc"
| #define PACKAGE_VERSION "22.20"
| #define PACKAGE_STRING "psmisc 22.20"
| #define PACKAGE_BUGREPORT ""
| #define PACKAGE_URL ""
| #define PACKAGE "psmisc"
| #define VERSION "22.20"
| #define WITH_IPV6 1
| /* end confdefs.h.  */
| 
| /* Override any GCC internal prototype to avoid an error.
|    Use char because int might match the return type of a GCC
|    builtin and then its argument prototype would still apply.  */
| #ifdef __cplusplus
| extern "C"
| #endif
| char tgetent ();
| int
| main ()
| {
| return tgetent ();
|   ;
|   return 0;
| }
configure:4116: result: no
configure:4121: checking for tgetent in -lncurses
configure:4146: gcc -o conftest -g -O2   conftest.c -lncurses   >&5
configure:4146: $? = 0
configure:4155: result: yes
configure:4214: checking for dirent.h that defines DIR
configure:4233: gcc -c -g -O2  conftest.c >&5
configure:4233: $? = 0
configure:4241: result: yes
configure:4254: checking for library containing opendir
configure:4285: gcc -o conftest -g -O2   conftest.c  >&5
configure:4285: $? = 0
configure:4302: result: none required
configure:4374: checking how to run the C preprocessor
configure:4405: gcc -E  conftest.c
configure:4405: $? = 0
configure:4419: gcc -E  conftest.c
conftest.c:13:28: fatal error: ac_nonexistent.h: No such file or directory
 #include <ac_nonexistent.h>
                            ^
compilation terminated.
configure:4419: $? = 1
configure: failed program was:
| /* confdefs.h */
| #define PACKAGE_NAME "psmisc"
| #define PACKAGE_TARNAME "psmisc"
| #define PACKAGE_VERSION "22.20"
| #define PACKAGE_STRING "psmisc 22.20"
| #define PACKAGE_BUGREPORT ""
| #define PACKAGE_URL ""
| #define PACKAGE "psmisc"
| #define VERSION "22.20"
| #define WITH_IPV6 1
| #define HAVE_DIRENT_H 1
| /* end confdefs.h.  */
| #include <ac_nonexistent.h>
configure:4444: result: gcc -E
configure:4464: gcc -E  conftest.c
configure:4464: $? = 0
configure:4478: gcc -E  conftest.c
conftest.c:13:28: fatal error: ac_nonexistent.h: No such file or directory
 #include <ac_nonexistent.h>
                            ^
compilation terminated.
configure:4478: $? = 1
configure: failed program was:
| /* confdefs.h */
| #define PACKAGE_NAME "psmisc"
| #define PACKAGE_TARNAME "psmisc"
| #define PACKAGE_VERSION "22.20"
| #define PACKAGE_STRING "psmisc 22.20"
| #define PACKAGE_BUGREPORT ""
| #define PACKAGE_URL ""
| #define PACKAGE "psmisc"
| #define VERSION "22.20"
| #define WITH_IPV6 1
| #define HAVE_DIRENT_H 1
| /* end confdefs.h.  */
| #include <ac_nonexistent.h>
configure:4507: checking for grep that handles long lines and -e
configure:4565: result: /tools/bin/grep
configure:4570: checking for egrep
configure:4632: result: /tools/bin/grep -E
configure:4637: checking for ANSI C header files
configure:4657: gcc -c -g -O2  conftest.c >&5
configure:4657: $? = 0
configure:4730: gcc -o conftest -g -O2   conftest.c  >&5
configure:4730: $? = 0
configure:4730: ./conftest
configure:4730: $? = 0
configure:4741: result: yes
configure:4749: checking for sys/wait.h that is POSIX.1 compatible
configure:4775: gcc -c -g -O2  conftest.c >&5
configure:4775: $? = 0
configure:4782: result: yes
configure:4795: checking for sys/types.h
configure:4795: gcc -c -g -O2  conftest.c >&5
configure:4795: $? = 0
configure:4795: result: yes
configure:4795: checking for sys/stat.h
configure:4795: gcc -c -g -O2  conftest.c >&5
configure:4795: $? = 0
configure:4795: result: yes
configure:4795: checking for stdlib.h
configure:4795: gcc -c -g -O2  conftest.c >&5
configure:4795: $? = 0
configure:4795: result: yes
configure:4795: checking for string.h
configure:4795: gcc -c -g -O2  conftest.c >&5
configure:4795: $? = 0
configure:4795: result: yes
configure:4795: checking for memory.h
configure:4795: gcc -c -g -O2  conftest.c >&5
configure:4795: $? = 0
configure:4795: result: yes
configure:4795: checking for strings.h
configure:4795: gcc -c -g -O2  conftest.c >&5
configure:4795: $? = 0
configure:4795: result: yes
configure:4795: checking for inttypes.h
configure:4795: gcc -c -g -O2  conftest.c >&5
configure:4795: $? = 0
configure:4795: result: yes
configure:4795: checking for stdint.h
configure:4795: gcc -c -g -O2  conftest.c >&5
configure:4795: $? = 0
configure:4795: result: yes
configure:4795: checking for unistd.h
configure:4795: gcc -c -g -O2  conftest.c >&5
configure:4795: $? = 0
configure:4795: result: yes
configure:4810: checking arpa/inet.h usability
configure:4810: gcc -c -g -O2  conftest.c >&5
configure:4810: $? = 0
configure:4810: result: yes
configure:4810: checking arpa/inet.h presence
configure:4810: gcc -E  conftest.c
configure:4810: $? = 0
configure:4810: result: yes
configure:4810: checking for arpa/inet.h
configure:4810: result: yes
configure:4810: checking fcntl.h usability
configure:4810: gcc -c -g -O2  conftest.c >&5
configure:4810: $? = 0
configure:4810: result: yes
configure:4810: checking fcntl.h presence
configure:4810: gcc -E  conftest.c
configure:4810: $? = 0
configure:4810: result: yes
configure:4810: checking for fcntl.h
configure:4810: result: yes
configure:4810: checking langinfo.h usability
configure:4810: gcc -c -g -O2  conftest.c >&5
configure:4810: $? = 0
configure:4810: result: yes
configure:4810: checking langinfo.h presence
configure:4810: gcc -E  conftest.c
configure:4810: $? = 0
configure:4810: result: yes
configure:4810: checking for langinfo.h
configure:4810: result: yes
configure:4810: checking libintl.h usability
configure:4810: gcc -c -g -O2  conftest.c >&5
configure:4810: $? = 0
configure:4810: result: yes
configure:4810: checking libintl.h presence
configure:4810: gcc -E  conftest.c
configure:4810: $? = 0
configure:4810: result: yes
configure:4810: checking for libintl.h
configure:4810: result: yes
configure:4810: checking limits.h usability
configure:4810: gcc -c -g -O2  conftest.c >&5
configure:4810: $? = 0
configure:4810: result: yes
configure:4810: checking limits.h presence
configure:4810: gcc -E  conftest.c
configure:4810: $? = 0
configure:4810: result: yes
configure:4810: checking for limits.h
configure:4810: result: yes
configure:4810: checking locale.h usability
configure:4810: gcc -c -g -O2  conftest.c >&5
configure:4810: $? = 0
configure:4810: result: yes
configure:4810: checking locale.h presence
configure:4810: gcc -E  conftest.c
configure:4810: $? = 0
configure:4810: result: yes
configure:4810: checking for locale.h
configure:4810: result: yes
configure:4810: checking mntent.h usability
configure:4810: gcc -c -g -O2  conftest.c >&5
configure:4810: $? = 0
configure:4810: result: yes
configure:4810: checking mntent.h presence
configure:4810: gcc -E  conftest.c
configure:4810: $? = 0
configure:4810: result: yes
configure:4810: checking for mntent.h
configure:4810: result: yes
configure:4810: checking netdb.h usability
configure:4810: gcc -c -g -O2  conftest.c >&5
configure:4810: $? = 0
configure:4810: result: yes
configure:4810: checking netdb.h presence
configure:4810: gcc -E  conftest.c
configure:4810: $? = 0
configure:4810: result: yes
configure:4810: checking for netdb.h
configure:4810: result: yes
configure:4810: checking netinet/in.h usability
configure:4810: gcc -c -g -O2  conftest.c >&5
configure:4810: $? = 0
configure:4810: result: yes
configure:4810: checking netinet/in.h presence
configure:4810: gcc -E  conftest.c
configure:4810: $? = 0
configure:4810: result: yes
configure:4810: checking for netinet/in.h
configure:4810: result: yes
configure:4810: checking for stdlib.h
configure:4810: result: yes
configure:4810: checking for string.h
configure:4810: result: yes
configure:4810: checking sys/ioctl.h usability
configure:4810: gcc -c -g -O2  conftest.c >&5
configure:4810: $? = 0
configure:4810: result: yes
configure:4810: checking sys/ioctl.h presence
configure:4810: gcc -E  conftest.c
configure:4810: $? = 0
configure:4810: result: yes
configure:4810: checking for sys/ioctl.h
configure:4810: result: yes
configure:4810: checking sys/socket.h usability
configure:4810: gcc -c -g -O2  conftest.c >&5
configure:4810: $? = 0
configure:4810: result: yes
configure:4810: checking sys/socket.h presence
configure:4810: gcc -E  conftest.c
configure:4810: $? = 0
configure:4810: result: yes
configure:4810: checking for sys/socket.h
configure:4810: result: yes
configure:4810: checking termios.h usability
configure:4810: gcc -c -g -O2  conftest.c >&5
configure:4810: $? = 0
configure:4810: result: yes
configure:4810: checking termios.h presence
configure:4810: gcc -E  conftest.c
configure:4810: $? = 0
configure:4810: result: yes
configure:4810: checking for termios.h
configure:4810: result: yes
configure:4810: checking for unistd.h
configure:4810: result: yes
configure:4821: checking for an ANSI C-conforming const
configure:4887: gcc -c -g -O2  conftest.c >&5
configure:4887: $? = 0
configure:4894: result: yes
configure:4902: checking for pid_t
configure:4902: gcc -c -g -O2  conftest.c >&5
configure:4902: $? = 0
configure:4902: gcc -c -g -O2  conftest.c >&5
conftest.c: In function 'main':
conftest.c:75:20: error: expected expression before ')' token
 if (sizeof ((pid_t)))
                    ^
configure:4902: $? = 1
configure: failed program was:
| /* confdefs.h */
| #define PACKAGE_NAME "psmisc"
| #define PACKAGE_TARNAME "psmisc"
| #define PACKAGE_VERSION "22.20"
| #define PACKAGE_STRING "psmisc 22.20"
| #define PACKAGE_BUGREPORT ""
| #define PACKAGE_URL ""
| #define PACKAGE "psmisc"
| #define VERSION "22.20"
| #define WITH_IPV6 1
| #define HAVE_DIRENT_H 1
| #define STDC_HEADERS 1
| #define HAVE_SYS_WAIT_H 1
| #define HAVE_SYS_TYPES_H 1
| #define HAVE_SYS_STAT_H 1
| #define HAVE_STDLIB_H 1
| #define HAVE_STRING_H 1
| #define HAVE_MEMORY_H 1
| #define HAVE_STRINGS_H 1
| #define HAVE_INTTYPES_H 1
| #define HAVE_STDINT_H 1
| #define HAVE_UNISTD_H 1
| #define HAVE_ARPA_INET_H 1
| #define HAVE_FCNTL_H 1
| #define HAVE_LANGINFO_H 1
| #define HAVE_LIBINTL_H 1
| #define HAVE_LIMITS_H 1
| #define HAVE_LOCALE_H 1
| #define HAVE_MNTENT_H 1
| #define HAVE_NETDB_H 1
| #define HAVE_NETINET_IN_H 1
| #define HAVE_STDLIB_H 1
| #define HAVE_STRING_H 1
| #define HAVE_SYS_IOCTL_H 1
| #define HAVE_SYS_SOCKET_H 1
| #define HAVE_TERMIOS_H 1
| #define HAVE_UNISTD_H 1
| /* end confdefs.h.  */
| #include <stdio.h>
| #ifdef HAVE_SYS_TYPES_H
| # include <sys/types.h>
| #endif
| #ifdef HAVE_SYS_STAT_H
| # include <sys/stat.h>
| #endif
| #ifdef STDC_HEADERS
| # include <stdlib.h>
| # include <stddef.h>
| #else
| # ifdef HAVE_STDLIB_H
| #  include <stdlib.h>
| # endif
| #endif
| #ifdef HAVE_STRING_H
| # if !defined STDC_HEADERS && defined HAVE_MEMORY_H
| #  include <memory.h>
| # endif
| # include <string.h>
| #endif
| #ifdef HAVE_STRINGS_H
| # include <strings.h>
| #endif
| #ifdef HAVE_INTTYPES_H
| # include <inttypes.h>
| #endif
| #ifdef HAVE_STDINT_H
| # include <stdint.h>
| #endif
| #ifdef HAVE_UNISTD_H
| # include <unistd.h>
| #endif
| int
| main ()
| {
| if (sizeof ((pid_t)))
| 	    return 0;
|   ;
|   return 0;
| }
configure:4902: result: yes
configure:4913: checking for size_t
configure:4913: gcc -c -g -O2  conftest.c >&5
configure:4913: $? = 0
configure:4913: gcc -c -g -O2  conftest.c >&5
conftest.c: In function 'main':
conftest.c:75:21: error: expected expression before ')' token
 if (sizeof ((size_t)))
                     ^
configure:4913: $? = 1
configure: failed program was:
| /* confdefs.h */
| #define PACKAGE_NAME "psmisc"
| #define PACKAGE_TARNAME "psmisc"
| #define PACKAGE_VERSION "22.20"
| #define PACKAGE_STRING "psmisc 22.20"
| #define PACKAGE_BUGREPORT ""
| #define PACKAGE_URL ""
| #define PACKAGE "psmisc"
| #define VERSION "22.20"
| #define WITH_IPV6 1
| #define HAVE_DIRENT_H 1
| #define STDC_HEADERS 1
| #define HAVE_SYS_WAIT_H 1
| #define HAVE_SYS_TYPES_H 1
| #define HAVE_SYS_STAT_H 1
| #define HAVE_STDLIB_H 1
| #define HAVE_STRING_H 1
| #define HAVE_MEMORY_H 1
| #define HAVE_STRINGS_H 1
| #define HAVE_INTTYPES_H 1
| #define HAVE_STDINT_H 1
| #define HAVE_UNISTD_H 1
| #define HAVE_ARPA_INET_H 1
| #define HAVE_FCNTL_H 1
| #define HAVE_LANGINFO_H 1
| #define HAVE_LIBINTL_H 1
| #define HAVE_LIMITS_H 1
| #define HAVE_LOCALE_H 1
| #define HAVE_MNTENT_H 1
| #define HAVE_NETDB_H 1
| #define HAVE_NETINET_IN_H 1
| #define HAVE_STDLIB_H 1
| #define HAVE_STRING_H 1
| #define HAVE_SYS_IOCTL_H 1
| #define HAVE_SYS_SOCKET_H 1
| #define HAVE_TERMIOS_H 1
| #define HAVE_UNISTD_H 1
| /* end confdefs.h.  */
| #include <stdio.h>
| #ifdef HAVE_SYS_TYPES_H
| # include <sys/types.h>
| #endif
| #ifdef HAVE_SYS_STAT_H
| # include <sys/stat.h>
| #endif
| #ifdef STDC_HEADERS
| # include <stdlib.h>
| # include <stddef.h>
| #else
| # ifdef HAVE_STDLIB_H
| #  include <stdlib.h>
| # endif
| #endif
| #ifdef HAVE_STRING_H
| # if !defined STDC_HEADERS && defined HAVE_MEMORY_H
| #  include <memory.h>
| # endif
| # include <string.h>
| #endif
| #ifdef HAVE_STRINGS_H
| # include <strings.h>
| #endif
| #ifdef HAVE_INTTYPES_H
| # include <inttypes.h>
| #endif
| #ifdef HAVE_STDINT_H
| # include <stdint.h>
| #endif
| #ifdef HAVE_UNISTD_H
| # include <unistd.h>
| #endif
| int
| main ()
| {
| if (sizeof ((size_t)))
| 	    return 0;
|   ;
|   return 0;
| }
configure:4913: result: yes
configure:4924: checking for struct stat.st_rdev
configure:4924: gcc -c -g -O2  conftest.c >&5
configure:4924: $? = 0
configure:4924: result: yes
configure:4934: checking for uid_t in sys/types.h
configure:4953: result: yes
configure:4968: checking compiler supports harden flags
configure:4983: gcc -c -g -O2 -fstack-protector --param=ssp-buffer-size=4 -Wformat -Wformat-security -Werror=format-security  conftest.c >&5
configure:4983: $? = 0
configure:4984: result: yes
configure:5000: checking whether NLS is requested
configure:5009: result: yes
configure:5047: checking for msgfmt
configure: trying /tools/bin/msgfmt...
0 translated messages.
configure:5079: result: /tools/bin/msgfmt
configure:5088: checking for gmsgfmt
configure:5119: result: /tools/bin/msgfmt
configure:5170: checking for xgettext
configure: trying /tools/bin/xgettext...
/tools/bin/xgettext: warning: file '/dev/null' extension '' is unknown; will try C
configure:5202: result: /tools/bin/xgettext
configure:5248: checking for msgmerge
configure: trying /tools/bin/msgmerge...
configure:5279: result: /tools/bin/msgmerge
configure:5333: checking for ld used by GCC
configure:5397: result: /usr/bin/ld
configure:5404: checking if the linker (/usr/bin/ld) is GNU ld
configure:5417: result: yes
configure:5424: checking for shared library run path origin
configure:5437: result: done
configure:5894: checking for CFPreferencesCopyAppValue
configure:5912: gcc -o conftest -g -O2   conftest.c  -Wl,-framework -Wl,CoreFoundation >&5
conftest.c:40:42: fatal error: CoreFoundation/CFPreferences.h: No such file or directory
 #include <CoreFoundation/CFPreferences.h>
                                          ^
compilation terminated.
configure:5912: $? = 1
configure: failed program was:
| /* confdefs.h */
| #define PACKAGE_NAME "psmisc"
| #define PACKAGE_TARNAME "psmisc"
| #define PACKAGE_VERSION "22.20"
| #define PACKAGE_STRING "psmisc 22.20"
| #define PACKAGE_BUGREPORT ""
| #define PACKAGE_URL ""
| #define PACKAGE "psmisc"
| #define VERSION "22.20"
| #define WITH_IPV6 1
| #define HAVE_DIRENT_H 1
| #define STDC_HEADERS 1
| #define HAVE_SYS_WAIT_H 1
| #define HAVE_SYS_TYPES_H 1
| #define HAVE_SYS_STAT_H 1
| #define HAVE_STDLIB_H 1
| #define HAVE_STRING_H 1
| #define HAVE_MEMORY_H 1
| #define HAVE_STRINGS_H 1
| #define HAVE_INTTYPES_H 1
| #define HAVE_STDINT_H 1
| #define HAVE_UNISTD_H 1
| #define HAVE_ARPA_INET_H 1
| #define HAVE_FCNTL_H 1
| #define HAVE_LANGINFO_H 1
| #define HAVE_LIBINTL_H 1
| #define HAVE_LIMITS_H 1
| #define HAVE_LOCALE_H 1
| #define HAVE_MNTENT_H 1
| #define HAVE_NETDB_H 1
| #define HAVE_NETINET_IN_H 1
| #define HAVE_STDLIB_H 1
| #define HAVE_STRING_H 1
| #define HAVE_SYS_IOCTL_H 1
| #define HAVE_SYS_SOCKET_H 1
| #define HAVE_TERMIOS_H 1
| #define HAVE_UNISTD_H 1
| #define HAVE_STRUCT_STAT_ST_RDEV 1
| /* end confdefs.h.  */
| #include <CoreFoundation/CFPreferences.h>
| int
| main ()
| {
| CFPreferencesCopyAppValue(NULL, NULL)
|   ;
|   return 0;
| }
configure:5921: result: no
configure:5928: checking for CFLocaleCopyCurrent
configure:5946: gcc -o conftest -g -O2   conftest.c  -Wl,-framework -Wl,CoreFoundation >&5
conftest.c:40:37: fatal error: CoreFoundation/CFLocale.h: No such file or directory
 #include <CoreFoundation/CFLocale.h>
                                     ^
compilation terminated.
configure:5946: $? = 1
configure: failed program was:
| /* confdefs.h */
| #define PACKAGE_NAME "psmisc"
| #define PACKAGE_TARNAME "psmisc"
| #define PACKAGE_VERSION "22.20"
| #define PACKAGE_STRING "psmisc 22.20"
| #define PACKAGE_BUGREPORT ""
| #define PACKAGE_URL ""
| #define PACKAGE "psmisc"
| #define VERSION "22.20"
| #define WITH_IPV6 1
| #define HAVE_DIRENT_H 1
| #define STDC_HEADERS 1
| #define HAVE_SYS_WAIT_H 1
| #define HAVE_SYS_TYPES_H 1
| #define HAVE_SYS_STAT_H 1
| #define HAVE_STDLIB_H 1
| #define HAVE_STRING_H 1
| #define HAVE_MEMORY_H 1
| #define HAVE_STRINGS_H 1
| #define HAVE_INTTYPES_H 1
| #define HAVE_STDINT_H 1
| #define HAVE_UNISTD_H 1
| #define HAVE_ARPA_INET_H 1
| #define HAVE_FCNTL_H 1
| #define HAVE_LANGINFO_H 1
| #define HAVE_LIBINTL_H 1
| #define HAVE_LIMITS_H 1
| #define HAVE_LOCALE_H 1
| #define HAVE_MNTENT_H 1
| #define HAVE_NETDB_H 1
| #define HAVE_NETINET_IN_H 1
| #define HAVE_STDLIB_H 1
| #define HAVE_STRING_H 1
| #define HAVE_SYS_IOCTL_H 1
| #define HAVE_SYS_SOCKET_H 1
| #define HAVE_TERMIOS_H 1
| #define HAVE_UNISTD_H 1
| #define HAVE_STRUCT_STAT_ST_RDEV 1
| /* end confdefs.h.  */
| #include <CoreFoundation/CFLocale.h>
| int
| main ()
| {
| CFLocaleCopyCurrent();
|   ;
|   return 0;
| }
configure:5955: result: no
configure:6004: checking for GNU gettext in libc
configure:6024: gcc -o conftest -g -O2   conftest.c  >&5
configure:6024: $? = 0
configure:6033: result: yes
configure:6639: checking whether to use NLS
configure:6641: result: yes
configure:6644: checking where the gettext function comes from
configure:6655: result: libc
configure:6713: checking for struct user_regs_struct.orig_eax
configure:6713: gcc -c -g -O2  conftest.c >&5
configure:6713: $? = 0
configure:6713: result: yes
configure:6724: checking for struct user_regs_struct.eax
configure:6724: gcc -c -g -O2  conftest.c >&5
configure:6724: $? = 0
configure:6724: result: yes
configure:6735: checking for struct user_regs_struct.ebx
configure:6735: gcc -c -g -O2  conftest.c >&5
configure:6735: $? = 0
configure:6735: result: yes
configure:6746: checking for struct user_regs_struct.ecx
configure:6746: gcc -c -g -O2  conftest.c >&5
configure:6746: $? = 0
configure:6746: result: yes
configure:6757: checking for struct user_regs_struct.edx
configure:6757: gcc -c -g -O2  conftest.c >&5
configure:6757: $? = 0
configure:6757: result: yes
configure:6768: checking for struct user_regs_struct.orig_rax
configure:6768: gcc -c -g -O2  conftest.c >&5
conftest.c: In function 'main':
conftest.c:55:12: error: 'struct user_regs_struct' has no member named 'orig_rax'
 if (ac_aggr.orig_rax)
            ^
configure:6768: $? = 1
configure: failed program was:
| /* confdefs.h */
| #define PACKAGE_NAME "psmisc"
| #define PACKAGE_TARNAME "psmisc"
| #define PACKAGE_VERSION "22.20"
| #define PACKAGE_STRING "psmisc 22.20"
| #define PACKAGE_BUGREPORT ""
| #define PACKAGE_URL ""
| #define PACKAGE "psmisc"
| #define VERSION "22.20"
| #define WITH_IPV6 1
| #define HAVE_DIRENT_H 1
| #define STDC_HEADERS 1
| #define HAVE_SYS_WAIT_H 1
| #define HAVE_SYS_TYPES_H 1
| #define HAVE_SYS_STAT_H 1
| #define HAVE_STDLIB_H 1
| #define HAVE_STRING_H 1
| #define HAVE_MEMORY_H 1
| #define HAVE_STRINGS_H 1
| #define HAVE_INTTYPES_H 1
| #define HAVE_STDINT_H 1
| #define HAVE_UNISTD_H 1
| #define HAVE_ARPA_INET_H 1
| #define HAVE_FCNTL_H 1
| #define HAVE_LANGINFO_H 1
| #define HAVE_LIBINTL_H 1
| #define HAVE_LIMITS_H 1
| #define HAVE_LOCALE_H 1
| #define HAVE_MNTENT_H 1
| #define HAVE_NETDB_H 1
| #define HAVE_NETINET_IN_H 1
| #define HAVE_STDLIB_H 1
| #define HAVE_STRING_H 1
| #define HAVE_SYS_IOCTL_H 1
| #define HAVE_SYS_SOCKET_H 1
| #define HAVE_TERMIOS_H 1
| #define HAVE_UNISTD_H 1
| #define HAVE_STRUCT_STAT_ST_RDEV 1
| #define ENABLE_NLS 1
| #define HAVE_GETTEXT 1
| #define HAVE_DCGETTEXT 1
| #define HAVE_STRUCT_USER_REGS_STRUCT_ORIG_EAX 1
| #define HAVE_STRUCT_USER_REGS_STRUCT_EAX 1
| #define HAVE_STRUCT_USER_REGS_STRUCT_EBX 1
| #define HAVE_STRUCT_USER_REGS_STRUCT_ECX 1
| #define HAVE_STRUCT_USER_REGS_STRUCT_EDX 1
| /* end confdefs.h.  */
| #include <bits/types.h>
|      #include <sys/user.h>
| 
| int
| main ()
| {
| static struct user_regs_struct ac_aggr;
| if (ac_aggr.orig_rax)
| return 0;
|   ;
|   return 0;
| }
configure:6768: gcc -c -g -O2  conftest.c >&5
conftest.c: In function 'main':
conftest.c:55:19: error: 'struct user_regs_struct' has no member named 'orig_rax'
 if (sizeof ac_aggr.orig_rax)
                   ^
configure:6768: $? = 1
configure: failed program was:
| /* confdefs.h */
| #define PACKAGE_NAME "psmisc"
| #define PACKAGE_TARNAME "psmisc"
| #define PACKAGE_VERSION "22.20"
| #define PACKAGE_STRING "psmisc 22.20"
| #define PACKAGE_BUGREPORT ""
| #define PACKAGE_URL ""
| #define PACKAGE "psmisc"
| #define VERSION "22.20"
| #define WITH_IPV6 1
| #define HAVE_DIRENT_H 1
| #define STDC_HEADERS 1
| #define HAVE_SYS_WAIT_H 1
| #define HAVE_SYS_TYPES_H 1
| #define HAVE_SYS_STAT_H 1
| #define HAVE_STDLIB_H 1
| #define HAVE_STRING_H 1
| #define HAVE_MEMORY_H 1
| #define HAVE_STRINGS_H 1
| #define HAVE_INTTYPES_H 1
| #define HAVE_STDINT_H 1
| #define HAVE_UNISTD_H 1
| #define HAVE_ARPA_INET_H 1
| #define HAVE_FCNTL_H 1
| #define HAVE_LANGINFO_H 1
| #define HAVE_LIBINTL_H 1
| #define HAVE_LIMITS_H 1
| #define HAVE_LOCALE_H 1
| #define HAVE_MNTENT_H 1
| #define HAVE_NETDB_H 1
| #define HAVE_NETINET_IN_H 1
| #define HAVE_STDLIB_H 1
| #define HAVE_STRING_H 1
| #define HAVE_SYS_IOCTL_H 1
| #define HAVE_SYS_SOCKET_H 1
| #define HAVE_TERMIOS_H 1
| #define HAVE_UNISTD_H 1
| #define HAVE_STRUCT_STAT_ST_RDEV 1
| #define ENABLE_NLS 1
| #define HAVE_GETTEXT 1
| #define HAVE_DCGETTEXT 1
| #define HAVE_STRUCT_USER_REGS_STRUCT_ORIG_EAX 1
| #define HAVE_STRUCT_USER_REGS_STRUCT_EAX 1
| #define HAVE_STRUCT_USER_REGS_STRUCT_EBX 1
| #define HAVE_STRUCT_USER_REGS_STRUCT_ECX 1
| #define HAVE_STRUCT_USER_REGS_STRUCT_EDX 1
| /* end confdefs.h.  */
| #include <bits/types.h>
|      #include <sys/user.h>
| 
| int
| main ()
| {
| static struct user_regs_struct ac_aggr;
| if (sizeof ac_aggr.orig_rax)
| return 0;
|   ;
|   return 0;
| }
configure:6768: result: no
configure:6779: checking for struct user_regs_struct.rax
configure:6779: gcc -c -g -O2  conftest.c >&5
conftest.c: In function 'main':
conftest.c:55:12: error: 'struct user_regs_struct' has no member named 'rax'
 if (ac_aggr.rax)
            ^
configure:6779: $? = 1
configure: failed program was:
| /* confdefs.h */
| #define PACKAGE_NAME "psmisc"
| #define PACKAGE_TARNAME "psmisc"
| #define PACKAGE_VERSION "22.20"
| #define PACKAGE_STRING "psmisc 22.20"
| #define PACKAGE_BUGREPORT ""
| #define PACKAGE_URL ""
| #define PACKAGE "psmisc"
| #define VERSION "22.20"
| #define WITH_IPV6 1
| #define HAVE_DIRENT_H 1
| #define STDC_HEADERS 1
| #define HAVE_SYS_WAIT_H 1
| #define HAVE_SYS_TYPES_H 1
| #define HAVE_SYS_STAT_H 1
| #define HAVE_STDLIB_H 1
| #define HAVE_STRING_H 1
| #define HAVE_MEMORY_H 1
| #define HAVE_STRINGS_H 1
| #define HAVE_INTTYPES_H 1
| #define HAVE_STDINT_H 1
| #define HAVE_UNISTD_H 1
| #define HAVE_ARPA_INET_H 1
| #define HAVE_FCNTL_H 1
| #define HAVE_LANGINFO_H 1
| #define HAVE_LIBINTL_H 1
| #define HAVE_LIMITS_H 1
| #define HAVE_LOCALE_H 1
| #define HAVE_MNTENT_H 1
| #define HAVE_NETDB_H 1
| #define HAVE_NETINET_IN_H 1
| #define HAVE_STDLIB_H 1
| #define HAVE_STRING_H 1
| #define HAVE_SYS_IOCTL_H 1
| #define HAVE_SYS_SOCKET_H 1
| #define HAVE_TERMIOS_H 1
| #define HAVE_UNISTD_H 1
| #define HAVE_STRUCT_STAT_ST_RDEV 1
| #define ENABLE_NLS 1
| #define HAVE_GETTEXT 1
| #define HAVE_DCGETTEXT 1
| #define HAVE_STRUCT_USER_REGS_STRUCT_ORIG_EAX 1
| #define HAVE_STRUCT_USER_REGS_STRUCT_EAX 1
| #define HAVE_STRUCT_USER_REGS_STRUCT_EBX 1
| #define HAVE_STRUCT_USER_REGS_STRUCT_ECX 1
| #define HAVE_STRUCT_USER_REGS_STRUCT_EDX 1
| /* end confdefs.h.  */
| #include <bits/types.h>
|      #include <sys/user.h>
| 
| int
| main ()
| {
| static struct user_regs_struct ac_aggr;
| if (ac_aggr.rax)
| return 0;
|   ;
|   return 0;
| }
configure:6779: gcc -c -g -O2  conftest.c >&5
conftest.c: In function 'main':
conftest.c:55:19: error: 'struct user_regs_struct' has no member named 'rax'
 if (sizeof ac_aggr.rax)
                   ^
configure:6779: $? = 1
configure: failed program was:
| /* confdefs.h */
| #define PACKAGE_NAME "psmisc"
| #define PACKAGE_TARNAME "psmisc"
| #define PACKAGE_VERSION "22.20"
| #define PACKAGE_STRING "psmisc 22.20"
| #define PACKAGE_BUGREPORT ""
| #define PACKAGE_URL ""
| #define PACKAGE "psmisc"
| #define VERSION "22.20"
| #define WITH_IPV6 1
| #define HAVE_DIRENT_H 1
| #define STDC_HEADERS 1
| #define HAVE_SYS_WAIT_H 1
| #define HAVE_SYS_TYPES_H 1
| #define HAVE_SYS_STAT_H 1
| #define HAVE_STDLIB_H 1
| #define HAVE_STRING_H 1
| #define HAVE_MEMORY_H 1
| #define HAVE_STRINGS_H 1
| #define HAVE_INTTYPES_H 1
| #define HAVE_STDINT_H 1
| #define HAVE_UNISTD_H 1
| #define HAVE_ARPA_INET_H 1
| #define HAVE_FCNTL_H 1
| #define HAVE_LANGINFO_H 1
| #define HAVE_LIBINTL_H 1
| #define HAVE_LIMITS_H 1
| #define HAVE_LOCALE_H 1
| #define HAVE_MNTENT_H 1
| #define HAVE_NETDB_H 1
| #define HAVE_NETINET_IN_H 1
| #define HAVE_STDLIB_H 1
| #define HAVE_STRING_H 1
| #define HAVE_SYS_IOCTL_H 1
| #define HAVE_SYS_SOCKET_H 1
| #define HAVE_TERMIOS_H 1
| #define HAVE_UNISTD_H 1
| #define HAVE_STRUCT_STAT_ST_RDEV 1
| #define ENABLE_NLS 1
| #define HAVE_GETTEXT 1
| #define HAVE_DCGETTEXT 1
| #define HAVE_STRUCT_USER_REGS_STRUCT_ORIG_EAX 1
| #define HAVE_STRUCT_USER_REGS_STRUCT_EAX 1
| #define HAVE_STRUCT_USER_REGS_STRUCT_EBX 1
| #define HAVE_STRUCT_USER_REGS_STRUCT_ECX 1
| #define HAVE_STRUCT_USER_REGS_STRUCT_EDX 1
| /* end confdefs.h.  */
| #include <bits/types.h>
|      #include <sys/user.h>
| 
| int
| main ()
| {
| static struct user_regs_struct ac_aggr;
| if (sizeof ac_aggr.rax)
| return 0;
|   ;
|   return 0;
| }
configure:6779: result: no
configure:6790: checking for struct user_regs_struct.rdi
configure:6790: gcc -c -g -O2  conftest.c >&5
conftest.c: In function 'main':
conftest.c:55:12: error: 'struct user_regs_struct' has no member named 'rdi'
 if (ac_aggr.rdi)
            ^
configure:6790: $? = 1
configure: failed program was:
| /* confdefs.h */
| #define PACKAGE_NAME "psmisc"
| #define PACKAGE_TARNAME "psmisc"
| #define PACKAGE_VERSION "22.20"
| #define PACKAGE_STRING "psmisc 22.20"
| #define PACKAGE_BUGREPORT ""
| #define PACKAGE_URL ""
| #define PACKAGE "psmisc"
| #define VERSION "22.20"
| #define WITH_IPV6 1
| #define HAVE_DIRENT_H 1
| #define STDC_HEADERS 1
| #define HAVE_SYS_WAIT_H 1
| #define HAVE_SYS_TYPES_H 1
| #define HAVE_SYS_STAT_H 1
| #define HAVE_STDLIB_H 1
| #define HAVE_STRING_H 1
| #define HAVE_MEMORY_H 1
| #define HAVE_STRINGS_H 1
| #define HAVE_INTTYPES_H 1
| #define HAVE_STDINT_H 1
| #define HAVE_UNISTD_H 1
| #define HAVE_ARPA_INET_H 1
| #define HAVE_FCNTL_H 1
| #define HAVE_LANGINFO_H 1
| #define HAVE_LIBINTL_H 1
| #define HAVE_LIMITS_H 1
| #define HAVE_LOCALE_H 1
| #define HAVE_MNTENT_H 1
| #define HAVE_NETDB_H 1
| #define HAVE_NETINET_IN_H 1
| #define HAVE_STDLIB_H 1
| #define HAVE_STRING_H 1
| #define HAVE_SYS_IOCTL_H 1
| #define HAVE_SYS_SOCKET_H 1
| #define HAVE_TERMIOS_H 1
| #define HAVE_UNISTD_H 1
| #define HAVE_STRUCT_STAT_ST_RDEV 1
| #define ENABLE_NLS 1
| #define HAVE_GETTEXT 1
| #define HAVE_DCGETTEXT 1
| #define HAVE_STRUCT_USER_REGS_STRUCT_ORIG_EAX 1
| #define HAVE_STRUCT_USER_REGS_STRUCT_EAX 1
| #define HAVE_STRUCT_USER_REGS_STRUCT_EBX 1
| #define HAVE_STRUCT_USER_REGS_STRUCT_ECX 1
| #define HAVE_STRUCT_USER_REGS_STRUCT_EDX 1
| /* end confdefs.h.  */
| #include <bits/types.h>
|      #include <sys/user.h>
| 
| int
| main ()
| {
| static struct user_regs_struct ac_aggr;
| if (ac_aggr.rdi)
| return 0;
|   ;
|   return 0;
| }
configure:6790: gcc -c -g -O2  conftest.c >&5
conftest.c: In function 'main':
conftest.c:55:19: error: 'struct user_regs_struct' has no member named 'rdi'
 if (sizeof ac_aggr.rdi)
                   ^
configure:6790: $? = 1
configure: failed program was:
| /* confdefs.h */
| #define PACKAGE_NAME "psmisc"
| #define PACKAGE_TARNAME "psmisc"
| #define PACKAGE_VERSION "22.20"
| #define PACKAGE_STRING "psmisc 22.20"
| #define PACKAGE_BUGREPORT ""
| #define PACKAGE_URL ""
| #define PACKAGE "psmisc"
| #define VERSION "22.20"
| #define WITH_IPV6 1
| #define HAVE_DIRENT_H 1
| #define STDC_HEADERS 1
| #define HAVE_SYS_WAIT_H 1
| #define HAVE_SYS_TYPES_H 1
| #define HAVE_SYS_STAT_H 1
| #define HAVE_STDLIB_H 1
| #define HAVE_STRING_H 1
| #define HAVE_MEMORY_H 1
| #define HAVE_STRINGS_H 1
| #define HAVE_INTTYPES_H 1
| #define HAVE_STDINT_H 1
| #define HAVE_UNISTD_H 1
| #define HAVE_ARPA_INET_H 1
| #define HAVE_FCNTL_H 1
| #define HAVE_LANGINFO_H 1
| #define HAVE_LIBINTL_H 1
| #define HAVE_LIMITS_H 1
| #define HAVE_LOCALE_H 1
| #define HAVE_MNTENT_H 1
| #define HAVE_NETDB_H 1
| #define HAVE_NETINET_IN_H 1
| #define HAVE_STDLIB_H 1
| #define HAVE_STRING_H 1
| #define HAVE_SYS_IOCTL_H 1
| #define HAVE_SYS_SOCKET_H 1
| #define HAVE_TERMIOS_H 1
| #define HAVE_UNISTD_H 1
| #define HAVE_STRUCT_STAT_ST_RDEV 1
| #define ENABLE_NLS 1
| #define HAVE_GETTEXT 1
| #define HAVE_DCGETTEXT 1
| #define HAVE_STRUCT_USER_REGS_STRUCT_ORIG_EAX 1
| #define HAVE_STRUCT_USER_REGS_STRUCT_EAX 1
| #define HAVE_STRUCT_USER_REGS_STRUCT_EBX 1
| #define HAVE_STRUCT_USER_REGS_STRUCT_ECX 1
| #define HAVE_STRUCT_USER_REGS_STRUCT_EDX 1
| /* end confdefs.h.  */
| #include <bits/types.h>
|      #include <sys/user.h>
| 
| int
| main ()
| {
| static struct user_regs_struct ac_aggr;
| if (sizeof ac_aggr.rdi)
| return 0;
|   ;
|   return 0;
| }
configure:6790: result: no
configure:6801: checking for struct user_regs_struct.rsi
configure:6801: gcc -c -g -O2  conftest.c >&5
conftest.c: In function 'main':
conftest.c:55:12: error: 'struct user_regs_struct' has no member named 'rsi'
 if (ac_aggr.rsi)
            ^
configure:6801: $? = 1
configure: failed program was:
| /* confdefs.h */
| #define PACKAGE_NAME "psmisc"
| #define PACKAGE_TARNAME "psmisc"
| #define PACKAGE_VERSION "22.20"
| #define PACKAGE_STRING "psmisc 22.20"
| #define PACKAGE_BUGREPORT ""
| #define PACKAGE_URL ""
| #define PACKAGE "psmisc"
| #define VERSION "22.20"
| #define WITH_IPV6 1
| #define HAVE_DIRENT_H 1
| #define STDC_HEADERS 1
| #define HAVE_SYS_WAIT_H 1
| #define HAVE_SYS_TYPES_H 1
| #define HAVE_SYS_STAT_H 1
| #define HAVE_STDLIB_H 1
| #define HAVE_STRING_H 1
| #define HAVE_MEMORY_H 1
| #define HAVE_STRINGS_H 1
| #define HAVE_INTTYPES_H 1
| #define HAVE_STDINT_H 1
| #define HAVE_UNISTD_H 1
| #define HAVE_ARPA_INET_H 1
| #define HAVE_FCNTL_H 1
| #define HAVE_LANGINFO_H 1
| #define HAVE_LIBINTL_H 1
| #define HAVE_LIMITS_H 1
| #define HAVE_LOCALE_H 1
| #define HAVE_MNTENT_H 1
| #define HAVE_NETDB_H 1
| #define HAVE_NETINET_IN_H 1
| #define HAVE_STDLIB_H 1
| #define HAVE_STRING_H 1
| #define HAVE_SYS_IOCTL_H 1
| #define HAVE_SYS_SOCKET_H 1
| #define HAVE_TERMIOS_H 1
| #define HAVE_UNISTD_H 1
| #define HAVE_STRUCT_STAT_ST_RDEV 1
| #define ENABLE_NLS 1
| #define HAVE_GETTEXT 1
| #define HAVE_DCGETTEXT 1
| #define HAVE_STRUCT_USER_REGS_STRUCT_ORIG_EAX 1
| #define HAVE_STRUCT_USER_REGS_STRUCT_EAX 1
| #define HAVE_STRUCT_USER_REGS_STRUCT_EBX 1
| #define HAVE_STRUCT_USER_REGS_STRUCT_ECX 1
| #define HAVE_STRUCT_USER_REGS_STRUCT_EDX 1
| /* end confdefs.h.  */
| #include <bits/types.h>
|      #include <sys/user.h>
| 
| int
| main ()
| {
| static struct user_regs_struct ac_aggr;
| if (ac_aggr.rsi)
| return 0;
|   ;
|   return 0;
| }
configure:6801: gcc -c -g -O2  conftest.c >&5
conftest.c: In function 'main':
conftest.c:55:19: error: 'struct user_regs_struct' has no member named 'rsi'
 if (sizeof ac_aggr.rsi)
                   ^
configure:6801: $? = 1
configure: failed program was:
| /* confdefs.h */
| #define PACKAGE_NAME "psmisc"
| #define PACKAGE_TARNAME "psmisc"
| #define PACKAGE_VERSION "22.20"
| #define PACKAGE_STRING "psmisc 22.20"
| #define PACKAGE_BUGREPORT ""
| #define PACKAGE_URL ""
| #define PACKAGE "psmisc"
| #define VERSION "22.20"
| #define WITH_IPV6 1
| #define HAVE_DIRENT_H 1
| #define STDC_HEADERS 1
| #define HAVE_SYS_WAIT_H 1
| #define HAVE_SYS_TYPES_H 1
| #define HAVE_SYS_STAT_H 1
| #define HAVE_STDLIB_H 1
| #define HAVE_STRING_H 1
| #define HAVE_MEMORY_H 1
| #define HAVE_STRINGS_H 1
| #define HAVE_INTTYPES_H 1
| #define HAVE_STDINT_H 1
| #define HAVE_UNISTD_H 1
| #define HAVE_ARPA_INET_H 1
| #define HAVE_FCNTL_H 1
| #define HAVE_LANGINFO_H 1
| #define HAVE_LIBINTL_H 1
| #define HAVE_LIMITS_H 1
| #define HAVE_LOCALE_H 1
| #define HAVE_MNTENT_H 1
| #define HAVE_NETDB_H 1
| #define HAVE_NETINET_IN_H 1
| #define HAVE_STDLIB_H 1
| #define HAVE_STRING_H 1
| #define HAVE_SYS_IOCTL_H 1
| #define HAVE_SYS_SOCKET_H 1
| #define HAVE_TERMIOS_H 1
| #define HAVE_UNISTD_H 1
| #define HAVE_STRUCT_STAT_ST_RDEV 1
| #define ENABLE_NLS 1
| #define HAVE_GETTEXT 1
| #define HAVE_DCGETTEXT 1
| #define HAVE_STRUCT_USER_REGS_STRUCT_ORIG_EAX 1
| #define HAVE_STRUCT_USER_REGS_STRUCT_EAX 1
| #define HAVE_STRUCT_USER_REGS_STRUCT_EBX 1
| #define HAVE_STRUCT_USER_REGS_STRUCT_ECX 1
| #define HAVE_STRUCT_USER_REGS_STRUCT_EDX 1
| /* end confdefs.h.  */
| #include <bits/types.h>
|      #include <sys/user.h>
| 
| int
| main ()
| {
| static struct user_regs_struct ac_aggr;
| if (sizeof ac_aggr.rsi)
| return 0;
|   ;
|   return 0;
| }
configure:6801: result: no
configure:6812: checking for struct user_regs_struct.rdx
configure:6812: gcc -c -g -O2  conftest.c >&5
conftest.c: In function 'main':
conftest.c:55:12: error: 'struct user_regs_struct' has no member named 'rdx'
 if (ac_aggr.rdx)
            ^
configure:6812: $? = 1
configure: failed program was:
| /* confdefs.h */
| #define PACKAGE_NAME "psmisc"
| #define PACKAGE_TARNAME "psmisc"
| #define PACKAGE_VERSION "22.20"
| #define PACKAGE_STRING "psmisc 22.20"
| #define PACKAGE_BUGREPORT ""
| #define PACKAGE_URL ""
| #define PACKAGE "psmisc"
| #define VERSION "22.20"
| #define WITH_IPV6 1
| #define HAVE_DIRENT_H 1
| #define STDC_HEADERS 1
| #define HAVE_SYS_WAIT_H 1
| #define HAVE_SYS_TYPES_H 1
| #define HAVE_SYS_STAT_H 1
| #define HAVE_STDLIB_H 1
| #define HAVE_STRING_H 1
| #define HAVE_MEMORY_H 1
| #define HAVE_STRINGS_H 1
| #define HAVE_INTTYPES_H 1
| #define HAVE_STDINT_H 1
| #define HAVE_UNISTD_H 1
| #define HAVE_ARPA_INET_H 1
| #define HAVE_FCNTL_H 1
| #define HAVE_LANGINFO_H 1
| #define HAVE_LIBINTL_H 1
| #define HAVE_LIMITS_H 1
| #define HAVE_LOCALE_H 1
| #define HAVE_MNTENT_H 1
| #define HAVE_NETDB_H 1
| #define HAVE_NETINET_IN_H 1
| #define HAVE_STDLIB_H 1
| #define HAVE_STRING_H 1
| #define HAVE_SYS_IOCTL_H 1
| #define HAVE_SYS_SOCKET_H 1
| #define HAVE_TERMIOS_H 1
| #define HAVE_UNISTD_H 1
| #define HAVE_STRUCT_STAT_ST_RDEV 1
| #define ENABLE_NLS 1
| #define HAVE_GETTEXT 1
| #define HAVE_DCGETTEXT 1
| #define HAVE_STRUCT_USER_REGS_STRUCT_ORIG_EAX 1
| #define HAVE_STRUCT_USER_REGS_STRUCT_EAX 1
| #define HAVE_STRUCT_USER_REGS_STRUCT_EBX 1
| #define HAVE_STRUCT_USER_REGS_STRUCT_ECX 1
| #define HAVE_STRUCT_USER_REGS_STRUCT_EDX 1
| /* end confdefs.h.  */
| #include <bits/types.h>
|      #include <sys/user.h>
| 
| int
| main ()
| {
| static struct user_regs_struct ac_aggr;
| if (ac_aggr.rdx)
| return 0;
|   ;
|   return 0;
| }
configure:6812: gcc -c -g -O2  conftest.c >&5
conftest.c: In function 'main':
conftest.c:55:19: error: 'struct user_regs_struct' has no member named 'rdx'
 if (sizeof ac_aggr.rdx)
                   ^
configure:6812: $? = 1
configure: failed program was:
| /* confdefs.h */
| #define PACKAGE_NAME "psmisc"
| #define PACKAGE_TARNAME "psmisc"
| #define PACKAGE_VERSION "22.20"
| #define PACKAGE_STRING "psmisc 22.20"
| #define PACKAGE_BUGREPORT ""
| #define PACKAGE_URL ""
| #define PACKAGE "psmisc"
| #define VERSION "22.20"
| #define WITH_IPV6 1
| #define HAVE_DIRENT_H 1
| #define STDC_HEADERS 1
| #define HAVE_SYS_WAIT_H 1
| #define HAVE_SYS_TYPES_H 1
| #define HAVE_SYS_STAT_H 1
| #define HAVE_STDLIB_H 1
| #define HAVE_STRING_H 1
| #define HAVE_MEMORY_H 1
| #define HAVE_STRINGS_H 1
| #define HAVE_INTTYPES_H 1
| #define HAVE_STDINT_H 1
| #define HAVE_UNISTD_H 1
| #define HAVE_ARPA_INET_H 1
| #define HAVE_FCNTL_H 1
| #define HAVE_LANGINFO_H 1
| #define HAVE_LIBINTL_H 1
| #define HAVE_LIMITS_H 1
| #define HAVE_LOCALE_H 1
| #define HAVE_MNTENT_H 1
| #define HAVE_NETDB_H 1
| #define HAVE_NETINET_IN_H 1
| #define HAVE_STDLIB_H 1
| #define HAVE_STRING_H 1
| #define HAVE_SYS_IOCTL_H 1
| #define HAVE_SYS_SOCKET_H 1
| #define HAVE_TERMIOS_H 1
| #define HAVE_UNISTD_H 1
| #define HAVE_STRUCT_STAT_ST_RDEV 1
| #define ENABLE_NLS 1
| #define HAVE_GETTEXT 1
| #define HAVE_DCGETTEXT 1
| #define HAVE_STRUCT_USER_REGS_STRUCT_ORIG_EAX 1
| #define HAVE_STRUCT_USER_REGS_STRUCT_EAX 1
| #define HAVE_STRUCT_USER_REGS_STRUCT_EBX 1
| #define HAVE_STRUCT_USER_REGS_STRUCT_ECX 1
| #define HAVE_STRUCT_USER_REGS_STRUCT_EDX 1
| /* end confdefs.h.  */
| #include <bits/types.h>
|      #include <sys/user.h>
| 
| int
| main ()
| {
| static struct user_regs_struct ac_aggr;
| if (sizeof ac_aggr.rdx)
| return 0;
|   ;
|   return 0;
| }
configure:6812: result: no
configure:6824: checking for struct pt_regs.orig_gpr3
configure:6824: gcc -c -g -O2  conftest.c >&5
conftest.c: In function 'main':
conftest.c:54:12: error: 'struct pt_regs' has no member named 'orig_gpr3'
 if (ac_aggr.orig_gpr3)
            ^
configure:6824: $? = 1
configure: failed program was:
| /* confdefs.h */
| #define PACKAGE_NAME "psmisc"
| #define PACKAGE_TARNAME "psmisc"
| #define PACKAGE_VERSION "22.20"
| #define PACKAGE_STRING "psmisc 22.20"
| #define PACKAGE_BUGREPORT ""
| #define PACKAGE_URL ""
| #define PACKAGE "psmisc"
| #define VERSION "22.20"
| #define WITH_IPV6 1
| #define HAVE_DIRENT_H 1
| #define STDC_HEADERS 1
| #define HAVE_SYS_WAIT_H 1
| #define HAVE_SYS_TYPES_H 1
| #define HAVE_SYS_STAT_H 1
| #define HAVE_STDLIB_H 1
| #define HAVE_STRING_H 1
| #define HAVE_MEMORY_H 1
| #define HAVE_STRINGS_H 1
| #define HAVE_INTTYPES_H 1
| #define HAVE_STDINT_H 1
| #define HAVE_UNISTD_H 1
| #define HAVE_ARPA_INET_H 1
| #define HAVE_FCNTL_H 1
| #define HAVE_LANGINFO_H 1
| #define HAVE_LIBINTL_H 1
| #define HAVE_LIMITS_H 1
| #define HAVE_LOCALE_H 1
| #define HAVE_MNTENT_H 1
| #define HAVE_NETDB_H 1
| #define HAVE_NETINET_IN_H 1
| #define HAVE_STDLIB_H 1
| #define HAVE_STRING_H 1
| #define HAVE_SYS_IOCTL_H 1
| #define HAVE_SYS_SOCKET_H 1
| #define HAVE_TERMIOS_H 1
| #define HAVE_UNISTD_H 1
| #define HAVE_STRUCT_STAT_ST_RDEV 1
| #define ENABLE_NLS 1
| #define HAVE_GETTEXT 1
| #define HAVE_DCGETTEXT 1
| #define HAVE_STRUCT_USER_REGS_STRUCT_ORIG_EAX 1
| #define HAVE_STRUCT_USER_REGS_STRUCT_EAX 1
| #define HAVE_STRUCT_USER_REGS_STRUCT_EBX 1
| #define HAVE_STRUCT_USER_REGS_STRUCT_ECX 1
| #define HAVE_STRUCT_USER_REGS_STRUCT_EDX 1
| /* end confdefs.h.  */
| #include <linux/ptrace.h>
| 
| int
| main ()
| {
| static struct pt_regs ac_aggr;
| if (ac_aggr.orig_gpr3)
| return 0;
|   ;
|   return 0;
| }
configure:6824: gcc -c -g -O2  conftest.c >&5
conftest.c: In function 'main':
conftest.c:54:19: error: 'struct pt_regs' has no member named 'orig_gpr3'
 if (sizeof ac_aggr.orig_gpr3)
                   ^
configure:6824: $? = 1
configure: failed program was:
| /* confdefs.h */
| #define PACKAGE_NAME "psmisc"
| #define PACKAGE_TARNAME "psmisc"
| #define PACKAGE_VERSION "22.20"
| #define PACKAGE_STRING "psmisc 22.20"
| #define PACKAGE_BUGREPORT ""
| #define PACKAGE_URL ""
| #define PACKAGE "psmisc"
| #define VERSION "22.20"
| #define WITH_IPV6 1
| #define HAVE_DIRENT_H 1
| #define STDC_HEADERS 1
| #define HAVE_SYS_WAIT_H 1
| #define HAVE_SYS_TYPES_H 1
| #define HAVE_SYS_STAT_H 1
| #define HAVE_STDLIB_H 1
| #define HAVE_STRING_H 1
| #define HAVE_MEMORY_H 1
| #define HAVE_STRINGS_H 1
| #define HAVE_INTTYPES_H 1
| #define HAVE_STDINT_H 1
| #define HAVE_UNISTD_H 1
| #define HAVE_ARPA_INET_H 1
| #define HAVE_FCNTL_H 1
| #define HAVE_LANGINFO_H 1
| #define HAVE_LIBINTL_H 1
| #define HAVE_LIMITS_H 1
| #define HAVE_LOCALE_H 1
| #define HAVE_MNTENT_H 1
| #define HAVE_NETDB_H 1
| #define HAVE_NETINET_IN_H 1
| #define HAVE_STDLIB_H 1
| #define HAVE_STRING_H 1
| #define HAVE_SYS_IOCTL_H 1
| #define HAVE_SYS_SOCKET_H 1
| #define HAVE_TERMIOS_H 1
| #define HAVE_UNISTD_H 1
| #define HAVE_STRUCT_STAT_ST_RDEV 1
| #define ENABLE_NLS 1
| #define HAVE_GETTEXT 1
| #define HAVE_DCGETTEXT 1
| #define HAVE_STRUCT_USER_REGS_STRUCT_ORIG_EAX 1
| #define HAVE_STRUCT_USER_REGS_STRUCT_EAX 1
| #define HAVE_STRUCT_USER_REGS_STRUCT_EBX 1
| #define HAVE_STRUCT_USER_REGS_STRUCT_ECX 1
| #define HAVE_STRUCT_USER_REGS_STRUCT_EDX 1
| /* end confdefs.h.  */
| #include <linux/ptrace.h>
| 
| int
| main ()
| {
| static struct pt_regs ac_aggr;
| if (sizeof ac_aggr.orig_gpr3)
| return 0;
|   ;
|   return 0;
| }
configure:6824: result: no
configure:6834: checking for struct pt_regs.gpr
configure:6834: gcc -c -g -O2  conftest.c >&5
conftest.c: In function 'main':
conftest.c:54:12: error: 'struct pt_regs' has no member named 'gpr'
 if (ac_aggr.gpr)
            ^
configure:6834: $? = 1
configure: failed program was:
| /* confdefs.h */
| #define PACKAGE_NAME "psmisc"
| #define PACKAGE_TARNAME "psmisc"
| #define PACKAGE_VERSION "22.20"
| #define PACKAGE_STRING "psmisc 22.20"
| #define PACKAGE_BUGREPORT ""
| #define PACKAGE_URL ""
| #define PACKAGE "psmisc"
| #define VERSION "22.20"
| #define WITH_IPV6 1
| #define HAVE_DIRENT_H 1
| #define STDC_HEADERS 1
| #define HAVE_SYS_WAIT_H 1
| #define HAVE_SYS_TYPES_H 1
| #define HAVE_SYS_STAT_H 1
| #define HAVE_STDLIB_H 1
| #define HAVE_STRING_H 1
| #define HAVE_MEMORY_H 1
| #define HAVE_STRINGS_H 1
| #define HAVE_INTTYPES_H 1
| #define HAVE_STDINT_H 1
| #define HAVE_UNISTD_H 1
| #define HAVE_ARPA_INET_H 1
| #define HAVE_FCNTL_H 1
| #define HAVE_LANGINFO_H 1
| #define HAVE_LIBINTL_H 1
| #define HAVE_LIMITS_H 1
| #define HAVE_LOCALE_H 1
| #define HAVE_MNTENT_H 1
| #define HAVE_NETDB_H 1
| #define HAVE_NETINET_IN_H 1
| #define HAVE_STDLIB_H 1
| #define HAVE_STRING_H 1
| #define HAVE_SYS_IOCTL_H 1
| #define HAVE_SYS_SOCKET_H 1
| #define HAVE_TERMIOS_H 1
| #define HAVE_UNISTD_H 1
| #define HAVE_STRUCT_STAT_ST_RDEV 1
| #define ENABLE_NLS 1
| #define HAVE_GETTEXT 1
| #define HAVE_DCGETTEXT 1
| #define HAVE_STRUCT_USER_REGS_STRUCT_ORIG_EAX 1
| #define HAVE_STRUCT_USER_REGS_STRUCT_EAX 1
| #define HAVE_STRUCT_USER_REGS_STRUCT_EBX 1
| #define HAVE_STRUCT_USER_REGS_STRUCT_ECX 1
| #define HAVE_STRUCT_USER_REGS_STRUCT_EDX 1
| /* end confdefs.h.  */
| #include <linux/ptrace.h>
| 
| int
| main ()
| {
| static struct pt_regs ac_aggr;
| if (ac_aggr.gpr)
| return 0;
|   ;
|   return 0;
| }
configure:6834: gcc -c -g -O2  conftest.c >&5
conftest.c: In function 'main':
conftest.c:54:19: error: 'struct pt_regs' has no member named 'gpr'
 if (sizeof ac_aggr.gpr)
                   ^
configure:6834: $? = 1
configure: failed program was:
| /* confdefs.h */
| #define PACKAGE_NAME "psmisc"
| #define PACKAGE_TARNAME "psmisc"
| #define PACKAGE_VERSION "22.20"
| #define PACKAGE_STRING "psmisc 22.20"
| #define PACKAGE_BUGREPORT ""
| #define PACKAGE_URL ""
| #define PACKAGE "psmisc"
| #define VERSION "22.20"
| #define WITH_IPV6 1
| #define HAVE_DIRENT_H 1
| #define STDC_HEADERS 1
| #define HAVE_SYS_WAIT_H 1
| #define HAVE_SYS_TYPES_H 1
| #define HAVE_SYS_STAT_H 1
| #define HAVE_STDLIB_H 1
| #define HAVE_STRING_H 1
| #define HAVE_MEMORY_H 1
| #define HAVE_STRINGS_H 1
| #define HAVE_INTTYPES_H 1
| #define HAVE_STDINT_H 1
| #define HAVE_UNISTD_H 1
| #define HAVE_ARPA_INET_H 1
| #define HAVE_FCNTL_H 1
| #define HAVE_LANGINFO_H 1
| #define HAVE_LIBINTL_H 1
| #define HAVE_LIMITS_H 1
| #define HAVE_LOCALE_H 1
| #define HAVE_MNTENT_H 1
| #define HAVE_NETDB_H 1
| #define HAVE_NETINET_IN_H 1
| #define HAVE_STDLIB_H 1
| #define HAVE_STRING_H 1
| #define HAVE_SYS_IOCTL_H 1
| #define HAVE_SYS_SOCKET_H 1
| #define HAVE_TERMIOS_H 1
| #define HAVE_UNISTD_H 1
| #define HAVE_STRUCT_STAT_ST_RDEV 1
| #define ENABLE_NLS 1
| #define HAVE_GETTEXT 1
| #define HAVE_DCGETTEXT 1
| #define HAVE_STRUCT_USER_REGS_STRUCT_ORIG_EAX 1
| #define HAVE_STRUCT_USER_REGS_STRUCT_EAX 1
| #define HAVE_STRUCT_USER_REGS_STRUCT_EBX 1
| #define HAVE_STRUCT_USER_REGS_STRUCT_ECX 1
| #define HAVE_STRUCT_USER_REGS_STRUCT_EDX 1
| /* end confdefs.h.  */
| #include <linux/ptrace.h>
| 
| int
| main ()
| {
| static struct pt_regs ac_aggr;
| if (sizeof ac_aggr.gpr)
| return 0;
|   ;
|   return 0;
| }
configure:6834: result: no
configure:6845: checking for struct pt_regs.uregs
configure:6845: gcc -c -g -O2  conftest.c >&5
conftest.c: In function 'main':
conftest.c:54:12: error: 'struct pt_regs' has no member named 'uregs'
 if (ac_aggr.uregs)
            ^
configure:6845: $? = 1
configure: failed program was:
| /* confdefs.h */
| #define PACKAGE_NAME "psmisc"
| #define PACKAGE_TARNAME "psmisc"
| #define PACKAGE_VERSION "22.20"
| #define PACKAGE_STRING "psmisc 22.20"
| #define PACKAGE_BUGREPORT ""
| #define PACKAGE_URL ""
| #define PACKAGE "psmisc"
| #define VERSION "22.20"
| #define WITH_IPV6 1
| #define HAVE_DIRENT_H 1
| #define STDC_HEADERS 1
| #define HAVE_SYS_WAIT_H 1
| #define HAVE_SYS_TYPES_H 1
| #define HAVE_SYS_STAT_H 1
| #define HAVE_STDLIB_H 1
| #define HAVE_STRING_H 1
| #define HAVE_MEMORY_H 1
| #define HAVE_STRINGS_H 1
| #define HAVE_INTTYPES_H 1
| #define HAVE_STDINT_H 1
| #define HAVE_UNISTD_H 1
| #define HAVE_ARPA_INET_H 1
| #define HAVE_FCNTL_H 1
| #define HAVE_LANGINFO_H 1
| #define HAVE_LIBINTL_H 1
| #define HAVE_LIMITS_H 1
| #define HAVE_LOCALE_H 1
| #define HAVE_MNTENT_H 1
| #define HAVE_NETDB_H 1
| #define HAVE_NETINET_IN_H 1
| #define HAVE_STDLIB_H 1
| #define HAVE_STRING_H 1
| #define HAVE_SYS_IOCTL_H 1
| #define HAVE_SYS_SOCKET_H 1
| #define HAVE_TERMIOS_H 1
| #define HAVE_UNISTD_H 1
| #define HAVE_STRUCT_STAT_ST_RDEV 1
| #define ENABLE_NLS 1
| #define HAVE_GETTEXT 1
| #define HAVE_DCGETTEXT 1
| #define HAVE_STRUCT_USER_REGS_STRUCT_ORIG_EAX 1
| #define HAVE_STRUCT_USER_REGS_STRUCT_EAX 1
| #define HAVE_STRUCT_USER_REGS_STRUCT_EBX 1
| #define HAVE_STRUCT_USER_REGS_STRUCT_ECX 1
| #define HAVE_STRUCT_USER_REGS_STRUCT_EDX 1
| /* end confdefs.h.  */
| #include <asm/ptrace.h>
| 
| int
| main ()
| {
| static struct pt_regs ac_aggr;
| if (ac_aggr.uregs)
| return 0;
|   ;
|   return 0;
| }
configure:6845: gcc -c -g -O2  conftest.c >&5
conftest.c: In function 'main':
conftest.c:54:19: error: 'struct pt_regs' has no member named 'uregs'
 if (sizeof ac_aggr.uregs)
                   ^
configure:6845: $? = 1
configure: failed program was:
| /* confdefs.h */
| #define PACKAGE_NAME "psmisc"
| #define PACKAGE_TARNAME "psmisc"
| #define PACKAGE_VERSION "22.20"
| #define PACKAGE_STRING "psmisc 22.20"
| #define PACKAGE_BUGREPORT ""
| #define PACKAGE_URL ""
| #define PACKAGE "psmisc"
| #define VERSION "22.20"
| #define WITH_IPV6 1
| #define HAVE_DIRENT_H 1
| #define STDC_HEADERS 1
| #define HAVE_SYS_WAIT_H 1
| #define HAVE_SYS_TYPES_H 1
| #define HAVE_SYS_STAT_H 1
| #define HAVE_STDLIB_H 1
| #define HAVE_STRING_H 1
| #define HAVE_MEMORY_H 1
| #define HAVE_STRINGS_H 1
| #define HAVE_INTTYPES_H 1
| #define HAVE_STDINT_H 1
| #define HAVE_UNISTD_H 1
| #define HAVE_ARPA_INET_H 1
| #define HAVE_FCNTL_H 1
| #define HAVE_LANGINFO_H 1
| #define HAVE_LIBINTL_H 1
| #define HAVE_LIMITS_H 1
| #define HAVE_LOCALE_H 1
| #define HAVE_MNTENT_H 1
| #define HAVE_NETDB_H 1
| #define HAVE_NETINET_IN_H 1
| #define HAVE_STDLIB_H 1
| #define HAVE_STRING_H 1
| #define HAVE_SYS_IOCTL_H 1
| #define HAVE_SYS_SOCKET_H 1
| #define HAVE_TERMIOS_H 1
| #define HAVE_UNISTD_H 1
| #define HAVE_STRUCT_STAT_ST_RDEV 1
| #define ENABLE_NLS 1
| #define HAVE_GETTEXT 1
| #define HAVE_DCGETTEXT 1
| #define HAVE_STRUCT_USER_REGS_STRUCT_ORIG_EAX 1
| #define HAVE_STRUCT_USER_REGS_STRUCT_EAX 1
| #define HAVE_STRUCT_USER_REGS_STRUCT_EBX 1
| #define HAVE_STRUCT_USER_REGS_STRUCT_ECX 1
| #define HAVE_STRUCT_USER_REGS_STRUCT_EDX 1
| /* end confdefs.h.  */
| #include <asm/ptrace.h>
| 
| int
| main ()
| {
| static struct pt_regs ac_aggr;
| if (sizeof ac_aggr.uregs)
| return 0;
|   ;
|   return 0;
| }
configure:6845: result: no
configure:6856: checking for struct pt_regs.regs
configure:6856: gcc -c -g -O2  conftest.c >&5
conftest.c: In function 'main':
conftest.c:54:12: error: 'struct pt_regs' has no member named 'regs'
 if (ac_aggr.regs)
            ^
configure:6856: $? = 1
configure: failed program was:
| /* confdefs.h */
| #define PACKAGE_NAME "psmisc"
| #define PACKAGE_TARNAME "psmisc"
| #define PACKAGE_VERSION "22.20"
| #define PACKAGE_STRING "psmisc 22.20"
| #define PACKAGE_BUGREPORT ""
| #define PACKAGE_URL ""
| #define PACKAGE "psmisc"
| #define VERSION "22.20"
| #define WITH_IPV6 1
| #define HAVE_DIRENT_H 1
| #define STDC_HEADERS 1
| #define HAVE_SYS_WAIT_H 1
| #define HAVE_SYS_TYPES_H 1
| #define HAVE_SYS_STAT_H 1
| #define HAVE_STDLIB_H 1
| #define HAVE_STRING_H 1
| #define HAVE_MEMORY_H 1
| #define HAVE_STRINGS_H 1
| #define HAVE_INTTYPES_H 1
| #define HAVE_STDINT_H 1
| #define HAVE_UNISTD_H 1
| #define HAVE_ARPA_INET_H 1
| #define HAVE_FCNTL_H 1
| #define HAVE_LANGINFO_H 1
| #define HAVE_LIBINTL_H 1
| #define HAVE_LIMITS_H 1
| #define HAVE_LOCALE_H 1
| #define HAVE_MNTENT_H 1
| #define HAVE_NETDB_H 1
| #define HAVE_NETINET_IN_H 1
| #define HAVE_STDLIB_H 1
| #define HAVE_STRING_H 1
| #define HAVE_SYS_IOCTL_H 1
| #define HAVE_SYS_SOCKET_H 1
| #define HAVE_TERMIOS_H 1
| #define HAVE_UNISTD_H 1
| #define HAVE_STRUCT_STAT_ST_RDEV 1
| #define ENABLE_NLS 1
| #define HAVE_GETTEXT 1
| #define HAVE_DCGETTEXT 1
| #define HAVE_STRUCT_USER_REGS_STRUCT_ORIG_EAX 1
| #define HAVE_STRUCT_USER_REGS_STRUCT_EAX 1
| #define HAVE_STRUCT_USER_REGS_STRUCT_EBX 1
| #define HAVE_STRUCT_USER_REGS_STRUCT_ECX 1
| #define HAVE_STRUCT_USER_REGS_STRUCT_EDX 1
| /* end confdefs.h.  */
| #include <asm/ptrace.h>
| 
| int
| main ()
| {
| static struct pt_regs ac_aggr;
| if (ac_aggr.regs)
| return 0;
|   ;
|   return 0;
| }
configure:6856: gcc -c -g -O2  conftest.c >&5
conftest.c: In function 'main':
conftest.c:54:19: error: 'struct pt_regs' has no member named 'regs'
 if (sizeof ac_aggr.regs)
                   ^
configure:6856: $? = 1
configure: failed program was:
| /* confdefs.h */
| #define PACKAGE_NAME "psmisc"
| #define PACKAGE_TARNAME "psmisc"
| #define PACKAGE_VERSION "22.20"
| #define PACKAGE_STRING "psmisc 22.20"
| #define PACKAGE_BUGREPORT ""
| #define PACKAGE_URL ""
| #define PACKAGE "psmisc"
| #define VERSION "22.20"
| #define WITH_IPV6 1
| #define HAVE_DIRENT_H 1
| #define STDC_HEADERS 1
| #define HAVE_SYS_WAIT_H 1
| #define HAVE_SYS_TYPES_H 1
| #define HAVE_SYS_STAT_H 1
| #define HAVE_STDLIB_H 1
| #define HAVE_STRING_H 1
| #define HAVE_MEMORY_H 1
| #define HAVE_STRINGS_H 1
| #define HAVE_INTTYPES_H 1
| #define HAVE_STDINT_H 1
| #define HAVE_UNISTD_H 1
| #define HAVE_ARPA_INET_H 1
| #define HAVE_FCNTL_H 1
| #define HAVE_LANGINFO_H 1
| #define HAVE_LIBINTL_H 1
| #define HAVE_LIMITS_H 1
| #define HAVE_LOCALE_H 1
| #define HAVE_MNTENT_H 1
| #define HAVE_NETDB_H 1
| #define HAVE_NETINET_IN_H 1
| #define HAVE_STDLIB_H 1
| #define HAVE_STRING_H 1
| #define HAVE_SYS_IOCTL_H 1
| #define HAVE_SYS_SOCKET_H 1
| #define HAVE_TERMIOS_H 1
| #define HAVE_UNISTD_H 1
| #define HAVE_STRUCT_STAT_ST_RDEV 1
| #define ENABLE_NLS 1
| #define HAVE_GETTEXT 1
| #define HAVE_DCGETTEXT 1
| #define HAVE_STRUCT_USER_REGS_STRUCT_ORIG_EAX 1
| #define HAVE_STRUCT_USER_REGS_STRUCT_EAX 1
| #define HAVE_STRUCT_USER_REGS_STRUCT_EBX 1
| #define HAVE_STRUCT_USER_REGS_STRUCT_ECX 1
| #define HAVE_STRUCT_USER_REGS_STRUCT_EDX 1
| /* end confdefs.h.  */
| #include <asm/ptrace.h>
| 
| int
| main ()
| {
| static struct pt_regs ac_aggr;
| if (sizeof ac_aggr.regs)
| return 0;
|   ;
|   return 0;
| }
configure:6856: result: no
configure:6866: checking for struct pt_regs.cp0_status
configure:6866: gcc -c -g -O2  conftest.c >&5
conftest.c: In function 'main':
conftest.c:54:12: error: 'struct pt_regs' has no member named 'cp0_status'
 if (ac_aggr.cp0_status)
            ^
configure:6866: $? = 1
configure: failed program was:
| /* confdefs.h */
| #define PACKAGE_NAME "psmisc"
| #define PACKAGE_TARNAME "psmisc"
| #define PACKAGE_VERSION "22.20"
| #define PACKAGE_STRING "psmisc 22.20"
| #define PACKAGE_BUGREPORT ""
| #define PACKAGE_URL ""
| #define PACKAGE "psmisc"
| #define VERSION "22.20"
| #define WITH_IPV6 1
| #define HAVE_DIRENT_H 1
| #define STDC_HEADERS 1
| #define HAVE_SYS_WAIT_H 1
| #define HAVE_SYS_TYPES_H 1
| #define HAVE_SYS_STAT_H 1
| #define HAVE_STDLIB_H 1
| #define HAVE_STRING_H 1
| #define HAVE_MEMORY_H 1
| #define HAVE_STRINGS_H 1
| #define HAVE_INTTYPES_H 1
| #define HAVE_STDINT_H 1
| #define HAVE_UNISTD_H 1
| #define HAVE_ARPA_INET_H 1
| #define HAVE_FCNTL_H 1
| #define HAVE_LANGINFO_H 1
| #define HAVE_LIBINTL_H 1
| #define HAVE_LIMITS_H 1
| #define HAVE_LOCALE_H 1
| #define HAVE_MNTENT_H 1
| #define HAVE_NETDB_H 1
| #define HAVE_NETINET_IN_H 1
| #define HAVE_STDLIB_H 1
| #define HAVE_STRING_H 1
| #define HAVE_SYS_IOCTL_H 1
| #define HAVE_SYS_SOCKET_H 1
| #define HAVE_TERMIOS_H 1
| #define HAVE_UNISTD_H 1
| #define HAVE_STRUCT_STAT_ST_RDEV 1
| #define ENABLE_NLS 1
| #define HAVE_GETTEXT 1
| #define HAVE_DCGETTEXT 1
| #define HAVE_STRUCT_USER_REGS_STRUCT_ORIG_EAX 1
| #define HAVE_STRUCT_USER_REGS_STRUCT_EAX 1
| #define HAVE_STRUCT_USER_REGS_STRUCT_EBX 1
| #define HAVE_STRUCT_USER_REGS_STRUCT_ECX 1
| #define HAVE_STRUCT_USER_REGS_STRUCT_EDX 1
| /* end confdefs.h.  */
| #include <asm/ptrace.h>
| 
| int
| main ()
| {
| static struct pt_regs ac_aggr;
| if (ac_aggr.cp0_status)
| return 0;
|   ;
|   return 0;
| }
configure:6866: gcc -c -g -O2  conftest.c >&5
conftest.c: In function 'main':
conftest.c:54:19: error: 'struct pt_regs' has no member named 'cp0_status'
 if (sizeof ac_aggr.cp0_status)
                   ^
configure:6866: $? = 1
configure: failed program was:
| /* confdefs.h */
| #define PACKAGE_NAME "psmisc"
| #define PACKAGE_TARNAME "psmisc"
| #define PACKAGE_VERSION "22.20"
| #define PACKAGE_STRING "psmisc 22.20"
| #define PACKAGE_BUGREPORT ""
| #define PACKAGE_URL ""
| #define PACKAGE "psmisc"
| #define VERSION "22.20"
| #define WITH_IPV6 1
| #define HAVE_DIRENT_H 1
| #define STDC_HEADERS 1
| #define HAVE_SYS_WAIT_H 1
| #define HAVE_SYS_TYPES_H 1
| #define HAVE_SYS_STAT_H 1
| #define HAVE_STDLIB_H 1
| #define HAVE_STRING_H 1
| #define HAVE_MEMORY_H 1
| #define HAVE_STRINGS_H 1
| #define HAVE_INTTYPES_H 1
| #define HAVE_STDINT_H 1
| #define HAVE_UNISTD_H 1
| #define HAVE_ARPA_INET_H 1
| #define HAVE_FCNTL_H 1
| #define HAVE_LANGINFO_H 1
| #define HAVE_LIBINTL_H 1
| #define HAVE_LIMITS_H 1
| #define HAVE_LOCALE_H 1
| #define HAVE_MNTENT_H 1
| #define HAVE_NETDB_H 1
| #define HAVE_NETINET_IN_H 1
| #define HAVE_STDLIB_H 1
| #define HAVE_STRING_H 1
| #define HAVE_SYS_IOCTL_H 1
| #define HAVE_SYS_SOCKET_H 1
| #define HAVE_TERMIOS_H 1
| #define HAVE_UNISTD_H 1
| #define HAVE_STRUCT_STAT_ST_RDEV 1
| #define ENABLE_NLS 1
| #define HAVE_GETTEXT 1
| #define HAVE_DCGETTEXT 1
| #define HAVE_STRUCT_USER_REGS_STRUCT_ORIG_EAX 1
| #define HAVE_STRUCT_USER_REGS_STRUCT_EAX 1
| #define HAVE_STRUCT_USER_REGS_STRUCT_EBX 1
| #define HAVE_STRUCT_USER_REGS_STRUCT_ECX 1
| #define HAVE_STRUCT_USER_REGS_STRUCT_EDX 1
| /* end confdefs.h.  */
| #include <asm/ptrace.h>
| 
| int
| main ()
| {
| static struct pt_regs ac_aggr;
| if (sizeof ac_aggr.cp0_status)
| return 0;
|   ;
|   return 0;
| }
configure:6866: result: no
configure:6947: checking whether closedir returns void
configure:6971: gcc -o conftest -g -O2   conftest.c  >&5
configure:6971: $? = 0
configure:6971: ./conftest
configure:6971: $? = 0
configure:6981: result: no
configure:6991: checking for library containing getmntent
configure:7022: gcc -o conftest -g -O2   conftest.c  >&5
configure:7022: $? = 0
configure:7039: result: none required
configure:7054: checking whether gcc needs -traditional
configure:7088: result: no
configure:7095: checking whether lstat correctly handles trailing slash
configure:7121: gcc -o conftest -g -O2   conftest.c  >&5
configure:7121: $? = 0
configure:7121: ./conftest
configure:7121: $? = 0
configure:7138: result: yes
configure:7157: checking whether lstat accepts an empty string
configure:7177: gcc -o conftest -g -O2   conftest.c  >&5
configure:7177: $? = 0
configure:7177: ./conftest
configure:7177: $? = 0
configure:7187: result: no
configure:7203: checking whether lstat correctly handles trailing slash
configure:7246: result: yes
configure:7267: checking for stdlib.h
configure:7267: result: yes
configure:7277: checking for GNU libc compatible malloc
configure:7301: gcc -o conftest -g -O2   conftest.c  >&5
configure:7301: $? = 0
configure:7301: ./conftest
configure:7301: $? = 0
configure:7311: result: yes
configure:7332: checking for working memcmp
configure:7375: gcc -o conftest -g -O2   conftest.c  >&5
configure:7375: $? = 0
configure:7375: ./conftest
configure:7375: $? = 0
configure:7385: result: yes
configure:7396: checking for stdlib.h
configure:7396: result: yes
configure:7406: checking for GNU libc compatible realloc
configure:7430: gcc -o conftest -g -O2   conftest.c  >&5
configure:7430: $? = 0
configure:7430: ./conftest
configure:7430: $? = 0
configure:7440: result: yes
configure:7461: checking whether stat accepts an empty string
configure:7481: gcc -o conftest -g -O2   conftest.c  >&5
configure:7481: $? = 0
configure:7481: ./conftest
configure:7481: $? = 0
configure:7491: result: no
configure:7510: checking for atexit
configure:7510: gcc -o conftest -g -O2   conftest.c  >&5
configure:7510: $? = 0
configure:7510: result: yes
configure:7510: checking for getmntent
configure:7510: result: yes
configure:7510: checking for memset
configure:7510: gcc -o conftest -g -O2   conftest.c  >&5
conftest.c:80:6: warning: conflicting types for built-in function 'memset' [enabled by default]
 char memset ();
      ^
configure:7510: $? = 0
configure:7510: result: yes
configure:7510: checking for nl_langinfo
configure:7510: gcc -o conftest -g -O2   conftest.c  >&5
configure:7510: $? = 0
configure:7510: result: yes
configure:7510: checking for rawmemchr
configure:7510: gcc -o conftest -g -O2   conftest.c  >&5
configure:7510: $? = 0
configure:7510: result: yes
configure:7510: checking for regcomp
configure:7510: gcc -o conftest -g -O2   conftest.c  >&5
configure:7510: $? = 0
configure:7510: result: yes
configure:7510: checking for rpmatch
configure:7510: gcc -o conftest -g -O2   conftest.c  >&5
configure:7510: $? = 0
configure:7510: result: yes
configure:7510: checking for setlocale
configure:7510: gcc -o conftest -g -O2   conftest.c  >&5
configure:7510: $? = 0
configure:7510: result: yes
configure:7510: checking for socket
configure:7510: gcc -o conftest -g -O2   conftest.c  >&5
configure:7510: $? = 0
configure:7510: result: yes
configure:7510: checking for strcasecmp
configure:7510: gcc -o conftest -g -O2   conftest.c  >&5
conftest.c:87:6: warning: conflicting types for built-in function 'strcasecmp' [enabled by default]
 char strcasecmp ();
      ^
configure:7510: $? = 0
configure:7510: result: yes
configure:7510: checking for strchr
configure:7510: gcc -o conftest -g -O2   conftest.c  >&5
conftest.c:88:6: warning: conflicting types for built-in function 'strchr' [enabled by default]
 char strchr ();
      ^
configure:7510: $? = 0
configure:7510: result: yes
configure:7510: checking for strdup
configure:7510: gcc -o conftest -g -O2   conftest.c  >&5
conftest.c:89:6: warning: conflicting types for built-in function 'strdup' [enabled by default]
 char strdup ();
      ^
configure:7510: $? = 0
configure:7510: result: yes
configure:7510: checking for strerror
configure:7510: gcc -o conftest -g -O2   conftest.c  >&5
configure:7510: $? = 0
configure:7510: result: yes
configure:7510: checking for strpbrk
configure:7510: gcc -o conftest -g -O2   conftest.c  >&5
conftest.c:91:6: warning: conflicting types for built-in function 'strpbrk' [enabled by default]
 char strpbrk ();
      ^
configure:7510: $? = 0
configure:7510: result: yes
configure:7510: checking for strrchr
configure:7510: gcc -o conftest -g -O2   conftest.c  >&5
conftest.c:92:6: warning: conflicting types for built-in function 'strrchr' [enabled by default]
 char strrchr ();
      ^
configure:7510: $? = 0
configure:7510: result: yes
configure:7510: checking for strtoul
configure:7510: gcc -o conftest -g -O2   conftest.c  >&5
configure:7510: $? = 0
configure:7510: result: yes
configure:7527: checking for special C compiler options needed for large files
configure:7572: result: no
configure:7578: checking for _FILE_OFFSET_BITS value needed for large files
configure:7603: gcc -c -g -O2  conftest.c >&5
conftest.c:77:3: warning: left shift count >= width of type [enabled by default]
   int off_t_is_large[(LARGE_OFF_T % 2147483629 == 721
   ^
conftest.c:77:3: warning: left shift count >= width of type [enabled by default]
conftest.c:78:10: warning: left shift count >= width of type [enabled by default]
          && LARGE_OFF_T % 2147483647 == 1)
          ^
conftest.c:78:10: warning: left shift count >= width of type [enabled by default]
conftest.c:77:7: error: variably modified 'off_t_is_large' at file scope
   int off_t_is_large[(LARGE_OFF_T % 2147483629 == 721
       ^
configure:7603: $? = 1
configure: failed program was:
| /* confdefs.h */
| #define PACKAGE_NAME "psmisc"
| #define PACKAGE_TARNAME "psmisc"
| #define PACKAGE_VERSION "22.20"
| #define PACKAGE_STRING "psmisc 22.20"
| #define PACKAGE_BUGREPORT ""
| #define PACKAGE_URL ""
| #define PACKAGE "psmisc"
| #define VERSION "22.20"
| #define WITH_IPV6 1
| #define HAVE_DIRENT_H 1
| #define STDC_HEADERS 1
| #define HAVE_SYS_WAIT_H 1
| #define HAVE_SYS_TYPES_H 1
| #define HAVE_SYS_STAT_H 1
| #define HAVE_STDLIB_H 1
| #define HAVE_STRING_H 1
| #define HAVE_MEMORY_H 1
| #define HAVE_STRINGS_H 1
| #define HAVE_INTTYPES_H 1
| #define HAVE_STDINT_H 1
| #define HAVE_UNISTD_H 1
| #define HAVE_ARPA_INET_H 1
| #define HAVE_FCNTL_H 1
| #define HAVE_LANGINFO_H 1
| #define HAVE_LIBINTL_H 1
| #define HAVE_LIMITS_H 1
| #define HAVE_LOCALE_H 1
| #define HAVE_MNTENT_H 1
| #define HAVE_NETDB_H 1
| #define HAVE_NETINET_IN_H 1
| #define HAVE_STDLIB_H 1
| #define HAVE_STRING_H 1
| #define HAVE_SYS_IOCTL_H 1
| #define HAVE_SYS_SOCKET_H 1
| #define HAVE_TERMIOS_H 1
| #define HAVE_UNISTD_H 1
| #define HAVE_STRUCT_STAT_ST_RDEV 1
| #define ENABLE_NLS 1
| #define HAVE_GETTEXT 1
| #define HAVE_DCGETTEXT 1
| #define HAVE_STRUCT_USER_REGS_STRUCT_ORIG_EAX 1
| #define HAVE_STRUCT_USER_REGS_STRUCT_EAX 1
| #define HAVE_STRUCT_USER_REGS_STRUCT_EBX 1
| #define HAVE_STRUCT_USER_REGS_STRUCT_ECX 1
| #define HAVE_STRUCT_USER_REGS_STRUCT_EDX 1
| #define HAVE_GETMNTENT 1
| #define LSTAT_FOLLOWS_SLASHED_SYMLINK 1
| #define LSTAT_FOLLOWS_SLASHED_SYMLINK 1
| #define HAVE_STDLIB_H 1
| #define HAVE_MALLOC 1
| #define HAVE_STDLIB_H 1
| #define HAVE_REALLOC 1
| #define HAVE_ATEXIT 1
| #define HAVE_GETMNTENT 1
| #define HAVE_MEMSET 1
| #define HAVE_NL_LANGINFO 1
| #define HAVE_RAWMEMCHR 1
| #define HAVE_REGCOMP 1
| #define HAVE_RPMATCH 1
| #define HAVE_SETLOCALE 1
| #define HAVE_SOCKET 1
| #define HAVE_STRCASECMP 1
| #define HAVE_STRCHR 1
| #define HAVE_STRDUP 1
| #define HAVE_STRERROR 1
| #define HAVE_STRPBRK 1
| #define HAVE_STRRCHR 1
| #define HAVE_STRTOUL 1
| /* end confdefs.h.  */
| #include <sys/types.h>
|  /* Check that off_t can represent 2**63 - 1 correctly.
|     We can't simply define LARGE_OFF_T to be 9223372036854775807,
|     since some C++ compilers masquerading as C compilers
|     incorrectly reject 9223372036854775807.  */
| #define LARGE_OFF_T (((off_t) 1 << 62) - 1 + ((off_t) 1 << 62))
|   int off_t_is_large[(LARGE_OFF_T % 2147483629 == 721
| 		       && LARGE_OFF_T % 2147483647 == 1)
| 		      ? 1 : -1];
| int
| main ()
| {
| 
|   ;
|   return 0;
| }
configure:7627: gcc -c -g -O2  conftest.c >&5
configure:7627: $? = 0
configure:7635: result: 64
configure:7887: creating ./config.status

## ---------------------- ##
## Running config.status. ##
## ---------------------- ##

This file was extended by psmisc config.status 22.20, which was
generated by GNU Autoconf 2.69.  Invocation command line was

  CONFIG_FILES    = 
  CONFIG_HEADERS  = 
  CONFIG_LINKS    = 
  CONFIG_COMMANDS = 
  $ ./config.status 

on lfs

config.status:961: creating Makefile
config.status:961: creating doc/Makefile
config.status:961: creating src/Makefile
config.status:961: creating icons/Makefile
config.status:961: creating po/Makefile.in
config.status:961: creating testsuite/Makefile
config.status:961: creating config.h
config.status:1190: executing depfiles commands
config.status:1190: executing po-directories commands

## ---------------- ##
## Cache variables. ##
## ---------------- ##

ac_cv_build=i686-pc-linux-gnu
ac_cv_c_compiler_gnu=yes
ac_cv_c_const=yes
ac_cv_env_CC_set=
ac_cv_env_CC_value=
ac_cv_env_CFLAGS_set=
ac_cv_env_CFLAGS_value=
ac_cv_env_CPPFLAGS_set=
ac_cv_env_CPPFLAGS_value=
ac_cv_env_CPP_set=
ac_cv_env_CPP_value=
ac_cv_env_LDFLAGS_set=
ac_cv_env_LDFLAGS_value=
ac_cv_env_LIBS_set=
ac_cv_env_LIBS_value=
ac_cv_env_build_alias_set=
ac_cv_env_build_alias_value=
ac_cv_env_host_alias_set=
ac_cv_env_host_alias_value=
ac_cv_env_target_alias_set=
ac_cv_env_target_alias_value=
ac_cv_func_atexit=yes
ac_cv_func_closedir_void=no
ac_cv_func_getmntent=yes
ac_cv_func_lstat_dereferences_slashed_symlink=yes
ac_cv_func_lstat_empty_string_bug=no
ac_cv_func_malloc_0_nonnull=yes
ac_cv_func_memcmp_working=yes
ac_cv_func_memset=yes
ac_cv_func_nl_langinfo=yes
ac_cv_func_rawmemchr=yes
ac_cv_func_realloc_0_nonnull=yes
ac_cv_func_regcomp=yes
ac_cv_func_rpmatch=yes
ac_cv_func_setlocale=yes
ac_cv_func_socket=yes
ac_cv_func_stat_empty_string_bug=no
ac_cv_func_strcasecmp=yes
ac_cv_func_strchr=yes
ac_cv_func_strdup=yes
ac_cv_func_strerror=yes
ac_cv_func_strpbrk=yes
ac_cv_func_strrchr=yes
ac_cv_func_strtoul=yes
ac_cv_header_arpa_inet_h=yes
ac_cv_header_dirent_dirent_h=yes
ac_cv_header_fcntl_h=yes
ac_cv_header_inttypes_h=yes
ac_cv_header_langinfo_h=yes
ac_cv_header_libintl_h=yes
ac_cv_header_limits_h=yes
ac_cv_header_locale_h=yes
ac_cv_header_memory_h=yes
ac_cv_header_mntent_h=yes
ac_cv_header_netdb_h=yes
ac_cv_header_netinet_in_h=yes
ac_cv_header_stdc=yes
ac_cv_header_stdint_h=yes
ac_cv_header_stdlib_h=yes
ac_cv_header_string_h=yes
ac_cv_header_strings_h=yes
ac_cv_header_sys_ioctl_h=yes
ac_cv_header_sys_socket_h=yes
ac_cv_header_sys_stat_h=yes
ac_cv_header_sys_types_h=yes
ac_cv_header_sys_wait_h=yes
ac_cv_header_termios_h=yes
ac_cv_header_unistd_h=yes
ac_cv_host=i686-pc-linux-gnu
ac_cv_lib_ncurses_tgetent=yes
ac_cv_lib_tinfo_tgetent=no
ac_cv_member_struct_pt_regs_cp0_status=no
ac_cv_member_struct_pt_regs_gpr=no
ac_cv_member_struct_pt_regs_orig_gpr3=no
ac_cv_member_struct_pt_regs_regs=no
ac_cv_member_struct_pt_regs_uregs=no
ac_cv_member_struct_stat_st_rdev=yes
ac_cv_member_struct_user_regs_struct_eax=yes
ac_cv_member_struct_user_regs_struct_ebx=yes
ac_cv_member_struct_user_regs_struct_ecx=yes
ac_cv_member_struct_user_regs_struct_edx=yes
ac_cv_member_struct_user_regs_struct_orig_eax=yes
ac_cv_member_struct_user_regs_struct_orig_rax=no
ac_cv_member_struct_user_regs_struct_rax=no
ac_cv_member_struct_user_regs_struct_rdi=no
ac_cv_member_struct_user_regs_struct_rdx=no
ac_cv_member_struct_user_regs_struct_rsi=no
ac_cv_objext=o
ac_cv_path_EGREP='/tools/bin/grep -E'
ac_cv_path_GMSGFMT=/tools/bin/msgfmt
ac_cv_path_GREP=/tools/bin/grep
ac_cv_path_MSGFMT=/tools/bin/msgfmt
ac_cv_path_MSGMERGE=/tools/bin/msgmerge
ac_cv_path_XGETTEXT=/tools/bin/xgettext
ac_cv_path_install='/tools/bin/install -c'
ac_cv_path_mkdir=/tools/bin/mkdir
ac_cv_prog_AWK=gawk
ac_cv_prog_CPP='gcc -E'
ac_cv_prog_ac_ct_CC=gcc
ac_cv_prog_cc_c89=
ac_cv_prog_cc_g=yes
ac_cv_prog_gcc_traditional=no
ac_cv_prog_make_make_set=yes
ac_cv_search_getmntent='none required'
ac_cv_search_opendir='none required'
ac_cv_sys_file_offset_bits=64
ac_cv_sys_largefile_CC=no
ac_cv_target=i686-pc-linux-gnu
ac_cv_type_pid_t=yes
ac_cv_type_size_t=yes
ac_cv_type_uid_t=yes
acl_cv_hardcode_direct=no
acl_cv_hardcode_libdir_flag_spec='${wl}-rpath ${wl}$libdir'
acl_cv_hardcode_libdir_separator=
acl_cv_hardcode_minus_L=no
acl_cv_libext=a
acl_cv_path_LD=/usr/bin/ld
acl_cv_prog_gnu_ld=yes
acl_cv_rpath=done
acl_cv_shlibext=so
acl_cv_wl=-Wl,
am_cv_CC_dependencies_compiler_type=gcc3
gt_cv_func_CFLocaleCopyCurrent=no
gt_cv_func_CFPreferencesCopyAppValue=no
gt_cv_func_gnugettext1_libc=yes

## ----------------- ##
## Output variables. ##
## ----------------- ##

ACLOCAL='${SHELL} /sources/psmisc-22.20/config/missing --run aclocal-1.11'
AMDEPBACKSLASH='\'
AMDEP_FALSE='#'
AMDEP_TRUE=''
AMTAR='$${TAR-tar}'
AUTOCONF='${SHELL} /sources/psmisc-22.20/config/missing --run autoconf'
AUTOHEADER='${SHELL} /sources/psmisc-22.20/config/missing --run autoheader'
AUTOMAKE='${SHELL} /sources/psmisc-22.20/config/missing --run automake-1.11'
AWK='gawk'
CC='gcc'
CCDEPMODE='depmode=gcc3'
CFLAGS='-g -O2'
CPP='gcc -E'
CPPFLAGS=''
CYGPATH_W='echo'
DEFS='-DHAVE_CONFIG_H'
DEJAGNU='$(top_srcdir)/testsuite/global-conf.exp'
DEPDIR='.deps'
ECHO_C=''
ECHO_N='-n'
ECHO_T=''
EGREP='/tools/bin/grep -E'
EXEEXT=''
GMSGFMT='/tools/bin/msgfmt'
GMSGFMT_015='/tools/bin/msgfmt'
GREP='/tools/bin/grep'
HARDEN_CFLAGS='-fstack-protector --param=ssp-buffer-size=4 -Wformat -Wformat-security -Werror=format-security'
INSTALL_DATA='${INSTALL} -m 644'
INSTALL_PROGRAM='${INSTALL}'
INSTALL_SCRIPT='${INSTALL}'
INSTALL_STRIP_PROGRAM='$(install_sh) -c -s'
INTLLIBS=''
INTL_MACOSX_LIBS=''
LDFLAGS=''
LIBICONV='-liconv'
LIBINTL=''
LIBOBJS=''
LIBS=''
LN_S='ln -s'
LTLIBICONV='-liconv'
LTLIBINTL=''
LTLIBOBJS=''
MAKEINFO='${SHELL} /sources/psmisc-22.20/config/missing --run makeinfo'
MKDIR_P='/tools/bin/mkdir -p'
MSGFMT='/tools/bin/msgfmt'
MSGFMT_015='/tools/bin/msgfmt'
MSGMERGE='/tools/bin/msgmerge'
OBJEXT='o'
PACKAGE='psmisc'
PACKAGE_BUGREPORT=''
PACKAGE_NAME='psmisc'
PACKAGE_STRING='psmisc 22.20'
PACKAGE_TARNAME='psmisc'
PACKAGE_URL=''
PACKAGE_VERSION='22.20'
PATH_SEPARATOR=':'
POSUB='po'
SELINUX_LIB=''
SET_MAKE=''
SHELL='/bin/sh'
STRIP=''
TERMCAP_LIB='-lncurses'
USE_NLS='yes'
VERSION='22.20'
WANT_FUSER_FALSE='#'
WANT_FUSER_TRUE=''
WANT_PEEKFD_ARM_FALSE=''
WANT_PEEKFD_ARM_TRUE='#'
WANT_PEEKFD_I386_FALSE='#'
WANT_PEEKFD_I386_TRUE=''
WANT_PEEKFD_MIPS_FALSE=''
WANT_PEEKFD_MIPS_TRUE='#'
WANT_PEEKFD_PPC_FALSE=''
WANT_PEEKFD_PPC_TRUE='#'
WANT_PEEKFD_X86_64_FALSE=''
WANT_PEEKFD_X86_64_TRUE='#'
WANT_TIMEOUT_STAT_FALSE=''
WANT_TIMEOUT_STAT_TRUE='#'
WITH_IPV6=''
WITH_SELINUX=''
WITH_TIMEOUT_STAT=''
XGETTEXT='/tools/bin/xgettext'
XGETTEXT_015='/tools/bin/xgettext'
ac_ct_CC='gcc'
am__EXEEXT_FALSE=''
am__EXEEXT_TRUE='#'
am__fastdepCC_FALSE='#'
am__fastdepCC_TRUE=''
am__include='include'
am__isrc=''
am__leading_dot='.'
am__nodep='_no'
am__quote=''
am__tar='$${TAR-tar} chof - "$$tardir"'
am__untar='$${TAR-tar} xf -'
bindir='${exec_prefix}/bin'
build='i686-pc-linux-gnu'
build_alias=''
build_cpu='i686'
build_os='linux-gnu'
build_vendor='pc'
datadir='${datarootdir}'
datarootdir='${prefix}/share'
docdir='${datarootdir}/doc/${PACKAGE_TARNAME}'
dvidir='${docdir}'
exec_prefix='${prefix}'
host='i686-pc-linux-gnu'
host_alias=''
host_cpu='i686'
host_os='linux-gnu'
host_vendor='pc'
htmldir='${docdir}'
includedir='${prefix}/include'
infodir='${datarootdir}/info'
install_sh='${SHELL} /sources/psmisc-22.20/config/install-sh'
libdir='${exec_prefix}/lib'
libexecdir='${exec_prefix}/libexec'
localedir='${datarootdir}/locale'
localstatedir='${prefix}/var'
mandir='${datarootdir}/man'
mkdir_p='/tools/bin/mkdir -p'
oldincludedir='/usr/include'
pdfdir='${docdir}'
prefix='/usr'
program_transform_name='s,x,x,'
psdir='${docdir}'
sbindir='${exec_prefix}/sbin'
sharedstatedir='${prefix}/com'
sysconfdir='${prefix}/etc'
target='i686-pc-linux-gnu'
target_alias=''
target_cpu='i686'
target_os='linux-gnu'
target_vendor='pc'

## ----------- ##
## confdefs.h. ##
## ----------- ##

/* confdefs.h */
#define PACKAGE_NAME "psmisc"
#define PACKAGE_TARNAME "psmisc"
#define PACKAGE_VERSION "22.20"
#define PACKAGE_STRING "psmisc 22.20"
#define PACKAGE_BUGREPORT ""
#define PACKAGE_URL ""
#define PACKAGE "psmisc"
#define VERSION "22.20"
#define WITH_IPV6 1
#define HAVE_DIRENT_H 1
#define STDC_HEADERS 1
#define HAVE_SYS_WAIT_H 1
#define HAVE_SYS_TYPES_H 1
#define HAVE_SYS_STAT_H 1
#define HAVE_STDLIB_H 1
#define HAVE_STRING_H 1
#define HAVE_MEMORY_H 1
#define HAVE_STRINGS_H 1
#define HAVE_INTTYPES_H 1
#define HAVE_STDINT_H 1
#define HAVE_UNISTD_H 1
#define HAVE_ARPA_INET_H 1
#define HAVE_FCNTL_H 1
#define HAVE_LANGINFO_H 1
#define HAVE_LIBINTL_H 1
#define HAVE_LIMITS_H 1
#define HAVE_LOCALE_H 1
#define HAVE_MNTENT_H 1
#define HAVE_NETDB_H 1
#define HAVE_NETINET_IN_H 1
#define HAVE_STDLIB_H 1
#define HAVE_STRING_H 1
#define HAVE_SYS_IOCTL_H 1
#define HAVE_SYS_SOCKET_H 1
#define HAVE_TERMIOS_H 1
#define HAVE_UNISTD_H 1
#define HAVE_STRUCT_STAT_ST_RDEV 1
#define ENABLE_NLS 1
#define HAVE_GETTEXT 1
#define HAVE_DCGETTEXT 1
#define HAVE_STRUCT_USER_REGS_STRUCT_ORIG_EAX 1
#define HAVE_STRUCT_USER_REGS_STRUCT_EAX 1
#define HAVE_STRUCT_USER_REGS_STRUCT_EBX 1
#define HAVE_STRUCT_USER_REGS_STRUCT_ECX 1
#define HAVE_STRUCT_USER_REGS_STRUCT_EDX 1
#define HAVE_GETMNTENT 1
#define LSTAT_FOLLOWS_SLASHED_SYMLINK 1
#define LSTAT_FOLLOWS_SLASHED_SYMLINK 1
#define HAVE_STDLIB_H 1
#define HAVE_MALLOC 1
#define HAVE_STDLIB_H 1
#define HAVE_REALLOC 1
#define HAVE_ATEXIT 1
#define HAVE_GETMNTENT 1
#define HAVE_MEMSET 1
#define HAVE_NL_LANGINFO 1
#define HAVE_RAWMEMCHR 1
#define HAVE_REGCOMP 1
#define HAVE_RPMATCH 1
#define HAVE_SETLOCALE 1
#define HAVE_SOCKET 1
#define HAVE_STRCASECMP 1
#define HAVE_STRCHR 1
#define HAVE_STRDUP 1
#define HAVE_STRERROR 1
#define HAVE_STRPBRK 1
#define HAVE_STRRCHR 1
#define HAVE_STRTOUL 1
#define _FILE_OFFSET_BITS 64

configure: exit 0
