This file contains any messages produced by compilers while
running configure, to aid debugging if configure makes a mistake.

It was created by kmod configure 16, which was
generated by GNU Autoconf 2.69.  Invocation command line was

  $ ./configure --prefix=/usr --bindir=/bin --sysconfdir=/etc --with-rootlibdir=/lib --disable-manpages --with-xz --with-zlib

## --------- ##
## Platform. ##
## --------- ##

hostname = lfs
uname -m = i686
uname -r = 3.11.0-26-generic
uname -s = Linux
uname -v = #45-Ubuntu SMP Tue Jul 15 04:04:15 UTC 2014

/usr/bin/uname -p = unknown
/bin/uname -X     = unknown

/bin/arch              = unknown
/usr/bin/arch -k       = unknown
/usr/convex/getsysinfo = unknown
/usr/bin/hostinfo      = unknown
/bin/machine           = unknown
/usr/bin/oslevel       = unknown
/bin/universe          = unknown

PATH: /bin
PATH: /usr/bin
PATH: /sbin
PATH: /usr/sbin
PATH: /tools/bin


## ----------- ##
## Core tests. ##
## ----------- ##

configure:2409: checking for a BSD-compatible install
configure:2477: result: /usr/bin/install -c
configure:2488: checking whether build environment is sane
configure:2543: result: yes
configure:2694: checking for a thread-safe mkdir -p
configure:2733: result: /bin/mkdir -p
configure:2740: checking for gawk
configure:2756: found /usr/bin/gawk
configure:2767: result: gawk
configure:2778: checking whether make sets $(MAKE)
configure:2800: result: yes
configure:2829: checking whether make supports nested variables
configure:2846: result: yes
configure:2925: checking how to create a pax tar archive
configure:2936: tar --version
tar (GNU tar) 1.27.1
Copyright (C) 2013 Free Software Foundation, Inc.
License GPLv3+: GNU GPL version 3 or later <http://gnu.org/licenses/gpl.html>.
This is free software: you are free to change and redistribute it.
There is NO WARRANTY, to the extent permitted by law.

Written by John Gilmore and Jay Fenlason.
configure:2939: $? = 0
configure:2979: tardir=conftest.dir && eval tar --format=posix -chf - "$tardir" >conftest.tar
configure:2982: $? = 0
configure:2986: tar -xf - <conftest.tar
configure:2989: $? = 0
configure:2991: cat conftest.dir/file
GrepMe
configure:2994: $? = 0
configure:3007: result: gnutar
configure:3068: checking for style of include used by make
configure:3096: result: GNU
configure:3167: checking for gcc
configure:3183: found /usr/bin/gcc
configure:3194: result: gcc
configure:3423: checking for C compiler version
configure:3432: gcc --version >&5
gcc (GCC) 4.8.2
Copyright (C) 2013 Free Software Foundation, Inc.
This is free software; see the source for copying conditions.  There is NO
warranty; not even for MERCHANTABILITY or FITNESS FOR A PARTICULAR PURPOSE.

configure:3443: $? = 0
configure:3432: gcc -v >&5
Using built-in specs.
COLLECT_GCC=gcc
COLLECT_LTO_WRAPPER=/usr/libexec/gcc/i686-pc-linux-gnu/4.8.2/lto-wrapper
Target: i686-pc-linux-gnu
Configured with: ../gcc-4.8.2/configure --prefix=/usr --enable-shared --enable-threads=posix --enable-__cxa_atexit --enable-clocale=gnu --enable-languages=c,c++ --disable-multilib --disable-bootstrap --with-system-zlib
Thread model: posix
gcc version 4.8.2 (GCC) 
configure:3443: $? = 0
configure:3432: gcc -V >&5
gcc: error: unrecognized command line option '-V'
gcc: fatal error: no input files
compilation terminated.
configure:3443: $? = 1
configure:3432: gcc -qversion >&5
gcc: error: unrecognized command line option '-qversion'
gcc: fatal error: no input files
compilation terminated.
configure:3443: $? = 1
configure:3463: checking whether the C compiler works
configure:3485: gcc    conftest.c  >&5
configure:3489: $? = 0
configure:3537: result: yes
configure:3540: checking for C compiler default output file name
configure:3542: result: a.out
configure:3548: checking for suffix of executables
configure:3555: gcc -o conftest    conftest.c  >&5
configure:3559: $? = 0
configure:3581: result: 
configure:3603: checking whether we are cross compiling
configure:3611: gcc -o conftest    conftest.c  >&5
configure:3615: $? = 0
configure:3622: ./conftest
configure:3626: $? = 0
configure:3641: result: no
configure:3646: checking for suffix of object files
configure:3668: gcc -c   conftest.c >&5
configure:3672: $? = 0
configure:3693: result: o
configure:3697: checking whether we are using the GNU C compiler
configure:3716: gcc -c   conftest.c >&5
configure:3716: $? = 0
configure:3725: result: yes
configure:3734: checking whether gcc accepts -g
configure:3754: gcc -c -g  conftest.c >&5
configure:3754: $? = 0
configure:3795: result: yes
configure:3812: checking for gcc option to accept ISO C89
configure:3875: gcc  -c -g -O2  conftest.c >&5
configure:3875: $? = 0
configure:3888: result: none needed
configure:3913: checking whether gcc understands -c and -o together
configure:3935: gcc -c conftest.c -o conftest2.o
configure:3938: $? = 0
configure:3935: gcc -c conftest.c -o conftest2.o
configure:3938: $? = 0
configure:3950: result: yes
configure:3969: checking dependency style of gcc
configure:4080: result: gcc3
configure:4099: checking for gcc option to accept ISO C99
configure:4248: gcc  -c -g -O2  conftest.c >&5
conftest.c:61:29: error: expected ';', ',' or ')' before 'text'
 test_restrict (ccp restrict text)
                             ^
conftest.c: In function 'main':
conftest.c:115:18: error: expected '=', ',', ';', 'asm' or '__attribute__' before 'newvar'
   char *restrict newvar = "Another string";
                  ^
conftest.c:115:18: error: 'newvar' undeclared (first use in this function)
conftest.c:115:18: note: each undeclared identifier is reported only once for each function it appears in
conftest.c:125:3: error: 'for' loop initial declarations are only allowed in C99 mode
   for (int i = 0; i < ia->datasize; ++i)
   ^
conftest.c:125:3: note: use option -std=c99 or -std=gnu99 to compile your code
configure:4248: $? = 1
configure: failed program was:
| /* confdefs.h */
| #define PACKAGE_NAME "kmod"
| #define PACKAGE_TARNAME "kmod"
| #define PACKAGE_VERSION "16"
| #define PACKAGE_STRING "kmod 16"
| #define PACKAGE_BUGREPORT "linux-modules@vger.kernel.org"
| #define PACKAGE_URL "http://git.kernel.org/?p=utils/kernel/kmod/kmod.git"
| #define PACKAGE "kmod"
| #define VERSION "16"
| /* end confdefs.h.  */
| #include <stdarg.h>
| #include <stdbool.h>
| #include <stdlib.h>
| #include <wchar.h>
| #include <stdio.h>
| 
| // Check varargs macros.  These examples are taken from C99 6.10.3.5.
| #define debug(...) fprintf (stderr, __VA_ARGS__)
| #define showlist(...) puts (#__VA_ARGS__)
| #define report(test,...) ((test) ? puts (#test) : printf (__VA_ARGS__))
| static void
| test_varargs_macros (void)
| {
|   int x = 1234;
|   int y = 5678;
|   debug ("Flag");
|   debug ("X = %d\n", x);
|   showlist (The first, second, and third items.);
|   report (x>y, "x is %d but y is %d", x, y);
| }
| 
| // Check long long types.
| #define BIG64 18446744073709551615ull
| #define BIG32 4294967295ul
| #define BIG_OK (BIG64 / BIG32 == 4294967297ull && BIG64 % BIG32 == 0)
| #if !BIG_OK
|   your preprocessor is broken;
| #endif
| #if BIG_OK
| #else
|   your preprocessor is broken;
| #endif
| static long long int bignum = -9223372036854775807LL;
| static unsigned long long int ubignum = BIG64;
| 
| struct incomplete_array
| {
|   int datasize;
|   double data[];
| };
| 
| struct named_init {
|   int number;
|   const wchar_t *name;
|   double average;
| };
| 
| typedef const char *ccp;
| 
| static inline int
| test_restrict (ccp restrict text)
| {
|   // See if C++-style comments work.
|   // Iterate through items via the restricted pointer.
|   // Also check for declarations in for loops.
|   for (unsigned int i = 0; *(text+i) != '\0'; ++i)
|     continue;
|   return 0;
| }
| 
| // Check varargs and va_copy.
| static void
| test_varargs (const char *format, ...)
| {
|   va_list args;
|   va_start (args, format);
|   va_list args_copy;
|   va_copy (args_copy, args);
| 
|   const char *str;
|   int number;
|   float fnumber;
| 
|   while (*format)
|     {
|       switch (*format++)
| 	{
| 	case 's': // string
| 	  str = va_arg (args_copy, const char *);
| 	  break;
| 	case 'd': // int
| 	  number = va_arg (args_copy, int);
| 	  break;
| 	case 'f': // float
| 	  fnumber = va_arg (args_copy, double);
| 	  break;
| 	default:
| 	  break;
| 	}
|     }
|   va_end (args_copy);
|   va_end (args);
| }
| 
| int
| main ()
| {
| 
|   // Check bool.
|   _Bool success = false;
| 
|   // Check restrict.
|   if (test_restrict ("String literal") == 0)
|     success = true;
|   char *restrict newvar = "Another string";
| 
|   // Check varargs.
|   test_varargs ("s, d' f .", "string", 65, 34.234);
|   test_varargs_macros ();
| 
|   // Check flexible array members.
|   struct incomplete_array *ia =
|     malloc (sizeof (struct incomplete_array) + (sizeof (double) * 10));
|   ia->datasize = 10;
|   for (int i = 0; i < ia->datasize; ++i)
|     ia->data[i] = i * 1.234;
| 
|   // Check named initializers.
|   struct named_init ni = {
|     .number = 34,
|     .name = L"Test wide string",
|     .average = 543.34343,
|   };
| 
|   ni.number = 58;
| 
|   int dynamic_array[ni.number];
|   dynamic_array[ni.number - 1] = 543;
| 
|   // work around unused variable warnings
|   return (!success || bignum == 0LL || ubignum == 0uLL || newvar[0] == 'x'
| 	  || dynamic_array[ni.number - 1] != 543);
| 
|   ;
|   return 0;
| }
configure:4248: gcc -std=gnu99 -c -g -O2  conftest.c >&5
configure:4248: $? = 0
configure:4268: result: -std=gnu99
configure:4369: checking for gcc -std=gnu99 option to accept ISO Standard C
configure:4383: result: -std=gnu99
configure:4393: checking how to run the C preprocessor
configure:4424: gcc -std=gnu99 -E  conftest.c
configure:4424: $? = 0
configure:4438: gcc -std=gnu99 -E  conftest.c
conftest.c:11:28: fatal error: ac_nonexistent.h: No such file or directory
 #include <ac_nonexistent.h>
                            ^
compilation terminated.
configure:4438: $? = 1
configure: failed program was:
| /* confdefs.h */
| #define PACKAGE_NAME "kmod"
| #define PACKAGE_TARNAME "kmod"
| #define PACKAGE_VERSION "16"
| #define PACKAGE_STRING "kmod 16"
| #define PACKAGE_BUGREPORT "linux-modules@vger.kernel.org"
| #define PACKAGE_URL "http://git.kernel.org/?p=utils/kernel/kmod/kmod.git"
| #define PACKAGE "kmod"
| #define VERSION "16"
| /* end confdefs.h.  */
| #include <ac_nonexistent.h>
configure:4463: result: gcc -std=gnu99 -E
configure:4483: gcc -std=gnu99 -E  conftest.c
configure:4483: $? = 0
configure:4497: gcc -std=gnu99 -E  conftest.c
conftest.c:11:28: fatal error: ac_nonexistent.h: No such file or directory
 #include <ac_nonexistent.h>
                            ^
compilation terminated.
configure:4497: $? = 1
configure: failed program was:
| /* confdefs.h */
| #define PACKAGE_NAME "kmod"
| #define PACKAGE_TARNAME "kmod"
| #define PACKAGE_VERSION "16"
| #define PACKAGE_STRING "kmod 16"
| #define PACKAGE_BUGREPORT "linux-modules@vger.kernel.org"
| #define PACKAGE_URL "http://git.kernel.org/?p=utils/kernel/kmod/kmod.git"
| #define PACKAGE "kmod"
| #define VERSION "16"
| /* end confdefs.h.  */
| #include <ac_nonexistent.h>
configure:4526: checking for grep that handles long lines and -e
configure:4584: result: /bin/grep
configure:4589: checking for egrep
configure:4651: result: /bin/grep -E
configure:4656: checking for ANSI C header files
configure:4676: gcc -std=gnu99 -c -g -O2  conftest.c >&5
configure:4676: $? = 0
configure:4749: gcc -std=gnu99 -o conftest -g -O2   conftest.c  >&5
configure:4749: $? = 0
configure:4749: ./conftest
configure:4749: $? = 0
configure:4760: result: yes
configure:4773: checking for sys/types.h
configure:4773: gcc -std=gnu99 -c -g -O2  conftest.c >&5
configure:4773: $? = 0
configure:4773: result: yes
configure:4773: checking for sys/stat.h
configure:4773: gcc -std=gnu99 -c -g -O2  conftest.c >&5
configure:4773: $? = 0
configure:4773: result: yes
configure:4773: checking for stdlib.h
configure:4773: gcc -std=gnu99 -c -g -O2  conftest.c >&5
configure:4773: $? = 0
configure:4773: result: yes
configure:4773: checking for string.h
configure:4773: gcc -std=gnu99 -c -g -O2  conftest.c >&5
configure:4773: $? = 0
configure:4773: result: yes
configure:4773: checking for memory.h
configure:4773: gcc -std=gnu99 -c -g -O2  conftest.c >&5
configure:4773: $? = 0
configure:4773: result: yes
configure:4773: checking for strings.h
configure:4773: gcc -std=gnu99 -c -g -O2  conftest.c >&5
configure:4773: $? = 0
configure:4773: result: yes
configure:4773: checking for inttypes.h
configure:4773: gcc -std=gnu99 -c -g -O2  conftest.c >&5
configure:4773: $? = 0
configure:4773: result: yes
configure:4773: checking for stdint.h
configure:4773: gcc -std=gnu99 -c -g -O2  conftest.c >&5
configure:4773: $? = 0
configure:4773: result: yes
configure:4773: checking for unistd.h
configure:4773: gcc -std=gnu99 -c -g -O2  conftest.c >&5
configure:4773: $? = 0
configure:4773: result: yes
configure:4786: checking minix/config.h usability
configure:4786: gcc -std=gnu99 -c -g -O2  conftest.c >&5
conftest.c:54:26: fatal error: minix/config.h: No such file or directory
 #include <minix/config.h>
                          ^
compilation terminated.
configure:4786: $? = 1
configure: failed program was:
| /* confdefs.h */
| #define PACKAGE_NAME "kmod"
| #define PACKAGE_TARNAME "kmod"
| #define PACKAGE_VERSION "16"
| #define PACKAGE_STRING "kmod 16"
| #define PACKAGE_BUGREPORT "linux-modules@vger.kernel.org"
| #define PACKAGE_URL "http://git.kernel.org/?p=utils/kernel/kmod/kmod.git"
| #define PACKAGE "kmod"
| #define VERSION "16"
| #define STDC_HEADERS 1
| #define HAVE_SYS_TYPES_H 1
| #define HAVE_SYS_STAT_H 1
| #define HAVE_STDLIB_H 1
| #define HAVE_STRING_H 1
| #define HAVE_MEMORY_H 1
| #define HAVE_STRINGS_H 1
| #define HAVE_INTTYPES_H 1
| #define HAVE_STDINT_H 1
| #define HAVE_UNISTD_H 1
| /* end confdefs.h.  */
| #include <stdio.h>
| #ifdef HAVE_SYS_TYPES_H
| # include <sys/types.h>
| #endif
| #ifdef HAVE_SYS_STAT_H
| # include <sys/stat.h>
| #endif
| #ifdef STDC_HEADERS
| # include <stdlib.h>
| # include <stddef.h>
| #else
| # ifdef HAVE_STDLIB_H
| #  include <stdlib.h>
| # endif
| #endif
| #ifdef HAVE_STRING_H
| # if !defined STDC_HEADERS && defined HAVE_MEMORY_H
| #  include <memory.h>
| # endif
| # include <string.h>
| #endif
| #ifdef HAVE_STRINGS_H
| # include <strings.h>
| #endif
| #ifdef HAVE_INTTYPES_H
| # include <inttypes.h>
| #endif
| #ifdef HAVE_STDINT_H
| # include <stdint.h>
| #endif
| #ifdef HAVE_UNISTD_H
| # include <unistd.h>
| #endif
| #include <minix/config.h>
configure:4786: result: no
configure:4786: checking minix/config.h presence
configure:4786: gcc -std=gnu99 -E  conftest.c
conftest.c:21:26: fatal error: minix/config.h: No such file or directory
 #include <minix/config.h>
                          ^
compilation terminated.
configure:4786: $? = 1
configure: failed program was:
| /* confdefs.h */
| #define PACKAGE_NAME "kmod"
| #define PACKAGE_TARNAME "kmod"
| #define PACKAGE_VERSION "16"
| #define PACKAGE_STRING "kmod 16"
| #define PACKAGE_BUGREPORT "linux-modules@vger.kernel.org"
| #define PACKAGE_URL "http://git.kernel.org/?p=utils/kernel/kmod/kmod.git"
| #define PACKAGE "kmod"
| #define VERSION "16"
| #define STDC_HEADERS 1
| #define HAVE_SYS_TYPES_H 1
| #define HAVE_SYS_STAT_H 1
| #define HAVE_STDLIB_H 1
| #define HAVE_STRING_H 1
| #define HAVE_MEMORY_H 1
| #define HAVE_STRINGS_H 1
| #define HAVE_INTTYPES_H 1
| #define HAVE_STDINT_H 1
| #define HAVE_UNISTD_H 1
| /* end confdefs.h.  */
| #include <minix/config.h>
configure:4786: result: no
configure:4786: checking for minix/config.h
configure:4786: result: no
configure:4807: checking whether it is safe to define __EXTENSIONS__
configure:4825: gcc -std=gnu99 -c -g -O2  conftest.c >&5
configure:4825: $? = 0
configure:4832: result: yes
configure:4853: checking for special C compiler options needed for large files
configure:4898: result: no
configure:4904: checking for _FILE_OFFSET_BITS value needed for large files
configure:4929: gcc -std=gnu99 -c -g -O2  conftest.c >&5
conftest.c:32:3: warning: left shift count >= width of type [enabled by default]
   int off_t_is_large[(LARGE_OFF_T % 2147483629 == 721
   ^
conftest.c:32:3: warning: left shift count >= width of type [enabled by default]
conftest.c:33:10: warning: left shift count >= width of type [enabled by default]
          && LARGE_OFF_T % 2147483647 == 1)
          ^
conftest.c:33:10: warning: left shift count >= width of type [enabled by default]
conftest.c:32:7: error: variably modified 'off_t_is_large' at file scope
   int off_t_is_large[(LARGE_OFF_T % 2147483629 == 721
       ^
configure:4929: $? = 1
configure: failed program was:
| /* confdefs.h */
| #define PACKAGE_NAME "kmod"
| #define PACKAGE_TARNAME "kmod"
| #define PACKAGE_VERSION "16"
| #define PACKAGE_STRING "kmod 16"
| #define PACKAGE_BUGREPORT "linux-modules@vger.kernel.org"
| #define PACKAGE_URL "http://git.kernel.org/?p=utils/kernel/kmod/kmod.git"
| #define PACKAGE "kmod"
| #define VERSION "16"
| #define STDC_HEADERS 1
| #define HAVE_SYS_TYPES_H 1
| #define HAVE_SYS_STAT_H 1
| #define HAVE_STDLIB_H 1
| #define HAVE_STRING_H 1
| #define HAVE_MEMORY_H 1
| #define HAVE_STRINGS_H 1
| #define HAVE_INTTYPES_H 1
| #define HAVE_STDINT_H 1
| #define HAVE_UNISTD_H 1
| #define __EXTENSIONS__ 1
| #define _ALL_SOURCE 1
| #define _GNU_SOURCE 1
| #define _POSIX_PTHREAD_SEMANTICS 1
| #define _TANDEM_SOURCE 1
| /* end confdefs.h.  */
| #include <sys/types.h>
|  /* Check that off_t can represent 2**63 - 1 correctly.
|     We can't simply define LARGE_OFF_T to be 9223372036854775807,
|     since some C++ compilers masquerading as C compilers
|     incorrectly reject 9223372036854775807.  */
| #define LARGE_OFF_T (((off_t) 1 << 62) - 1 + ((off_t) 1 << 62))
|   int off_t_is_large[(LARGE_OFF_T % 2147483629 == 721
| 		       && LARGE_OFF_T % 2147483647 == 1)
| 		      ? 1 : -1];
| int
| main ()
| {
| 
|   ;
|   return 0;
| }
configure:4953: gcc -std=gnu99 -c -g -O2  conftest.c >&5
configure:4953: $? = 0
configure:4961: result: 64
configure:5059: checking whether make supports nested variables
configure:5076: result: yes
configure:5116: checking build system type
configure:5130: result: i686-pc-linux-gnu
configure:5150: checking host system type
configure:5163: result: i686-pc-linux-gnu
configure:5204: checking how to print strings
configure:5231: result: printf
configure:5252: checking for a sed that does not truncate output
configure:5316: result: /bin/sed
configure:5334: checking for fgrep
configure:5396: result: /bin/grep -F
configure:5431: checking for ld used by gcc -std=gnu99
configure:5498: result: /usr/bin/ld
configure:5505: checking if the linker (/usr/bin/ld) is GNU ld
configure:5520: result: yes
configure:5532: checking for BSD- or MS-compatible name lister (nm)
configure:5581: result: /usr/bin/nm -B
configure:5711: checking the name lister (/usr/bin/nm -B) interface
configure:5718: gcc -std=gnu99 -c -g -O2  conftest.c >&5
configure:5721: /usr/bin/nm -B "conftest.o"
configure:5724: output
00000000 B some_variable
configure:5731: result: BSD nm
configure:5734: checking whether ln -s works
configure:5738: result: yes
configure:5746: checking the maximum length of command line arguments
configure:5876: result: 1572864
configure:5893: checking whether the shell understands some XSI constructs
configure:5903: result: yes
configure:5907: checking whether the shell understands "+="
configure:5913: result: yes
configure:5948: checking how to convert i686-pc-linux-gnu file names to i686-pc-linux-gnu format
configure:5988: result: func_convert_file_noop
configure:5995: checking how to convert i686-pc-linux-gnu file names to toolchain format
configure:6015: result: func_convert_file_noop
configure:6022: checking for /usr/bin/ld option to reload object files
configure:6029: result: -r
configure:6103: checking for objdump
configure:6119: found /usr/bin/objdump
configure:6130: result: objdump
configure:6162: checking how to recognize dependent libraries
configure:6364: result: pass_all
configure:6449: checking for dlltool
configure:6479: result: no
configure:6509: checking how to associate runtime and link libraries
configure:6536: result: printf %s\n
configure:6596: checking for ar
configure:6612: found /usr/bin/ar
configure:6623: result: ar
configure:6660: checking for archiver @FILE support
configure:6677: gcc -std=gnu99 -c -g -O2  conftest.c >&5
configure:6677: $? = 0
configure:6680: ar cru libconftest.a @conftest.lst >&5
configure:6683: $? = 0
configure:6688: ar cru libconftest.a @conftest.lst >&5
ar: conftest.o: No such file or directory
configure:6691: $? = 1
configure:6703: result: @
configure:6761: checking for strip
configure:6777: found /usr/bin/strip
configure:6788: result: strip
configure:6860: checking for ranlib
configure:6876: found /usr/bin/ranlib
configure:6887: result: ranlib
configure:6989: checking command to parse /usr/bin/nm -B output from gcc -std=gnu99 object
configure:7109: gcc -std=gnu99 -c -g -O2  conftest.c >&5
configure:7112: $? = 0
configure:7116: /usr/bin/nm -B conftest.o \| sed -n -e 's/^.*[ ]\([ABCDGIRSTW][ABCDGIRSTW]*\)[ ][ ]*\([_A-Za-z][_A-Za-z0-9]*\)$/\1 \2 \2/p' | sed '/ __gnu_lto/d' \> conftest.nm
configure:7119: $? = 0
configure:7185: gcc -std=gnu99 -o conftest -g -O2   conftest.c conftstm.o >&5
configure:7188: $? = 0
configure:7226: result: ok
configure:7263: checking for sysroot
configure:7293: result: no
configure:7549: checking for mt
configure:7579: result: no
configure:7599: checking if : is a manifest tool
configure:7605: : '-?'
configure:7613: result: no
configure:8252: checking for dlfcn.h
configure:8252: gcc -std=gnu99 -c -g -O2  conftest.c >&5
configure:8252: $? = 0
configure:8252: result: yes
configure:8456: checking for objdir
configure:8471: result: .libs
configure:8742: checking if gcc -std=gnu99 supports -fno-rtti -fno-exceptions
configure:8760: gcc -std=gnu99 -c -g -O2  -fno-rtti -fno-exceptions conftest.c >&5
cc1: warning: command line option '-fno-rtti' is valid for C++/ObjC++ but not for C [enabled by default]
configure:8764: $? = 0
configure:8777: result: no
configure:9104: checking for gcc -std=gnu99 option to produce PIC
configure:9111: result: -fPIC -DPIC
configure:9119: checking if gcc -std=gnu99 PIC flag -fPIC -DPIC works
configure:9137: gcc -std=gnu99 -c -g -O2  -fPIC -DPIC -DPIC conftest.c >&5
configure:9141: $? = 0
configure:9154: result: yes
configure:9183: checking if gcc -std=gnu99 static flag -static works
configure:9211: result: yes
configure:9226: checking if gcc -std=gnu99 supports -c -o file.o
configure:9247: gcc -std=gnu99 -c -g -O2  -o out/conftest2.o conftest.c >&5
configure:9251: $? = 0
configure:9273: result: yes
configure:9281: checking if gcc -std=gnu99 supports -c -o file.o
configure:9328: result: yes
configure:9361: checking whether the gcc -std=gnu99 linker (/usr/bin/ld) supports shared libraries
configure:10514: result: yes
configure:10551: checking whether -lc should be explicitly linked in
configure:10559: gcc -std=gnu99 -c -g -O2  conftest.c >&5
configure:10562: $? = 0
configure:10577: gcc -std=gnu99 -shared  -fPIC -DPIC conftest.o  -v -Wl,-soname -Wl,conftest -o conftest 2\>\&1 \| /bin/grep  -lc  \>/dev/null 2\>\&1
configure:10580: $? = 0
configure:10594: result: no
configure:10754: checking dynamic linker characteristics
configure:11265: gcc -std=gnu99 -o conftest -g -O2   -Wl,-rpath -Wl,/foo conftest.c  >&5
configure:11265: $? = 0
configure:11487: result: GNU/Linux ld.so
configure:11594: checking how to hardcode library paths into programs
configure:11619: result: immediate
configure:12159: checking whether stripping libraries is possible
configure:12164: result: yes
configure:12199: checking if libtool supports shared libraries
configure:12201: result: yes
configure:12204: checking whether to build shared libraries
configure:12225: result: yes
configure:12228: checking whether to build static libraries
configure:12232: result: no
configure:12271: checking whether to enable maintainer-specific portions of Makefiles
configure:12280: result: yes
configure:12351: checking for gcc
configure:12378: result: gcc
configure:12607: checking for C compiler version
configure:12616: gcc --version >&5
gcc (GCC) 4.8.2
Copyright (C) 2013 Free Software Foundation, Inc.
This is free software; see the source for copying conditions.  There is NO
warranty; not even for MERCHANTABILITY or FITNESS FOR A PARTICULAR PURPOSE.

configure:12627: $? = 0
configure:12616: gcc -v >&5
Using built-in specs.
COLLECT_GCC=gcc
COLLECT_LTO_WRAPPER=/usr/libexec/gcc/i686-pc-linux-gnu/4.8.2/lto-wrapper
Target: i686-pc-linux-gnu
Configured with: ../gcc-4.8.2/configure --prefix=/usr --enable-shared --enable-threads=posix --enable-__cxa_atexit --enable-clocale=gnu --enable-languages=c,c++ --disable-multilib --disable-bootstrap --with-system-zlib
Thread model: posix
gcc version 4.8.2 (GCC) 
configure:12627: $? = 0
configure:12616: gcc -V >&5
gcc: error: unrecognized command line option '-V'
gcc: fatal error: no input files
compilation terminated.
configure:12627: $? = 1
configure:12616: gcc -qversion >&5
gcc: error: unrecognized command line option '-qversion'
gcc: fatal error: no input files
compilation terminated.
configure:12627: $? = 1
configure:12631: checking whether we are using the GNU C compiler
configure:12659: result: yes
configure:12668: checking whether gcc accepts -g
configure:12729: result: yes
configure:12746: checking for gcc option to accept ISO C89
configure:12822: result: none needed
configure:12847: checking whether gcc understands -c and -o together
configure:12884: result: yes
configure:12903: checking dependency style of gcc
configure:13014: result: gcc3
configure:13029: checking for gcc option to accept ISO C99
configure:13198: result: -std=gnu99
configure:13208: checking whether gcc -std=gnu99 needs -traditional
configure:13242: result: no
configure:13249: checking whether byte ordering is bigendian
configure:13264: gcc -std=gnu99 -c -g -O2  conftest.c >&5
conftest.c:30:9: error: unknown type name 'not'
         not a universal capable compiler
         ^
conftest.c:30:15: error: expected '=', ',', ';', 'asm' or '__attribute__' before 'universal'
         not a universal capable compiler
               ^
conftest.c:30:15: error: unknown type name 'universal'
configure:13264: $? = 1
configure: failed program was:
| /* confdefs.h */
| #define PACKAGE_NAME "kmod"
| #define PACKAGE_TARNAME "kmod"
| #define PACKAGE_VERSION "16"
| #define PACKAGE_STRING "kmod 16"
| #define PACKAGE_BUGREPORT "linux-modules@vger.kernel.org"
| #define PACKAGE_URL "http://git.kernel.org/?p=utils/kernel/kmod/kmod.git"
| #define PACKAGE "kmod"
| #define VERSION "16"
| #define STDC_HEADERS 1
| #define HAVE_SYS_TYPES_H 1
| #define HAVE_SYS_STAT_H 1
| #define HAVE_STDLIB_H 1
| #define HAVE_STRING_H 1
| #define HAVE_MEMORY_H 1
| #define HAVE_STRINGS_H 1
| #define HAVE_INTTYPES_H 1
| #define HAVE_STDINT_H 1
| #define HAVE_UNISTD_H 1
| #define __EXTENSIONS__ 1
| #define _ALL_SOURCE 1
| #define _GNU_SOURCE 1
| #define _POSIX_PTHREAD_SEMANTICS 1
| #define _TANDEM_SOURCE 1
| #define _FILE_OFFSET_BITS 64
| #define HAVE_DLFCN_H 1
| #define LT_OBJDIR ".libs/"
| /* end confdefs.h.  */
| #ifndef __APPLE_CC__
| 	       not a universal capable compiler
| 	     #endif
| 	     typedef int dummy;
| 
configure:13309: gcc -std=gnu99 -c -g -O2  conftest.c >&5
configure:13309: $? = 0
configure:13327: gcc -std=gnu99 -c -g -O2  conftest.c >&5
conftest.c: In function 'main':
conftest.c:36:4: error: unknown type name 'not'
    not big endian
    ^
conftest.c:36:12: error: expected '=', ',', ';', 'asm' or '__attribute__' before 'endian'
    not big endian
            ^
configure:13327: $? = 1
configure: failed program was:
| /* confdefs.h */
| #define PACKAGE_NAME "kmod"
| #define PACKAGE_TARNAME "kmod"
| #define PACKAGE_VERSION "16"
| #define PACKAGE_STRING "kmod 16"
| #define PACKAGE_BUGREPORT "linux-modules@vger.kernel.org"
| #define PACKAGE_URL "http://git.kernel.org/?p=utils/kernel/kmod/kmod.git"
| #define PACKAGE "kmod"
| #define VERSION "16"
| #define STDC_HEADERS 1
| #define HAVE_SYS_TYPES_H 1
| #define HAVE_SYS_STAT_H 1
| #define HAVE_STDLIB_H 1
| #define HAVE_STRING_H 1
| #define HAVE_MEMORY_H 1
| #define HAVE_STRINGS_H 1
| #define HAVE_INTTYPES_H 1
| #define HAVE_STDINT_H 1
| #define HAVE_UNISTD_H 1
| #define __EXTENSIONS__ 1
| #define _ALL_SOURCE 1
| #define _GNU_SOURCE 1
| #define _POSIX_PTHREAD_SEMANTICS 1
| #define _TANDEM_SOURCE 1
| #define _FILE_OFFSET_BITS 64
| #define HAVE_DLFCN_H 1
| #define LT_OBJDIR ".libs/"
| /* end confdefs.h.  */
| #include <sys/types.h>
| 		#include <sys/param.h>
| 
| int
| main ()
| {
| #if BYTE_ORDER != BIG_ENDIAN
| 		 not big endian
| 		#endif
| 
|   ;
|   return 0;
| }
configure:13455: result: no
configure:13474: checking for a sed that does not truncate output
configure:13538: result: /bin/sed
configure:13598: checking for pkg-config
configure:13616: found /usr/bin/pkg-config
configure:13628: result: /usr/bin/pkg-config
configure:13653: checking pkg-config is at least version 0.9.0
configure:13656: result: yes
configure:13676: checking for __xstat
configure:13676: gcc -std=gnu99 -o conftest -g -O2   conftest.c  >&5
configure:13676: $? = 0
configure:13676: result: yes
configure:13676: checking for __secure_getenv
configure:13676: gcc -std=gnu99 -o conftest -g -O2   conftest.c  >&5
/tmp/ccSpCKH5.o: In function `main':
/sources/kmod-16/conftest.c:64: undefined reference to `__secure_getenv'
collect2: error: ld returned 1 exit status
configure:13676: $? = 1
configure: failed program was:
| /* confdefs.h */
| #define PACKAGE_NAME "kmod"
| #define PACKAGE_TARNAME "kmod"
| #define PACKAGE_VERSION "16"
| #define PACKAGE_STRING "kmod 16"
| #define PACKAGE_BUGREPORT "linux-modules@vger.kernel.org"
| #define PACKAGE_URL "http://git.kernel.org/?p=utils/kernel/kmod/kmod.git"
| #define PACKAGE "kmod"
| #define VERSION "16"
| #define STDC_HEADERS 1
| #define HAVE_SYS_TYPES_H 1
| #define HAVE_SYS_STAT_H 1
| #define HAVE_STDLIB_H 1
| #define HAVE_STRING_H 1
| #define HAVE_MEMORY_H 1
| #define HAVE_STRINGS_H 1
| #define HAVE_INTTYPES_H 1
| #define HAVE_STDINT_H 1
| #define HAVE_UNISTD_H 1
| #define __EXTENSIONS__ 1
| #define _ALL_SOURCE 1
| #define _GNU_SOURCE 1
| #define _POSIX_PTHREAD_SEMANTICS 1
| #define _TANDEM_SOURCE 1
| #define _FILE_OFFSET_BITS 64
| #define HAVE_DLFCN_H 1
| #define LT_OBJDIR ".libs/"
| #define HAVE___XSTAT 1
| /* end confdefs.h.  */
| /* Define __secure_getenv to an innocuous variant, in case <limits.h> declares __secure_getenv.
|    For example, HP-UX 11i <limits.h> declares gettimeofday.  */
| #define __secure_getenv innocuous___secure_getenv
| 
| /* System header to define __stub macros and hopefully few prototypes,
|     which can conflict with char __secure_getenv (); below.
|     Prefer <limits.h> to <assert.h> if __STDC__ is defined, since
|     <limits.h> exists even on freestanding compilers.  */
| 
| #ifdef __STDC__
| # include <limits.h>
| #else
| # include <assert.h>
| #endif
| 
| #undef __secure_getenv
| 
| /* Override any GCC internal prototype to avoid an error.
|    Use char because int might match the return type of a GCC
|    builtin and then its argument prototype would still apply.  */
| #ifdef __cplusplus
| extern "C"
| #endif
| char __secure_getenv ();
| /* The GNU C library defines this for functions which it implements
|     to always fail with ENOSYS.  Some functions are actually named
|     something starting with __ and the normal name is an alias.  */
| #if defined __stub___secure_getenv || defined __stub_____secure_getenv
| choke me
| #endif
| 
| int
| main ()
| {
| return __secure_getenv ();
|   ;
|   return 0;
| }
configure:13676: result: no
configure:13676: checking for secure_getenv
configure:13676: gcc -std=gnu99 -o conftest -g -O2   conftest.c  >&5
configure:13676: $? = 0
configure:13676: result: yes
configure:13676: checking for finit_module
configure:13676: gcc -std=gnu99 -o conftest -g -O2   conftest.c  >&5
/tmp/cctN572e.o: In function `main':
/sources/kmod-16/conftest.c:65: undefined reference to `finit_module'
collect2: error: ld returned 1 exit status
configure:13676: $? = 1
configure: failed program was:
| /* confdefs.h */
| #define PACKAGE_NAME "kmod"
| #define PACKAGE_TARNAME "kmod"
| #define PACKAGE_VERSION "16"
| #define PACKAGE_STRING "kmod 16"
| #define PACKAGE_BUGREPORT "linux-modules@vger.kernel.org"
| #define PACKAGE_URL "http://git.kernel.org/?p=utils/kernel/kmod/kmod.git"
| #define PACKAGE "kmod"
| #define VERSION "16"
| #define STDC_HEADERS 1
| #define HAVE_SYS_TYPES_H 1
| #define HAVE_SYS_STAT_H 1
| #define HAVE_STDLIB_H 1
| #define HAVE_STRING_H 1
| #define HAVE_MEMORY_H 1
| #define HAVE_STRINGS_H 1
| #define HAVE_INTTYPES_H 1
| #define HAVE_STDINT_H 1
| #define HAVE_UNISTD_H 1
| #define __EXTENSIONS__ 1
| #define _ALL_SOURCE 1
| #define _GNU_SOURCE 1
| #define _POSIX_PTHREAD_SEMANTICS 1
| #define _TANDEM_SOURCE 1
| #define _FILE_OFFSET_BITS 64
| #define HAVE_DLFCN_H 1
| #define LT_OBJDIR ".libs/"
| #define HAVE___XSTAT 1
| #define HAVE_SECURE_GETENV 1
| /* end confdefs.h.  */
| /* Define finit_module to an innocuous variant, in case <limits.h> declares finit_module.
|    For example, HP-UX 11i <limits.h> declares gettimeofday.  */
| #define finit_module innocuous_finit_module
| 
| /* System header to define __stub macros and hopefully few prototypes,
|     which can conflict with char finit_module (); below.
|     Prefer <limits.h> to <assert.h> if __STDC__ is defined, since
|     <limits.h> exists even on freestanding compilers.  */
| 
| #ifdef __STDC__
| # include <limits.h>
| #else
| # include <assert.h>
| #endif
| 
| #undef finit_module
| 
| /* Override any GCC internal prototype to avoid an error.
|    Use char because int might match the return type of a GCC
|    builtin and then its argument prototype would still apply.  */
| #ifdef __cplusplus
| extern "C"
| #endif
| char finit_module ();
| /* The GNU C library defines this for functions which it implements
|     to always fail with ENOSYS.  Some functions are actually named
|     something starting with __ and the normal name is an alias.  */
| #if defined __stub_finit_module || defined __stub___finit_module
| choke me
| #endif
| 
| int
| main ()
| {
| return finit_module ();
|   ;
|   return 0;
| }
configure:13676: result: no
configure:13698: checking for struct stat.st_mtim
configure:13698: gcc -std=gnu99 -c -g -O2  conftest.c >&5
conftest.c: In function 'main':
conftest.c:37:5: error: used struct type value where scalar is required
 if (ac_aggr.st_mtim)
     ^
configure:13698: $? = 1
configure: failed program was:
| /* confdefs.h */
| #define PACKAGE_NAME "kmod"
| #define PACKAGE_TARNAME "kmod"
| #define PACKAGE_VERSION "16"
| #define PACKAGE_STRING "kmod 16"
| #define PACKAGE_BUGREPORT "linux-modules@vger.kernel.org"
| #define PACKAGE_URL "http://git.kernel.org/?p=utils/kernel/kmod/kmod.git"
| #define PACKAGE "kmod"
| #define VERSION "16"
| #define STDC_HEADERS 1
| #define HAVE_SYS_TYPES_H 1
| #define HAVE_SYS_STAT_H 1
| #define HAVE_STDLIB_H 1
| #define HAVE_STRING_H 1
| #define HAVE_MEMORY_H 1
| #define HAVE_STRINGS_H 1
| #define HAVE_INTTYPES_H 1
| #define HAVE_STDINT_H 1
| #define HAVE_UNISTD_H 1
| #define __EXTENSIONS__ 1
| #define _ALL_SOURCE 1
| #define _GNU_SOURCE 1
| #define _POSIX_PTHREAD_SEMANTICS 1
| #define _TANDEM_SOURCE 1
| #define _FILE_OFFSET_BITS 64
| #define HAVE_DLFCN_H 1
| #define LT_OBJDIR ".libs/"
| #define HAVE___XSTAT 1
| #define HAVE_SECURE_GETENV 1
| /* end confdefs.h.  */
| #include <sys/stat.h>
| 
| int
| main ()
| {
| static struct stat ac_aggr;
| if (ac_aggr.st_mtim)
| return 0;
|   ;
|   return 0;
| }
configure:13698: gcc -std=gnu99 -c -g -O2  conftest.c >&5
configure:13698: $? = 0
configure:13698: result: yes
configure:13717: checking for linux/module.h
configure:13717: gcc -std=gnu99 -c -g -O2  conftest.c >&5
conftest.c:66:26: fatal error: linux/module.h: No such file or directory
 #include <linux/module.h>
                          ^
compilation terminated.
configure:13717: $? = 1
configure: failed program was:
| /* confdefs.h */
| #define PACKAGE_NAME "kmod"
| #define PACKAGE_TARNAME "kmod"
| #define PACKAGE_VERSION "16"
| #define PACKAGE_STRING "kmod 16"
| #define PACKAGE_BUGREPORT "linux-modules@vger.kernel.org"
| #define PACKAGE_URL "http://git.kernel.org/?p=utils/kernel/kmod/kmod.git"
| #define PACKAGE "kmod"
| #define VERSION "16"
| #define STDC_HEADERS 1
| #define HAVE_SYS_TYPES_H 1
| #define HAVE_SYS_STAT_H 1
| #define HAVE_STDLIB_H 1
| #define HAVE_STRING_H 1
| #define HAVE_MEMORY_H 1
| #define HAVE_STRINGS_H 1
| #define HAVE_INTTYPES_H 1
| #define HAVE_STDINT_H 1
| #define HAVE_UNISTD_H 1
| #define __EXTENSIONS__ 1
| #define _ALL_SOURCE 1
| #define _GNU_SOURCE 1
| #define _POSIX_PTHREAD_SEMANTICS 1
| #define _TANDEM_SOURCE 1
| #define _FILE_OFFSET_BITS 64
| #define HAVE_DLFCN_H 1
| #define LT_OBJDIR ".libs/"
| #define HAVE___XSTAT 1
| #define HAVE_SECURE_GETENV 1
| #define HAVE_STRUCT_STAT_ST_MTIM 1
| /* end confdefs.h.  */
| #include <stdio.h>
| #ifdef HAVE_SYS_TYPES_H
| # include <sys/types.h>
| #endif
| #ifdef HAVE_SYS_STAT_H
| # include <sys/stat.h>
| #endif
| #ifdef STDC_HEADERS
| # include <stdlib.h>
| # include <stddef.h>
| #else
| # ifdef HAVE_STDLIB_H
| #  include <stdlib.h>
| # endif
| #endif
| #ifdef HAVE_STRING_H
| # if !defined STDC_HEADERS && defined HAVE_MEMORY_H
| #  include <memory.h>
| # endif
| # include <string.h>
| #endif
| #ifdef HAVE_STRINGS_H
| # include <strings.h>
| #endif
| #ifdef HAVE_INTTYPES_H
| # include <inttypes.h>
| #endif
| #ifdef HAVE_STDINT_H
| # include <stdint.h>
| #endif
| #ifdef HAVE_UNISTD_H
| # include <unistd.h>
| #endif
| 
| #include <linux/module.h>
configure:13717: result: no
configure:13732: checking whether _Static_assert() is supported
configure:13738: gcc -std=gnu99 -c -g -O2  conftest.c >&5
configure:13738: $? = 0
configure:13742: result: yes
configure:13777: checking for liblzma
configure:13784: $PKG_CONFIG --exists --print-errors "liblzma >= 4.99"
configure:13787: $? = 0
configure:13801: $PKG_CONFIG --exists --print-errors "liblzma >= 4.99"
configure:13804: $? = 0
configure:13862: result: yes
configure:13889: checking for zlib
configure:13896: $PKG_CONFIG --exists --print-errors "zlib"
configure:13899: $? = 0
configure:13913: $PKG_CONFIG --exists --print-errors "zlib"
configure:13916: $? = 0
configure:13974: result: yes
configure:14045: checking for xsltproc
configure:14076: result: no
configure:14126: checking for gtkdoc-check
configure:14159: result: no
configure:14168: checking for gtkdoc-rebase
configure:14201: result: no
configure:14212: checking for gtkdoc-mkpdf
configure:14245: result: no
configure:14356: checking whether to build gtk-doc documentation
configure:14358: result: no
configure:14479: checking if gcc -std=gnu99 supports flag -pipe in envvar CFLAGS
configure:14490: gcc -std=gnu99 -c -Werror -pipe  conftest.c >&5
configure:14490: $? = 0
configure:14499: result: yes
configure:14479: checking if gcc -std=gnu99 supports flag -DANOTHER_BRICK_IN_THE in envvar CFLAGS
configure:14490: gcc -std=gnu99 -c -Werror -DANOTHER_BRICK_IN_THE  conftest.c >&5
configure:14490: $? = 0
configure:14499: result: yes
configure:14479: checking if gcc -std=gnu99 supports flag -Wall in envvar CFLAGS
configure:14490: gcc -std=gnu99 -c -Werror -Wall  conftest.c >&5
configure:14490: $? = 0
configure:14499: result: yes
configure:14479: checking if gcc -std=gnu99 supports flag -W in envvar CFLAGS
configure:14490: gcc -std=gnu99 -c -Werror -W  conftest.c >&5
configure:14490: $? = 0
configure:14499: result: yes
configure:14479: checking if gcc -std=gnu99 supports flag -Wextra in envvar CFLAGS
configure:14490: gcc -std=gnu99 -c -Werror -Wextra  conftest.c >&5
configure:14490: $? = 0
configure:14499: result: yes
configure:14479: checking if gcc -std=gnu99 supports flag -Wno-inline in envvar CFLAGS
configure:14490: gcc -std=gnu99 -c -Werror -Wno-inline  conftest.c >&5
configure:14490: $? = 0
configure:14499: result: yes
configure:14479: checking if gcc -std=gnu99 supports flag -Wvla in envvar CFLAGS
configure:14490: gcc -std=gnu99 -c -Werror -Wvla  conftest.c >&5
configure:14490: $? = 0
configure:14499: result: yes
configure:14479: checking if gcc -std=gnu99 supports flag -Wundef in envvar CFLAGS
configure:14490: gcc -std=gnu99 -c -Werror -Wundef  conftest.c >&5
configure:14490: $? = 0
configure:14499: result: yes
configure:14479: checking if gcc -std=gnu99 supports flag -Wformat=2 in envvar CFLAGS
configure:14490: gcc -std=gnu99 -c -Werror -Wformat=2  conftest.c >&5
configure:14490: $? = 0
configure:14499: result: yes
configure:14479: checking if gcc -std=gnu99 supports flag -Wlogical-op in envvar CFLAGS
configure:14490: gcc -std=gnu99 -c -Werror -Wlogical-op  conftest.c >&5
configure:14490: $? = 0
configure:14499: result: yes
configure:14479: checking if gcc -std=gnu99 supports flag -Wsign-compare in envvar CFLAGS
configure:14490: gcc -std=gnu99 -c -Werror -Wsign-compare  conftest.c >&5
configure:14490: $? = 0
configure:14499: result: yes
configure:14479: checking if gcc -std=gnu99 supports flag -Wformat-security in envvar CFLAGS
configure:14490: gcc -std=gnu99 -c -Werror -Wformat-security  conftest.c >&5
cc1: error: -Wformat-security ignored without -Wformat [-Werror=format-security]
cc1: all warnings being treated as errors
configure:14490: $? = 1
configure: failed program was:
| /* confdefs.h */
| #define PACKAGE_NAME "kmod"
| #define PACKAGE_TARNAME "kmod"
| #define PACKAGE_VERSION "16"
| #define PACKAGE_STRING "kmod 16"
| #define PACKAGE_BUGREPORT "linux-modules@vger.kernel.org"
| #define PACKAGE_URL "http://git.kernel.org/?p=utils/kernel/kmod/kmod.git"
| #define PACKAGE "kmod"
| #define VERSION "16"
| #define STDC_HEADERS 1
| #define HAVE_SYS_TYPES_H 1
| #define HAVE_SYS_STAT_H 1
| #define HAVE_STDLIB_H 1
| #define HAVE_STRING_H 1
| #define HAVE_MEMORY_H 1
| #define HAVE_STRINGS_H 1
| #define HAVE_INTTYPES_H 1
| #define HAVE_STDINT_H 1
| #define HAVE_UNISTD_H 1
| #define __EXTENSIONS__ 1
| #define _ALL_SOURCE 1
| #define _GNU_SOURCE 1
| #define _POSIX_PTHREAD_SEMANTICS 1
| #define _TANDEM_SOURCE 1
| #define _FILE_OFFSET_BITS 64
| #define HAVE_DLFCN_H 1
| #define LT_OBJDIR ".libs/"
| #define HAVE___XSTAT 1
| #define HAVE_SECURE_GETENV 1
| #define HAVE_STRUCT_STAT_ST_MTIM 1
| #define HAVE_STATIC_ASSERT 1
| #define ENABLE_XZ 1
| #define ENABLE_ZLIB 1
| #define ENABLE_LOGGING 1
| /* end confdefs.h.  */
| int a = 0; int main(void) { return a; }
configure:14499: result: no
configure:14479: checking if gcc -std=gnu99 supports flag -Wmissing-include-dirs in envvar CFLAGS
configure:14490: gcc -std=gnu99 -c -Werror -Wmissing-include-dirs  conftest.c >&5
configure:14490: $? = 0
configure:14499: result: yes
configure:14479: checking if gcc -std=gnu99 supports flag -Wformat-nonliteral in envvar CFLAGS
configure:14490: gcc -std=gnu99 -c -Werror -Wformat-nonliteral  conftest.c >&5
cc1: error: -Wformat-nonliteral ignored without -Wformat [-Werror=format-nonliteral]
cc1: all warnings being treated as errors
configure:14490: $? = 1
configure: failed program was:
| /* confdefs.h */
| #define PACKAGE_NAME "kmod"
| #define PACKAGE_TARNAME "kmod"
| #define PACKAGE_VERSION "16"
| #define PACKAGE_STRING "kmod 16"
| #define PACKAGE_BUGREPORT "linux-modules@vger.kernel.org"
| #define PACKAGE_URL "http://git.kernel.org/?p=utils/kernel/kmod/kmod.git"
| #define PACKAGE "kmod"
| #define VERSION "16"
| #define STDC_HEADERS 1
| #define HAVE_SYS_TYPES_H 1
| #define HAVE_SYS_STAT_H 1
| #define HAVE_STDLIB_H 1
| #define HAVE_STRING_H 1
| #define HAVE_MEMORY_H 1
| #define HAVE_STRINGS_H 1
| #define HAVE_INTTYPES_H 1
| #define HAVE_STDINT_H 1
| #define HAVE_UNISTD_H 1
| #define __EXTENSIONS__ 1
| #define _ALL_SOURCE 1
| #define _GNU_SOURCE 1
| #define _POSIX_PTHREAD_SEMANTICS 1
| #define _TANDEM_SOURCE 1
| #define _FILE_OFFSET_BITS 64
| #define HAVE_DLFCN_H 1
| #define LT_OBJDIR ".libs/"
| #define HAVE___XSTAT 1
| #define HAVE_SECURE_GETENV 1
| #define HAVE_STRUCT_STAT_ST_MTIM 1
| #define HAVE_STATIC_ASSERT 1
| #define ENABLE_XZ 1
| #define ENABLE_ZLIB 1
| #define ENABLE_LOGGING 1
| /* end confdefs.h.  */
| int a = 0; int main(void) { return a; }
configure:14499: result: no
configure:14479: checking if gcc -std=gnu99 supports flag -Wold-style-definition in envvar CFLAGS
configure:14490: gcc -std=gnu99 -c -Werror -Wold-style-definition  conftest.c >&5
configure:14490: $? = 0
configure:14499: result: yes
configure:14479: checking if gcc -std=gnu99 supports flag -Wpointer-arith in envvar CFLAGS
configure:14490: gcc -std=gnu99 -c -Werror -Wpointer-arith  conftest.c >&5
configure:14490: $? = 0
configure:14499: result: yes
configure:14479: checking if gcc -std=gnu99 supports flag -Winit-self in envvar CFLAGS
configure:14490: gcc -std=gnu99 -c -Werror -Winit-self  conftest.c >&5
configure:14490: $? = 0
configure:14499: result: yes
configure:14479: checking if gcc -std=gnu99 supports flag -Wdeclaration-after-statement in envvar CFLAGS
configure:14490: gcc -std=gnu99 -c -Werror -Wdeclaration-after-statement  conftest.c >&5
configure:14490: $? = 0
configure:14499: result: yes
configure:14479: checking if gcc -std=gnu99 supports flag -Wfloat-equal in envvar CFLAGS
configure:14490: gcc -std=gnu99 -c -Werror -Wfloat-equal  conftest.c >&5
configure:14490: $? = 0
configure:14499: result: yes
configure:14479: checking if gcc -std=gnu99 supports flag -Wmissing-prototypes in envvar CFLAGS
configure:14490: gcc -std=gnu99 -c -Werror -Wmissing-prototypes  conftest.c >&5
configure:14490: $? = 0
configure:14499: result: yes
configure:14479: checking if gcc -std=gnu99 supports flag -Wstrict-prototypes in envvar CFLAGS
configure:14490: gcc -std=gnu99 -c -Werror -Wstrict-prototypes  conftest.c >&5
configure:14490: $? = 0
configure:14499: result: yes
configure:14479: checking if gcc -std=gnu99 supports flag -Wredundant-decls in envvar CFLAGS
configure:14490: gcc -std=gnu99 -c -Werror -Wredundant-decls  conftest.c >&5
configure:14490: $? = 0
configure:14499: result: yes
configure:14479: checking if gcc -std=gnu99 supports flag -Wmissing-declarations in envvar CFLAGS
configure:14490: gcc -std=gnu99 -c -Werror -Wmissing-declarations  conftest.c >&5
configure:14490: $? = 0
configure:14499: result: yes
configure:14479: checking if gcc -std=gnu99 supports flag -Wmissing-noreturn in envvar CFLAGS
configure:14490: gcc -std=gnu99 -c -Werror -Wmissing-noreturn  conftest.c >&5
configure:14490: $? = 0
configure:14499: result: yes
configure:14479: checking if gcc -std=gnu99 supports flag -Wshadow in envvar CFLAGS
configure:14490: gcc -std=gnu99 -c -Werror -Wshadow  conftest.c >&5
configure:14490: $? = 0
configure:14499: result: yes
configure:14479: checking if gcc -std=gnu99 supports flag -Wendif-labels in envvar CFLAGS
configure:14490: gcc -std=gnu99 -c -Werror -Wendif-labels  conftest.c >&5
configure:14490: $? = 0
configure:14499: result: yes
configure:14479: checking if gcc -std=gnu99 supports flag -Wstrict-aliasing=2 in envvar CFLAGS
configure:14490: gcc -std=gnu99 -c -Werror -Wstrict-aliasing=2  conftest.c >&5
configure:14490: $? = 0
configure:14499: result: yes
configure:14479: checking if gcc -std=gnu99 supports flag -Wwrite-strings in envvar CFLAGS
configure:14490: gcc -std=gnu99 -c -Werror -Wwrite-strings  conftest.c >&5
configure:14490: $? = 0
configure:14499: result: yes
configure:14479: checking if gcc -std=gnu99 supports flag -Wno-long-long in envvar CFLAGS
configure:14490: gcc -std=gnu99 -c -Werror -Wno-long-long  conftest.c >&5
configure:14490: $? = 0
configure:14499: result: yes
configure:14479: checking if gcc -std=gnu99 supports flag -Wno-overlength-strings in envvar CFLAGS
configure:14490: gcc -std=gnu99 -c -Werror -Wno-overlength-strings  conftest.c >&5
configure:14490: $? = 0
configure:14499: result: yes
configure:14479: checking if gcc -std=gnu99 supports flag -Wno-unused-parameter in envvar CFLAGS
configure:14490: gcc -std=gnu99 -c -Werror -Wno-unused-parameter  conftest.c >&5
configure:14490: $? = 0
configure:14499: result: yes
configure:14479: checking if gcc -std=gnu99 supports flag -Wno-missing-field-initializers in envvar CFLAGS
configure:14490: gcc -std=gnu99 -c -Werror -Wno-missing-field-initializers  conftest.c >&5
configure:14490: $? = 0
configure:14499: result: yes
configure:14479: checking if gcc -std=gnu99 supports flag -Wno-unused-result in envvar CFLAGS
configure:14490: gcc -std=gnu99 -c -Werror -Wno-unused-result  conftest.c >&5
configure:14490: $? = 0
configure:14499: result: yes
configure:14479: checking if gcc -std=gnu99 supports flag -Wnested-externs in envvar CFLAGS
configure:14490: gcc -std=gnu99 -c -Werror -Wnested-externs  conftest.c >&5
configure:14490: $? = 0
configure:14499: result: yes
configure:14479: checking if gcc -std=gnu99 supports flag -Wchar-subscripts in envvar CFLAGS
configure:14490: gcc -std=gnu99 -c -Werror -Wchar-subscripts  conftest.c >&5
configure:14490: $? = 0
configure:14499: result: yes
configure:14479: checking if gcc -std=gnu99 supports flag -Wtype-limits in envvar CFLAGS
configure:14490: gcc -std=gnu99 -c -Werror -Wtype-limits  conftest.c >&5
configure:14490: $? = 0
configure:14499: result: yes
configure:14479: checking if gcc -std=gnu99 supports flag -Wuninitialized in envvar CFLAGS
configure:14490: gcc -std=gnu99 -c -Werror -Wuninitialized  conftest.c >&5
configure:14490: $? = 0
configure:14499: result: yes
configure:14479: checking if gcc -std=gnu99 supports flag -fno-common in envvar CFLAGS
configure:14490: gcc -std=gnu99 -c -Werror -fno-common  conftest.c >&5
configure:14490: $? = 0
configure:14499: result: yes
configure:14479: checking if gcc -std=gnu99 supports flag -fdiagnostics-show-option in envvar CFLAGS
configure:14490: gcc -std=gnu99 -c -Werror -fdiagnostics-show-option  conftest.c >&5
configure:14490: $? = 0
configure:14499: result: yes
configure:14479: checking if gcc -std=gnu99 supports flag -fdiagnostics-color=auto in envvar CFLAGS
configure:14490: gcc -std=gnu99 -c -Werror -fdiagnostics-color=auto  conftest.c >&5
gcc: error: unrecognized command line option '-fdiagnostics-color=auto'
configure:14490: $? = 1
configure: failed program was:
| /* confdefs.h */
| #define PACKAGE_NAME "kmod"
| #define PACKAGE_TARNAME "kmod"
| #define PACKAGE_VERSION "16"
| #define PACKAGE_STRING "kmod 16"
| #define PACKAGE_BUGREPORT "linux-modules@vger.kernel.org"
| #define PACKAGE_URL "http://git.kernel.org/?p=utils/kernel/kmod/kmod.git"
| #define PACKAGE "kmod"
| #define VERSION "16"
| #define STDC_HEADERS 1
| #define HAVE_SYS_TYPES_H 1
| #define HAVE_SYS_STAT_H 1
| #define HAVE_STDLIB_H 1
| #define HAVE_STRING_H 1
| #define HAVE_MEMORY_H 1
| #define HAVE_STRINGS_H 1
| #define HAVE_INTTYPES_H 1
| #define HAVE_STDINT_H 1
| #define HAVE_UNISTD_H 1
| #define __EXTENSIONS__ 1
| #define _ALL_SOURCE 1
| #define _GNU_SOURCE 1
| #define _POSIX_PTHREAD_SEMANTICS 1
| #define _TANDEM_SOURCE 1
| #define _FILE_OFFSET_BITS 64
| #define HAVE_DLFCN_H 1
| #define LT_OBJDIR ".libs/"
| #define HAVE___XSTAT 1
| #define HAVE_SECURE_GETENV 1
| #define HAVE_STRUCT_STAT_ST_MTIM 1
| #define HAVE_STATIC_ASSERT 1
| #define ENABLE_XZ 1
| #define ENABLE_ZLIB 1
| #define ENABLE_LOGGING 1
| /* end confdefs.h.  */
| int a = 0; int main(void) { return a; }
configure:14499: result: no
configure:14479: checking if gcc -std=gnu99 supports flag -fvisibility=hidden in envvar CFLAGS
configure:14490: gcc -std=gnu99 -c -Werror -fvisibility=hidden  conftest.c >&5
configure:14490: $? = 0
configure:14499: result: yes
configure:14479: checking if gcc -std=gnu99 supports flag -ffunction-sections in envvar CFLAGS
configure:14490: gcc -std=gnu99 -c -Werror -ffunction-sections  conftest.c >&5
configure:14490: $? = 0
configure:14499: result: yes
configure:14479: checking if gcc -std=gnu99 supports flag -fdata-sections in envvar CFLAGS
configure:14490: gcc -std=gnu99 -c -Werror -fdata-sections  conftest.c >&5
configure:14490: $? = 0
configure:14499: result: yes
configure:14517: checking if gcc -std=gnu99 supports flag -Wl,--as-needed in envvar LDFLAGS
configure:14528: gcc -std=gnu99 -c -g -O2  conftest.c >&5
configure:14528: $? = 0
configure:14537: result: yes
configure:14517: checking if gcc -std=gnu99 supports flag -Wl,--gc-sections in envvar LDFLAGS
configure:14528: gcc -std=gnu99 -c -g -O2  conftest.c >&5
configure:14528: $? = 0
configure:14537: result: yes
configure:14670: checking that generated files are newer than configure
configure:14676: result: done
configure:14736: creating ./config.status

## ---------------------- ##
## Running config.status. ##
## ---------------------- ##

This file was extended by kmod config.status 16, which was
generated by GNU Autoconf 2.69.  Invocation command line was

  CONFIG_FILES    = 
  CONFIG_HEADERS  = 
  CONFIG_LINKS    = 
  CONFIG_COMMANDS = 
  $ ./config.status 

on lfs

config.status:1136: creating Makefile
config.status:1136: creating man/Makefile
config.status:1136: creating libkmod/docs/Makefile
config.status:1136: creating libkmod/docs/version.xml
config.status:1136: creating config.h
config.status:1365: executing depfiles commands
config.status:1365: executing libtool commands
configure:16986: result:
	kmod 16
	=======

	prefix:			/usr
	sysconfdir:		/etc
	libdir:			${exec_prefix}/lib
	rootlibdir:		/lib
	includedir:		${prefix}/include
	bindir:			/bin
	Bash completions dir:   ${datarootdir}/bash-completion/completions

	compiler:		gcc -std=gnu99
	cflags:			 -pipe -DANOTHER_BRICK_IN_THE -Wall -W -Wextra -Wno-inline -Wvla -Wundef -Wformat=2 -Wlogical-op -Wsign-compare -Wmissing-include-dirs -Wold-style-definition -Wpointer-arith -Winit-self -Wdeclaration-after-statement -Wfloat-equal -Wmissing-prototypes -Wstrict-prototypes -Wredundant-decls -Wmissing-declarations -Wmissing-noreturn -Wshadow -Wendif-labels -Wstrict-aliasing=2 -Wwrite-strings -Wno-long-long -Wno-overlength-strings -Wno-unused-parameter -Wno-missing-field-initializers -Wno-unused-result -Wnested-externs -Wchar-subscripts -Wtype-limits -Wuninitialized -fno-common -fdiagnostics-show-option -fvisibility=hidden -ffunction-sections -fdata-sections -g -O2
	ldflags:		 -Wl,--as-needed -Wl,--gc-sections 

	tools:			yes
	logging:		yes
	compression:		xz=yes  zlib=yes
	debug:			no
	doc:			no
	man:			no


## ---------------- ##
## Cache variables. ##
## ---------------- ##

ac_cv_build=i686-pc-linux-gnu
ac_cv_c_bigendian=no
ac_cv_c_compiler_gnu=yes
ac_cv_env_CC_set=
ac_cv_env_CC_value=
ac_cv_env_CFLAGS_set=
ac_cv_env_CFLAGS_value=
ac_cv_env_CPPFLAGS_set=
ac_cv_env_CPPFLAGS_value=
ac_cv_env_CPP_set=
ac_cv_env_CPP_value=
ac_cv_env_GTKDOC_DEPS_CFLAGS_set=
ac_cv_env_GTKDOC_DEPS_CFLAGS_value=
ac_cv_env_GTKDOC_DEPS_LIBS_set=
ac_cv_env_GTKDOC_DEPS_LIBS_value=
ac_cv_env_LDFLAGS_set=
ac_cv_env_LDFLAGS_value=
ac_cv_env_LIBS_set=
ac_cv_env_LIBS_value=
ac_cv_env_PKG_CONFIG_LIBDIR_set=
ac_cv_env_PKG_CONFIG_LIBDIR_value=
ac_cv_env_PKG_CONFIG_PATH_set=
ac_cv_env_PKG_CONFIG_PATH_value=
ac_cv_env_PKG_CONFIG_set=
ac_cv_env_PKG_CONFIG_value=
ac_cv_env_build_alias_set=
ac_cv_env_build_alias_value=
ac_cv_env_host_alias_set=
ac_cv_env_host_alias_value=
ac_cv_env_liblzma_CFLAGS_set=
ac_cv_env_liblzma_CFLAGS_value=
ac_cv_env_liblzma_LIBS_set=
ac_cv_env_liblzma_LIBS_value=
ac_cv_env_target_alias_set=
ac_cv_env_target_alias_value=
ac_cv_env_zlib_CFLAGS_set=
ac_cv_env_zlib_CFLAGS_value=
ac_cv_env_zlib_LIBS_set=
ac_cv_env_zlib_LIBS_value=
ac_cv_func___secure_getenv=no
ac_cv_func___xstat=yes
ac_cv_func_finit_module=no
ac_cv_func_secure_getenv=yes
ac_cv_header_dlfcn_h=yes
ac_cv_header_inttypes_h=yes
ac_cv_header_linux_module_h=no
ac_cv_header_memory_h=yes
ac_cv_header_minix_config_h=no
ac_cv_header_stdc=yes
ac_cv_header_stdint_h=yes
ac_cv_header_stdlib_h=yes
ac_cv_header_string_h=yes
ac_cv_header_strings_h=yes
ac_cv_header_sys_stat_h=yes
ac_cv_header_sys_types_h=yes
ac_cv_header_unistd_h=yes
ac_cv_host=i686-pc-linux-gnu
ac_cv_member_struct_stat_st_mtim=yes
ac_cv_objext=o
ac_cv_path_EGREP='/bin/grep -E'
ac_cv_path_FGREP='/bin/grep -F'
ac_cv_path_GREP=/bin/grep
ac_cv_path_SED=/bin/sed
ac_cv_path_XSLTPROC=no
ac_cv_path_ac_pt_PKG_CONFIG=/usr/bin/pkg-config
ac_cv_path_install='/usr/bin/install -c'
ac_cv_path_mkdir=/bin/mkdir
ac_cv_prog_AWK=gawk
ac_cv_prog_CPP='gcc -std=gnu99 -E'
ac_cv_prog_ac_ct_AR=ar
ac_cv_prog_ac_ct_CC=gcc
ac_cv_prog_ac_ct_OBJDUMP=objdump
ac_cv_prog_ac_ct_RANLIB=ranlib
ac_cv_prog_ac_ct_STRIP=strip
ac_cv_prog_cc_c89=
ac_cv_prog_cc_c99=-std=gnu99
ac_cv_prog_cc_g=yes
ac_cv_prog_cc_stdc=-std=gnu99
ac_cv_prog_gcc_traditional=no
ac_cv_prog_make_make_set=yes
ac_cv_safe_to_define___extensions__=yes
ac_cv_sys_file_offset_bits=64
ac_cv_sys_largefile_CC=no
am_cv_CC_dependencies_compiler_type=gcc3
am_cv_make_support_nested_variables=yes
am_cv_prog_cc_c_o=yes
am_cv_prog_tar_pax=gnutar
cc_cv_CFLAGS__DANOTHER_BRICK_IN_THE=yes
cc_cv_CFLAGS__W=yes
cc_cv_CFLAGS__Wall=yes
cc_cv_CFLAGS__Wchar_subscripts=yes
cc_cv_CFLAGS__Wdeclaration_after_statement=yes
cc_cv_CFLAGS__Wendif_labels=yes
cc_cv_CFLAGS__Wextra=yes
cc_cv_CFLAGS__Wfloat_equal=yes
cc_cv_CFLAGS__Wformat_2=yes
cc_cv_CFLAGS__Wformat_nonliteral=no
cc_cv_CFLAGS__Wformat_security=no
cc_cv_CFLAGS__Winit_self=yes
cc_cv_CFLAGS__Wlogical_op=yes
cc_cv_CFLAGS__Wmissing_declarations=yes
cc_cv_CFLAGS__Wmissing_include_dirs=yes
cc_cv_CFLAGS__Wmissing_noreturn=yes
cc_cv_CFLAGS__Wmissing_prototypes=yes
cc_cv_CFLAGS__Wnested_externs=yes
cc_cv_CFLAGS__Wno_inline=yes
cc_cv_CFLAGS__Wno_long_long=yes
cc_cv_CFLAGS__Wno_missing_field_initializers=yes
cc_cv_CFLAGS__Wno_overlength_strings=yes
cc_cv_CFLAGS__Wno_unused_parameter=yes
cc_cv_CFLAGS__Wno_unused_result=yes
cc_cv_CFLAGS__Wold_style_definition=yes
cc_cv_CFLAGS__Wpointer_arith=yes
cc_cv_CFLAGS__Wredundant_decls=yes
cc_cv_CFLAGS__Wshadow=yes
cc_cv_CFLAGS__Wsign_compare=yes
cc_cv_CFLAGS__Wstrict_aliasing_2=yes
cc_cv_CFLAGS__Wstrict_prototypes=yes
cc_cv_CFLAGS__Wtype_limits=yes
cc_cv_CFLAGS__Wundef=yes
cc_cv_CFLAGS__Wuninitialized=yes
cc_cv_CFLAGS__Wvla=yes
cc_cv_CFLAGS__Wwrite_strings=yes
cc_cv_CFLAGS__fdata_sections=yes
cc_cv_CFLAGS__fdiagnostics_color_auto=no
cc_cv_CFLAGS__fdiagnostics_show_option=yes
cc_cv_CFLAGS__ffunction_sections=yes
cc_cv_CFLAGS__fno_common=yes
cc_cv_CFLAGS__fvisibility_hidden=yes
cc_cv_CFLAGS__pipe=yes
cc_cv_LDFLAGS__Wl___as_needed=yes
cc_cv_LDFLAGS__Wl___gc_sections=yes
lt_cv_ar_at_file=@
lt_cv_archive_cmds_need_lc=no
lt_cv_deplibs_check_method=pass_all
lt_cv_file_magic_cmd='$MAGIC_CMD'
lt_cv_file_magic_test_file=
lt_cv_ld_reload_flag=-r
lt_cv_nm_interface='BSD nm'
lt_cv_objdir=.libs
lt_cv_path_LD=/usr/bin/ld
lt_cv_path_NM='/usr/bin/nm -B'
lt_cv_path_mainfest_tool=no
lt_cv_prog_compiler_c_o=yes
lt_cv_prog_compiler_pic='-fPIC -DPIC'
lt_cv_prog_compiler_pic_works=yes
lt_cv_prog_compiler_rtti_exceptions=no
lt_cv_prog_compiler_static_works=yes
lt_cv_prog_gnu_ld=yes
lt_cv_sharedlib_from_linklib_cmd='printf %s\n'
lt_cv_shlibpath_overrides_runpath=no
lt_cv_sys_global_symbol_pipe='sed -n -e '\''s/^.*[	 ]\([ABCDGIRSTW][ABCDGIRSTW]*\)[	 ][	 ]*\([_A-Za-z][_A-Za-z0-9]*\)$/\1 \2 \2/p'\'' | sed '\''/ __gnu_lto/d'\'''
lt_cv_sys_global_symbol_to_c_name_address='sed -n -e '\''s/^: \([^ ]*\)[ ]*$/  {\"\1\", (void *) 0},/p'\'' -e '\''s/^[ABCDGIRSTW]* \([^ ]*\) \([^ ]*\)$/  {"\2", (void *) \&\2},/p'\'''
lt_cv_sys_global_symbol_to_c_name_address_lib_prefix='sed -n -e '\''s/^: \([^ ]*\)[ ]*$/  {\"\1\", (void *) 0},/p'\'' -e '\''s/^[ABCDGIRSTW]* \([^ ]*\) \(lib[^ ]*\)$/  {"\2", (void *) \&\2},/p'\'' -e '\''s/^[ABCDGIRSTW]* \([^ ]*\) \([^ ]*\)$/  {"lib\2", (void *) \&\2},/p'\'''
lt_cv_sys_global_symbol_to_cdecl='sed -n -e '\''s/^T .* \(.*\)$/extern int \1();/p'\'' -e '\''s/^[ABCDGIRSTW]* .* \(.*\)$/extern char \1;/p'\'''
lt_cv_sys_max_cmd_len=1572864
lt_cv_to_host_file_cmd=func_convert_file_noop
lt_cv_to_tool_file_cmd=func_convert_file_noop
pkg_cv_liblzma_CFLAGS=
pkg_cv_liblzma_LIBS='-llzma '
pkg_cv_zlib_CFLAGS=
pkg_cv_zlib_LIBS='-L/usr/lib -lz '

## ----------------- ##
## Output variables. ##
## ----------------- ##

ACLOCAL='${SHELL} /sources/kmod-16/build-aux/missing aclocal-1.14'
AMDEPBACKSLASH='\'
AMDEP_FALSE='#'
AMDEP_TRUE=''
AMTAR='$${TAR-tar}'
AM_BACKSLASH='\'
AM_DEFAULT_V='$(AM_DEFAULT_VERBOSITY)'
AM_DEFAULT_VERBOSITY='0'
AM_V='$(V)'
AR='ar'
AUTOCONF='${SHELL} /sources/kmod-16/build-aux/missing autoconf'
AUTOHEADER='${SHELL} /sources/kmod-16/build-aux/missing autoheader'
AUTOMAKE='${SHELL} /sources/kmod-16/build-aux/missing automake-1.14'
AWK='gawk'
BUILD_MANPAGES_FALSE=''
BUILD_MANPAGES_TRUE='#'
BUILD_TOOLS_FALSE='#'
BUILD_TOOLS_TRUE=''
CC='gcc -std=gnu99'
CCDEPMODE='depmode=gcc3'
CFLAGS='-g -O2'
CPP='gcc -std=gnu99 -E'
CPPFLAGS=''
CYGPATH_W='echo'
DEFS='-DHAVE_CONFIG_H'
DEPDIR='.deps'
DLLTOOL='false'
DSYMUTIL=''
DUMPBIN=''
ECHO_C=''
ECHO_N='-n'
ECHO_T=''
EGREP='/bin/grep -E'
ENABLE_GTK_DOC_FALSE=''
ENABLE_GTK_DOC_TRUE='#'
EXEEXT=''
FGREP='/bin/grep -F'
GCLDFLAGS=' -Wl,--as-needed -Wl,--gc-sections'
GREP='/bin/grep'
GTKDOC_CHECK=''
GTKDOC_DEPS_CFLAGS=''
GTKDOC_DEPS_LIBS=''
GTKDOC_MKPDF=''
GTKDOC_REBASE='true'
GTK_DOC_BUILD_HTML_FALSE='#'
GTK_DOC_BUILD_HTML_TRUE=''
GTK_DOC_BUILD_PDF_FALSE=''
GTK_DOC_BUILD_PDF_TRUE='#'
GTK_DOC_USE_LIBTOOL_FALSE='#'
GTK_DOC_USE_LIBTOOL_TRUE=''
GTK_DOC_USE_REBASE_FALSE='#'
GTK_DOC_USE_REBASE_TRUE=''
HTML_DIR='${datadir}/gtk-doc/html'
INSTALL_DATA='${INSTALL} -m 644'
INSTALL_PROGRAM='${INSTALL}'
INSTALL_SCRIPT='${INSTALL}'
INSTALL_STRIP_PROGRAM='$(install_sh) -c -s'
LD='/usr/bin/ld'
LDFLAGS=''
LIBOBJS=''
LIBS=''
LIBTOOL='$(SHELL) $(top_builddir)/libtool'
LIPO=''
LN_S='ln -s'
LTLIBOBJS=''
MAINT=''
MAINTAINER_MODE_FALSE='#'
MAINTAINER_MODE_TRUE=''
MAKEINFO='${SHELL} /sources/kmod-16/build-aux/missing makeinfo'
MANIFEST_TOOL=':'
MKDIR_P='/bin/mkdir -p'
NM='/usr/bin/nm -B'
NMEDIT=''
OBJDUMP='objdump'
OBJEXT='o'
OTOOL64=''
OTOOL=''
PACKAGE='kmod'
PACKAGE_BUGREPORT='linux-modules@vger.kernel.org'
PACKAGE_NAME='kmod'
PACKAGE_STRING='kmod 16'
PACKAGE_TARNAME='kmod'
PACKAGE_URL='http://git.kernel.org/?p=utils/kernel/kmod/kmod.git'
PACKAGE_VERSION='16'
PATH_SEPARATOR=':'
PKG_CONFIG='/usr/bin/pkg-config'
PKG_CONFIG_LIBDIR=''
PKG_CONFIG_PATH=''
RANLIB='ranlib'
SED='/bin/sed'
SET_MAKE=''
SHELL='/bin/sh'
STRIP='strip'
VERSION='16'
WARNINGFLAGS=' -pipe -DANOTHER_BRICK_IN_THE -Wall -W -Wextra -Wno-inline -Wvla -Wundef -Wformat=2 -Wlogical-op -Wsign-compare -Wmissing-include-dirs -Wold-style-definition -Wpointer-arith -Winit-self -Wdeclaration-after-statement -Wfloat-equal -Wmissing-prototypes -Wstrict-prototypes -Wredundant-decls -Wmissing-declarations -Wmissing-noreturn -Wshadow -Wendif-labels -Wstrict-aliasing=2 -Wwrite-strings -Wno-long-long -Wno-overlength-strings -Wno-unused-parameter -Wno-missing-field-initializers -Wno-unused-result -Wnested-externs -Wchar-subscripts -Wtype-limits -Wuninitialized -fno-common -fdiagnostics-show-option -fvisibility=hidden -ffunction-sections -fdata-sections'
XSLTPROC='no'
ac_ct_AR='ar'
ac_ct_CC='gcc'
ac_ct_DUMPBIN=''
am__EXEEXT_FALSE=''
am__EXEEXT_TRUE='#'
am__fastdepCC_FALSE='#'
am__fastdepCC_TRUE=''
am__include='include'
am__isrc=''
am__leading_dot='.'
am__nodep='_no'
am__quote=''
am__tar='tar --format=posix -chf - "$$tardir"'
am__untar='tar -xf -'
bashcompletiondir='${datarootdir}/bash-completion/completions'
bindir='/bin'
build='i686-pc-linux-gnu'
build_alias=''
build_cpu='i686'
build_os='linux-gnu'
build_vendor='pc'
datadir='${datarootdir}'
datarootdir='${prefix}/share'
docdir='${datarootdir}/doc/${PACKAGE_TARNAME}'
dvidir='${docdir}'
exec_prefix='${prefix}'
host='i686-pc-linux-gnu'
host_alias=''
host_cpu='i686'
host_os='linux-gnu'
host_vendor='pc'
htmldir='${docdir}'
includedir='${prefix}/include'
infodir='${datarootdir}/info'
install_sh='${SHELL} /sources/kmod-16/build-aux/install-sh'
libdir='${exec_prefix}/lib'
libexecdir='${exec_prefix}/libexec'
liblzma_CFLAGS=''
liblzma_LIBS='-llzma '
localedir='${datarootdir}/locale'
localstatedir='${prefix}/var'
mandir='${datarootdir}/man'
mkdir_p='$(MKDIR_P)'
oldincludedir='/usr/include'
pdfdir='${docdir}'
prefix='/usr'
program_transform_name='s,x,x,'
psdir='${docdir}'
rootlibdir='/lib'
sbindir='${exec_prefix}/sbin'
sharedstatedir='${prefix}/com'
sysconfdir='/etc'
target_alias=''
zlib_CFLAGS=''
zlib_LIBS='-L/usr/lib -lz '

## ----------- ##
## confdefs.h. ##
## ----------- ##

/* confdefs.h */
#define PACKAGE_NAME "kmod"
#define PACKAGE_TARNAME "kmod"
#define PACKAGE_VERSION "16"
#define PACKAGE_STRING "kmod 16"
#define PACKAGE_BUGREPORT "linux-modules@vger.kernel.org"
#define PACKAGE_URL "http://git.kernel.org/?p=utils/kernel/kmod/kmod.git"
#define PACKAGE "kmod"
#define VERSION "16"
#define STDC_HEADERS 1
#define HAVE_SYS_TYPES_H 1
#define HAVE_SYS_STAT_H 1
#define HAVE_STDLIB_H 1
#define HAVE_STRING_H 1
#define HAVE_MEMORY_H 1
#define HAVE_STRINGS_H 1
#define HAVE_INTTYPES_H 1
#define HAVE_STDINT_H 1
#define HAVE_UNISTD_H 1
#define __EXTENSIONS__ 1
#define _ALL_SOURCE 1
#define _GNU_SOURCE 1
#define _POSIX_PTHREAD_SEMANTICS 1
#define _TANDEM_SOURCE 1
#define _FILE_OFFSET_BITS 64
#define HAVE_DLFCN_H 1
#define LT_OBJDIR ".libs/"
#define HAVE___XSTAT 1
#define HAVE_SECURE_GETENV 1
#define HAVE_STRUCT_STAT_ST_MTIM 1
#define HAVE_STATIC_ASSERT 1
#define ENABLE_XZ 1
#define ENABLE_ZLIB 1
#define ENABLE_LOGGING 1

configure: exit 0
