This file contains any messages produced by compilers while
running configure, to aid debugging if configure makes a mistake.

It was created by the fast lexical analyser generator configure 2.5.38, which was
generated by GNU Autoconf 2.69.  Invocation command line was

  $ ./configure --prefix=/usr --docdir=/usr/share/doc/flex-2.5.38

## --------- ##
## Platform. ##
## --------- ##

hostname = lfs
uname -m = i686
uname -r = 3.11.0-26-generic
uname -s = Linux
uname -v = #45-Ubuntu SMP Tue Jul 15 04:04:15 UTC 2014

/usr/bin/uname -p = unknown
/bin/uname -X     = unknown

/bin/arch              = unknown
/usr/bin/arch -k       = unknown
/usr/convex/getsysinfo = unknown
/usr/bin/hostinfo      = unknown
/bin/machine           = unknown
/usr/bin/oslevel       = unknown
/bin/universe          = unknown

PATH: /bin
PATH: /usr/bin
PATH: /sbin
PATH: /usr/sbin
PATH: /tools/bin


## ----------- ##
## Core tests. ##
## ----------- ##

configure:2484: checking for a BSD-compatible install
configure:2552: result: /usr/bin/install -c
configure:2563: checking whether build environment is sane
configure:2613: result: yes
configure:2754: checking for a thread-safe mkdir -p
configure:2793: result: /bin/mkdir -p
configure:2806: checking for gawk
configure:2822: found /tools/bin/gawk
configure:2833: result: gawk
configure:2844: checking whether make sets $(MAKE)
configure:2866: result: yes
configure:2953: checking whether NLS is requested
configure:2962: result: yes
configure:3003: checking for msgfmt
configure: trying /tools/bin/msgfmt...
0 translated messages.
configure:3035: result: /tools/bin/msgfmt
configure:3044: checking for gmsgfmt
configure:3075: result: /tools/bin/msgfmt
configure:3126: checking for xgettext
configure: trying /tools/bin/xgettext...
/tools/bin/xgettext: warning: file '/dev/null' extension '' is unknown; will try C
configure:3158: result: /tools/bin/xgettext
configure:3204: checking for msgmerge
configure: trying /tools/bin/msgmerge...
configure:3235: result: /tools/bin/msgmerge
configure:3280: checking for style of include used by make
configure:3308: result: GNU
configure:3379: checking for gcc
configure:3395: found /usr/bin/gcc
configure:3406: result: gcc
configure:3635: checking for C compiler version
configure:3644: gcc --version >&5
gcc (GCC) 4.8.2
Copyright (C) 2013 Free Software Foundation, Inc.
This is free software; see the source for copying conditions.  There is NO
warranty; not even for MERCHANTABILITY or FITNESS FOR A PARTICULAR PURPOSE.

configure:3655: $? = 0
configure:3644: gcc -v >&5
Using built-in specs.
COLLECT_GCC=gcc
COLLECT_LTO_WRAPPER=/usr/libexec/gcc/i686-pc-linux-gnu/4.8.2/lto-wrapper
Target: i686-pc-linux-gnu
Configured with: ../gcc-4.8.2/configure --prefix=/usr --enable-shared --enable-threads=posix --enable-__cxa_atexit --enable-clocale=gnu --enable-languages=c,c++ --disable-multilib --disable-bootstrap --with-system-zlib
Thread model: posix
gcc version 4.8.2 (GCC) 
configure:3655: $? = 0
configure:3644: gcc -V >&5
gcc: error: unrecognized command line option '-V'
gcc: fatal error: no input files
compilation terminated.
configure:3655: $? = 1
configure:3644: gcc -qversion >&5
gcc: error: unrecognized command line option '-qversion'
gcc: fatal error: no input files
compilation terminated.
configure:3655: $? = 1
configure:3675: checking whether the C compiler works
configure:3697: gcc    conftest.c  >&5
configure:3701: $? = 0
configure:3749: result: yes
configure:3752: checking for C compiler default output file name
configure:3754: result: a.out
configure:3760: checking for suffix of executables
configure:3767: gcc -o conftest    conftest.c  >&5
configure:3771: $? = 0
configure:3793: result: 
configure:3815: checking whether we are cross compiling
configure:3823: gcc -o conftest    conftest.c  >&5
configure:3827: $? = 0
configure:3834: ./conftest
configure:3838: $? = 0
configure:3853: result: no
configure:3858: checking for suffix of object files
configure:3880: gcc -c   conftest.c >&5
configure:3884: $? = 0
configure:3905: result: o
configure:3909: checking whether we are using the GNU C compiler
configure:3928: gcc -c   conftest.c >&5
configure:3928: $? = 0
configure:3937: result: yes
configure:3946: checking whether gcc accepts -g
configure:3966: gcc -c -g  conftest.c >&5
configure:3966: $? = 0
configure:4007: result: yes
configure:4024: checking for gcc option to accept ISO C89
configure:4087: gcc  -c -g -O2  conftest.c >&5
configure:4087: $? = 0
configure:4100: result: none needed
configure:4122: checking dependency style of gcc
configure:4233: result: gcc3
configure:4252: checking build system type
configure:4266: result: i686-pc-linux-gnu
configure:4286: checking host system type
configure:4299: result: i686-pc-linux-gnu
configure:4343: checking for ld used by GCC
configure:4407: result: /usr/bin/ld
configure:4414: checking if the linker (/usr/bin/ld) is GNU ld
configure:4427: result: yes
configure:4434: checking for shared library run path origin
configure:4447: result: done
configure:4472: checking how to run the C preprocessor
configure:4503: gcc -E  conftest.c
configure:4503: $? = 0
configure:4517: gcc -E  conftest.c
conftest.c:11:28: fatal error: ac_nonexistent.h: No such file or directory
 #include <ac_nonexistent.h>
                            ^
compilation terminated.
configure:4517: $? = 1
configure: failed program was:
| /* confdefs.h */
| #define PACKAGE_NAME "the fast lexical analyser generator"
| #define PACKAGE_TARNAME "flex"
| #define PACKAGE_VERSION "2.5.38"
| #define PACKAGE_STRING "the fast lexical analyser generator 2.5.38"
| #define PACKAGE_BUGREPORT "flex-help@lists.sourceforge.net"
| #define PACKAGE_URL ""
| #define PACKAGE "flex"
| #define VERSION "2.5.38"
| /* end confdefs.h.  */
| #include <ac_nonexistent.h>
configure:4542: result: gcc -E
configure:4562: gcc -E  conftest.c
configure:4562: $? = 0
configure:4576: gcc -E  conftest.c
conftest.c:11:28: fatal error: ac_nonexistent.h: No such file or directory
 #include <ac_nonexistent.h>
                            ^
compilation terminated.
configure:4576: $? = 1
configure: failed program was:
| /* confdefs.h */
| #define PACKAGE_NAME "the fast lexical analyser generator"
| #define PACKAGE_TARNAME "flex"
| #define PACKAGE_VERSION "2.5.38"
| #define PACKAGE_STRING "the fast lexical analyser generator 2.5.38"
| #define PACKAGE_BUGREPORT "flex-help@lists.sourceforge.net"
| #define PACKAGE_URL ""
| #define PACKAGE "flex"
| #define VERSION "2.5.38"
| /* end confdefs.h.  */
| #include <ac_nonexistent.h>
configure:4605: checking for grep that handles long lines and -e
configure:4663: result: /tools/bin/grep
configure:4668: checking for egrep
configure:4730: result: /tools/bin/grep -E
configure:5288: checking for CFPreferencesCopyAppValue
configure:5306: gcc -o conftest -g -O2   conftest.c  -Wl,-framework -Wl,CoreFoundation >&5
conftest.c:11:42: fatal error: CoreFoundation/CFPreferences.h: No such file or directory
 #include <CoreFoundation/CFPreferences.h>
                                          ^
compilation terminated.
configure:5306: $? = 1
configure: failed program was:
| /* confdefs.h */
| #define PACKAGE_NAME "the fast lexical analyser generator"
| #define PACKAGE_TARNAME "flex"
| #define PACKAGE_VERSION "2.5.38"
| #define PACKAGE_STRING "the fast lexical analyser generator 2.5.38"
| #define PACKAGE_BUGREPORT "flex-help@lists.sourceforge.net"
| #define PACKAGE_URL ""
| #define PACKAGE "flex"
| #define VERSION "2.5.38"
| /* end confdefs.h.  */
| #include <CoreFoundation/CFPreferences.h>
| int
| main ()
| {
| CFPreferencesCopyAppValue(NULL, NULL)
|   ;
|   return 0;
| }
configure:5315: result: no
configure:5322: checking for CFLocaleCopyCurrent
configure:5340: gcc -o conftest -g -O2   conftest.c  -Wl,-framework -Wl,CoreFoundation >&5
conftest.c:11:37: fatal error: CoreFoundation/CFLocale.h: No such file or directory
 #include <CoreFoundation/CFLocale.h>
                                     ^
compilation terminated.
configure:5340: $? = 1
configure: failed program was:
| /* confdefs.h */
| #define PACKAGE_NAME "the fast lexical analyser generator"
| #define PACKAGE_TARNAME "flex"
| #define PACKAGE_VERSION "2.5.38"
| #define PACKAGE_STRING "the fast lexical analyser generator 2.5.38"
| #define PACKAGE_BUGREPORT "flex-help@lists.sourceforge.net"
| #define PACKAGE_URL ""
| #define PACKAGE "flex"
| #define VERSION "2.5.38"
| /* end confdefs.h.  */
| #include <CoreFoundation/CFLocale.h>
| int
| main ()
| {
| CFLocaleCopyCurrent();
|   ;
|   return 0;
| }
configure:5349: result: no
configure:5398: checking for GNU gettext in libc
configure:5418: gcc -o conftest -g -O2   conftest.c  >&5
configure:5418: $? = 0
configure:5427: result: yes
configure:6218: checking whether to use NLS
configure:6220: result: yes
configure:6223: checking where the gettext function comes from
configure:6234: result: libc
configure:6296: checking for bison
configure:6326: result: no
configure:6296: checking for byacc
configure:6326: result: no
configure:6339: checking for flex
configure:6369: result: no
configure:6339: checking for lex
configure:6369: result: no
configure:6545: checking for gcc
configure:6572: result: gcc
configure:6801: checking for C compiler version
configure:6810: gcc --version >&5
gcc (GCC) 4.8.2
Copyright (C) 2013 Free Software Foundation, Inc.
This is free software; see the source for copying conditions.  There is NO
warranty; not even for MERCHANTABILITY or FITNESS FOR A PARTICULAR PURPOSE.

configure:6821: $? = 0
configure:6810: gcc -v >&5
Using built-in specs.
COLLECT_GCC=gcc
COLLECT_LTO_WRAPPER=/usr/libexec/gcc/i686-pc-linux-gnu/4.8.2/lto-wrapper
Target: i686-pc-linux-gnu
Configured with: ../gcc-4.8.2/configure --prefix=/usr --enable-shared --enable-threads=posix --enable-__cxa_atexit --enable-clocale=gnu --enable-languages=c,c++ --disable-multilib --disable-bootstrap --with-system-zlib
Thread model: posix
gcc version 4.8.2 (GCC) 
configure:6821: $? = 0
configure:6810: gcc -V >&5
gcc: error: unrecognized command line option '-V'
gcc: fatal error: no input files
compilation terminated.
configure:6821: $? = 1
configure:6810: gcc -qversion >&5
gcc: error: unrecognized command line option '-qversion'
gcc: fatal error: no input files
compilation terminated.
configure:6821: $? = 1
configure:6825: checking whether we are using the GNU C compiler
configure:6853: result: yes
configure:6862: checking whether gcc accepts -g
configure:6923: result: yes
configure:6940: checking for gcc option to accept ISO C89
configure:7016: result: none needed
configure:7038: checking dependency style of gcc
configure:7149: result: gcc3
configure:7222: checking for g++
configure:7238: found /usr/bin/g++
configure:7249: result: g++
configure:7276: checking for C++ compiler version
configure:7285: g++ --version >&5
g++ (GCC) 4.8.2
Copyright (C) 2013 Free Software Foundation, Inc.
This is free software; see the source for copying conditions.  There is NO
warranty; not even for MERCHANTABILITY or FITNESS FOR A PARTICULAR PURPOSE.

configure:7296: $? = 0
configure:7285: g++ -v >&5
Using built-in specs.
COLLECT_GCC=g++
COLLECT_LTO_WRAPPER=/usr/libexec/gcc/i686-pc-linux-gnu/4.8.2/lto-wrapper
Target: i686-pc-linux-gnu
Configured with: ../gcc-4.8.2/configure --prefix=/usr --enable-shared --enable-threads=posix --enable-__cxa_atexit --enable-clocale=gnu --enable-languages=c,c++ --disable-multilib --disable-bootstrap --with-system-zlib
Thread model: posix
gcc version 4.8.2 (GCC) 
configure:7296: $? = 0
configure:7285: g++ -V >&5
g++: error: unrecognized command line option '-V'
g++: fatal error: no input files
compilation terminated.
configure:7296: $? = 1
configure:7285: g++ -qversion >&5
g++: error: unrecognized command line option '-qversion'
g++: fatal error: no input files
compilation terminated.
configure:7296: $? = 1
configure:7300: checking whether we are using the GNU C++ compiler
configure:7319: g++ -c   conftest.cpp >&5
configure:7319: $? = 0
configure:7328: result: yes
configure:7337: checking whether g++ accepts -g
configure:7357: g++ -c -g  conftest.cpp >&5
configure:7357: $? = 0
configure:7398: result: yes
configure:7423: checking dependency style of g++
configure:7534: result: gcc3
configure:7550: checking whether gcc and cc understand -c and -o together
configure:7581: gcc -c conftest.c -o conftest2.o >&5
configure:7585: $? = 0
configure:7591: gcc -c conftest.c -o conftest2.o >&5
configure:7595: $? = 0
configure:7606: cc -c conftest.c >&5
configure:7610: $? = 0
configure:7618: cc -c conftest.c -o conftest2.o >&5
configure:7622: $? = 0
configure:7628: cc -c conftest.c -o conftest2.o >&5
configure:7632: $? = 0
configure:7650: result: yes
configure:7675: checking whether ln -s works
configure:7679: result: yes
configure:7732: checking how to print strings
configure:7759: result: printf
configure:7780: checking for a sed that does not truncate output
configure:7844: result: /bin/sed
configure:7862: checking for fgrep
configure:7924: result: /tools/bin/grep -F
configure:7959: checking for ld used by gcc
configure:8026: result: /usr/bin/ld
configure:8033: checking if the linker (/usr/bin/ld) is GNU ld
configure:8048: result: yes
configure:8060: checking for BSD- or MS-compatible name lister (nm)
configure:8109: result: /usr/bin/nm -B
configure:8239: checking the name lister (/usr/bin/nm -B) interface
configure:8246: gcc -c -g -O2  conftest.c >&5
configure:8249: /usr/bin/nm -B "conftest.o"
configure:8252: output
00000000 B some_variable
configure:8259: result: BSD nm
configure:8263: checking the maximum length of command line arguments
configure:8393: result: 1572864
configure:8410: checking whether the shell understands some XSI constructs
configure:8420: result: yes
configure:8424: checking whether the shell understands "+="
configure:8430: result: yes
configure:8465: checking how to convert i686-pc-linux-gnu file names to i686-pc-linux-gnu format
configure:8505: result: func_convert_file_noop
configure:8512: checking how to convert i686-pc-linux-gnu file names to toolchain format
configure:8532: result: func_convert_file_noop
configure:8539: checking for /usr/bin/ld option to reload object files
configure:8546: result: -r
configure:8620: checking for objdump
configure:8636: found /usr/bin/objdump
configure:8647: result: objdump
configure:8679: checking how to recognize dependent libraries
configure:8881: result: pass_all
configure:8966: checking for dlltool
configure:8996: result: no
configure:9026: checking how to associate runtime and link libraries
configure:9053: result: printf %s\n
configure:9113: checking for ar
configure:9129: found /usr/bin/ar
configure:9140: result: ar
configure:9177: checking for archiver @FILE support
configure:9194: gcc -c -g -O2  conftest.c >&5
configure:9194: $? = 0
configure:9197: ar cru libconftest.a @conftest.lst >&5
configure:9200: $? = 0
configure:9205: ar cru libconftest.a @conftest.lst >&5
ar: conftest.o: No such file or directory
configure:9208: $? = 1
configure:9220: result: @
configure:9278: checking for strip
configure:9294: found /usr/bin/strip
configure:9305: result: strip
configure:9377: checking for ranlib
configure:9393: found /usr/bin/ranlib
configure:9404: result: ranlib
configure:9506: checking command to parse /usr/bin/nm -B output from gcc object
configure:9626: gcc -c -g -O2  conftest.c >&5
configure:9629: $? = 0
configure:9633: /usr/bin/nm -B conftest.o \| sed -n -e 's/^.*[ ]\([ABCDGIRSTW][ABCDGIRSTW]*\)[ ][ ]*\([_A-Za-z][_A-Za-z0-9]*\)$/\1 \2 \2/p' | sed '/ __gnu_lto/d' \> conftest.nm
configure:9636: $? = 0
configure:9702: gcc -o conftest -g -O2   conftest.c conftstm.o >&5
configure:9705: $? = 0
configure:9743: result: ok
configure:9780: checking for sysroot
configure:9810: result: no
configure:10066: checking for mt
configure:10096: result: no
configure:10116: checking if : is a manifest tool
configure:10122: : '-?'
configure:10130: result: no
configure:10767: checking for ANSI C header files
configure:10787: gcc -c -g -O2  conftest.c >&5
configure:10787: $? = 0
configure:10860: gcc -o conftest -g -O2   conftest.c  >&5
configure:10860: $? = 0
configure:10860: ./conftest
configure:10860: $? = 0
configure:10871: result: yes
configure:10884: checking for sys/types.h
configure:10884: gcc -c -g -O2  conftest.c >&5
configure:10884: $? = 0
configure:10884: result: yes
configure:10884: checking for sys/stat.h
configure:10884: gcc -c -g -O2  conftest.c >&5
configure:10884: $? = 0
configure:10884: result: yes
configure:10884: checking for stdlib.h
configure:10884: gcc -c -g -O2  conftest.c >&5
configure:10884: $? = 0
configure:10884: result: yes
configure:10884: checking for string.h
configure:10884: gcc -c -g -O2  conftest.c >&5
configure:10884: $? = 0
configure:10884: result: yes
configure:10884: checking for memory.h
configure:10884: gcc -c -g -O2  conftest.c >&5
configure:10884: $? = 0
configure:10884: result: yes
configure:10884: checking for strings.h
configure:10884: gcc -c -g -O2  conftest.c >&5
configure:10884: $? = 0
configure:10884: result: yes
configure:10884: checking for inttypes.h
configure:10884: gcc -c -g -O2  conftest.c >&5
configure:10884: $? = 0
configure:10884: result: yes
configure:10884: checking for stdint.h
configure:10884: gcc -c -g -O2  conftest.c >&5
configure:10884: $? = 0
configure:10884: result: yes
configure:10884: checking for unistd.h
configure:10884: gcc -c -g -O2  conftest.c >&5
configure:10884: $? = 0
configure:10884: result: yes
configure:10898: checking for dlfcn.h
configure:10898: gcc -c -g -O2  conftest.c >&5
configure:10898: $? = 0
configure:10898: result: yes
configure:11115: checking for objdir
configure:11130: result: .libs
configure:11401: checking if gcc supports -fno-rtti -fno-exceptions
configure:11419: gcc -c -g -O2  -fno-rtti -fno-exceptions conftest.c >&5
cc1: warning: command line option '-fno-rtti' is valid for C++/ObjC++ but not for C [enabled by default]
configure:11423: $? = 0
configure:11436: result: no
configure:11763: checking for gcc option to produce PIC
configure:11770: result: -fPIC -DPIC
configure:11778: checking if gcc PIC flag -fPIC -DPIC works
configure:11796: gcc -c -g -O2  -fPIC -DPIC -DPIC conftest.c >&5
configure:11800: $? = 0
configure:11813: result: yes
configure:11842: checking if gcc static flag -static works
configure:11870: result: yes
configure:11885: checking if gcc supports -c -o file.o
configure:11906: gcc -c -g -O2  -o out/conftest2.o conftest.c >&5
configure:11910: $? = 0
configure:11932: result: yes
configure:11940: checking if gcc supports -c -o file.o
configure:11987: result: yes
configure:12020: checking whether the gcc linker (/usr/bin/ld) supports shared libraries
configure:13177: result: yes
configure:13214: checking whether -lc should be explicitly linked in
configure:13222: gcc -c -g -O2  conftest.c >&5
configure:13225: $? = 0
configure:13240: gcc -shared  -fPIC -DPIC conftest.o  -v -Wl,-soname -Wl,conftest -o conftest 2\>\&1 \| /tools/bin/grep  -lc  \>/dev/null 2\>\&1
configure:13243: $? = 0
configure:13257: result: no
configure:13417: checking dynamic linker characteristics
configure:13928: gcc -o conftest -g -O2   -Wl,-rpath -Wl,/foo conftest.c  >&5
configure:13928: $? = 0
configure:14162: result: GNU/Linux ld.so
configure:14269: checking how to hardcode library paths into programs
configure:14294: result: immediate
configure:14834: checking whether stripping libraries is possible
configure:14839: result: yes
configure:14874: checking if libtool supports shared libraries
configure:14876: result: yes
configure:14879: checking whether to build shared libraries
configure:14900: result: yes
configure:14903: checking whether to build static libraries
configure:14907: result: yes
configure:14930: checking how to run the C++ preprocessor
configure:14957: g++ -E  conftest.cpp
configure:14957: $? = 0
configure:14971: g++ -E  conftest.cpp
conftest.cpp:26:28: fatal error: ac_nonexistent.h: No such file or directory
 #include <ac_nonexistent.h>
                            ^
compilation terminated.
configure:14971: $? = 1
configure: failed program was:
| /* confdefs.h */
| #define PACKAGE_NAME "the fast lexical analyser generator"
| #define PACKAGE_TARNAME "flex"
| #define PACKAGE_VERSION "2.5.38"
| #define PACKAGE_STRING "the fast lexical analyser generator 2.5.38"
| #define PACKAGE_BUGREPORT "flex-help@lists.sourceforge.net"
| #define PACKAGE_URL ""
| #define PACKAGE "flex"
| #define VERSION "2.5.38"
| #define ENABLE_NLS 1
| #define HAVE_GETTEXT 1
| #define HAVE_DCGETTEXT 1
| #define STDC_HEADERS 1
| #define HAVE_SYS_TYPES_H 1
| #define HAVE_SYS_STAT_H 1
| #define HAVE_STDLIB_H 1
| #define HAVE_STRING_H 1
| #define HAVE_MEMORY_H 1
| #define HAVE_STRINGS_H 1
| #define HAVE_INTTYPES_H 1
| #define HAVE_STDINT_H 1
| #define HAVE_UNISTD_H 1
| #define HAVE_DLFCN_H 1
| #define LT_OBJDIR ".libs/"
| /* end confdefs.h.  */
| #include <ac_nonexistent.h>
configure:14996: result: g++ -E
configure:15016: g++ -E  conftest.cpp
configure:15016: $? = 0
configure:15030: g++ -E  conftest.cpp
conftest.cpp:26:28: fatal error: ac_nonexistent.h: No such file or directory
 #include <ac_nonexistent.h>
                            ^
compilation terminated.
configure:15030: $? = 1
configure: failed program was:
| /* confdefs.h */
| #define PACKAGE_NAME "the fast lexical analyser generator"
| #define PACKAGE_TARNAME "flex"
| #define PACKAGE_VERSION "2.5.38"
| #define PACKAGE_STRING "the fast lexical analyser generator 2.5.38"
| #define PACKAGE_BUGREPORT "flex-help@lists.sourceforge.net"
| #define PACKAGE_URL ""
| #define PACKAGE "flex"
| #define VERSION "2.5.38"
| #define ENABLE_NLS 1
| #define HAVE_GETTEXT 1
| #define HAVE_DCGETTEXT 1
| #define STDC_HEADERS 1
| #define HAVE_SYS_TYPES_H 1
| #define HAVE_SYS_STAT_H 1
| #define HAVE_STDLIB_H 1
| #define HAVE_STRING_H 1
| #define HAVE_MEMORY_H 1
| #define HAVE_STRINGS_H 1
| #define HAVE_INTTYPES_H 1
| #define HAVE_STDINT_H 1
| #define HAVE_UNISTD_H 1
| #define HAVE_DLFCN_H 1
| #define LT_OBJDIR ".libs/"
| /* end confdefs.h.  */
| #include <ac_nonexistent.h>
configure:15199: checking for ld used by g++
configure:15266: result: /usr/bin/ld
configure:15273: checking if the linker (/usr/bin/ld) is GNU ld
configure:15288: result: yes
configure:15343: checking whether the g++ linker (/usr/bin/ld) supports shared libraries
configure:16348: result: yes
configure:16384: g++ -c -g -O2  conftest.cpp >&5
configure:16387: $? = 0
configure:16907: checking for g++ option to produce PIC
configure:16914: result: -fPIC -DPIC
configure:16922: checking if g++ PIC flag -fPIC -DPIC works
configure:16940: g++ -c -g -O2  -fPIC -DPIC -DPIC conftest.cpp >&5
configure:16944: $? = 0
configure:16957: result: yes
configure:16980: checking if g++ static flag -static works
configure:17008: result: yes
configure:17020: checking if g++ supports -c -o file.o
configure:17041: g++ -c -g -O2  -o out/conftest2.o conftest.cpp >&5
configure:17045: $? = 0
configure:17067: result: yes
configure:17072: checking if g++ supports -c -o file.o
configure:17119: result: yes
configure:17149: checking whether the g++ linker (/usr/bin/ld) supports shared libraries
configure:17188: result: yes
configure:17329: checking dynamic linker characteristics
configure:18008: result: GNU/Linux ld.so
configure:18061: checking how to hardcode library paths into programs
configure:18086: result: immediate
configure:18151: checking for gawk
configure:18178: result: gawk
configure:18193: checking for bison
configure:18224: result: bison
configure:18234: checking for help2man
configure:18265: result: help2man
configure:18276: checking for m4 that supports -P
configure:18309: result: /usr/bin/m4
configure:18321: checking for indent
configure:18352: result: indent
configure:18374: WARNING: no indent program found: make indent target will not function
configure:18380: checking for ANSI C header files
configure:18484: result: yes
configure:18492: checking for sys/wait.h that is POSIX.1 compatible
configure:18518: gcc -c -g -O2  conftest.c >&5
configure:18518: $? = 0
configure:18525: result: yes
configure:18536: checking for inttypes.h
configure:18536: result: yes
configure:18536: checking libintl.h usability
configure:18536: gcc -c -g -O2  conftest.c >&5
configure:18536: $? = 0
configure:18536: result: yes
configure:18536: checking libintl.h presence
configure:18536: gcc -E  conftest.c
configure:18536: $? = 0
configure:18536: result: yes
configure:18536: checking for libintl.h
configure:18536: result: yes
configure:18536: checking limits.h usability
configure:18536: gcc -c -g -O2  conftest.c >&5
configure:18536: $? = 0
configure:18536: result: yes
configure:18536: checking limits.h presence
configure:18536: gcc -E  conftest.c
configure:18536: $? = 0
configure:18536: result: yes
configure:18536: checking for limits.h
configure:18536: result: yes
configure:18536: checking locale.h usability
configure:18536: gcc -c -g -O2  conftest.c >&5
configure:18536: $? = 0
configure:18536: result: yes
configure:18536: checking locale.h presence
configure:18536: gcc -E  conftest.c
configure:18536: $? = 0
configure:18536: result: yes
configure:18536: checking for locale.h
configure:18536: result: yes
configure:18536: checking malloc.h usability
configure:18536: gcc -c -g -O2  conftest.c >&5
configure:18536: $? = 0
configure:18536: result: yes
configure:18536: checking malloc.h presence
configure:18536: gcc -E  conftest.c
configure:18536: $? = 0
configure:18536: result: yes
configure:18536: checking for malloc.h
configure:18536: result: yes
configure:18536: checking netinet/in.h usability
configure:18536: gcc -c -g -O2  conftest.c >&5
configure:18536: $? = 0
configure:18536: result: yes
configure:18536: checking netinet/in.h presence
configure:18536: gcc -E  conftest.c
configure:18536: $? = 0
configure:18536: result: yes
configure:18536: checking for netinet/in.h
configure:18536: result: yes
configure:18536: checking regex.h usability
configure:18536: gcc -c -g -O2  conftest.c >&5
configure:18536: $? = 0
configure:18536: result: yes
configure:18536: checking regex.h presence
configure:18536: gcc -E  conftest.c
configure:18536: $? = 0
configure:18536: result: yes
configure:18536: checking for regex.h
configure:18536: result: yes
configure:18536: checking stddef.h usability
configure:18536: gcc -c -g -O2  conftest.c >&5
configure:18536: $? = 0
configure:18536: result: yes
configure:18536: checking stddef.h presence
configure:18536: gcc -E  conftest.c
configure:18536: $? = 0
configure:18536: result: yes
configure:18536: checking for stddef.h
configure:18536: result: yes
configure:18536: checking for stdlib.h
configure:18536: result: yes
configure:18536: checking for string.h
configure:18536: result: yes
configure:18536: checking for strings.h
configure:18536: result: yes
configure:18536: checking for unistd.h
configure:18536: result: yes
configure:18553: checking for pthread_mutex_lock in -lpthread
configure:18578: gcc -o conftest -g -O2   conftest.c -lpthread   >&5
configure:18578: $? = 0
configure:18587: result: yes
configure:18602: checking pthread.h usability
configure:18602: gcc -c -g -O2  conftest.c >&5
configure:18602: $? = 0
configure:18602: result: yes
configure:18602: checking pthread.h presence
configure:18602: gcc -E  conftest.c
configure:18602: $? = 0
configure:18602: result: yes
configure:18602: checking for pthread.h
configure:18602: result: yes
configure:18613: checking for log10 in -lm
configure:18638: gcc -o conftest -g -O2   conftest.c -lm   >&5
conftest.c:50:6: warning: conflicting types for built-in function 'log10' [enabled by default]
 char log10 ();
      ^
configure:18638: $? = 0
configure:18647: result: yes
configure:18661: checking for stdbool.h that conforms to C99
configure:18728: gcc -c -g -O2  conftest.c >&5
configure:18728: $? = 0
configure:18735: result: yes
configure:18737: checking for _Bool
configure:18737: gcc -c -g -O2  conftest.c >&5
configure:18737: $? = 0
configure:18737: gcc -c -g -O2  conftest.c >&5
conftest.c: In function 'main':
conftest.c:80:20: error: expected expression before ')' token
 if (sizeof ((_Bool)))
                    ^
configure:18737: $? = 1
configure: failed program was:
| /* confdefs.h */
| #define PACKAGE_NAME "the fast lexical analyser generator"
| #define PACKAGE_TARNAME "flex"
| #define PACKAGE_VERSION "2.5.38"
| #define PACKAGE_STRING "the fast lexical analyser generator 2.5.38"
| #define PACKAGE_BUGREPORT "flex-help@lists.sourceforge.net"
| #define PACKAGE_URL ""
| #define PACKAGE "flex"
| #define VERSION "2.5.38"
| #define ENABLE_NLS 1
| #define HAVE_GETTEXT 1
| #define HAVE_DCGETTEXT 1
| #define STDC_HEADERS 1
| #define HAVE_SYS_TYPES_H 1
| #define HAVE_SYS_STAT_H 1
| #define HAVE_STDLIB_H 1
| #define HAVE_STRING_H 1
| #define HAVE_MEMORY_H 1
| #define HAVE_STRINGS_H 1
| #define HAVE_INTTYPES_H 1
| #define HAVE_STDINT_H 1
| #define HAVE_UNISTD_H 1
| #define HAVE_DLFCN_H 1
| #define LT_OBJDIR ".libs/"
| #define M4 "/usr/bin/m4"
| #define STDC_HEADERS 1
| #define HAVE_SYS_WAIT_H 1
| #define HAVE_INTTYPES_H 1
| #define HAVE_LIBINTL_H 1
| #define HAVE_LIMITS_H 1
| #define HAVE_LOCALE_H 1
| #define HAVE_MALLOC_H 1
| #define HAVE_NETINET_IN_H 1
| #define HAVE_REGEX_H 1
| #define HAVE_STDDEF_H 1
| #define HAVE_STDLIB_H 1
| #define HAVE_STRING_H 1
| #define HAVE_STRINGS_H 1
| #define HAVE_UNISTD_H 1
| #define HAVE_LIBPTHREAD 1
| #define HAVE_PTHREAD_H 1
| #define HAVE_LIBM 1
| /* end confdefs.h.  */
| #include <stdio.h>
| #ifdef HAVE_SYS_TYPES_H
| # include <sys/types.h>
| #endif
| #ifdef HAVE_SYS_STAT_H
| # include <sys/stat.h>
| #endif
| #ifdef STDC_HEADERS
| # include <stdlib.h>
| # include <stddef.h>
| #else
| # ifdef HAVE_STDLIB_H
| #  include <stdlib.h>
| # endif
| #endif
| #ifdef HAVE_STRING_H
| # if !defined STDC_HEADERS && defined HAVE_MEMORY_H
| #  include <memory.h>
| # endif
| # include <string.h>
| #endif
| #ifdef HAVE_STRINGS_H
| # include <strings.h>
| #endif
| #ifdef HAVE_INTTYPES_H
| # include <inttypes.h>
| #endif
| #ifdef HAVE_STDINT_H
| # include <stdint.h>
| #endif
| #ifdef HAVE_UNISTD_H
| # include <unistd.h>
| #endif
| int
| main ()
| {
| if (sizeof ((_Bool)))
| 	    return 0;
|   ;
|   return 0;
| }
configure:18737: result: yes
configure:18754: checking for an ANSI C-conforming const
configure:18820: gcc -c -g -O2  conftest.c >&5
configure:18820: $? = 0
configure:18827: result: yes
configure:18835: checking for size_t
configure:18835: gcc -c -g -O2  conftest.c >&5
configure:18835: $? = 0
configure:18835: gcc -c -g -O2  conftest.c >&5
conftest.c: In function 'main':
conftest.c:82:21: error: expected expression before ')' token
 if (sizeof ((size_t)))
                     ^
configure:18835: $? = 1
configure: failed program was:
| /* confdefs.h */
| #define PACKAGE_NAME "the fast lexical analyser generator"
| #define PACKAGE_TARNAME "flex"
| #define PACKAGE_VERSION "2.5.38"
| #define PACKAGE_STRING "the fast lexical analyser generator 2.5.38"
| #define PACKAGE_BUGREPORT "flex-help@lists.sourceforge.net"
| #define PACKAGE_URL ""
| #define PACKAGE "flex"
| #define VERSION "2.5.38"
| #define ENABLE_NLS 1
| #define HAVE_GETTEXT 1
| #define HAVE_DCGETTEXT 1
| #define STDC_HEADERS 1
| #define HAVE_SYS_TYPES_H 1
| #define HAVE_SYS_STAT_H 1
| #define HAVE_STDLIB_H 1
| #define HAVE_STRING_H 1
| #define HAVE_MEMORY_H 1
| #define HAVE_STRINGS_H 1
| #define HAVE_INTTYPES_H 1
| #define HAVE_STDINT_H 1
| #define HAVE_UNISTD_H 1
| #define HAVE_DLFCN_H 1
| #define LT_OBJDIR ".libs/"
| #define M4 "/usr/bin/m4"
| #define STDC_HEADERS 1
| #define HAVE_SYS_WAIT_H 1
| #define HAVE_INTTYPES_H 1
| #define HAVE_LIBINTL_H 1
| #define HAVE_LIMITS_H 1
| #define HAVE_LOCALE_H 1
| #define HAVE_MALLOC_H 1
| #define HAVE_NETINET_IN_H 1
| #define HAVE_REGEX_H 1
| #define HAVE_STDDEF_H 1
| #define HAVE_STDLIB_H 1
| #define HAVE_STRING_H 1
| #define HAVE_STRINGS_H 1
| #define HAVE_UNISTD_H 1
| #define HAVE_LIBPTHREAD 1
| #define HAVE_PTHREAD_H 1
| #define HAVE_LIBM 1
| #define HAVE__BOOL 1
| #define HAVE_STDBOOL_H 1
| /* end confdefs.h.  */
| #include <stdio.h>
| #ifdef HAVE_SYS_TYPES_H
| # include <sys/types.h>
| #endif
| #ifdef HAVE_SYS_STAT_H
| # include <sys/stat.h>
| #endif
| #ifdef STDC_HEADERS
| # include <stdlib.h>
| # include <stddef.h>
| #else
| # ifdef HAVE_STDLIB_H
| #  include <stdlib.h>
| # endif
| #endif
| #ifdef HAVE_STRING_H
| # if !defined STDC_HEADERS && defined HAVE_MEMORY_H
| #  include <memory.h>
| # endif
| # include <string.h>
| #endif
| #ifdef HAVE_STRINGS_H
| # include <strings.h>
| #endif
| #ifdef HAVE_INTTYPES_H
| # include <inttypes.h>
| #endif
| #ifdef HAVE_STDINT_H
| # include <stdint.h>
| #endif
| #ifdef HAVE_UNISTD_H
| # include <unistd.h>
| #endif
| int
| main ()
| {
| if (sizeof ((size_t)))
| 	    return 0;
|   ;
|   return 0;
| }
configure:18835: result: yes
configure:18851: checking for working alloca.h
configure:18868: gcc -o conftest -g -O2   conftest.c -lm  >&5
configure:18868: $? = 0
configure:18876: result: yes
configure:18884: checking for alloca
configure:18921: gcc -o conftest -g -O2   conftest.c -lm  >&5
configure:18921: $? = 0
configure:18929: result: yes
configure:19035: checking for pid_t
configure:19035: gcc -c -g -O2  conftest.c >&5
configure:19035: $? = 0
configure:19035: gcc -c -g -O2  conftest.c >&5
conftest.c: In function 'main':
conftest.c:84:20: error: expected expression before ')' token
 if (sizeof ((pid_t)))
                    ^
configure:19035: $? = 1
configure: failed program was:
| /* confdefs.h */
| #define PACKAGE_NAME "the fast lexical analyser generator"
| #define PACKAGE_TARNAME "flex"
| #define PACKAGE_VERSION "2.5.38"
| #define PACKAGE_STRING "the fast lexical analyser generator 2.5.38"
| #define PACKAGE_BUGREPORT "flex-help@lists.sourceforge.net"
| #define PACKAGE_URL ""
| #define PACKAGE "flex"
| #define VERSION "2.5.38"
| #define ENABLE_NLS 1
| #define HAVE_GETTEXT 1
| #define HAVE_DCGETTEXT 1
| #define STDC_HEADERS 1
| #define HAVE_SYS_TYPES_H 1
| #define HAVE_SYS_STAT_H 1
| #define HAVE_STDLIB_H 1
| #define HAVE_STRING_H 1
| #define HAVE_MEMORY_H 1
| #define HAVE_STRINGS_H 1
| #define HAVE_INTTYPES_H 1
| #define HAVE_STDINT_H 1
| #define HAVE_UNISTD_H 1
| #define HAVE_DLFCN_H 1
| #define LT_OBJDIR ".libs/"
| #define M4 "/usr/bin/m4"
| #define STDC_HEADERS 1
| #define HAVE_SYS_WAIT_H 1
| #define HAVE_INTTYPES_H 1
| #define HAVE_LIBINTL_H 1
| #define HAVE_LIMITS_H 1
| #define HAVE_LOCALE_H 1
| #define HAVE_MALLOC_H 1
| #define HAVE_NETINET_IN_H 1
| #define HAVE_REGEX_H 1
| #define HAVE_STDDEF_H 1
| #define HAVE_STDLIB_H 1
| #define HAVE_STRING_H 1
| #define HAVE_STRINGS_H 1
| #define HAVE_UNISTD_H 1
| #define HAVE_LIBPTHREAD 1
| #define HAVE_PTHREAD_H 1
| #define HAVE_LIBM 1
| #define HAVE__BOOL 1
| #define HAVE_STDBOOL_H 1
| #define HAVE_ALLOCA_H 1
| #define HAVE_ALLOCA 1
| /* end confdefs.h.  */
| #include <stdio.h>
| #ifdef HAVE_SYS_TYPES_H
| # include <sys/types.h>
| #endif
| #ifdef HAVE_SYS_STAT_H
| # include <sys/stat.h>
| #endif
| #ifdef STDC_HEADERS
| # include <stdlib.h>
| # include <stddef.h>
| #else
| # ifdef HAVE_STDLIB_H
| #  include <stdlib.h>
| # endif
| #endif
| #ifdef HAVE_STRING_H
| # if !defined STDC_HEADERS && defined HAVE_MEMORY_H
| #  include <memory.h>
| # endif
| # include <string.h>
| #endif
| #ifdef HAVE_STRINGS_H
| # include <strings.h>
| #endif
| #ifdef HAVE_INTTYPES_H
| # include <inttypes.h>
| #endif
| #ifdef HAVE_STDINT_H
| # include <stdint.h>
| #endif
| #ifdef HAVE_UNISTD_H
| # include <unistd.h>
| #endif
| int
| main ()
| {
| if (sizeof ((pid_t)))
| 	    return 0;
|   ;
|   return 0;
| }
configure:19035: result: yes
configure:19048: checking vfork.h usability
configure:19048: gcc -c -g -O2  conftest.c >&5
conftest.c:81:19: fatal error: vfork.h: No such file or directory
 #include <vfork.h>
                   ^
compilation terminated.
configure:19048: $? = 1
configure: failed program was:
| /* confdefs.h */
| #define PACKAGE_NAME "the fast lexical analyser generator"
| #define PACKAGE_TARNAME "flex"
| #define PACKAGE_VERSION "2.5.38"
| #define PACKAGE_STRING "the fast lexical analyser generator 2.5.38"
| #define PACKAGE_BUGREPORT "flex-help@lists.sourceforge.net"
| #define PACKAGE_URL ""
| #define PACKAGE "flex"
| #define VERSION "2.5.38"
| #define ENABLE_NLS 1
| #define HAVE_GETTEXT 1
| #define HAVE_DCGETTEXT 1
| #define STDC_HEADERS 1
| #define HAVE_SYS_TYPES_H 1
| #define HAVE_SYS_STAT_H 1
| #define HAVE_STDLIB_H 1
| #define HAVE_STRING_H 1
| #define HAVE_MEMORY_H 1
| #define HAVE_STRINGS_H 1
| #define HAVE_INTTYPES_H 1
| #define HAVE_STDINT_H 1
| #define HAVE_UNISTD_H 1
| #define HAVE_DLFCN_H 1
| #define LT_OBJDIR ".libs/"
| #define M4 "/usr/bin/m4"
| #define STDC_HEADERS 1
| #define HAVE_SYS_WAIT_H 1
| #define HAVE_INTTYPES_H 1
| #define HAVE_LIBINTL_H 1
| #define HAVE_LIMITS_H 1
| #define HAVE_LOCALE_H 1
| #define HAVE_MALLOC_H 1
| #define HAVE_NETINET_IN_H 1
| #define HAVE_REGEX_H 1
| #define HAVE_STDDEF_H 1
| #define HAVE_STDLIB_H 1
| #define HAVE_STRING_H 1
| #define HAVE_STRINGS_H 1
| #define HAVE_UNISTD_H 1
| #define HAVE_LIBPTHREAD 1
| #define HAVE_PTHREAD_H 1
| #define HAVE_LIBM 1
| #define HAVE__BOOL 1
| #define HAVE_STDBOOL_H 1
| #define HAVE_ALLOCA_H 1
| #define HAVE_ALLOCA 1
| /* end confdefs.h.  */
| #include <stdio.h>
| #ifdef HAVE_SYS_TYPES_H
| # include <sys/types.h>
| #endif
| #ifdef HAVE_SYS_STAT_H
| # include <sys/stat.h>
| #endif
| #ifdef STDC_HEADERS
| # include <stdlib.h>
| # include <stddef.h>
| #else
| # ifdef HAVE_STDLIB_H
| #  include <stdlib.h>
| # endif
| #endif
| #ifdef HAVE_STRING_H
| # if !defined STDC_HEADERS && defined HAVE_MEMORY_H
| #  include <memory.h>
| # endif
| # include <string.h>
| #endif
| #ifdef HAVE_STRINGS_H
| # include <strings.h>
| #endif
| #ifdef HAVE_INTTYPES_H
| # include <inttypes.h>
| #endif
| #ifdef HAVE_STDINT_H
| # include <stdint.h>
| #endif
| #ifdef HAVE_UNISTD_H
| # include <unistd.h>
| #endif
| #include <vfork.h>
configure:19048: result: no
configure:19048: checking vfork.h presence
configure:19048: gcc -E  conftest.c
conftest.c:48:19: fatal error: vfork.h: No such file or directory
 #include <vfork.h>
                   ^
compilation terminated.
configure:19048: $? = 1
configure: failed program was:
| /* confdefs.h */
| #define PACKAGE_NAME "the fast lexical analyser generator"
| #define PACKAGE_TARNAME "flex"
| #define PACKAGE_VERSION "2.5.38"
| #define PACKAGE_STRING "the fast lexical analyser generator 2.5.38"
| #define PACKAGE_BUGREPORT "flex-help@lists.sourceforge.net"
| #define PACKAGE_URL ""
| #define PACKAGE "flex"
| #define VERSION "2.5.38"
| #define ENABLE_NLS 1
| #define HAVE_GETTEXT 1
| #define HAVE_DCGETTEXT 1
| #define STDC_HEADERS 1
| #define HAVE_SYS_TYPES_H 1
| #define HAVE_SYS_STAT_H 1
| #define HAVE_STDLIB_H 1
| #define HAVE_STRING_H 1
| #define HAVE_MEMORY_H 1
| #define HAVE_STRINGS_H 1
| #define HAVE_INTTYPES_H 1
| #define HAVE_STDINT_H 1
| #define HAVE_UNISTD_H 1
| #define HAVE_DLFCN_H 1
| #define LT_OBJDIR ".libs/"
| #define M4 "/usr/bin/m4"
| #define STDC_HEADERS 1
| #define HAVE_SYS_WAIT_H 1
| #define HAVE_INTTYPES_H 1
| #define HAVE_LIBINTL_H 1
| #define HAVE_LIMITS_H 1
| #define HAVE_LOCALE_H 1
| #define HAVE_MALLOC_H 1
| #define HAVE_NETINET_IN_H 1
| #define HAVE_REGEX_H 1
| #define HAVE_STDDEF_H 1
| #define HAVE_STDLIB_H 1
| #define HAVE_STRING_H 1
| #define HAVE_STRINGS_H 1
| #define HAVE_UNISTD_H 1
| #define HAVE_LIBPTHREAD 1
| #define HAVE_PTHREAD_H 1
| #define HAVE_LIBM 1
| #define HAVE__BOOL 1
| #define HAVE_STDBOOL_H 1
| #define HAVE_ALLOCA_H 1
| #define HAVE_ALLOCA 1
| /* end confdefs.h.  */
| #include <vfork.h>
configure:19048: result: no
configure:19048: checking for vfork.h
configure:19048: result: no
configure:19061: checking for fork
configure:19061: gcc -o conftest -g -O2   conftest.c -lm  >&5
conftest.c:71:6: warning: conflicting types for built-in function 'fork' [enabled by default]
 char fork ();
      ^
configure:19061: $? = 0
configure:19061: result: yes
configure:19061: checking for vfork
configure:19061: gcc -o conftest -g -O2   conftest.c -lm  >&5
configure:19061: $? = 0
configure:19061: result: yes
configure:19071: checking for working fork
configure:19093: gcc -o conftest -g -O2   conftest.c -lm  >&5
configure:19093: $? = 0
configure:19093: ./conftest
configure:19093: $? = 0
configure:19103: result: yes
configure:19124: checking for working vfork
configure:19234: result: yes
configure:19261: checking for stdlib.h
configure:19261: result: yes
configure:19271: checking for GNU libc compatible malloc
configure:19295: gcc -o conftest -g -O2   conftest.c -lm  >&5
configure:19295: $? = 0
configure:19295: ./conftest
configure:19295: $? = 0
configure:19305: result: yes
configure:19328: checking for stdlib.h
configure:19328: result: yes
configure:19338: checking for GNU libc compatible realloc
configure:19362: gcc -o conftest -g -O2   conftest.c -lm  >&5
configure:19362: $? = 0
configure:19362: ./conftest
configure:19362: $? = 0
configure:19372: result: yes
configure:19396: checking for dup2
configure:19396: gcc -o conftest -g -O2   conftest.c -lm  >&5
configure:19396: $? = 0
configure:19396: result: yes
configure:19396: checking for isascii
configure:19396: gcc -o conftest -g -O2   conftest.c -lm  >&5
conftest.c:80:6: warning: conflicting types for built-in function 'isascii' [enabled by default]
 char isascii ();
      ^
configure:19396: $? = 0
configure:19396: result: yes
configure:19396: checking for memset
configure:19396: gcc -o conftest -g -O2   conftest.c -lm  >&5
conftest.c:81:6: warning: conflicting types for built-in function 'memset' [enabled by default]
 char memset ();
      ^
configure:19396: $? = 0
configure:19396: result: yes
configure:19396: checking for pow
configure:19396: gcc -o conftest -g -O2   conftest.c -lm  >&5
conftest.c:82:6: warning: conflicting types for built-in function 'pow' [enabled by default]
 char pow ();
      ^
configure:19396: $? = 0
configure:19396: result: yes
configure:19396: checking for regcomp
configure:19396: gcc -o conftest -g -O2   conftest.c -lm  >&5
configure:19396: $? = 0
configure:19396: result: yes
configure:19396: checking for setlocale
configure:19396: gcc -o conftest -g -O2   conftest.c -lm  >&5
configure:19396: $? = 0
configure:19396: result: yes
configure:19396: checking for strchr
configure:19396: gcc -o conftest -g -O2   conftest.c -lm  >&5
conftest.c:85:6: warning: conflicting types for built-in function 'strchr' [enabled by default]
 char strchr ();
      ^
configure:19396: $? = 0
configure:19396: result: yes
configure:19396: checking for strtol
configure:19396: gcc -o conftest -g -O2   conftest.c -lm  >&5
configure:19396: $? = 0
configure:19396: result: yes
configure:19547: creating ./config.status

## ---------------------- ##
## Running config.status. ##
## ---------------------- ##

This file was extended by the fast lexical analyser generator config.status 2.5.38, which was
generated by GNU Autoconf 2.69.  Invocation command line was

  CONFIG_FILES    = 
  CONFIG_HEADERS  = 
  CONFIG_LINKS    = 
  CONFIG_COMMANDS = 
  $ ./config.status 

on lfs

config.status:1272: creating Makefile
config.status:1272: creating doc/Makefile
config.status:1272: creating examples/Makefile
config.status:1272: creating examples/fastwc/Makefile
config.status:1272: creating examples/manual/Makefile
config.status:1272: creating lib/Makefile
config.status:1272: creating po/Makefile.in
config.status:1272: creating tools/Makefile
config.status:1272: creating tests/Makefile
config.status:1272: creating tests/TEMPLATE/Makefile
config.status:1272: creating tests/test-array-nr/Makefile
config.status:1272: creating tests/test-array-r/Makefile
config.status:1272: creating tests/test-basic-nr/Makefile
config.status:1272: creating tests/test-basic-r/Makefile
config.status:1272: creating tests/test-bison-yylloc/Makefile
config.status:1272: creating tests/test-bison-yylval/Makefile
config.status:1272: creating tests/test-c-cpp-nr/Makefile
config.status:1272: creating tests/test-c-cpp-r/Makefile
config.status:1272: creating tests/test-header-nr/Makefile
config.status:1272: creating tests/test-header-r/Makefile
config.status:1272: creating tests/test-include-by-buffer/Makefile
config.status:1272: creating tests/test-include-by-push/Makefile
config.status:1272: creating tests/test-include-by-reentrant/Makefile
config.status:1272: creating tests/test-multiple-scanners-nr/Makefile
config.status:1272: creating tests/test-multiple-scanners-r/Makefile
config.status:1272: creating tests/test-noansi-nr/Makefile
config.status:1272: creating tests/test-noansi-r/Makefile
config.status:1272: creating tests/test-prefix-nr/Makefile
config.status:1272: creating tests/test-prefix-r/Makefile
config.status:1272: creating tests/test-pthread/Makefile
config.status:1272: creating tests/test-string-nr/Makefile
config.status:1272: creating tests/test-string-r/Makefile
config.status:1272: creating tests/test-yyextra/Makefile
config.status:1272: creating tests/test-alloc-extra/Makefile
config.status:1272: creating tests/test-lineno-nr/Makefile
config.status:1272: creating tests/test-lineno-trailing/Makefile
config.status:1272: creating tests/test-lineno-r/Makefile
config.status:1272: creating tests/test-linedir-r/Makefile
config.status:1272: creating tests/test-debug-r/Makefile
config.status:1272: creating tests/test-debug-nr/Makefile
config.status:1272: creating tests/test-mem-nr/Makefile
config.status:1272: creating tests/test-mem-r/Makefile
config.status:1272: creating tests/test-posix/Makefile
config.status:1272: creating tests/test-posixly-correct/Makefile
config.status:1272: creating tests/test-table-opts/Makefile
config.status:1272: creating tests/test-c++-basic/Makefile
config.status:1272: creating tests/test-bison-nr/Makefile
config.status:1272: creating tests/test-reject/Makefile
config.status:1272: creating tests/test-c++-multiple-scanners/Makefile
config.status:1272: creating tests/test-top/Makefile
config.status:1272: creating tests/test-rescan-nr/Makefile
config.status:1272: creating tests/test-rescan-r/Makefile
config.status:1272: creating tests/test-quotes/Makefile
config.status:1272: creating tests/test-ccl/Makefile
config.status:1272: creating tests/test-extended/Makefile
config.status:1272: creating tests/test-c++-yywrap/Makefile
config.status:1272: creating tests/test-concatenated-options/Makefile
config.status:1272: creating config.h
config.status:1501: executing po-directories commands
config.status:1501: executing depfiles commands
config.status:1501: executing libtool commands

## ---------------- ##
## Cache variables. ##
## ---------------- ##

ac_cv_build=i686-pc-linux-gnu
ac_cv_c_compiler_gnu=yes
ac_cv_c_const=yes
ac_cv_cxx_compiler_gnu=yes
ac_cv_env_CCC_set=
ac_cv_env_CCC_value=
ac_cv_env_CC_set=
ac_cv_env_CC_value=
ac_cv_env_CFLAGS_set=
ac_cv_env_CFLAGS_value=
ac_cv_env_CPPFLAGS_set=
ac_cv_env_CPPFLAGS_value=
ac_cv_env_CPP_set=
ac_cv_env_CPP_value=
ac_cv_env_CXXCPP_set=
ac_cv_env_CXXCPP_value=
ac_cv_env_CXXFLAGS_set=
ac_cv_env_CXXFLAGS_value=
ac_cv_env_CXX_set=
ac_cv_env_CXX_value=
ac_cv_env_LDFLAGS_set=
ac_cv_env_LDFLAGS_value=
ac_cv_env_LIBS_set=
ac_cv_env_LIBS_value=
ac_cv_env_YACC_set=
ac_cv_env_YACC_value=
ac_cv_env_YFLAGS_set=
ac_cv_env_YFLAGS_value=
ac_cv_env_build_alias_set=
ac_cv_env_build_alias_value=
ac_cv_env_host_alias_set=
ac_cv_env_host_alias_value=
ac_cv_env_target_alias_set=
ac_cv_env_target_alias_value=
ac_cv_func_alloca_works=yes
ac_cv_func_dup2=yes
ac_cv_func_fork=yes
ac_cv_func_fork_works=yes
ac_cv_func_isascii=yes
ac_cv_func_malloc_0_nonnull=yes
ac_cv_func_memset=yes
ac_cv_func_pow=yes
ac_cv_func_realloc_0_nonnull=yes
ac_cv_func_regcomp=yes
ac_cv_func_setlocale=yes
ac_cv_func_strchr=yes
ac_cv_func_strtol=yes
ac_cv_func_vfork=yes
ac_cv_func_vfork_works=yes
ac_cv_header_dlfcn_h=yes
ac_cv_header_inttypes_h=yes
ac_cv_header_libintl_h=yes
ac_cv_header_limits_h=yes
ac_cv_header_locale_h=yes
ac_cv_header_malloc_h=yes
ac_cv_header_memory_h=yes
ac_cv_header_netinet_in_h=yes
ac_cv_header_pthread_h=yes
ac_cv_header_regex_h=yes
ac_cv_header_stdbool_h=yes
ac_cv_header_stdc=yes
ac_cv_header_stddef_h=yes
ac_cv_header_stdint_h=yes
ac_cv_header_stdlib_h=yes
ac_cv_header_string_h=yes
ac_cv_header_strings_h=yes
ac_cv_header_sys_stat_h=yes
ac_cv_header_sys_types_h=yes
ac_cv_header_sys_wait_h=yes
ac_cv_header_unistd_h=yes
ac_cv_header_vfork_h=no
ac_cv_host=i686-pc-linux-gnu
ac_cv_lib_m_log10=yes
ac_cv_lib_pthread_pthread_mutex_lock=yes
ac_cv_objext=o
ac_cv_path_BISON=bison
ac_cv_path_EGREP='/tools/bin/grep -E'
ac_cv_path_FGREP='/tools/bin/grep -F'
ac_cv_path_GMSGFMT=/tools/bin/msgfmt
ac_cv_path_GREP=/tools/bin/grep
ac_cv_path_HELP2MAN=help2man
ac_cv_path_INDENT=indent
ac_cv_path_M4=/usr/bin/m4
ac_cv_path_MSGFMT=/tools/bin/msgfmt
ac_cv_path_MSGMERGE=/tools/bin/msgmerge
ac_cv_path_SED=/bin/sed
ac_cv_path_XGETTEXT=/tools/bin/xgettext
ac_cv_path_install='/usr/bin/install -c'
ac_cv_path_mkdir=/bin/mkdir
ac_cv_prog_AWK=gawk
ac_cv_prog_CPP='gcc -E'
ac_cv_prog_CXXCPP='g++ -E'
ac_cv_prog_ac_ct_AR=ar
ac_cv_prog_ac_ct_CC=gcc
ac_cv_prog_ac_ct_CXX=g++
ac_cv_prog_ac_ct_OBJDUMP=objdump
ac_cv_prog_ac_ct_RANLIB=ranlib
ac_cv_prog_ac_ct_STRIP=strip
ac_cv_prog_cc_c89=
ac_cv_prog_cc_g=yes
ac_cv_prog_cc_gcc_c_o=yes
ac_cv_prog_cxx_g=yes
ac_cv_prog_make_make_set=yes
ac_cv_type__Bool=yes
ac_cv_type_pid_t=yes
ac_cv_type_size_t=yes
ac_cv_working_alloca_h=yes
acl_cv_hardcode_direct=no
acl_cv_hardcode_libdir_flag_spec='${wl}-rpath ${wl}$libdir'
acl_cv_hardcode_libdir_separator=
acl_cv_hardcode_minus_L=no
acl_cv_libext=a
acl_cv_libname_spec='lib$name'
acl_cv_library_names_spec='$libname$shrext'
acl_cv_path_LD=/usr/bin/ld
acl_cv_prog_gnu_ld=yes
acl_cv_rpath=done
acl_cv_shlibext=so
acl_cv_wl=-Wl,
am_cv_CC_dependencies_compiler_type=gcc3
am_cv_CXX_dependencies_compiler_type=gcc3
gt_cv_func_CFLocaleCopyCurrent=no
gt_cv_func_CFPreferencesCopyAppValue=no
gt_cv_func_gnugettext1_libc=yes
lt_cv_ar_at_file=@
lt_cv_archive_cmds_need_lc=no
lt_cv_deplibs_check_method=pass_all
lt_cv_file_magic_cmd='$MAGIC_CMD'
lt_cv_file_magic_test_file=
lt_cv_ld_reload_flag=-r
lt_cv_nm_interface='BSD nm'
lt_cv_objdir=.libs
lt_cv_path_LD=/usr/bin/ld
lt_cv_path_LDCXX=/usr/bin/ld
lt_cv_path_NM='/usr/bin/nm -B'
lt_cv_path_mainfest_tool=no
lt_cv_prog_compiler_c_o=yes
lt_cv_prog_compiler_c_o_CXX=yes
lt_cv_prog_compiler_pic='-fPIC -DPIC'
lt_cv_prog_compiler_pic_CXX='-fPIC -DPIC'
lt_cv_prog_compiler_pic_works=yes
lt_cv_prog_compiler_pic_works_CXX=yes
lt_cv_prog_compiler_rtti_exceptions=no
lt_cv_prog_compiler_static_works=yes
lt_cv_prog_compiler_static_works_CXX=yes
lt_cv_prog_gnu_ld=yes
lt_cv_prog_gnu_ldcxx=yes
lt_cv_sharedlib_from_linklib_cmd='printf %s\n'
lt_cv_shlibpath_overrides_runpath=no
lt_cv_sys_global_symbol_pipe='sed -n -e '\''s/^.*[	 ]\([ABCDGIRSTW][ABCDGIRSTW]*\)[	 ][	 ]*\([_A-Za-z][_A-Za-z0-9]*\)$/\1 \2 \2/p'\'' | sed '\''/ __gnu_lto/d'\'''
lt_cv_sys_global_symbol_to_c_name_address='sed -n -e '\''s/^: \([^ ]*\)[ ]*$/  {\"\1\", (void *) 0},/p'\'' -e '\''s/^[ABCDGIRSTW]* \([^ ]*\) \([^ ]*\)$/  {"\2", (void *) \&\2},/p'\'''
lt_cv_sys_global_symbol_to_c_name_address_lib_prefix='sed -n -e '\''s/^: \([^ ]*\)[ ]*$/  {\"\1\", (void *) 0},/p'\'' -e '\''s/^[ABCDGIRSTW]* \([^ ]*\) \(lib[^ ]*\)$/  {"\2", (void *) \&\2},/p'\'' -e '\''s/^[ABCDGIRSTW]* \([^ ]*\) \([^ ]*\)$/  {"lib\2", (void *) \&\2},/p'\'''
lt_cv_sys_global_symbol_to_cdecl='sed -n -e '\''s/^T .* \(.*\)$/extern int \1();/p'\'' -e '\''s/^[ABCDGIRSTW]* .* \(.*\)$/extern char \1;/p'\'''
lt_cv_sys_max_cmd_len=1572864
lt_cv_to_host_file_cmd=func_convert_file_noop
lt_cv_to_tool_file_cmd=func_convert_file_noop

## ----------------- ##
## Output variables. ##
## ----------------- ##

ACLOCAL='${SHELL} /sources/flex-2.5.38/missing --run aclocal-1.11'
ALLOCA=''
AMDEPBACKSLASH='\'
AMDEP_FALSE='#'
AMDEP_TRUE=''
AMTAR='$${TAR-tar}'
AR='ar'
AUTOCONF='${SHELL} /sources/flex-2.5.38/missing --run autoconf'
AUTOHEADER='${SHELL} /sources/flex-2.5.38/missing --run autoheader'
AUTOMAKE='${SHELL} /sources/flex-2.5.38/missing --run automake-1.11'
AWK='gawk'
BISON='bison'
CC='gcc'
CCDEPMODE='depmode=gcc3'
CFLAGS='-g -O2'
CPP='gcc -E'
CPPFLAGS=''
CXX='g++'
CXXCPP='g++ -E'
CXXDEPMODE='depmode=gcc3'
CXXFLAGS='-g -O2'
CYGPATH_W='echo'
DEFS='-DHAVE_CONFIG_H'
DEPDIR='.deps'
DLLTOOL='false'
DSYMUTIL=''
DUMPBIN=''
ECHO_C=''
ECHO_N='-n'
ECHO_T=''
EGREP='/tools/bin/grep -E'
EXEEXT=''
FGREP='/tools/bin/grep -F'
GETTEXT_MACRO_VERSION='0.18'
GMSGFMT='/tools/bin/msgfmt'
GMSGFMT_015='/tools/bin/msgfmt'
GREP='/tools/bin/grep'
HELP2MAN='help2man'
INDENT='indent'
INSTALL_DATA='${INSTALL} -m 644'
INSTALL_PROGRAM='${INSTALL}'
INSTALL_SCRIPT='${INSTALL}'
INSTALL_STRIP_PROGRAM='$(install_sh) -c -s'
INTLLIBS=''
INTL_MACOSX_LIBS=''
LD='/usr/bin/ld'
LDFLAGS=''
LEX='${SHELL} /sources/flex-2.5.38/missing --run flex'
LEXLIB=''
LEX_OUTPUT_ROOT=''
LIBICONV='-liconv'
LIBINTL=''
LIBOBJS=''
LIBS='-lm '
LIBTOOL='$(SHELL) $(top_builddir)/libtool'
LIPO=''
LN_S='ln -s'
LTLIBICONV='-liconv'
LTLIBINTL=''
LTLIBOBJS=''
M4='/usr/bin/m4'
MAKEINFO='${SHELL} /sources/flex-2.5.38/missing --run makeinfo'
MANIFEST_TOOL=':'
MKDIR_P='/bin/mkdir -p'
MSGFMT='/tools/bin/msgfmt'
MSGFMT_015='/tools/bin/msgfmt'
MSGMERGE='/tools/bin/msgmerge'
NM='/usr/bin/nm -B'
NMEDIT=''
OBJDUMP='objdump'
OBJEXT='o'
OTOOL64=''
OTOOL=''
PACKAGE='flex'
PACKAGE_BUGREPORT='flex-help@lists.sourceforge.net'
PACKAGE_NAME='the fast lexical analyser generator'
PACKAGE_STRING='the fast lexical analyser generator 2.5.38'
PACKAGE_TARNAME='flex'
PACKAGE_URL=''
PACKAGE_VERSION='2.5.38'
PATH_SEPARATOR=':'
POSUB='po'
RANLIB='ranlib'
SED='/bin/sed'
SET_MAKE=''
SHARED_VERSION_INFO='2:0:0'
SHELL='/bin/sh'
STRIP='strip'
USE_NLS='yes'
VERSION='2.5.38'
XGETTEXT='/tools/bin/xgettext'
XGETTEXT_015='/tools/bin/xgettext'
XGETTEXT_EXTRA_OPTIONS=''
YACC='yacc'
YFLAGS=''
ac_ct_AR='ar'
ac_ct_CC='gcc'
ac_ct_CXX='g++'
ac_ct_DUMPBIN=''
am__EXEEXT_FALSE=''
am__EXEEXT_TRUE='#'
am__fastdepCC_FALSE='#'
am__fastdepCC_TRUE=''
am__fastdepCXX_FALSE='#'
am__fastdepCXX_TRUE=''
am__include='include'
am__isrc=''
am__leading_dot='.'
am__nodep='_no'
am__quote=''
am__tar='$${TAR-tar} chof - "$$tardir"'
am__untar='$${TAR-tar} xf -'
bindir='${exec_prefix}/bin'
build='i686-pc-linux-gnu'
build_alias=''
build_cpu='i686'
build_os='linux-gnu'
build_vendor='pc'
datadir='${datarootdir}'
datarootdir='${prefix}/share'
docdir='/usr/share/doc/flex-2.5.38'
dvidir='${docdir}'
exec_prefix='${prefix}'
host='i686-pc-linux-gnu'
host_alias=''
host_cpu='i686'
host_os='linux-gnu'
host_vendor='pc'
htmldir='${docdir}'
includedir='${prefix}/include'
infodir='${datarootdir}/info'
install_sh='${SHELL} /sources/flex-2.5.38/install-sh'
libdir='${exec_prefix}/lib'
libexecdir='${exec_prefix}/libexec'
localedir='${datarootdir}/locale'
localstatedir='${prefix}/var'
mandir='${datarootdir}/man'
mkdir_p='/bin/mkdir -p'
oldincludedir='/usr/include'
pdfdir='${docdir}'
prefix='/usr'
program_transform_name='s,x,x,'
psdir='${docdir}'
sbindir='${exec_prefix}/sbin'
sharedstatedir='${prefix}/com'
sysconfdir='${prefix}/etc'
target_alias=''

## ----------- ##
## confdefs.h. ##
## ----------- ##

/* confdefs.h */
#define PACKAGE_NAME "the fast lexical analyser generator"
#define PACKAGE_TARNAME "flex"
#define PACKAGE_VERSION "2.5.38"
#define PACKAGE_STRING "the fast lexical analyser generator 2.5.38"
#define PACKAGE_BUGREPORT "flex-help@lists.sourceforge.net"
#define PACKAGE_URL ""
#define PACKAGE "flex"
#define VERSION "2.5.38"
#define ENABLE_NLS 1
#define HAVE_GETTEXT 1
#define HAVE_DCGETTEXT 1
#define STDC_HEADERS 1
#define HAVE_SYS_TYPES_H 1
#define HAVE_SYS_STAT_H 1
#define HAVE_STDLIB_H 1
#define HAVE_STRING_H 1
#define HAVE_MEMORY_H 1
#define HAVE_STRINGS_H 1
#define HAVE_INTTYPES_H 1
#define HAVE_STDINT_H 1
#define HAVE_UNISTD_H 1
#define HAVE_DLFCN_H 1
#define LT_OBJDIR ".libs/"
#define M4 "/usr/bin/m4"
#define STDC_HEADERS 1
#define HAVE_SYS_WAIT_H 1
#define HAVE_INTTYPES_H 1
#define HAVE_LIBINTL_H 1
#define HAVE_LIMITS_H 1
#define HAVE_LOCALE_H 1
#define HAVE_MALLOC_H 1
#define HAVE_NETINET_IN_H 1
#define HAVE_REGEX_H 1
#define HAVE_STDDEF_H 1
#define HAVE_STDLIB_H 1
#define HAVE_STRING_H 1
#define HAVE_STRINGS_H 1
#define HAVE_UNISTD_H 1
#define HAVE_LIBPTHREAD 1
#define HAVE_PTHREAD_H 1
#define HAVE_LIBM 1
#define HAVE__BOOL 1
#define HAVE_STDBOOL_H 1
#define HAVE_ALLOCA_H 1
#define HAVE_ALLOCA 1
#define HAVE_FORK 1
#define HAVE_VFORK 1
#define HAVE_WORKING_VFORK 1
#define HAVE_WORKING_FORK 1
#define HAVE_STDLIB_H 1
#define HAVE_MALLOC 1
#define HAVE_STDLIB_H 1
#define HAVE_REALLOC 1
#define HAVE_DUP2 1
#define HAVE_ISASCII 1
#define HAVE_MEMSET 1
#define HAVE_POW 1
#define HAVE_REGCOMP 1
#define HAVE_SETLOCALE 1
#define HAVE_STRCHR 1
#define HAVE_STRTOL 1

configure: exit 0
