Making install in glob
make[1]: Entering directory '/sources/make-4.0/glob'
make[2]: Entering directory '/sources/make-4.0/glob'
make[2]: Nothing to be done for 'install-exec-am'.
make[2]: Nothing to be done for 'install-data-am'.
make[2]: Leaving directory '/sources/make-4.0/glob'
make[1]: Leaving directory '/sources/make-4.0/glob'
Making install in config
make[1]: Entering directory '/sources/make-4.0/config'
make[2]: Entering directory '/sources/make-4.0/config'
make[2]: Nothing to be done for 'install-exec-am'.
make[2]: Nothing to be done for 'install-data-am'.
make[2]: Leaving directory '/sources/make-4.0/config'
make[1]: Leaving directory '/sources/make-4.0/config'
Making install in po
make[1]: Entering directory '/sources/make-4.0/po'
installing be.gmo as /usr/share/locale/be/LC_MESSAGES/make.mo
installing cs.gmo as /usr/share/locale/cs/LC_MESSAGES/make.mo
installing da.gmo as /usr/share/locale/da/LC_MESSAGES/make.mo
installing de.gmo as /usr/share/locale/de/LC_MESSAGES/make.mo
installing es.gmo as /usr/share/locale/es/LC_MESSAGES/make.mo
installing fi.gmo as /usr/share/locale/fi/LC_MESSAGES/make.mo
installing fr.gmo as /usr/share/locale/fr/LC_MESSAGES/make.mo
installing ga.gmo as /usr/share/locale/ga/LC_MESSAGES/make.mo
installing gl.gmo as /usr/share/locale/gl/LC_MESSAGES/make.mo
installing he.gmo as /usr/share/locale/he/LC_MESSAGES/make.mo
installing hr.gmo as /usr/share/locale/hr/LC_MESSAGES/make.mo
installing id.gmo as /usr/share/locale/id/LC_MESSAGES/make.mo
installing it.gmo as /usr/share/locale/it/LC_MESSAGES/make.mo
installing ja.gmo as /usr/share/locale/ja/LC_MESSAGES/make.mo
installing ko.gmo as /usr/share/locale/ko/LC_MESSAGES/make.mo
installing lt.gmo as /usr/share/locale/lt/LC_MESSAGES/make.mo
installing nl.gmo as /usr/share/locale/nl/LC_MESSAGES/make.mo
installing pl.gmo as /usr/share/locale/pl/LC_MESSAGES/make.mo
installing pt_BR.gmo as /usr/share/locale/pt_BR/LC_MESSAGES/make.mo
installing ru.gmo as /usr/share/locale/ru/LC_MESSAGES/make.mo
installing sv.gmo as /usr/share/locale/sv/LC_MESSAGES/make.mo
installing tr.gmo as /usr/share/locale/tr/LC_MESSAGES/make.mo
installing uk.gmo as /usr/share/locale/uk/LC_MESSAGES/make.mo
installing vi.gmo as /usr/share/locale/vi/LC_MESSAGES/make.mo
installing zh_CN.gmo as /usr/share/locale/zh_CN/LC_MESSAGES/make.mo
if test "make" = "gettext-tools"; then \
  /bin/mkdir -p /usr/share/gettext/po; \
  for file in Makefile.in.in remove-potcdate.sin quot.sed boldquot.sed en@quot.header en@boldquot.header insert-header.sin Rules-quot   Makevars.template; do \
    /usr/bin/install -c -m 644 ./$file \
		    /usr/share/gettext/po/$file; \
  done; \
  for file in Makevars; do \
    rm -f /usr/share/gettext/po/$file; \
  done; \
else \
  : ; \
fi
make[1]: Leaving directory '/sources/make-4.0/po'
Making install in doc
make[1]: Entering directory '/sources/make-4.0/doc'
make[2]: Entering directory '/sources/make-4.0/doc'
make[2]: Nothing to be done for 'install-exec-am'.
 /bin/mkdir -p '/usr/share/info'
 /usr/bin/install -c -m 644 ./make.info ./make.info-1 ./make.info-2 '/usr/share/info'
 install-info --info-dir='/usr/share/info' '/usr/share/info/make.info'
make[2]: Leaving directory '/sources/make-4.0/doc'
make[1]: Leaving directory '/sources/make-4.0/doc'
make[1]: Entering directory '/sources/make-4.0'
make[2]: Entering directory '/sources/make-4.0'
 /bin/mkdir -p '/usr/bin'
  /usr/bin/install -c make '/usr/bin'
 /bin/mkdir -p '/usr/include'
 /usr/bin/install -c -m 644 gnumake.h '/usr/include'
 /bin/mkdir -p '/usr/share/man/man1'
 /usr/bin/install -c -m 644 make.1 '/usr/share/man/man1'
make[2]: Leaving directory '/sources/make-4.0'
make[1]: Leaving directory '/sources/make-4.0'
