This file contains any messages produced by compilers while
running configure, to aid debugging if configure makes a mistake.

It was created by GNU make configure 4.0, which was
generated by GNU Autoconf 2.69.  Invocation command line was

  $ ./configure --prefix=/usr

## --------- ##
## Platform. ##
## --------- ##

hostname = lfs
uname -m = i686
uname -r = 3.11.0-26-generic
uname -s = Linux
uname -v = #45-Ubuntu SMP Tue Jul 15 04:04:15 UTC 2014

/usr/bin/uname -p = unknown
/bin/uname -X     = unknown

/bin/arch              = unknown
/usr/bin/arch -k       = unknown
/usr/convex/getsysinfo = unknown
/usr/bin/hostinfo      = unknown
/bin/machine           = unknown
/usr/bin/oslevel       = unknown
/bin/universe          = unknown

PATH: /bin
PATH: /usr/bin
PATH: /sbin
PATH: /usr/sbin
PATH: /tools/bin


## ----------- ##
## Core tests. ##
## ----------- ##

configure:2454: checking for a BSD-compatible install
configure:2522: result: /usr/bin/install -c
configure:2533: checking whether build environment is sane
configure:2583: result: yes
configure:2724: checking for a thread-safe mkdir -p
configure:2763: result: /bin/mkdir -p
configure:2776: checking for gawk
configure:2792: found /usr/bin/gawk
configure:2803: result: gawk
configure:2814: checking whether make sets $(MAKE)
configure:2836: result: yes
configure:2865: checking whether make supports nested variables
configure:2882: result: yes
configure:3005: checking for gcc
configure:3021: found /usr/bin/gcc
configure:3032: result: gcc
configure:3261: checking for C compiler version
configure:3270: gcc --version >&5
gcc (GCC) 4.8.2
Copyright (C) 2013 Free Software Foundation, Inc.
This is free software; see the source for copying conditions.  There is NO
warranty; not even for MERCHANTABILITY or FITNESS FOR A PARTICULAR PURPOSE.

configure:3281: $? = 0
configure:3270: gcc -v >&5
Using built-in specs.
COLLECT_GCC=gcc
COLLECT_LTO_WRAPPER=/usr/libexec/gcc/i686-pc-linux-gnu/4.8.2/lto-wrapper
Target: i686-pc-linux-gnu
Configured with: ../gcc-4.8.2/configure --prefix=/usr --enable-shared --enable-threads=posix --enable-__cxa_atexit --enable-clocale=gnu --enable-languages=c,c++ --disable-multilib --disable-bootstrap --with-system-zlib
Thread model: posix
gcc version 4.8.2 (GCC) 
configure:3281: $? = 0
configure:3270: gcc -V >&5
gcc: error: unrecognized command line option '-V'
gcc: fatal error: no input files
compilation terminated.
configure:3281: $? = 1
configure:3270: gcc -qversion >&5
gcc: error: unrecognized command line option '-qversion'
gcc: fatal error: no input files
compilation terminated.
configure:3281: $? = 1
configure:3301: checking whether the C compiler works
configure:3323: gcc    conftest.c  >&5
configure:3327: $? = 0
configure:3375: result: yes
configure:3378: checking for C compiler default output file name
configure:3380: result: a.out
configure:3386: checking for suffix of executables
configure:3393: gcc -o conftest    conftest.c  >&5
configure:3397: $? = 0
configure:3419: result: 
configure:3441: checking whether we are cross compiling
configure:3449: gcc -o conftest    conftest.c  >&5
configure:3453: $? = 0
configure:3460: ./conftest
configure:3464: $? = 0
configure:3479: result: no
configure:3484: checking for suffix of object files
configure:3506: gcc -c   conftest.c >&5
configure:3510: $? = 0
configure:3531: result: o
configure:3535: checking whether we are using the GNU C compiler
configure:3554: gcc -c   conftest.c >&5
configure:3554: $? = 0
configure:3563: result: yes
configure:3572: checking whether gcc accepts -g
configure:3592: gcc -c -g  conftest.c >&5
configure:3592: $? = 0
configure:3633: result: yes
configure:3650: checking for gcc option to accept ISO C89
configure:3713: gcc  -c -g -O2  conftest.c >&5
configure:3713: $? = 0
configure:3726: result: none needed
configure:3757: checking for style of include used by make
configure:3785: result: GNU
configure:3811: checking dependency style of gcc
configure:3922: result: gcc3
configure:3981: checking for ranlib
configure:3997: found /usr/bin/ranlib
configure:4008: result: ranlib
configure:4035: checking how to run the C preprocessor
configure:4066: gcc -E  conftest.c
configure:4066: $? = 0
configure:4080: gcc -E  conftest.c
conftest.c:11:28: fatal error: ac_nonexistent.h: No such file or directory
 #include <ac_nonexistent.h>
                            ^
compilation terminated.
configure:4080: $? = 1
configure: failed program was:
| /* confdefs.h */
| #define PACKAGE_NAME "GNU make"
| #define PACKAGE_TARNAME "make"
| #define PACKAGE_VERSION "4.0"
| #define PACKAGE_STRING "GNU make 4.0"
| #define PACKAGE_BUGREPORT "bug-make@gnu.org"
| #define PACKAGE_URL "http://www.gnu.org/software/make/"
| #define PACKAGE "make"
| #define VERSION "4.0"
| /* end confdefs.h.  */
| #include <ac_nonexistent.h>
configure:4105: result: gcc -E
configure:4125: gcc -E  conftest.c
configure:4125: $? = 0
configure:4139: gcc -E  conftest.c
conftest.c:11:28: fatal error: ac_nonexistent.h: No such file or directory
 #include <ac_nonexistent.h>
                            ^
compilation terminated.
configure:4139: $? = 1
configure: failed program was:
| /* confdefs.h */
| #define PACKAGE_NAME "GNU make"
| #define PACKAGE_TARNAME "make"
| #define PACKAGE_VERSION "4.0"
| #define PACKAGE_STRING "GNU make 4.0"
| #define PACKAGE_BUGREPORT "bug-make@gnu.org"
| #define PACKAGE_URL "http://www.gnu.org/software/make/"
| #define PACKAGE "make"
| #define VERSION "4.0"
| /* end confdefs.h.  */
| #include <ac_nonexistent.h>
configure:4169: checking for ar
configure:4185: found /usr/bin/ar
configure:4197: result: ar
configure:4208: checking for perl
configure:4224: found /usr/bin/perl
configure:4236: result: perl
configure:4250: checking build system type
configure:4264: result: i686-pc-linux-gnu
configure:4284: checking host system type
configure:4297: result: i686-pc-linux-gnu
configure:4319: checking for grep that handles long lines and -e
configure:4377: result: /bin/grep
configure:4382: checking for egrep
configure:4444: result: /bin/grep -E
configure:4449: checking for ANSI C header files
configure:4469: gcc -c -g -O2  conftest.c >&5
configure:4469: $? = 0
configure:4542: gcc -o conftest -g -O2   conftest.c  >&5
configure:4542: $? = 0
configure:4542: ./conftest
configure:4542: $? = 0
configure:4553: result: yes
configure:4566: checking for sys/types.h
configure:4566: gcc -c -g -O2  conftest.c >&5
configure:4566: $? = 0
configure:4566: result: yes
configure:4566: checking for sys/stat.h
configure:4566: gcc -c -g -O2  conftest.c >&5
configure:4566: $? = 0
configure:4566: result: yes
configure:4566: checking for stdlib.h
configure:4566: gcc -c -g -O2  conftest.c >&5
configure:4566: $? = 0
configure:4566: result: yes
configure:4566: checking for string.h
configure:4566: gcc -c -g -O2  conftest.c >&5
configure:4566: $? = 0
configure:4566: result: yes
configure:4566: checking for memory.h
configure:4566: gcc -c -g -O2  conftest.c >&5
configure:4566: $? = 0
configure:4566: result: yes
configure:4566: checking for strings.h
configure:4566: gcc -c -g -O2  conftest.c >&5
configure:4566: $? = 0
configure:4566: result: yes
configure:4566: checking for inttypes.h
configure:4566: gcc -c -g -O2  conftest.c >&5
configure:4566: $? = 0
configure:4566: result: yes
configure:4566: checking for stdint.h
configure:4566: gcc -c -g -O2  conftest.c >&5
configure:4566: $? = 0
configure:4566: result: yes
configure:4566: checking for unistd.h
configure:4566: gcc -c -g -O2  conftest.c >&5
configure:4566: $? = 0
configure:4566: result: yes
configure:4579: checking minix/config.h usability
configure:4579: gcc -c -g -O2  conftest.c >&5
conftest.c:54:26: fatal error: minix/config.h: No such file or directory
 #include <minix/config.h>
                          ^
compilation terminated.
configure:4579: $? = 1
configure: failed program was:
| /* confdefs.h */
| #define PACKAGE_NAME "GNU make"
| #define PACKAGE_TARNAME "make"
| #define PACKAGE_VERSION "4.0"
| #define PACKAGE_STRING "GNU make 4.0"
| #define PACKAGE_BUGREPORT "bug-make@gnu.org"
| #define PACKAGE_URL "http://www.gnu.org/software/make/"
| #define PACKAGE "make"
| #define VERSION "4.0"
| #define STDC_HEADERS 1
| #define HAVE_SYS_TYPES_H 1
| #define HAVE_SYS_STAT_H 1
| #define HAVE_STDLIB_H 1
| #define HAVE_STRING_H 1
| #define HAVE_MEMORY_H 1
| #define HAVE_STRINGS_H 1
| #define HAVE_INTTYPES_H 1
| #define HAVE_STDINT_H 1
| #define HAVE_UNISTD_H 1
| /* end confdefs.h.  */
| #include <stdio.h>
| #ifdef HAVE_SYS_TYPES_H
| # include <sys/types.h>
| #endif
| #ifdef HAVE_SYS_STAT_H
| # include <sys/stat.h>
| #endif
| #ifdef STDC_HEADERS
| # include <stdlib.h>
| # include <stddef.h>
| #else
| # ifdef HAVE_STDLIB_H
| #  include <stdlib.h>
| # endif
| #endif
| #ifdef HAVE_STRING_H
| # if !defined STDC_HEADERS && defined HAVE_MEMORY_H
| #  include <memory.h>
| # endif
| # include <string.h>
| #endif
| #ifdef HAVE_STRINGS_H
| # include <strings.h>
| #endif
| #ifdef HAVE_INTTYPES_H
| # include <inttypes.h>
| #endif
| #ifdef HAVE_STDINT_H
| # include <stdint.h>
| #endif
| #ifdef HAVE_UNISTD_H
| # include <unistd.h>
| #endif
| #include <minix/config.h>
configure:4579: result: no
configure:4579: checking minix/config.h presence
configure:4579: gcc -E  conftest.c
conftest.c:21:26: fatal error: minix/config.h: No such file or directory
 #include <minix/config.h>
                          ^
compilation terminated.
configure:4579: $? = 1
configure: failed program was:
| /* confdefs.h */
| #define PACKAGE_NAME "GNU make"
| #define PACKAGE_TARNAME "make"
| #define PACKAGE_VERSION "4.0"
| #define PACKAGE_STRING "GNU make 4.0"
| #define PACKAGE_BUGREPORT "bug-make@gnu.org"
| #define PACKAGE_URL "http://www.gnu.org/software/make/"
| #define PACKAGE "make"
| #define VERSION "4.0"
| #define STDC_HEADERS 1
| #define HAVE_SYS_TYPES_H 1
| #define HAVE_SYS_STAT_H 1
| #define HAVE_STDLIB_H 1
| #define HAVE_STRING_H 1
| #define HAVE_MEMORY_H 1
| #define HAVE_STRINGS_H 1
| #define HAVE_INTTYPES_H 1
| #define HAVE_STDINT_H 1
| #define HAVE_UNISTD_H 1
| /* end confdefs.h.  */
| #include <minix/config.h>
configure:4579: result: no
configure:4579: checking for minix/config.h
configure:4579: result: no
configure:4600: checking whether it is safe to define __EXTENSIONS__
configure:4618: gcc -c -g -O2  conftest.c >&5
configure:4618: $? = 0
configure:4625: result: yes
configure:4640: checking for library containing strerror
configure:4671: gcc -o conftest -g -O2   conftest.c  >&5
configure:4671: $? = 0
configure:4688: result: none required
configure:4702: checking whether NLS is requested
configure:4711: result: yes
configure:4752: checking for msgfmt
configure: trying /usr/bin/msgfmt...
0 translated messages.
configure:4784: result: /usr/bin/msgfmt
configure:4793: checking for gmsgfmt
configure:4824: result: /usr/bin/msgfmt
configure:4875: checking for xgettext
configure: trying /usr/bin/xgettext...
/usr/bin/xgettext: warning: file '/dev/null' extension '' is unknown; will try C
configure:4907: result: /usr/bin/xgettext
configure:4953: checking for msgmerge
configure: trying /usr/bin/msgmerge...
configure:4984: result: /usr/bin/msgmerge
configure:5041: checking for ld used by GCC
configure:5105: result: /usr/bin/ld
configure:5112: checking if the linker (/usr/bin/ld) is GNU ld
configure:5125: result: yes
configure:5132: checking for shared library run path origin
configure:5145: result: done
configure:5717: checking for CFPreferencesCopyAppValue
configure:5735: gcc -o conftest -g -O2   conftest.c  -Wl,-framework -Wl,CoreFoundation >&5
conftest.c:26:42: fatal error: CoreFoundation/CFPreferences.h: No such file or directory
 #include <CoreFoundation/CFPreferences.h>
                                          ^
compilation terminated.
configure:5735: $? = 1
configure: failed program was:
| /* confdefs.h */
| #define PACKAGE_NAME "GNU make"
| #define PACKAGE_TARNAME "make"
| #define PACKAGE_VERSION "4.0"
| #define PACKAGE_STRING "GNU make 4.0"
| #define PACKAGE_BUGREPORT "bug-make@gnu.org"
| #define PACKAGE_URL "http://www.gnu.org/software/make/"
| #define PACKAGE "make"
| #define VERSION "4.0"
| #define STDC_HEADERS 1
| #define HAVE_SYS_TYPES_H 1
| #define HAVE_SYS_STAT_H 1
| #define HAVE_STDLIB_H 1
| #define HAVE_STRING_H 1
| #define HAVE_MEMORY_H 1
| #define HAVE_STRINGS_H 1
| #define HAVE_INTTYPES_H 1
| #define HAVE_STDINT_H 1
| #define HAVE_UNISTD_H 1
| #define __EXTENSIONS__ 1
| #define _ALL_SOURCE 1
| #define _GNU_SOURCE 1
| #define _POSIX_PTHREAD_SEMANTICS 1
| #define _TANDEM_SOURCE 1
| /* end confdefs.h.  */
| #include <CoreFoundation/CFPreferences.h>
| int
| main ()
| {
| CFPreferencesCopyAppValue(NULL, NULL)
|   ;
|   return 0;
| }
configure:5744: result: no
configure:5751: checking for CFLocaleCopyCurrent
configure:5769: gcc -o conftest -g -O2   conftest.c  -Wl,-framework -Wl,CoreFoundation >&5
conftest.c:26:37: fatal error: CoreFoundation/CFLocale.h: No such file or directory
 #include <CoreFoundation/CFLocale.h>
                                     ^
compilation terminated.
configure:5769: $? = 1
configure: failed program was:
| /* confdefs.h */
| #define PACKAGE_NAME "GNU make"
| #define PACKAGE_TARNAME "make"
| #define PACKAGE_VERSION "4.0"
| #define PACKAGE_STRING "GNU make 4.0"
| #define PACKAGE_BUGREPORT "bug-make@gnu.org"
| #define PACKAGE_URL "http://www.gnu.org/software/make/"
| #define PACKAGE "make"
| #define VERSION "4.0"
| #define STDC_HEADERS 1
| #define HAVE_SYS_TYPES_H 1
| #define HAVE_SYS_STAT_H 1
| #define HAVE_STDLIB_H 1
| #define HAVE_STRING_H 1
| #define HAVE_MEMORY_H 1
| #define HAVE_STRINGS_H 1
| #define HAVE_INTTYPES_H 1
| #define HAVE_STDINT_H 1
| #define HAVE_UNISTD_H 1
| #define __EXTENSIONS__ 1
| #define _ALL_SOURCE 1
| #define _GNU_SOURCE 1
| #define _POSIX_PTHREAD_SEMANTICS 1
| #define _TANDEM_SOURCE 1
| /* end confdefs.h.  */
| #include <CoreFoundation/CFLocale.h>
| int
| main ()
| {
| CFLocaleCopyCurrent();
|   ;
|   return 0;
| }
configure:5778: result: no
configure:5827: checking for GNU gettext in libc
configure:5847: gcc -o conftest -g -O2   conftest.c  >&5
configure:5847: $? = 0
configure:5856: result: yes
configure:6647: checking whether to use NLS
configure:6649: result: yes
configure:6652: checking where the gettext function comes from
configure:6663: result: libc
configure:6731: checking for special C compiler options needed for large files
configure:6776: result: no
configure:6782: checking for _FILE_OFFSET_BITS value needed for large files
configure:6807: gcc -c -g -O2  conftest.c >&5
conftest.c:35:3: warning: left shift count >= width of type [enabled by default]
   int off_t_is_large[(LARGE_OFF_T % 2147483629 == 721
   ^
conftest.c:35:3: warning: left shift count >= width of type [enabled by default]
conftest.c:36:10: warning: left shift count >= width of type [enabled by default]
          && LARGE_OFF_T % 2147483647 == 1)
          ^
conftest.c:36:10: warning: left shift count >= width of type [enabled by default]
conftest.c:35:7: error: variably modified 'off_t_is_large' at file scope
   int off_t_is_large[(LARGE_OFF_T % 2147483629 == 721
       ^
configure:6807: $? = 1
configure: failed program was:
| /* confdefs.h */
| #define PACKAGE_NAME "GNU make"
| #define PACKAGE_TARNAME "make"
| #define PACKAGE_VERSION "4.0"
| #define PACKAGE_STRING "GNU make 4.0"
| #define PACKAGE_BUGREPORT "bug-make@gnu.org"
| #define PACKAGE_URL "http://www.gnu.org/software/make/"
| #define PACKAGE "make"
| #define VERSION "4.0"
| #define STDC_HEADERS 1
| #define HAVE_SYS_TYPES_H 1
| #define HAVE_SYS_STAT_H 1
| #define HAVE_STDLIB_H 1
| #define HAVE_STRING_H 1
| #define HAVE_MEMORY_H 1
| #define HAVE_STRINGS_H 1
| #define HAVE_INTTYPES_H 1
| #define HAVE_STDINT_H 1
| #define HAVE_UNISTD_H 1
| #define __EXTENSIONS__ 1
| #define _ALL_SOURCE 1
| #define _GNU_SOURCE 1
| #define _POSIX_PTHREAD_SEMANTICS 1
| #define _TANDEM_SOURCE 1
| #define ENABLE_NLS 1
| #define HAVE_GETTEXT 1
| #define HAVE_DCGETTEXT 1
| /* end confdefs.h.  */
| #include <sys/types.h>
|  /* Check that off_t can represent 2**63 - 1 correctly.
|     We can't simply define LARGE_OFF_T to be 9223372036854775807,
|     since some C++ compilers masquerading as C compilers
|     incorrectly reject 9223372036854775807.  */
| #define LARGE_OFF_T (((off_t) 1 << 62) - 1 + ((off_t) 1 << 62))
|   int off_t_is_large[(LARGE_OFF_T % 2147483629 == 721
| 		       && LARGE_OFF_T % 2147483647 == 1)
| 		      ? 1 : -1];
| int
| main ()
| {
| 
|   ;
|   return 0;
| }
configure:6831: gcc -c -g -O2  conftest.c >&5
configure:6831: $? = 0
configure:6839: result: 64
configure:6926: checking for library containing getpwnam
configure:6957: gcc -o conftest -g -O2   conftest.c  >&5
configure:6957: $? = 0
configure:6974: result: none required
configure:6984: checking for ANSI C header files
configure:7088: result: yes
configure:7099: checking for dirent.h that defines DIR
configure:7118: gcc -c -g -O2  conftest.c >&5
configure:7118: $? = 0
configure:7126: result: yes
configure:7139: checking for library containing opendir
configure:7170: gcc -o conftest -g -O2   conftest.c  >&5
configure:7170: $? = 0
configure:7187: result: none required
configure:7254: checking whether stat file-mode macros are broken
configure:7281: gcc -c -g -O2  conftest.c >&5
configure:7281: $? = 0
configure:7288: result: no
configure:7296: checking whether time.h and sys/time.h may both be included
configure:7316: gcc -c -g -O2  conftest.c >&5
configure:7316: $? = 0
configure:7323: result: yes
configure:7335: checking for stdlib.h
configure:7335: result: yes
configure:7335: checking locale.h usability
configure:7335: gcc -c -g -O2  conftest.c >&5
configure:7335: $? = 0
configure:7335: result: yes
configure:7335: checking locale.h presence
configure:7335: gcc -E  conftest.c
configure:7335: $? = 0
configure:7335: result: yes
configure:7335: checking for locale.h
configure:7335: result: yes
configure:7335: checking for unistd.h
configure:7335: result: yes
configure:7335: checking limits.h usability
configure:7335: gcc -c -g -O2  conftest.c >&5
configure:7335: $? = 0
configure:7335: result: yes
configure:7335: checking limits.h presence
configure:7335: gcc -E  conftest.c
configure:7335: $? = 0
configure:7335: result: yes
configure:7335: checking for limits.h
configure:7335: result: yes
configure:7335: checking fcntl.h usability
configure:7335: gcc -c -g -O2  conftest.c >&5
configure:7335: $? = 0
configure:7335: result: yes
configure:7335: checking fcntl.h presence
configure:7335: gcc -E  conftest.c
configure:7335: $? = 0
configure:7335: result: yes
configure:7335: checking for fcntl.h
configure:7335: result: yes
configure:7335: checking for string.h
configure:7335: result: yes
configure:7335: checking for memory.h
configure:7335: result: yes
configure:7335: checking sys/param.h usability
configure:7335: gcc -c -g -O2  conftest.c >&5
configure:7335: $? = 0
configure:7335: result: yes
configure:7335: checking sys/param.h presence
configure:7335: gcc -E  conftest.c
configure:7335: $? = 0
configure:7335: result: yes
configure:7335: checking for sys/param.h
configure:7335: result: yes
configure:7335: checking sys/resource.h usability
configure:7335: gcc -c -g -O2  conftest.c >&5
configure:7335: $? = 0
configure:7335: result: yes
configure:7335: checking sys/resource.h presence
configure:7335: gcc -E  conftest.c
configure:7335: $? = 0
configure:7335: result: yes
configure:7335: checking for sys/resource.h
configure:7335: result: yes
configure:7335: checking sys/time.h usability
configure:7335: gcc -c -g -O2  conftest.c >&5
configure:7335: $? = 0
configure:7335: result: yes
configure:7335: checking sys/time.h presence
configure:7335: gcc -E  conftest.c
configure:7335: $? = 0
configure:7335: result: yes
configure:7335: checking for sys/time.h
configure:7335: result: yes
configure:7335: checking sys/timeb.h usability
configure:7335: gcc -c -g -O2  conftest.c >&5
configure:7335: $? = 0
configure:7335: result: yes
configure:7335: checking sys/timeb.h presence
configure:7335: gcc -E  conftest.c
configure:7335: $? = 0
configure:7335: result: yes
configure:7335: checking for sys/timeb.h
configure:7335: result: yes
configure:7347: checking whether gcc and cc understand -c and -o together
configure:7378: gcc -c conftest.c -o conftest2.o >&5
configure:7382: $? = 0
configure:7388: gcc -c conftest.c -o conftest2.o >&5
configure:7392: $? = 0
configure:7403: cc -c conftest.c >&5
configure:7407: $? = 0
configure:7415: cc -c conftest.c -o conftest2.o >&5
configure:7419: $? = 0
configure:7425: cc -c conftest.c -o conftest2.o >&5
configure:7429: $? = 0
configure:7447: result: yes
configure:7472: checking for an ANSI C-conforming const
configure:7538: gcc -c -g -O2  conftest.c >&5
configure:7538: $? = 0
configure:7545: result: yes
configure:7553: checking return type of signal handlers
configure:7571: gcc -c -g -O2  conftest.c >&5
conftest.c: In function 'main':
conftest.c:50:1: error: void value not ignored as it ought to be
 return *(signal (0, 0)) (0) == 1;
 ^
configure:7571: $? = 1
configure: failed program was:
| /* confdefs.h */
| #define PACKAGE_NAME "GNU make"
| #define PACKAGE_TARNAME "make"
| #define PACKAGE_VERSION "4.0"
| #define PACKAGE_STRING "GNU make 4.0"
| #define PACKAGE_BUGREPORT "bug-make@gnu.org"
| #define PACKAGE_URL "http://www.gnu.org/software/make/"
| #define PACKAGE "make"
| #define VERSION "4.0"
| #define STDC_HEADERS 1
| #define HAVE_SYS_TYPES_H 1
| #define HAVE_SYS_STAT_H 1
| #define HAVE_STDLIB_H 1
| #define HAVE_STRING_H 1
| #define HAVE_MEMORY_H 1
| #define HAVE_STRINGS_H 1
| #define HAVE_INTTYPES_H 1
| #define HAVE_STDINT_H 1
| #define HAVE_UNISTD_H 1
| #define __EXTENSIONS__ 1
| #define _ALL_SOURCE 1
| #define _GNU_SOURCE 1
| #define _POSIX_PTHREAD_SEMANTICS 1
| #define _TANDEM_SOURCE 1
| #define ENABLE_NLS 1
| #define HAVE_GETTEXT 1
| #define HAVE_DCGETTEXT 1
| #define _FILE_OFFSET_BITS 64
| #define STDC_HEADERS 1
| #define HAVE_DIRENT_H 1
| #define TIME_WITH_SYS_TIME 1
| #define HAVE_STDLIB_H 1
| #define HAVE_LOCALE_H 1
| #define HAVE_UNISTD_H 1
| #define HAVE_LIMITS_H 1
| #define HAVE_FCNTL_H 1
| #define HAVE_STRING_H 1
| #define HAVE_MEMORY_H 1
| #define HAVE_SYS_PARAM_H 1
| #define HAVE_SYS_RESOURCE_H 1
| #define HAVE_SYS_TIME_H 1
| #define HAVE_SYS_TIMEB_H 1
| /* end confdefs.h.  */
| #include <sys/types.h>
| #include <signal.h>
| 
| int
| main ()
| {
| return *(signal (0, 0)) (0) == 1;
|   ;
|   return 0;
| }
configure:7578: result: void
configure:7586: checking for uid_t in sys/types.h
configure:7605: result: yes
configure:7616: checking for pid_t
configure:7616: gcc -c -g -O2  conftest.c >&5
configure:7616: $? = 0
configure:7616: gcc -c -g -O2  conftest.c >&5
conftest.c: In function 'main':
conftest.c:81:20: error: expected expression before ')' token
 if (sizeof ((pid_t)))
                    ^
configure:7616: $? = 1
configure: failed program was:
| /* confdefs.h */
| #define PACKAGE_NAME "GNU make"
| #define PACKAGE_TARNAME "make"
| #define PACKAGE_VERSION "4.0"
| #define PACKAGE_STRING "GNU make 4.0"
| #define PACKAGE_BUGREPORT "bug-make@gnu.org"
| #define PACKAGE_URL "http://www.gnu.org/software/make/"
| #define PACKAGE "make"
| #define VERSION "4.0"
| #define STDC_HEADERS 1
| #define HAVE_SYS_TYPES_H 1
| #define HAVE_SYS_STAT_H 1
| #define HAVE_STDLIB_H 1
| #define HAVE_STRING_H 1
| #define HAVE_MEMORY_H 1
| #define HAVE_STRINGS_H 1
| #define HAVE_INTTYPES_H 1
| #define HAVE_STDINT_H 1
| #define HAVE_UNISTD_H 1
| #define __EXTENSIONS__ 1
| #define _ALL_SOURCE 1
| #define _GNU_SOURCE 1
| #define _POSIX_PTHREAD_SEMANTICS 1
| #define _TANDEM_SOURCE 1
| #define ENABLE_NLS 1
| #define HAVE_GETTEXT 1
| #define HAVE_DCGETTEXT 1
| #define _FILE_OFFSET_BITS 64
| #define STDC_HEADERS 1
| #define HAVE_DIRENT_H 1
| #define TIME_WITH_SYS_TIME 1
| #define HAVE_STDLIB_H 1
| #define HAVE_LOCALE_H 1
| #define HAVE_UNISTD_H 1
| #define HAVE_LIMITS_H 1
| #define HAVE_FCNTL_H 1
| #define HAVE_STRING_H 1
| #define HAVE_MEMORY_H 1
| #define HAVE_SYS_PARAM_H 1
| #define HAVE_SYS_RESOURCE_H 1
| #define HAVE_SYS_TIME_H 1
| #define HAVE_SYS_TIMEB_H 1
| #define RETSIGTYPE void
| /* end confdefs.h.  */
| #include <stdio.h>
| #ifdef HAVE_SYS_TYPES_H
| # include <sys/types.h>
| #endif
| #ifdef HAVE_SYS_STAT_H
| # include <sys/stat.h>
| #endif
| #ifdef STDC_HEADERS
| # include <stdlib.h>
| # include <stddef.h>
| #else
| # ifdef HAVE_STDLIB_H
| #  include <stdlib.h>
| # endif
| #endif
| #ifdef HAVE_STRING_H
| # if !defined STDC_HEADERS && defined HAVE_MEMORY_H
| #  include <memory.h>
| # endif
| # include <string.h>
| #endif
| #ifdef HAVE_STRINGS_H
| # include <strings.h>
| #endif
| #ifdef HAVE_INTTYPES_H
| # include <inttypes.h>
| #endif
| #ifdef HAVE_STDINT_H
| # include <stdint.h>
| #endif
| #ifdef HAVE_UNISTD_H
| # include <unistd.h>
| #endif
| int
| main ()
| {
| if (sizeof ((pid_t)))
| 	    return 0;
|   ;
|   return 0;
| }
configure:7616: result: yes
configure:7630: checking for uintmax_t
configure:7630: gcc -c -g -O2  conftest.c >&5
configure:7630: $? = 0
configure:7630: gcc -c -g -O2  conftest.c >&5
conftest.c: In function 'main':
conftest.c:81:24: error: expected expression before ')' token
 if (sizeof ((uintmax_t)))
                        ^
configure:7630: $? = 1
configure: failed program was:
| /* confdefs.h */
| #define PACKAGE_NAME "GNU make"
| #define PACKAGE_TARNAME "make"
| #define PACKAGE_VERSION "4.0"
| #define PACKAGE_STRING "GNU make 4.0"
| #define PACKAGE_BUGREPORT "bug-make@gnu.org"
| #define PACKAGE_URL "http://www.gnu.org/software/make/"
| #define PACKAGE "make"
| #define VERSION "4.0"
| #define STDC_HEADERS 1
| #define HAVE_SYS_TYPES_H 1
| #define HAVE_SYS_STAT_H 1
| #define HAVE_STDLIB_H 1
| #define HAVE_STRING_H 1
| #define HAVE_MEMORY_H 1
| #define HAVE_STRINGS_H 1
| #define HAVE_INTTYPES_H 1
| #define HAVE_STDINT_H 1
| #define HAVE_UNISTD_H 1
| #define __EXTENSIONS__ 1
| #define _ALL_SOURCE 1
| #define _GNU_SOURCE 1
| #define _POSIX_PTHREAD_SEMANTICS 1
| #define _TANDEM_SOURCE 1
| #define ENABLE_NLS 1
| #define HAVE_GETTEXT 1
| #define HAVE_DCGETTEXT 1
| #define _FILE_OFFSET_BITS 64
| #define STDC_HEADERS 1
| #define HAVE_DIRENT_H 1
| #define TIME_WITH_SYS_TIME 1
| #define HAVE_STDLIB_H 1
| #define HAVE_LOCALE_H 1
| #define HAVE_UNISTD_H 1
| #define HAVE_LIMITS_H 1
| #define HAVE_FCNTL_H 1
| #define HAVE_STRING_H 1
| #define HAVE_MEMORY_H 1
| #define HAVE_SYS_PARAM_H 1
| #define HAVE_SYS_RESOURCE_H 1
| #define HAVE_SYS_TIME_H 1
| #define HAVE_SYS_TIMEB_H 1
| #define RETSIGTYPE void
| /* end confdefs.h.  */
| #include <stdio.h>
| #ifdef HAVE_SYS_TYPES_H
| # include <sys/types.h>
| #endif
| #ifdef HAVE_SYS_STAT_H
| # include <sys/stat.h>
| #endif
| #ifdef STDC_HEADERS
| # include <stdlib.h>
| # include <stddef.h>
| #else
| # ifdef HAVE_STDLIB_H
| #  include <stdlib.h>
| # endif
| #endif
| #ifdef HAVE_STRING_H
| # if !defined STDC_HEADERS && defined HAVE_MEMORY_H
| #  include <memory.h>
| # endif
| # include <string.h>
| #endif
| #ifdef HAVE_STRINGS_H
| # include <strings.h>
| #endif
| #ifdef HAVE_INTTYPES_H
| # include <inttypes.h>
| #endif
| #ifdef HAVE_STDINT_H
| # include <stdint.h>
| #endif
| #ifdef HAVE_UNISTD_H
| # include <unistd.h>
| #endif
| int
| main ()
| {
| if (sizeof ((uintmax_t)))
| 	    return 0;
|   ;
|   return 0;
| }
configure:7630: result: yes
configure:7651: checking for nanoseconds field of struct stat
configure:7680: gcc -c -g -O2  -DST_MTIM_NSEC=st_mtim.tv_nsec conftest.c >&5
configure:7680: $? = 0
configure:7688: result: st_mtim.tv_nsec
configure:7700: checking whether to use high resolution file timestamps
configure:7721: gcc -c -g -O2  conftest.c >&5
configure:7721: $? = 0
configure:7728: result: yes
configure:7744: checking for library containing clock_gettime
configure:7775: gcc -o conftest -g -O2   conftest.c  >&5
configure:7775: $? = 0
configure:7792: result: none required
configure:7811: checking whether system uses MSDOS-style paths
configure:7832: gcc -c -g -O2  conftest.c >&5
conftest.c:50:1: error: unknown type name 'neither'
 neither MSDOS nor Windows nor OS2
 ^
conftest.c:50:15: error: expected '=', ',', ';', 'asm' or '__attribute__' before 'nor'
 neither MSDOS nor Windows nor OS2
               ^
conftest.c:50:15: error: unknown type name 'nor'
configure:7832: $? = 1
configure: failed program was:
| /* confdefs.h */
| #define PACKAGE_NAME "GNU make"
| #define PACKAGE_TARNAME "make"
| #define PACKAGE_VERSION "4.0"
| #define PACKAGE_STRING "GNU make 4.0"
| #define PACKAGE_BUGREPORT "bug-make@gnu.org"
| #define PACKAGE_URL "http://www.gnu.org/software/make/"
| #define PACKAGE "make"
| #define VERSION "4.0"
| #define STDC_HEADERS 1
| #define HAVE_SYS_TYPES_H 1
| #define HAVE_SYS_STAT_H 1
| #define HAVE_STDLIB_H 1
| #define HAVE_STRING_H 1
| #define HAVE_MEMORY_H 1
| #define HAVE_STRINGS_H 1
| #define HAVE_INTTYPES_H 1
| #define HAVE_STDINT_H 1
| #define HAVE_UNISTD_H 1
| #define __EXTENSIONS__ 1
| #define _ALL_SOURCE 1
| #define _GNU_SOURCE 1
| #define _POSIX_PTHREAD_SEMANTICS 1
| #define _TANDEM_SOURCE 1
| #define ENABLE_NLS 1
| #define HAVE_GETTEXT 1
| #define HAVE_DCGETTEXT 1
| #define _FILE_OFFSET_BITS 64
| #define STDC_HEADERS 1
| #define HAVE_DIRENT_H 1
| #define TIME_WITH_SYS_TIME 1
| #define HAVE_STDLIB_H 1
| #define HAVE_LOCALE_H 1
| #define HAVE_UNISTD_H 1
| #define HAVE_LIMITS_H 1
| #define HAVE_FCNTL_H 1
| #define HAVE_STRING_H 1
| #define HAVE_MEMORY_H 1
| #define HAVE_SYS_PARAM_H 1
| #define HAVE_SYS_RESOURCE_H 1
| #define HAVE_SYS_TIME_H 1
| #define HAVE_SYS_TIMEB_H 1
| #define RETSIGTYPE void
| #define ST_MTIM_NSEC st_mtim.tv_nsec
| #define FILE_TIMESTAMP_HI_RES 1
| #define HAVE_CLOCK_GETTIME 1
| /* end confdefs.h.  */
| 
| #if !defined _WIN32 && !defined __WIN32__ && !defined __MSDOS__ && !defined __EMX__ && !defined __MSYS__ && !defined __CYGWIN__
| neither MSDOS nor Windows nor OS2
| #endif
| 
| int
| main ()
| {
| 
|   ;
|   return 0;
| }
configure:7839: result: no
configure:7854: checking for standard gettimeofday
configure:7873: gcc -o conftest -g -O2   conftest.c  >&5
conftest.c: In function 'main':
conftest.c:52:21: warning: incompatible implicit declaration of built-in function 'exit' [enabled by default]
                     exit (gettimeofday (&t, 0) != 0
                     ^
configure:7873: $? = 0
configure:7873: ./conftest
configure:7873: $? = 0
configure:7883: result: yes
configure:7899: checking for strdup
configure:7899: gcc -o conftest -g -O2   conftest.c  >&5
conftest.c:72:6: warning: conflicting types for built-in function 'strdup' [enabled by default]
 char strdup ();
      ^
configure:7899: $? = 0
configure:7899: result: yes
configure:7899: checking for strndup
configure:7899: gcc -o conftest -g -O2   conftest.c  >&5
conftest.c:73:6: warning: conflicting types for built-in function 'strndup' [enabled by default]
 char strndup ();
      ^
configure:7899: $? = 0
configure:7899: result: yes
configure:7899: checking for mkstemp
configure:7899: gcc -o conftest -g -O2   conftest.c  >&5
configure:7899: $? = 0
configure:7899: result: yes
configure:7899: checking for mktemp
configure:7899: gcc -o conftest -g -O2   conftest.c  >&5
/tmp/ccgYQpND.o: In function `main':
/sources/make-4.0/conftest.c:86: warning: the use of `mktemp' is dangerous, better use `mkstemp'
configure:7899: $? = 0
configure:7899: result: yes
configure:7899: checking for fdopen
configure:7899: gcc -o conftest -g -O2   conftest.c  >&5
configure:7899: $? = 0
configure:7899: result: yes
configure:7899: checking for fileno
configure:7899: gcc -o conftest -g -O2   conftest.c  >&5
configure:7899: $? = 0
configure:7899: result: yes
configure:7899: checking for dup
configure:7899: gcc -o conftest -g -O2   conftest.c  >&5
configure:7899: $? = 0
configure:7899: result: yes
configure:7899: checking for dup2
configure:7899: gcc -o conftest -g -O2   conftest.c  >&5
configure:7899: $? = 0
configure:7899: result: yes
configure:7899: checking for getcwd
configure:7899: gcc -o conftest -g -O2   conftest.c  >&5
configure:7899: $? = 0
configure:7899: result: yes
configure:7899: checking for realpath
configure:7899: gcc -o conftest -g -O2   conftest.c  >&5
configure:7899: $? = 0
configure:7899: result: yes
configure:7899: checking for sigsetmask
configure:7899: gcc -o conftest -g -O2   conftest.c  >&5
configure:7899: $? = 0
configure:7899: result: yes
configure:7899: checking for sigaction
configure:7899: gcc -o conftest -g -O2   conftest.c  >&5
configure:7899: $? = 0
configure:7899: result: yes
configure:7899: checking for getgroups
configure:7899: gcc -o conftest -g -O2   conftest.c  >&5
configure:7899: $? = 0
configure:7899: result: yes
configure:7899: checking for seteuid
configure:7899: gcc -o conftest -g -O2   conftest.c  >&5
configure:7899: $? = 0
configure:7899: result: yes
configure:7899: checking for setegid
configure:7899: gcc -o conftest -g -O2   conftest.c  >&5
configure:7899: $? = 0
configure:7899: result: yes
configure:7899: checking for setlinebuf
configure:7899: gcc -o conftest -g -O2   conftest.c  >&5
configure:7899: $? = 0
configure:7899: result: yes
configure:7899: checking for setreuid
configure:7899: gcc -o conftest -g -O2   conftest.c  >&5
configure:7899: $? = 0
configure:7899: result: yes
configure:7899: checking for setregid
configure:7899: gcc -o conftest -g -O2   conftest.c  >&5
configure:7899: $? = 0
configure:7899: result: yes
configure:7899: checking for getrlimit
configure:7899: gcc -o conftest -g -O2   conftest.c  >&5
configure:7899: $? = 0
configure:7899: result: yes
configure:7899: checking for setrlimit
configure:7899: gcc -o conftest -g -O2   conftest.c  >&5
configure:7899: $? = 0
configure:7899: result: yes
configure:7899: checking for setvbuf
configure:7899: gcc -o conftest -g -O2   conftest.c  >&5
configure:7899: $? = 0
configure:7899: result: yes
configure:7899: checking for pipe
configure:7899: gcc -o conftest -g -O2   conftest.c  >&5
configure:7899: $? = 0
configure:7899: result: yes
configure:7899: checking for strerror
configure:7899: gcc -o conftest -g -O2   conftest.c  >&5
configure:7899: $? = 0
configure:7899: result: yes
configure:7899: checking for strsignal
configure:7899: gcc -o conftest -g -O2   conftest.c  >&5
configure:7899: $? = 0
configure:7899: result: yes
configure:7899: checking for lstat
configure:7899: gcc -o conftest -g -O2   conftest.c  >&5
configure:7899: $? = 0
configure:7899: result: yes
configure:7899: checking for readlink
configure:7899: gcc -o conftest -g -O2   conftest.c  >&5
configure:7899: $? = 0
configure:7899: result: yes
configure:7899: checking for atexit
configure:7899: gcc -o conftest -g -O2   conftest.c  >&5
configure:7899: $? = 0
configure:7899: result: yes
configure:7912: checking whether bsd_signal is declared
configure:7912: gcc -c -g -O2  conftest.c >&5
configure:7912: $? = 0
configure:7912: result: yes
configure:7940: checking for strcasecmp
configure:7940: gcc -o conftest -g -O2   conftest.c  >&5
conftest.c:100:6: warning: conflicting types for built-in function 'strcasecmp' [enabled by default]
 char strcasecmp ();
      ^
configure:7940: $? = 0
configure:7940: result: yes
configure:7940: checking for strncasecmp
configure:7940: gcc -o conftest -g -O2   conftest.c  >&5
conftest.c:101:6: warning: conflicting types for built-in function 'strncasecmp' [enabled by default]
 char strncasecmp ();
      ^
configure:7940: $? = 0
configure:7940: result: yes
configure:7940: checking for strcmpi
configure:7940: gcc -o conftest -g -O2   conftest.c  >&5
/tmp/ccOtMVly.o: In function `main':
/sources/make-4.0/conftest.c:113: undefined reference to `strcmpi'
collect2: error: ld returned 1 exit status
configure:7940: $? = 1
configure: failed program was:
| /* confdefs.h */
| #define PACKAGE_NAME "GNU make"
| #define PACKAGE_TARNAME "make"
| #define PACKAGE_VERSION "4.0"
| #define PACKAGE_STRING "GNU make 4.0"
| #define PACKAGE_BUGREPORT "bug-make@gnu.org"
| #define PACKAGE_URL "http://www.gnu.org/software/make/"
| #define PACKAGE "make"
| #define VERSION "4.0"
| #define STDC_HEADERS 1
| #define HAVE_SYS_TYPES_H 1
| #define HAVE_SYS_STAT_H 1
| #define HAVE_STDLIB_H 1
| #define HAVE_STRING_H 1
| #define HAVE_MEMORY_H 1
| #define HAVE_STRINGS_H 1
| #define HAVE_INTTYPES_H 1
| #define HAVE_STDINT_H 1
| #define HAVE_UNISTD_H 1
| #define __EXTENSIONS__ 1
| #define _ALL_SOURCE 1
| #define _GNU_SOURCE 1
| #define _POSIX_PTHREAD_SEMANTICS 1
| #define _TANDEM_SOURCE 1
| #define ENABLE_NLS 1
| #define HAVE_GETTEXT 1
| #define HAVE_DCGETTEXT 1
| #define _FILE_OFFSET_BITS 64
| #define STDC_HEADERS 1
| #define HAVE_DIRENT_H 1
| #define TIME_WITH_SYS_TIME 1
| #define HAVE_STDLIB_H 1
| #define HAVE_LOCALE_H 1
| #define HAVE_UNISTD_H 1
| #define HAVE_LIMITS_H 1
| #define HAVE_FCNTL_H 1
| #define HAVE_STRING_H 1
| #define HAVE_MEMORY_H 1
| #define HAVE_SYS_PARAM_H 1
| #define HAVE_SYS_RESOURCE_H 1
| #define HAVE_SYS_TIME_H 1
| #define HAVE_SYS_TIMEB_H 1
| #define RETSIGTYPE void
| #define ST_MTIM_NSEC st_mtim.tv_nsec
| #define FILE_TIMESTAMP_HI_RES 1
| #define HAVE_CLOCK_GETTIME 1
| #define HAVE_GETTIMEOFDAY 1
| #define HAVE_STRDUP 1
| #define HAVE_STRNDUP 1
| #define HAVE_MKSTEMP 1
| #define HAVE_MKTEMP 1
| #define HAVE_FDOPEN 1
| #define HAVE_FILENO 1
| #define HAVE_DUP 1
| #define HAVE_DUP2 1
| #define HAVE_GETCWD 1
| #define HAVE_REALPATH 1
| #define HAVE_SIGSETMASK 1
| #define HAVE_SIGACTION 1
| #define HAVE_GETGROUPS 1
| #define HAVE_SETEUID 1
| #define HAVE_SETEGID 1
| #define HAVE_SETLINEBUF 1
| #define HAVE_SETREUID 1
| #define HAVE_SETREGID 1
| #define HAVE_GETRLIMIT 1
| #define HAVE_SETRLIMIT 1
| #define HAVE_SETVBUF 1
| #define HAVE_PIPE 1
| #define HAVE_STRERROR 1
| #define HAVE_STRSIGNAL 1
| #define HAVE_LSTAT 1
| #define HAVE_READLINK 1
| #define HAVE_ATEXIT 1
| #define HAVE_DECL_BSD_SIGNAL 1
| #define HAVE_STRCASECMP 1
| #define HAVE_STRNCASECMP 1
| /* end confdefs.h.  */
| /* Define strcmpi to an innocuous variant, in case <limits.h> declares strcmpi.
|    For example, HP-UX 11i <limits.h> declares gettimeofday.  */
| #define strcmpi innocuous_strcmpi
| 
| /* System header to define __stub macros and hopefully few prototypes,
|     which can conflict with char strcmpi (); below.
|     Prefer <limits.h> to <assert.h> if __STDC__ is defined, since
|     <limits.h> exists even on freestanding compilers.  */
| 
| #ifdef __STDC__
| # include <limits.h>
| #else
| # include <assert.h>
| #endif
| 
| #undef strcmpi
| 
| /* Override any GCC internal prototype to avoid an error.
|    Use char because int might match the return type of a GCC
|    builtin and then its argument prototype would still apply.  */
| #ifdef __cplusplus
| extern "C"
| #endif
| char strcmpi ();
| /* The GNU C library defines this for functions which it implements
|     to always fail with ENOSYS.  Some functions are actually named
|     something starting with __ and the normal name is an alias.  */
| #if defined __stub_strcmpi || defined __stub___strcmpi
| choke me
| #endif
| 
| int
| main ()
| {
| return strcmpi ();
|   ;
|   return 0;
| }
configure:7940: result: no
configure:7940: checking for strncmpi
configure:7940: gcc -o conftest -g -O2   conftest.c  >&5
/tmp/cccsjALD.o: In function `main':
/sources/make-4.0/conftest.c:113: undefined reference to `strncmpi'
collect2: error: ld returned 1 exit status
configure:7940: $? = 1
configure: failed program was:
| /* confdefs.h */
| #define PACKAGE_NAME "GNU make"
| #define PACKAGE_TARNAME "make"
| #define PACKAGE_VERSION "4.0"
| #define PACKAGE_STRING "GNU make 4.0"
| #define PACKAGE_BUGREPORT "bug-make@gnu.org"
| #define PACKAGE_URL "http://www.gnu.org/software/make/"
| #define PACKAGE "make"
| #define VERSION "4.0"
| #define STDC_HEADERS 1
| #define HAVE_SYS_TYPES_H 1
| #define HAVE_SYS_STAT_H 1
| #define HAVE_STDLIB_H 1
| #define HAVE_STRING_H 1
| #define HAVE_MEMORY_H 1
| #define HAVE_STRINGS_H 1
| #define HAVE_INTTYPES_H 1
| #define HAVE_STDINT_H 1
| #define HAVE_UNISTD_H 1
| #define __EXTENSIONS__ 1
| #define _ALL_SOURCE 1
| #define _GNU_SOURCE 1
| #define _POSIX_PTHREAD_SEMANTICS 1
| #define _TANDEM_SOURCE 1
| #define ENABLE_NLS 1
| #define HAVE_GETTEXT 1
| #define HAVE_DCGETTEXT 1
| #define _FILE_OFFSET_BITS 64
| #define STDC_HEADERS 1
| #define HAVE_DIRENT_H 1
| #define TIME_WITH_SYS_TIME 1
| #define HAVE_STDLIB_H 1
| #define HAVE_LOCALE_H 1
| #define HAVE_UNISTD_H 1
| #define HAVE_LIMITS_H 1
| #define HAVE_FCNTL_H 1
| #define HAVE_STRING_H 1
| #define HAVE_MEMORY_H 1
| #define HAVE_SYS_PARAM_H 1
| #define HAVE_SYS_RESOURCE_H 1
| #define HAVE_SYS_TIME_H 1
| #define HAVE_SYS_TIMEB_H 1
| #define RETSIGTYPE void
| #define ST_MTIM_NSEC st_mtim.tv_nsec
| #define FILE_TIMESTAMP_HI_RES 1
| #define HAVE_CLOCK_GETTIME 1
| #define HAVE_GETTIMEOFDAY 1
| #define HAVE_STRDUP 1
| #define HAVE_STRNDUP 1
| #define HAVE_MKSTEMP 1
| #define HAVE_MKTEMP 1
| #define HAVE_FDOPEN 1
| #define HAVE_FILENO 1
| #define HAVE_DUP 1
| #define HAVE_DUP2 1
| #define HAVE_GETCWD 1
| #define HAVE_REALPATH 1
| #define HAVE_SIGSETMASK 1
| #define HAVE_SIGACTION 1
| #define HAVE_GETGROUPS 1
| #define HAVE_SETEUID 1
| #define HAVE_SETEGID 1
| #define HAVE_SETLINEBUF 1
| #define HAVE_SETREUID 1
| #define HAVE_SETREGID 1
| #define HAVE_GETRLIMIT 1
| #define HAVE_SETRLIMIT 1
| #define HAVE_SETVBUF 1
| #define HAVE_PIPE 1
| #define HAVE_STRERROR 1
| #define HAVE_STRSIGNAL 1
| #define HAVE_LSTAT 1
| #define HAVE_READLINK 1
| #define HAVE_ATEXIT 1
| #define HAVE_DECL_BSD_SIGNAL 1
| #define HAVE_STRCASECMP 1
| #define HAVE_STRNCASECMP 1
| /* end confdefs.h.  */
| /* Define strncmpi to an innocuous variant, in case <limits.h> declares strncmpi.
|    For example, HP-UX 11i <limits.h> declares gettimeofday.  */
| #define strncmpi innocuous_strncmpi
| 
| /* System header to define __stub macros and hopefully few prototypes,
|     which can conflict with char strncmpi (); below.
|     Prefer <limits.h> to <assert.h> if __STDC__ is defined, since
|     <limits.h> exists even on freestanding compilers.  */
| 
| #ifdef __STDC__
| # include <limits.h>
| #else
| # include <assert.h>
| #endif
| 
| #undef strncmpi
| 
| /* Override any GCC internal prototype to avoid an error.
|    Use char because int might match the return type of a GCC
|    builtin and then its argument prototype would still apply.  */
| #ifdef __cplusplus
| extern "C"
| #endif
| char strncmpi ();
| /* The GNU C library defines this for functions which it implements
|     to always fail with ENOSYS.  Some functions are actually named
|     something starting with __ and the normal name is an alias.  */
| #if defined __stub_strncmpi || defined __stub___strncmpi
| choke me
| #endif
| 
| int
| main ()
| {
| return strncmpi ();
|   ;
|   return 0;
| }
configure:7940: result: no
configure:7940: checking for stricmp
configure:7940: gcc -o conftest -g -O2   conftest.c  >&5
/tmp/ccJGVRIH.o: In function `main':
/sources/make-4.0/conftest.c:113: undefined reference to `stricmp'
collect2: error: ld returned 1 exit status
configure:7940: $? = 1
configure: failed program was:
| /* confdefs.h */
| #define PACKAGE_NAME "GNU make"
| #define PACKAGE_TARNAME "make"
| #define PACKAGE_VERSION "4.0"
| #define PACKAGE_STRING "GNU make 4.0"
| #define PACKAGE_BUGREPORT "bug-make@gnu.org"
| #define PACKAGE_URL "http://www.gnu.org/software/make/"
| #define PACKAGE "make"
| #define VERSION "4.0"
| #define STDC_HEADERS 1
| #define HAVE_SYS_TYPES_H 1
| #define HAVE_SYS_STAT_H 1
| #define HAVE_STDLIB_H 1
| #define HAVE_STRING_H 1
| #define HAVE_MEMORY_H 1
| #define HAVE_STRINGS_H 1
| #define HAVE_INTTYPES_H 1
| #define HAVE_STDINT_H 1
| #define HAVE_UNISTD_H 1
| #define __EXTENSIONS__ 1
| #define _ALL_SOURCE 1
| #define _GNU_SOURCE 1
| #define _POSIX_PTHREAD_SEMANTICS 1
| #define _TANDEM_SOURCE 1
| #define ENABLE_NLS 1
| #define HAVE_GETTEXT 1
| #define HAVE_DCGETTEXT 1
| #define _FILE_OFFSET_BITS 64
| #define STDC_HEADERS 1
| #define HAVE_DIRENT_H 1
| #define TIME_WITH_SYS_TIME 1
| #define HAVE_STDLIB_H 1
| #define HAVE_LOCALE_H 1
| #define HAVE_UNISTD_H 1
| #define HAVE_LIMITS_H 1
| #define HAVE_FCNTL_H 1
| #define HAVE_STRING_H 1
| #define HAVE_MEMORY_H 1
| #define HAVE_SYS_PARAM_H 1
| #define HAVE_SYS_RESOURCE_H 1
| #define HAVE_SYS_TIME_H 1
| #define HAVE_SYS_TIMEB_H 1
| #define RETSIGTYPE void
| #define ST_MTIM_NSEC st_mtim.tv_nsec
| #define FILE_TIMESTAMP_HI_RES 1
| #define HAVE_CLOCK_GETTIME 1
| #define HAVE_GETTIMEOFDAY 1
| #define HAVE_STRDUP 1
| #define HAVE_STRNDUP 1
| #define HAVE_MKSTEMP 1
| #define HAVE_MKTEMP 1
| #define HAVE_FDOPEN 1
| #define HAVE_FILENO 1
| #define HAVE_DUP 1
| #define HAVE_DUP2 1
| #define HAVE_GETCWD 1
| #define HAVE_REALPATH 1
| #define HAVE_SIGSETMASK 1
| #define HAVE_SIGACTION 1
| #define HAVE_GETGROUPS 1
| #define HAVE_SETEUID 1
| #define HAVE_SETEGID 1
| #define HAVE_SETLINEBUF 1
| #define HAVE_SETREUID 1
| #define HAVE_SETREGID 1
| #define HAVE_GETRLIMIT 1
| #define HAVE_SETRLIMIT 1
| #define HAVE_SETVBUF 1
| #define HAVE_PIPE 1
| #define HAVE_STRERROR 1
| #define HAVE_STRSIGNAL 1
| #define HAVE_LSTAT 1
| #define HAVE_READLINK 1
| #define HAVE_ATEXIT 1
| #define HAVE_DECL_BSD_SIGNAL 1
| #define HAVE_STRCASECMP 1
| #define HAVE_STRNCASECMP 1
| /* end confdefs.h.  */
| /* Define stricmp to an innocuous variant, in case <limits.h> declares stricmp.
|    For example, HP-UX 11i <limits.h> declares gettimeofday.  */
| #define stricmp innocuous_stricmp
| 
| /* System header to define __stub macros and hopefully few prototypes,
|     which can conflict with char stricmp (); below.
|     Prefer <limits.h> to <assert.h> if __STDC__ is defined, since
|     <limits.h> exists even on freestanding compilers.  */
| 
| #ifdef __STDC__
| # include <limits.h>
| #else
| # include <assert.h>
| #endif
| 
| #undef stricmp
| 
| /* Override any GCC internal prototype to avoid an error.
|    Use char because int might match the return type of a GCC
|    builtin and then its argument prototype would still apply.  */
| #ifdef __cplusplus
| extern "C"
| #endif
| char stricmp ();
| /* The GNU C library defines this for functions which it implements
|     to always fail with ENOSYS.  Some functions are actually named
|     something starting with __ and the normal name is an alias.  */
| #if defined __stub_stricmp || defined __stub___stricmp
| choke me
| #endif
| 
| int
| main ()
| {
| return stricmp ();
|   ;
|   return 0;
| }
configure:7940: result: no
configure:7940: checking for strnicmp
configure:7940: gcc -o conftest -g -O2   conftest.c  >&5
/tmp/ccEGyLPF.o: In function `main':
/sources/make-4.0/conftest.c:113: undefined reference to `strnicmp'
collect2: error: ld returned 1 exit status
configure:7940: $? = 1
configure: failed program was:
| /* confdefs.h */
| #define PACKAGE_NAME "GNU make"
| #define PACKAGE_TARNAME "make"
| #define PACKAGE_VERSION "4.0"
| #define PACKAGE_STRING "GNU make 4.0"
| #define PACKAGE_BUGREPORT "bug-make@gnu.org"
| #define PACKAGE_URL "http://www.gnu.org/software/make/"
| #define PACKAGE "make"
| #define VERSION "4.0"
| #define STDC_HEADERS 1
| #define HAVE_SYS_TYPES_H 1
| #define HAVE_SYS_STAT_H 1
| #define HAVE_STDLIB_H 1
| #define HAVE_STRING_H 1
| #define HAVE_MEMORY_H 1
| #define HAVE_STRINGS_H 1
| #define HAVE_INTTYPES_H 1
| #define HAVE_STDINT_H 1
| #define HAVE_UNISTD_H 1
| #define __EXTENSIONS__ 1
| #define _ALL_SOURCE 1
| #define _GNU_SOURCE 1
| #define _POSIX_PTHREAD_SEMANTICS 1
| #define _TANDEM_SOURCE 1
| #define ENABLE_NLS 1
| #define HAVE_GETTEXT 1
| #define HAVE_DCGETTEXT 1
| #define _FILE_OFFSET_BITS 64
| #define STDC_HEADERS 1
| #define HAVE_DIRENT_H 1
| #define TIME_WITH_SYS_TIME 1
| #define HAVE_STDLIB_H 1
| #define HAVE_LOCALE_H 1
| #define HAVE_UNISTD_H 1
| #define HAVE_LIMITS_H 1
| #define HAVE_FCNTL_H 1
| #define HAVE_STRING_H 1
| #define HAVE_MEMORY_H 1
| #define HAVE_SYS_PARAM_H 1
| #define HAVE_SYS_RESOURCE_H 1
| #define HAVE_SYS_TIME_H 1
| #define HAVE_SYS_TIMEB_H 1
| #define RETSIGTYPE void
| #define ST_MTIM_NSEC st_mtim.tv_nsec
| #define FILE_TIMESTAMP_HI_RES 1
| #define HAVE_CLOCK_GETTIME 1
| #define HAVE_GETTIMEOFDAY 1
| #define HAVE_STRDUP 1
| #define HAVE_STRNDUP 1
| #define HAVE_MKSTEMP 1
| #define HAVE_MKTEMP 1
| #define HAVE_FDOPEN 1
| #define HAVE_FILENO 1
| #define HAVE_DUP 1
| #define HAVE_DUP2 1
| #define HAVE_GETCWD 1
| #define HAVE_REALPATH 1
| #define HAVE_SIGSETMASK 1
| #define HAVE_SIGACTION 1
| #define HAVE_GETGROUPS 1
| #define HAVE_SETEUID 1
| #define HAVE_SETEGID 1
| #define HAVE_SETLINEBUF 1
| #define HAVE_SETREUID 1
| #define HAVE_SETREGID 1
| #define HAVE_GETRLIMIT 1
| #define HAVE_SETRLIMIT 1
| #define HAVE_SETVBUF 1
| #define HAVE_PIPE 1
| #define HAVE_STRERROR 1
| #define HAVE_STRSIGNAL 1
| #define HAVE_LSTAT 1
| #define HAVE_READLINK 1
| #define HAVE_ATEXIT 1
| #define HAVE_DECL_BSD_SIGNAL 1
| #define HAVE_STRCASECMP 1
| #define HAVE_STRNCASECMP 1
| /* end confdefs.h.  */
| /* Define strnicmp to an innocuous variant, in case <limits.h> declares strnicmp.
|    For example, HP-UX 11i <limits.h> declares gettimeofday.  */
| #define strnicmp innocuous_strnicmp
| 
| /* System header to define __stub macros and hopefully few prototypes,
|     which can conflict with char strnicmp (); below.
|     Prefer <limits.h> to <assert.h> if __STDC__ is defined, since
|     <limits.h> exists even on freestanding compilers.  */
| 
| #ifdef __STDC__
| # include <limits.h>
| #else
| # include <assert.h>
| #endif
| 
| #undef strnicmp
| 
| /* Override any GCC internal prototype to avoid an error.
|    Use char because int might match the return type of a GCC
|    builtin and then its argument prototype would still apply.  */
| #ifdef __cplusplus
| extern "C"
| #endif
| char strnicmp ();
| /* The GNU C library defines this for functions which it implements
|     to always fail with ENOSYS.  Some functions are actually named
|     something starting with __ and the normal name is an alias.  */
| #if defined __stub_strnicmp || defined __stub___strnicmp
| choke me
| #endif
| 
| int
| main ()
| {
| return strnicmp ();
|   ;
|   return 0;
| }
configure:7940: result: no
configure:7951: checking for working strcoll
configure:7972: gcc -o conftest -g -O2   conftest.c  >&5
configure:7972: $? = 0
configure:7972: ./conftest
configure:7972: $? = 0
configure:7982: result: yes
configure:7991: checking for size_t
configure:7991: gcc -c -g -O2  conftest.c >&5
configure:7991: $? = 0
configure:7991: gcc -c -g -O2  conftest.c >&5
conftest.c: In function 'main':
conftest.c:116:21: error: expected expression before ')' token
 if (sizeof ((size_t)))
                     ^
configure:7991: $? = 1
configure: failed program was:
| /* confdefs.h */
| #define PACKAGE_NAME "GNU make"
| #define PACKAGE_TARNAME "make"
| #define PACKAGE_VERSION "4.0"
| #define PACKAGE_STRING "GNU make 4.0"
| #define PACKAGE_BUGREPORT "bug-make@gnu.org"
| #define PACKAGE_URL "http://www.gnu.org/software/make/"
| #define PACKAGE "make"
| #define VERSION "4.0"
| #define STDC_HEADERS 1
| #define HAVE_SYS_TYPES_H 1
| #define HAVE_SYS_STAT_H 1
| #define HAVE_STDLIB_H 1
| #define HAVE_STRING_H 1
| #define HAVE_MEMORY_H 1
| #define HAVE_STRINGS_H 1
| #define HAVE_INTTYPES_H 1
| #define HAVE_STDINT_H 1
| #define HAVE_UNISTD_H 1
| #define __EXTENSIONS__ 1
| #define _ALL_SOURCE 1
| #define _GNU_SOURCE 1
| #define _POSIX_PTHREAD_SEMANTICS 1
| #define _TANDEM_SOURCE 1
| #define ENABLE_NLS 1
| #define HAVE_GETTEXT 1
| #define HAVE_DCGETTEXT 1
| #define _FILE_OFFSET_BITS 64
| #define STDC_HEADERS 1
| #define HAVE_DIRENT_H 1
| #define TIME_WITH_SYS_TIME 1
| #define HAVE_STDLIB_H 1
| #define HAVE_LOCALE_H 1
| #define HAVE_UNISTD_H 1
| #define HAVE_LIMITS_H 1
| #define HAVE_FCNTL_H 1
| #define HAVE_STRING_H 1
| #define HAVE_MEMORY_H 1
| #define HAVE_SYS_PARAM_H 1
| #define HAVE_SYS_RESOURCE_H 1
| #define HAVE_SYS_TIME_H 1
| #define HAVE_SYS_TIMEB_H 1
| #define RETSIGTYPE void
| #define ST_MTIM_NSEC st_mtim.tv_nsec
| #define FILE_TIMESTAMP_HI_RES 1
| #define HAVE_CLOCK_GETTIME 1
| #define HAVE_GETTIMEOFDAY 1
| #define HAVE_STRDUP 1
| #define HAVE_STRNDUP 1
| #define HAVE_MKSTEMP 1
| #define HAVE_MKTEMP 1
| #define HAVE_FDOPEN 1
| #define HAVE_FILENO 1
| #define HAVE_DUP 1
| #define HAVE_DUP2 1
| #define HAVE_GETCWD 1
| #define HAVE_REALPATH 1
| #define HAVE_SIGSETMASK 1
| #define HAVE_SIGACTION 1
| #define HAVE_GETGROUPS 1
| #define HAVE_SETEUID 1
| #define HAVE_SETEGID 1
| #define HAVE_SETLINEBUF 1
| #define HAVE_SETREUID 1
| #define HAVE_SETREGID 1
| #define HAVE_GETRLIMIT 1
| #define HAVE_SETRLIMIT 1
| #define HAVE_SETVBUF 1
| #define HAVE_PIPE 1
| #define HAVE_STRERROR 1
| #define HAVE_STRSIGNAL 1
| #define HAVE_LSTAT 1
| #define HAVE_READLINK 1
| #define HAVE_ATEXIT 1
| #define HAVE_DECL_BSD_SIGNAL 1
| #define HAVE_STRCASECMP 1
| #define HAVE_STRNCASECMP 1
| #define HAVE_STRCOLL 1
| /* end confdefs.h.  */
| #include <stdio.h>
| #ifdef HAVE_SYS_TYPES_H
| # include <sys/types.h>
| #endif
| #ifdef HAVE_SYS_STAT_H
| # include <sys/stat.h>
| #endif
| #ifdef STDC_HEADERS
| # include <stdlib.h>
| # include <stddef.h>
| #else
| # ifdef HAVE_STDLIB_H
| #  include <stdlib.h>
| # endif
| #endif
| #ifdef HAVE_STRING_H
| # if !defined STDC_HEADERS && defined HAVE_MEMORY_H
| #  include <memory.h>
| # endif
| # include <string.h>
| #endif
| #ifdef HAVE_STRINGS_H
| # include <strings.h>
| #endif
| #ifdef HAVE_INTTYPES_H
| # include <inttypes.h>
| #endif
| #ifdef HAVE_STDINT_H
| # include <stdint.h>
| #endif
| #ifdef HAVE_UNISTD_H
| # include <unistd.h>
| #endif
| int
| main ()
| {
| if (sizeof ((size_t)))
| 	    return 0;
|   ;
|   return 0;
| }
configure:7991: result: yes
configure:8004: checking for working alloca.h
configure:8021: gcc -o conftest -g -O2   conftest.c  >&5
configure:8021: $? = 0
configure:8029: result: yes
configure:8037: checking for alloca
configure:8074: gcc -o conftest -g -O2   conftest.c  >&5
configure:8074: $? = 0
configure:8082: result: yes
configure:8188: checking whether closedir returns void
configure:8212: gcc -o conftest -g -O2   conftest.c  >&5
configure:8212: $? = 0
configure:8212: ./conftest
configure:8212: $? = 0
configure:8222: result: no
configure:8286: checking for pkg-config
configure:8304: found /usr/bin/pkg-config
configure:8316: result: /usr/bin/pkg-config
configure:8341: checking pkg-config is at least version 0.9.0
configure:8344: result: yes
configure:8365: checking for GUILE
configure:8372: $PKG_CONFIG --exists --print-errors "guile-2.0"
Package guile-2.0 was not found in the pkg-config search path.
Perhaps you should add the directory containing `guile-2.0.pc'
to the PKG_CONFIG_PATH environment variable
No package 'guile-2.0' found
configure:8375: $? = 1
configure:8389: $PKG_CONFIG --exists --print-errors "guile-2.0"
Package guile-2.0 was not found in the pkg-config search path.
Perhaps you should add the directory containing `guile-2.0.pc'
to the PKG_CONFIG_PATH environment variable
No package 'guile-2.0' found
configure:8392: $? = 1
configure:8406: result: no
No package 'guile-2.0' found
configure:8424: checking for GUILE
configure:8431: $PKG_CONFIG --exists --print-errors "guile-1.8"
Package guile-1.8 was not found in the pkg-config search path.
Perhaps you should add the directory containing `guile-1.8.pc'
to the PKG_CONFIG_PATH environment variable
No package 'guile-1.8' found
configure:8434: $? = 1
configure:8448: $PKG_CONFIG --exists --print-errors "guile-1.8"
Package guile-1.8 was not found in the pkg-config search path.
Perhaps you should add the directory containing `guile-1.8.pc'
to the PKG_CONFIG_PATH environment variable
No package 'guile-1.8' found
configure:8451: $? = 1
configure:8465: result: no
No package 'guile-1.8' found
configure:8601: checking for getloadavg
configure:8601: gcc -o conftest -g -O2   conftest.c  >&5
configure:8601: $? = 0
configure:8601: result: yes
configure:8612: checking for pstat_getdynamic
configure:8612: gcc -o conftest -g -O2   conftest.c  >&5
/tmp/ccvef31i.o: In function `main':
/sources/make-4.0/conftest.c:116: undefined reference to `pstat_getdynamic'
collect2: error: ld returned 1 exit status
configure:8612: $? = 1
configure: failed program was:
| /* confdefs.h */
| #define PACKAGE_NAME "GNU make"
| #define PACKAGE_TARNAME "make"
| #define PACKAGE_VERSION "4.0"
| #define PACKAGE_STRING "GNU make 4.0"
| #define PACKAGE_BUGREPORT "bug-make@gnu.org"
| #define PACKAGE_URL "http://www.gnu.org/software/make/"
| #define PACKAGE "make"
| #define VERSION "4.0"
| #define STDC_HEADERS 1
| #define HAVE_SYS_TYPES_H 1
| #define HAVE_SYS_STAT_H 1
| #define HAVE_STDLIB_H 1
| #define HAVE_STRING_H 1
| #define HAVE_MEMORY_H 1
| #define HAVE_STRINGS_H 1
| #define HAVE_INTTYPES_H 1
| #define HAVE_STDINT_H 1
| #define HAVE_UNISTD_H 1
| #define __EXTENSIONS__ 1
| #define _ALL_SOURCE 1
| #define _GNU_SOURCE 1
| #define _POSIX_PTHREAD_SEMANTICS 1
| #define _TANDEM_SOURCE 1
| #define ENABLE_NLS 1
| #define HAVE_GETTEXT 1
| #define HAVE_DCGETTEXT 1
| #define _FILE_OFFSET_BITS 64
| #define STDC_HEADERS 1
| #define HAVE_DIRENT_H 1
| #define TIME_WITH_SYS_TIME 1
| #define HAVE_STDLIB_H 1
| #define HAVE_LOCALE_H 1
| #define HAVE_UNISTD_H 1
| #define HAVE_LIMITS_H 1
| #define HAVE_FCNTL_H 1
| #define HAVE_STRING_H 1
| #define HAVE_MEMORY_H 1
| #define HAVE_SYS_PARAM_H 1
| #define HAVE_SYS_RESOURCE_H 1
| #define HAVE_SYS_TIME_H 1
| #define HAVE_SYS_TIMEB_H 1
| #define RETSIGTYPE void
| #define ST_MTIM_NSEC st_mtim.tv_nsec
| #define FILE_TIMESTAMP_HI_RES 1
| #define HAVE_CLOCK_GETTIME 1
| #define HAVE_GETTIMEOFDAY 1
| #define HAVE_STRDUP 1
| #define HAVE_STRNDUP 1
| #define HAVE_MKSTEMP 1
| #define HAVE_MKTEMP 1
| #define HAVE_FDOPEN 1
| #define HAVE_FILENO 1
| #define HAVE_DUP 1
| #define HAVE_DUP2 1
| #define HAVE_GETCWD 1
| #define HAVE_REALPATH 1
| #define HAVE_SIGSETMASK 1
| #define HAVE_SIGACTION 1
| #define HAVE_GETGROUPS 1
| #define HAVE_SETEUID 1
| #define HAVE_SETEGID 1
| #define HAVE_SETLINEBUF 1
| #define HAVE_SETREUID 1
| #define HAVE_SETREGID 1
| #define HAVE_GETRLIMIT 1
| #define HAVE_SETRLIMIT 1
| #define HAVE_SETVBUF 1
| #define HAVE_PIPE 1
| #define HAVE_STRERROR 1
| #define HAVE_STRSIGNAL 1
| #define HAVE_LSTAT 1
| #define HAVE_READLINK 1
| #define HAVE_ATEXIT 1
| #define HAVE_DECL_BSD_SIGNAL 1
| #define HAVE_STRCASECMP 1
| #define HAVE_STRNCASECMP 1
| #define HAVE_STRCOLL 1
| #define HAVE_ALLOCA_H 1
| #define HAVE_ALLOCA 1
| /* end confdefs.h.  */
| /* Define pstat_getdynamic to an innocuous variant, in case <limits.h> declares pstat_getdynamic.
|    For example, HP-UX 11i <limits.h> declares gettimeofday.  */
| #define pstat_getdynamic innocuous_pstat_getdynamic
| 
| /* System header to define __stub macros and hopefully few prototypes,
|     which can conflict with char pstat_getdynamic (); below.
|     Prefer <limits.h> to <assert.h> if __STDC__ is defined, since
|     <limits.h> exists even on freestanding compilers.  */
| 
| #ifdef __STDC__
| # include <limits.h>
| #else
| # include <assert.h>
| #endif
| 
| #undef pstat_getdynamic
| 
| /* Override any GCC internal prototype to avoid an error.
|    Use char because int might match the return type of a GCC
|    builtin and then its argument prototype would still apply.  */
| #ifdef __cplusplus
| extern "C"
| #endif
| char pstat_getdynamic ();
| /* The GNU C library defines this for functions which it implements
|     to always fail with ENOSYS.  Some functions are actually named
|     something starting with __ and the normal name is an alias.  */
| #if defined __stub_pstat_getdynamic || defined __stub___pstat_getdynamic
| choke me
| #endif
| 
| int
| main ()
| {
| return pstat_getdynamic ();
|   ;
|   return 0;
| }
configure:8612: result: no
configure:8623: checking for kstat_open in -lkstat
configure:8648: gcc -o conftest -g -O2   conftest.c -lkstat   >&5
/usr/bin/ld: cannot find -lkstat
collect2: error: ld returned 1 exit status
configure:8648: $? = 1
configure: failed program was:
| /* confdefs.h */
| #define PACKAGE_NAME "GNU make"
| #define PACKAGE_TARNAME "make"
| #define PACKAGE_VERSION "4.0"
| #define PACKAGE_STRING "GNU make 4.0"
| #define PACKAGE_BUGREPORT "bug-make@gnu.org"
| #define PACKAGE_URL "http://www.gnu.org/software/make/"
| #define PACKAGE "make"
| #define VERSION "4.0"
| #define STDC_HEADERS 1
| #define HAVE_SYS_TYPES_H 1
| #define HAVE_SYS_STAT_H 1
| #define HAVE_STDLIB_H 1
| #define HAVE_STRING_H 1
| #define HAVE_MEMORY_H 1
| #define HAVE_STRINGS_H 1
| #define HAVE_INTTYPES_H 1
| #define HAVE_STDINT_H 1
| #define HAVE_UNISTD_H 1
| #define __EXTENSIONS__ 1
| #define _ALL_SOURCE 1
| #define _GNU_SOURCE 1
| #define _POSIX_PTHREAD_SEMANTICS 1
| #define _TANDEM_SOURCE 1
| #define ENABLE_NLS 1
| #define HAVE_GETTEXT 1
| #define HAVE_DCGETTEXT 1
| #define _FILE_OFFSET_BITS 64
| #define STDC_HEADERS 1
| #define HAVE_DIRENT_H 1
| #define TIME_WITH_SYS_TIME 1
| #define HAVE_STDLIB_H 1
| #define HAVE_LOCALE_H 1
| #define HAVE_UNISTD_H 1
| #define HAVE_LIMITS_H 1
| #define HAVE_FCNTL_H 1
| #define HAVE_STRING_H 1
| #define HAVE_MEMORY_H 1
| #define HAVE_SYS_PARAM_H 1
| #define HAVE_SYS_RESOURCE_H 1
| #define HAVE_SYS_TIME_H 1
| #define HAVE_SYS_TIMEB_H 1
| #define RETSIGTYPE void
| #define ST_MTIM_NSEC st_mtim.tv_nsec
| #define FILE_TIMESTAMP_HI_RES 1
| #define HAVE_CLOCK_GETTIME 1
| #define HAVE_GETTIMEOFDAY 1
| #define HAVE_STRDUP 1
| #define HAVE_STRNDUP 1
| #define HAVE_MKSTEMP 1
| #define HAVE_MKTEMP 1
| #define HAVE_FDOPEN 1
| #define HAVE_FILENO 1
| #define HAVE_DUP 1
| #define HAVE_DUP2 1
| #define HAVE_GETCWD 1
| #define HAVE_REALPATH 1
| #define HAVE_SIGSETMASK 1
| #define HAVE_SIGACTION 1
| #define HAVE_GETGROUPS 1
| #define HAVE_SETEUID 1
| #define HAVE_SETEGID 1
| #define HAVE_SETLINEBUF 1
| #define HAVE_SETREUID 1
| #define HAVE_SETREGID 1
| #define HAVE_GETRLIMIT 1
| #define HAVE_SETRLIMIT 1
| #define HAVE_SETVBUF 1
| #define HAVE_PIPE 1
| #define HAVE_STRERROR 1
| #define HAVE_STRSIGNAL 1
| #define HAVE_LSTAT 1
| #define HAVE_READLINK 1
| #define HAVE_ATEXIT 1
| #define HAVE_DECL_BSD_SIGNAL 1
| #define HAVE_STRCASECMP 1
| #define HAVE_STRNCASECMP 1
| #define HAVE_STRCOLL 1
| #define HAVE_ALLOCA_H 1
| #define HAVE_ALLOCA 1
| /* end confdefs.h.  */
| 
| /* Override any GCC internal prototype to avoid an error.
|    Use char because int might match the return type of a GCC
|    builtin and then its argument prototype would still apply.  */
| #ifdef __cplusplus
| extern "C"
| #endif
| char kstat_open ();
| int
| main ()
| {
| return kstat_open ();
|   ;
|   return 0;
| }
configure:8657: result: no
configure:8853: checking for getloadavg
configure:8853: gcc -o conftest -g -O2   conftest.c  >&5
configure:8853: $? = 0
configure:8853: result: yes
configure:9025: checking whether getloadavg requires setgid
configure:9046: result: no
configure:9118: checking whether sys_siglist is declared
configure:9118: gcc -c -g -O2  conftest.c >&5
configure:9118: $? = 0
configure:9118: result: yes
configure:9135: checking whether _sys_siglist is declared
configure:9135: gcc -c -g -O2  conftest.c >&5
configure:9135: $? = 0
configure:9135: result: yes
configure:9152: checking whether __sys_siglist is declared
configure:9152: gcc -c -g -O2  conftest.c >&5
conftest.c: In function 'main':
conftest.c:132:10: error: '__sys_siglist' undeclared (first use in this function)
   (void) __sys_siglist;
          ^
conftest.c:132:10: note: each undeclared identifier is reported only once for each function it appears in
configure:9152: $? = 1
configure: failed program was:
| /* confdefs.h */
| #define PACKAGE_NAME "GNU make"
| #define PACKAGE_TARNAME "make"
| #define PACKAGE_VERSION "4.0"
| #define PACKAGE_STRING "GNU make 4.0"
| #define PACKAGE_BUGREPORT "bug-make@gnu.org"
| #define PACKAGE_URL "http://www.gnu.org/software/make/"
| #define PACKAGE "make"
| #define VERSION "4.0"
| #define STDC_HEADERS 1
| #define HAVE_SYS_TYPES_H 1
| #define HAVE_SYS_STAT_H 1
| #define HAVE_STDLIB_H 1
| #define HAVE_STRING_H 1
| #define HAVE_MEMORY_H 1
| #define HAVE_STRINGS_H 1
| #define HAVE_INTTYPES_H 1
| #define HAVE_STDINT_H 1
| #define HAVE_UNISTD_H 1
| #define __EXTENSIONS__ 1
| #define _ALL_SOURCE 1
| #define _GNU_SOURCE 1
| #define _POSIX_PTHREAD_SEMANTICS 1
| #define _TANDEM_SOURCE 1
| #define ENABLE_NLS 1
| #define HAVE_GETTEXT 1
| #define HAVE_DCGETTEXT 1
| #define _FILE_OFFSET_BITS 64
| #define STDC_HEADERS 1
| #define HAVE_DIRENT_H 1
| #define TIME_WITH_SYS_TIME 1
| #define HAVE_STDLIB_H 1
| #define HAVE_LOCALE_H 1
| #define HAVE_UNISTD_H 1
| #define HAVE_LIMITS_H 1
| #define HAVE_FCNTL_H 1
| #define HAVE_STRING_H 1
| #define HAVE_MEMORY_H 1
| #define HAVE_SYS_PARAM_H 1
| #define HAVE_SYS_RESOURCE_H 1
| #define HAVE_SYS_TIME_H 1
| #define HAVE_SYS_TIMEB_H 1
| #define RETSIGTYPE void
| #define ST_MTIM_NSEC st_mtim.tv_nsec
| #define FILE_TIMESTAMP_HI_RES 1
| #define HAVE_CLOCK_GETTIME 1
| #define HAVE_GETTIMEOFDAY 1
| #define HAVE_STRDUP 1
| #define HAVE_STRNDUP 1
| #define HAVE_MKSTEMP 1
| #define HAVE_MKTEMP 1
| #define HAVE_FDOPEN 1
| #define HAVE_FILENO 1
| #define HAVE_DUP 1
| #define HAVE_DUP2 1
| #define HAVE_GETCWD 1
| #define HAVE_REALPATH 1
| #define HAVE_SIGSETMASK 1
| #define HAVE_SIGACTION 1
| #define HAVE_GETGROUPS 1
| #define HAVE_SETEUID 1
| #define HAVE_SETEGID 1
| #define HAVE_SETLINEBUF 1
| #define HAVE_SETREUID 1
| #define HAVE_SETREGID 1
| #define HAVE_GETRLIMIT 1
| #define HAVE_SETRLIMIT 1
| #define HAVE_SETVBUF 1
| #define HAVE_PIPE 1
| #define HAVE_STRERROR 1
| #define HAVE_STRSIGNAL 1
| #define HAVE_LSTAT 1
| #define HAVE_READLINK 1
| #define HAVE_ATEXIT 1
| #define HAVE_DECL_BSD_SIGNAL 1
| #define HAVE_STRCASECMP 1
| #define HAVE_STRNCASECMP 1
| #define HAVE_STRCOLL 1
| #define HAVE_ALLOCA_H 1
| #define HAVE_ALLOCA 1
| #define HAVE_GETLOADAVG 1
| #define HAVE_DECL_SYS_SIGLIST 1
| #define HAVE_DECL__SYS_SIGLIST 1
| /* end confdefs.h.  */
| #include <stdio.h>
| #ifdef HAVE_SYS_TYPES_H
| # include <sys/types.h>
| #endif
| #ifdef HAVE_SYS_STAT_H
| # include <sys/stat.h>
| #endif
| #ifdef STDC_HEADERS
| # include <stdlib.h>
| # include <stddef.h>
| #else
| # ifdef HAVE_STDLIB_H
| #  include <stdlib.h>
| # endif
| #endif
| #ifdef HAVE_STRING_H
| # if !defined STDC_HEADERS && defined HAVE_MEMORY_H
| #  include <memory.h>
| # endif
| # include <string.h>
| #endif
| #ifdef HAVE_STRINGS_H
| # include <strings.h>
| #endif
| #ifdef HAVE_INTTYPES_H
| # include <inttypes.h>
| #endif
| #ifdef HAVE_STDINT_H
| # include <stdint.h>
| #endif
| #ifdef HAVE_UNISTD_H
| # include <unistd.h>
| #endif
| #include <signal.h>
| /* NetBSD declares sys_siglist in unistd.h.  */
| #if HAVE_UNISTD_H
| # include <unistd.h>
| #endif
| 
| 
| int
| main ()
| {
| #ifndef __sys_siglist
| #ifdef __cplusplus
|   (void) __sys_siglist;
| #else
|   (void) __sys_siglist;
| #endif
| #endif
| 
|   ;
|   return 0;
| }
configure:9152: result: no
configure:9175: checking for sys/wait.h
configure:9175: gcc -c -g -O2  conftest.c >&5
configure:9175: $? = 0
configure:9175: result: yes
configure:9189: checking for waitpid
configure:9189: gcc -o conftest -g -O2   conftest.c  >&5
configure:9189: $? = 0
configure:9189: result: yes
configure:9189: checking for wait3
configure:9189: gcc -o conftest -g -O2   conftest.c  >&5
configure:9189: $? = 0
configure:9189: result: yes
configure:9198: checking for union wait
configure:9230: gcc -o conftest -g -O2   conftest.c  >&5
conftest.c: In function 'main':
conftest.c:102:12: error: 'blow' undeclared (first use in this function)
         -- blow chunks here --
            ^
conftest.c:102:12: note: each undeclared identifier is reported only once for each function it appears in
conftest.c:102:17: error: expected ';' before 'chunks'
         -- blow chunks here --
                 ^
configure:9230: $? = 1
configure: failed program was:
| /* confdefs.h */
| #define PACKAGE_NAME "GNU make"
| #define PACKAGE_TARNAME "make"
| #define PACKAGE_VERSION "4.0"
| #define PACKAGE_STRING "GNU make 4.0"
| #define PACKAGE_BUGREPORT "bug-make@gnu.org"
| #define PACKAGE_URL "http://www.gnu.org/software/make/"
| #define PACKAGE "make"
| #define VERSION "4.0"
| #define STDC_HEADERS 1
| #define HAVE_SYS_TYPES_H 1
| #define HAVE_SYS_STAT_H 1
| #define HAVE_STDLIB_H 1
| #define HAVE_STRING_H 1
| #define HAVE_MEMORY_H 1
| #define HAVE_STRINGS_H 1
| #define HAVE_INTTYPES_H 1
| #define HAVE_STDINT_H 1
| #define HAVE_UNISTD_H 1
| #define __EXTENSIONS__ 1
| #define _ALL_SOURCE 1
| #define _GNU_SOURCE 1
| #define _POSIX_PTHREAD_SEMANTICS 1
| #define _TANDEM_SOURCE 1
| #define ENABLE_NLS 1
| #define HAVE_GETTEXT 1
| #define HAVE_DCGETTEXT 1
| #define _FILE_OFFSET_BITS 64
| #define STDC_HEADERS 1
| #define HAVE_DIRENT_H 1
| #define TIME_WITH_SYS_TIME 1
| #define HAVE_STDLIB_H 1
| #define HAVE_LOCALE_H 1
| #define HAVE_UNISTD_H 1
| #define HAVE_LIMITS_H 1
| #define HAVE_FCNTL_H 1
| #define HAVE_STRING_H 1
| #define HAVE_MEMORY_H 1
| #define HAVE_SYS_PARAM_H 1
| #define HAVE_SYS_RESOURCE_H 1
| #define HAVE_SYS_TIME_H 1
| #define HAVE_SYS_TIMEB_H 1
| #define RETSIGTYPE void
| #define ST_MTIM_NSEC st_mtim.tv_nsec
| #define FILE_TIMESTAMP_HI_RES 1
| #define HAVE_CLOCK_GETTIME 1
| #define HAVE_GETTIMEOFDAY 1
| #define HAVE_STRDUP 1
| #define HAVE_STRNDUP 1
| #define HAVE_MKSTEMP 1
| #define HAVE_MKTEMP 1
| #define HAVE_FDOPEN 1
| #define HAVE_FILENO 1
| #define HAVE_DUP 1
| #define HAVE_DUP2 1
| #define HAVE_GETCWD 1
| #define HAVE_REALPATH 1
| #define HAVE_SIGSETMASK 1
| #define HAVE_SIGACTION 1
| #define HAVE_GETGROUPS 1
| #define HAVE_SETEUID 1
| #define HAVE_SETEGID 1
| #define HAVE_SETLINEBUF 1
| #define HAVE_SETREUID 1
| #define HAVE_SETREGID 1
| #define HAVE_GETRLIMIT 1
| #define HAVE_SETRLIMIT 1
| #define HAVE_SETVBUF 1
| #define HAVE_PIPE 1
| #define HAVE_STRERROR 1
| #define HAVE_STRSIGNAL 1
| #define HAVE_LSTAT 1
| #define HAVE_READLINK 1
| #define HAVE_ATEXIT 1
| #define HAVE_DECL_BSD_SIGNAL 1
| #define HAVE_STRCASECMP 1
| #define HAVE_STRNCASECMP 1
| #define HAVE_STRCOLL 1
| #define HAVE_ALLOCA_H 1
| #define HAVE_ALLOCA 1
| #define HAVE_GETLOADAVG 1
| #define HAVE_DECL_SYS_SIGLIST 1
| #define HAVE_DECL__SYS_SIGLIST 1
| #define HAVE_DECL___SYS_SIGLIST 0
| #define HAVE_SYS_WAIT_H 1
| #define HAVE_WAITPID 1
| #define HAVE_WAIT3 1
| /* end confdefs.h.  */
| #include <sys/types.h>
| #include <sys/wait.h>
| int
| main ()
| {
| union wait status; int pid; pid = wait (&status);
| #ifdef WEXITSTATUS
| /* Some POSIXoid systems have both the new-style macros and the old
|    union wait type, and they do not work together.  If union wait
|    conflicts with WEXITSTATUS et al, we don't want to use it at all.  */
|         if (WEXITSTATUS (status) != 0) pid = -1;
| #ifdef WTERMSIG
|         /* If we have WEXITSTATUS and WTERMSIG, just use them on ints.  */
|         -- blow chunks here --
| #endif
| #endif
| #ifdef HAVE_WAITPID
|         /* Make sure union wait works with waitpid.  */
|         pid = waitpid (-1, &status, 0);
| #endif
| 
|   ;
|   return 0;
| }
configure:9239: result: no
configure:9711: checking for SA_RESTART
configure:9728: gcc -c -g -O2  conftest.c >&5
configure:9728: $? = 0
configure:9735: result: yes
configure:9773: checking whether dlopen is declared
configure:9773: gcc -c -g -O2  conftest.c >&5
configure:9773: $? = 0
configure:9773: result: yes
configure:9784: checking whether dlsym is declared
configure:9784: gcc -c -g -O2  conftest.c >&5
configure:9784: $? = 0
configure:9784: result: yes
configure:9795: checking whether dlerror is declared
configure:9795: gcc -c -g -O2  conftest.c >&5
configure:9795: $? = 0
configure:9795: result: yes
configure:9836: checking for library containing dlopen
configure:9867: gcc -o conftest -g -O2   conftest.c  >&5
/tmp/ccKaZPl6.o: In function `main':
/sources/make-4.0/conftest.c:106: undefined reference to `dlopen'
collect2: error: ld returned 1 exit status
configure:9867: $? = 1
configure: failed program was:
| /* confdefs.h */
| #define PACKAGE_NAME "GNU make"
| #define PACKAGE_TARNAME "make"
| #define PACKAGE_VERSION "4.0"
| #define PACKAGE_STRING "GNU make 4.0"
| #define PACKAGE_BUGREPORT "bug-make@gnu.org"
| #define PACKAGE_URL "http://www.gnu.org/software/make/"
| #define PACKAGE "make"
| #define VERSION "4.0"
| #define STDC_HEADERS 1
| #define HAVE_SYS_TYPES_H 1
| #define HAVE_SYS_STAT_H 1
| #define HAVE_STDLIB_H 1
| #define HAVE_STRING_H 1
| #define HAVE_MEMORY_H 1
| #define HAVE_STRINGS_H 1
| #define HAVE_INTTYPES_H 1
| #define HAVE_STDINT_H 1
| #define HAVE_UNISTD_H 1
| #define __EXTENSIONS__ 1
| #define _ALL_SOURCE 1
| #define _GNU_SOURCE 1
| #define _POSIX_PTHREAD_SEMANTICS 1
| #define _TANDEM_SOURCE 1
| #define ENABLE_NLS 1
| #define HAVE_GETTEXT 1
| #define HAVE_DCGETTEXT 1
| #define _FILE_OFFSET_BITS 64
| #define STDC_HEADERS 1
| #define HAVE_DIRENT_H 1
| #define TIME_WITH_SYS_TIME 1
| #define HAVE_STDLIB_H 1
| #define HAVE_LOCALE_H 1
| #define HAVE_UNISTD_H 1
| #define HAVE_LIMITS_H 1
| #define HAVE_FCNTL_H 1
| #define HAVE_STRING_H 1
| #define HAVE_MEMORY_H 1
| #define HAVE_SYS_PARAM_H 1
| #define HAVE_SYS_RESOURCE_H 1
| #define HAVE_SYS_TIME_H 1
| #define HAVE_SYS_TIMEB_H 1
| #define RETSIGTYPE void
| #define ST_MTIM_NSEC st_mtim.tv_nsec
| #define FILE_TIMESTAMP_HI_RES 1
| #define HAVE_CLOCK_GETTIME 1
| #define HAVE_GETTIMEOFDAY 1
| #define HAVE_STRDUP 1
| #define HAVE_STRNDUP 1
| #define HAVE_MKSTEMP 1
| #define HAVE_MKTEMP 1
| #define HAVE_FDOPEN 1
| #define HAVE_FILENO 1
| #define HAVE_DUP 1
| #define HAVE_DUP2 1
| #define HAVE_GETCWD 1
| #define HAVE_REALPATH 1
| #define HAVE_SIGSETMASK 1
| #define HAVE_SIGACTION 1
| #define HAVE_GETGROUPS 1
| #define HAVE_SETEUID 1
| #define HAVE_SETEGID 1
| #define HAVE_SETLINEBUF 1
| #define HAVE_SETREUID 1
| #define HAVE_SETREGID 1
| #define HAVE_GETRLIMIT 1
| #define HAVE_SETRLIMIT 1
| #define HAVE_SETVBUF 1
| #define HAVE_PIPE 1
| #define HAVE_STRERROR 1
| #define HAVE_STRSIGNAL 1
| #define HAVE_LSTAT 1
| #define HAVE_READLINK 1
| #define HAVE_ATEXIT 1
| #define HAVE_DECL_BSD_SIGNAL 1
| #define HAVE_STRCASECMP 1
| #define HAVE_STRNCASECMP 1
| #define HAVE_STRCOLL 1
| #define HAVE_ALLOCA_H 1
| #define HAVE_ALLOCA 1
| #define HAVE_GETLOADAVG 1
| #define HAVE_DECL_SYS_SIGLIST 1
| #define HAVE_DECL__SYS_SIGLIST 1
| #define HAVE_DECL___SYS_SIGLIST 0
| #define HAVE_SYS_WAIT_H 1
| #define HAVE_WAITPID 1
| #define HAVE_WAIT3 1
| #define HAVE_SA_RESTART 1
| #define MAKE_JOBSERVER 1
| #define HAVE_DECL_DLOPEN 1
| #define HAVE_DECL_DLSYM 1
| #define HAVE_DECL_DLERROR 1
| #define MAKE_LOAD 1
| /* end confdefs.h.  */
| 
| /* Override any GCC internal prototype to avoid an error.
|    Use char because int might match the return type of a GCC
|    builtin and then its argument prototype would still apply.  */
| #ifdef __cplusplus
| extern "C"
| #endif
| char dlopen ();
| int
| main ()
| {
| return dlopen ();
|   ;
|   return 0;
| }
configure:9867: gcc -o conftest -g -O2   conftest.c -ldl   >&5
configure:9867: $? = 0
configure:9884: result: -ldl
configure:9903: checking If the linker accepts -Wl,--export-dynamic
configure:9911: gcc -o conftest -g -O2   -Wl,--export-dynamic conftest.c -ldl  >&5
configure:9911: $? = 0
configure:9912: result: yes
configure:9956: checking for location of SCCS get command
configure:9969: result: get
configure:10008: checking if system libc has GNU glob
configure:10037: result: yes
configure:10115: checking if malloc debugging is wanted
configure:10133: result: no
configure:10357: creating ./config.status

## ---------------------- ##
## Running config.status. ##
## ---------------------- ##

This file was extended by GNU make config.status 4.0, which was
generated by GNU Autoconf 2.69.  Invocation command line was

  CONFIG_FILES    = 
  CONFIG_HEADERS  = 
  CONFIG_LINKS    = 
  CONFIG_COMMANDS = 
  $ ./config.status 

on lfs

config.status:1021: creating Makefile
config.status:1021: creating glob/Makefile
config.status:1021: creating po/Makefile.in
config.status:1021: creating config/Makefile
config.status:1021: creating doc/Makefile
config.status:1021: creating w32/Makefile
config.status:1021: creating config.h
config.status:1255: executing depfiles commands
config.status:1255: executing po-directories commands

## ---------------------- ##
## Running config.status. ##
## ---------------------- ##

This file was extended by GNU make config.status 4.0, which was
generated by GNU Autoconf 2.69.  Invocation command line was

  CONFIG_FILES    = 
  CONFIG_HEADERS  = 
  CONFIG_LINKS    = 
  CONFIG_COMMANDS = 
  $ ./config.status --file build.sh

on lfs

config.status:1021: creating build.sh

## ---------------- ##
## Cache variables. ##
## ---------------- ##

ac_cv_build=i686-pc-linux-gnu
ac_cv_c_compiler_gnu=yes
ac_cv_c_const=yes
ac_cv_dos_paths=no
ac_cv_env_CC_set=
ac_cv_env_CC_value=
ac_cv_env_CFLAGS_set=
ac_cv_env_CFLAGS_value=
ac_cv_env_CPPFLAGS_set=
ac_cv_env_CPPFLAGS_value=
ac_cv_env_CPP_set=
ac_cv_env_CPP_value=
ac_cv_env_GUILE_CFLAGS_set=
ac_cv_env_GUILE_CFLAGS_value=
ac_cv_env_GUILE_LIBS_set=
ac_cv_env_GUILE_LIBS_value=
ac_cv_env_LDFLAGS_set=
ac_cv_env_LDFLAGS_value=
ac_cv_env_LIBS_set=
ac_cv_env_LIBS_value=
ac_cv_env_PKG_CONFIG_LIBDIR_set=
ac_cv_env_PKG_CONFIG_LIBDIR_value=
ac_cv_env_PKG_CONFIG_PATH_set=
ac_cv_env_PKG_CONFIG_PATH_value=
ac_cv_env_PKG_CONFIG_set=
ac_cv_env_PKG_CONFIG_value=
ac_cv_env_build_alias_set=
ac_cv_env_build_alias_value=
ac_cv_env_host_alias_set=
ac_cv_env_host_alias_value=
ac_cv_env_target_alias_set=
ac_cv_env_target_alias_value=
ac_cv_func_alloca_works=yes
ac_cv_func_atexit=yes
ac_cv_func_closedir_void=no
ac_cv_func_dup2=yes
ac_cv_func_dup=yes
ac_cv_func_fdopen=yes
ac_cv_func_fileno=yes
ac_cv_func_getcwd=yes
ac_cv_func_getgroups=yes
ac_cv_func_getloadavg=yes
ac_cv_func_getloadavg_setgid=no
ac_cv_func_getrlimit=yes
ac_cv_func_gettimeofday=yes
ac_cv_func_lstat=yes
ac_cv_func_mkstemp=yes
ac_cv_func_mktemp=yes
ac_cv_func_pipe=yes
ac_cv_func_pstat_getdynamic=no
ac_cv_func_readlink=yes
ac_cv_func_realpath=yes
ac_cv_func_setegid=yes
ac_cv_func_seteuid=yes
ac_cv_func_setlinebuf=yes
ac_cv_func_setregid=yes
ac_cv_func_setreuid=yes
ac_cv_func_setrlimit=yes
ac_cv_func_setvbuf=yes
ac_cv_func_setvbuf_reversed=no
ac_cv_func_sigaction=yes
ac_cv_func_sigsetmask=yes
ac_cv_func_strcasecmp=yes
ac_cv_func_strcmpi=no
ac_cv_func_strcoll_works=yes
ac_cv_func_strdup=yes
ac_cv_func_strerror=yes
ac_cv_func_stricmp=no
ac_cv_func_strncasecmp=yes
ac_cv_func_strncmpi=no
ac_cv_func_strndup=yes
ac_cv_func_strnicmp=no
ac_cv_func_strsignal=yes
ac_cv_func_wait3=yes
ac_cv_func_waitpid=yes
ac_cv_have_decl___sys_siglist=no
ac_cv_have_decl__sys_siglist=yes
ac_cv_have_decl_bsd_signal=yes
ac_cv_have_decl_dlerror=yes
ac_cv_have_decl_dlopen=yes
ac_cv_have_decl_dlsym=yes
ac_cv_have_decl_sys_siglist=yes
ac_cv_header_dirent_dirent_h=yes
ac_cv_header_fcntl_h=yes
ac_cv_header_inttypes_h=yes
ac_cv_header_limits_h=yes
ac_cv_header_locale_h=yes
ac_cv_header_memory_h=yes
ac_cv_header_minix_config_h=no
ac_cv_header_stat_broken=no
ac_cv_header_stdc=yes
ac_cv_header_stdint_h=yes
ac_cv_header_stdlib_h=yes
ac_cv_header_string_h=yes
ac_cv_header_strings_h=yes
ac_cv_header_sys_param_h=yes
ac_cv_header_sys_resource_h=yes
ac_cv_header_sys_stat_h=yes
ac_cv_header_sys_time_h=yes
ac_cv_header_sys_timeb_h=yes
ac_cv_header_sys_types_h=yes
ac_cv_header_sys_wait_h=yes
ac_cv_header_time=yes
ac_cv_header_unistd_h=yes
ac_cv_host=i686-pc-linux-gnu
ac_cv_lib_kstat_kstat_open=no
ac_cv_objext=o
ac_cv_path_EGREP='/bin/grep -E'
ac_cv_path_GMSGFMT=/usr/bin/msgfmt
ac_cv_path_GREP=/bin/grep
ac_cv_path_MSGFMT=/usr/bin/msgfmt
ac_cv_path_MSGMERGE=/usr/bin/msgmerge
ac_cv_path_XGETTEXT=/usr/bin/xgettext
ac_cv_path_ac_pt_PKG_CONFIG=/usr/bin/pkg-config
ac_cv_path_install='/usr/bin/install -c'
ac_cv_path_mkdir=/bin/mkdir
ac_cv_prog_AR=ar
ac_cv_prog_AWK=gawk
ac_cv_prog_CPP='gcc -E'
ac_cv_prog_PERL=perl
ac_cv_prog_ac_ct_CC=gcc
ac_cv_prog_ac_ct_RANLIB=ranlib
ac_cv_prog_cc_c89=
ac_cv_prog_cc_g=yes
ac_cv_prog_cc_gcc_c_o=yes
ac_cv_prog_make_make_set=yes
ac_cv_safe_to_define___extensions__=yes
ac_cv_search_clock_gettime='none required'
ac_cv_search_dlopen=-ldl
ac_cv_search_getpwnam='none required'
ac_cv_search_opendir='none required'
ac_cv_search_strerror='none required'
ac_cv_struct_st_mtim_nsec=st_mtim.tv_nsec
ac_cv_sys_file_offset_bits=64
ac_cv_sys_largefile_CC=no
ac_cv_type_pid_t=yes
ac_cv_type_signal=void
ac_cv_type_size_t=yes
ac_cv_type_uid_t=yes
ac_cv_type_uintmax_t=yes
ac_cv_working_alloca_h=yes
acl_cv_hardcode_direct=no
acl_cv_hardcode_libdir_flag_spec='${wl}-rpath ${wl}$libdir'
acl_cv_hardcode_libdir_separator=
acl_cv_hardcode_minus_L=no
acl_cv_libext=a
acl_cv_libname_spec='lib$name'
acl_cv_library_names_spec='$libname$shrext'
acl_cv_path_LD=/usr/bin/ld
acl_cv_prog_gnu_ld=yes
acl_cv_rpath=done
acl_cv_shlibext=so
acl_cv_wl=-Wl,
am_cv_CC_dependencies_compiler_type=gcc3
am_cv_make_support_nested_variables=yes
gt_cv_func_CFLocaleCopyCurrent=no
gt_cv_func_CFPreferencesCopyAppValue=no
gt_cv_func_gnugettext1_libc=yes
make_cv_file_timestamp_hi_res=yes
make_cv_job_server=yes
make_cv_load=yes
make_cv_path_sccs_get=get
make_cv_sa_restart=yes
make_cv_sys_gnu_glob=yes
make_cv_union_wait=no

## ----------------- ##
## Output variables. ##
## ----------------- ##

ACLOCAL='${SHELL} /sources/make-4.0/config/missing --run aclocal-1.11'
ALLOCA=''
AMDEPBACKSLASH='\'
AMDEP_FALSE='#'
AMDEP_TRUE=''
AMTAR='$${TAR-tar}'
AM_BACKSLASH='\'
AM_DEFAULT_V='$(AM_DEFAULT_VERBOSITY)'
AM_DEFAULT_VERBOSITY='1'
AM_LDFLAGS='-Wl,--export-dynamic'
AM_V='$(V)'
AR='ar'
AUTOCONF='${SHELL} /sources/make-4.0/config/missing --run autoconf'
AUTOHEADER='${SHELL} /sources/make-4.0/config/missing --run autoheader'
AUTOMAKE='${SHELL} /sources/make-4.0/config/missing --run automake-1.11'
AWK='gawk'
CC='gcc'
CCDEPMODE='depmode=gcc3'
CFLAGS='-g -O2'
CPP='gcc -E'
CPPFLAGS=''
CYGPATH_W='echo'
DEFS='-DHAVE_CONFIG_H'
DEPDIR='.deps'
ECHO_C=''
ECHO_N='-n'
ECHO_T=''
EGREP='/bin/grep -E'
EXEEXT=''
GETLOADAVG_LIBS=''
GETTEXT_MACRO_VERSION='0.18'
GLOBINC=''
GLOBLIB=''
GMSGFMT='/usr/bin/msgfmt'
GMSGFMT_015='/usr/bin/msgfmt'
GREP='/bin/grep'
GUILE_CFLAGS=''
GUILE_LIBS=''
HAVE_GUILE_FALSE=''
HAVE_GUILE_TRUE='#'
INSTALL_DATA='${INSTALL} -m 644'
INSTALL_PROGRAM='${INSTALL}'
INSTALL_SCRIPT='${INSTALL}'
INSTALL_STRIP_PROGRAM='$(install_sh) -c -s'
INTLLIBS=''
INTL_MACOSX_LIBS=''
KMEM_GROUP=''
LDFLAGS=''
LIBICONV='-liconv'
LIBINTL=''
LIBOBJS=''
LIBS='-ldl '
LTLIBICONV='-liconv'
LTLIBINTL=''
LTLIBOBJS=''
MAKEINFO='${SHELL} /sources/make-4.0/config/missing --run makeinfo'
MAKE_HOST='i686-pc-linux-gnu'
MKDIR_P='/bin/mkdir -p'
MSGFMT='/usr/bin/msgfmt'
MSGFMT_015='/usr/bin/msgfmt'
MSGMERGE='/usr/bin/msgmerge'
NEED_SETGID='false'
OBJEXT='o'
PACKAGE='make'
PACKAGE_BUGREPORT='bug-make@gnu.org'
PACKAGE_NAME='GNU make'
PACKAGE_STRING='GNU make 4.0'
PACKAGE_TARNAME='make'
PACKAGE_URL='http://www.gnu.org/software/make/'
PACKAGE_VERSION='4.0'
PATH_SEPARATOR=':'
PERL='perl'
PKG_CONFIG='/usr/bin/pkg-config'
PKG_CONFIG_LIBDIR=''
PKG_CONFIG_PATH=''
POSUB='po'
RANLIB='ranlib'
REMOTE='stub'
SET_MAKE=''
SHELL='/bin/sh'
STRIP=''
USE_CUSTOMS_FALSE=''
USE_CUSTOMS_TRUE='#'
USE_LOCAL_GLOB_FALSE=''
USE_LOCAL_GLOB_TRUE='#'
USE_NLS='yes'
VERSION='4.0'
WINDOWSENV_FALSE=''
WINDOWSENV_TRUE='#'
XGETTEXT='/usr/bin/xgettext'
XGETTEXT_015='/usr/bin/xgettext'
XGETTEXT_EXTRA_OPTIONS=''
ac_ct_CC='gcc'
am__EXEEXT_FALSE=''
am__EXEEXT_TRUE='#'
am__fastdepCC_FALSE='#'
am__fastdepCC_TRUE=''
am__include='include'
am__isrc=''
am__leading_dot='.'
am__nodep='_no'
am__quote=''
am__tar='$${TAR-tar} chof - "$$tardir"'
am__untar='$${TAR-tar} xf -'
bindir='${exec_prefix}/bin'
build='i686-pc-linux-gnu'
build_alias=''
build_cpu='i686'
build_os='linux-gnu'
build_vendor='pc'
datadir='${datarootdir}'
datarootdir='${prefix}/share'
docdir='${datarootdir}/doc/${PACKAGE_TARNAME}'
dvidir='${docdir}'
exec_prefix='${prefix}'
host='i686-pc-linux-gnu'
host_alias=''
host_cpu='i686'
host_os='linux-gnu'
host_vendor='pc'
htmldir='${docdir}'
includedir='${prefix}/include'
infodir='${datarootdir}/info'
install_sh='${SHELL} /sources/make-4.0/config/install-sh'
libdir='${exec_prefix}/lib'
libexecdir='${exec_prefix}/libexec'
localedir='${datarootdir}/locale'
localstatedir='${prefix}/var'
mandir='${datarootdir}/man'
mkdir_p='/bin/mkdir -p'
oldincludedir='/usr/include'
pdfdir='${docdir}'
prefix='/usr'
program_transform_name='s,x,x,'
psdir='${docdir}'
sbindir='${exec_prefix}/sbin'
sharedstatedir='${prefix}/com'
sysconfdir='${prefix}/etc'
target_alias=''

## ------------------- ##
## File substitutions. ##
## ------------------- ##

MAINT_MAKEFILE='/dev/null'

## ----------- ##
## confdefs.h. ##
## ----------- ##

/* confdefs.h */
#define PACKAGE_NAME "GNU make"
#define PACKAGE_TARNAME "make"
#define PACKAGE_VERSION "4.0"
#define PACKAGE_STRING "GNU make 4.0"
#define PACKAGE_BUGREPORT "bug-make@gnu.org"
#define PACKAGE_URL "http://www.gnu.org/software/make/"
#define PACKAGE "make"
#define VERSION "4.0"
#define STDC_HEADERS 1
#define HAVE_SYS_TYPES_H 1
#define HAVE_SYS_STAT_H 1
#define HAVE_STDLIB_H 1
#define HAVE_STRING_H 1
#define HAVE_MEMORY_H 1
#define HAVE_STRINGS_H 1
#define HAVE_INTTYPES_H 1
#define HAVE_STDINT_H 1
#define HAVE_UNISTD_H 1
#define __EXTENSIONS__ 1
#define _ALL_SOURCE 1
#define _GNU_SOURCE 1
#define _POSIX_PTHREAD_SEMANTICS 1
#define _TANDEM_SOURCE 1
#define ENABLE_NLS 1
#define HAVE_GETTEXT 1
#define HAVE_DCGETTEXT 1
#define _FILE_OFFSET_BITS 64
#define STDC_HEADERS 1
#define HAVE_DIRENT_H 1
#define TIME_WITH_SYS_TIME 1
#define HAVE_STDLIB_H 1
#define HAVE_LOCALE_H 1
#define HAVE_UNISTD_H 1
#define HAVE_LIMITS_H 1
#define HAVE_FCNTL_H 1
#define HAVE_STRING_H 1
#define HAVE_MEMORY_H 1
#define HAVE_SYS_PARAM_H 1
#define HAVE_SYS_RESOURCE_H 1
#define HAVE_SYS_TIME_H 1
#define HAVE_SYS_TIMEB_H 1
#define RETSIGTYPE void
#define ST_MTIM_NSEC st_mtim.tv_nsec
#define FILE_TIMESTAMP_HI_RES 1
#define HAVE_CLOCK_GETTIME 1
#define HAVE_GETTIMEOFDAY 1
#define HAVE_STRDUP 1
#define HAVE_STRNDUP 1
#define HAVE_MKSTEMP 1
#define HAVE_MKTEMP 1
#define HAVE_FDOPEN 1
#define HAVE_FILENO 1
#define HAVE_DUP 1
#define HAVE_DUP2 1
#define HAVE_GETCWD 1
#define HAVE_REALPATH 1
#define HAVE_SIGSETMASK 1
#define HAVE_SIGACTION 1
#define HAVE_GETGROUPS 1
#define HAVE_SETEUID 1
#define HAVE_SETEGID 1
#define HAVE_SETLINEBUF 1
#define HAVE_SETREUID 1
#define HAVE_SETREGID 1
#define HAVE_GETRLIMIT 1
#define HAVE_SETRLIMIT 1
#define HAVE_SETVBUF 1
#define HAVE_PIPE 1
#define HAVE_STRERROR 1
#define HAVE_STRSIGNAL 1
#define HAVE_LSTAT 1
#define HAVE_READLINK 1
#define HAVE_ATEXIT 1
#define HAVE_DECL_BSD_SIGNAL 1
#define HAVE_STRCASECMP 1
#define HAVE_STRNCASECMP 1
#define HAVE_STRCOLL 1
#define HAVE_ALLOCA_H 1
#define HAVE_ALLOCA 1
#define HAVE_GETLOADAVG 1
#define HAVE_DECL_SYS_SIGLIST 1
#define HAVE_DECL__SYS_SIGLIST 1
#define HAVE_DECL___SYS_SIGLIST 0
#define HAVE_SYS_WAIT_H 1
#define HAVE_WAITPID 1
#define HAVE_WAIT3 1
#define HAVE_SA_RESTART 1
#define MAKE_JOBSERVER 1
#define HAVE_DECL_DLOPEN 1
#define HAVE_DECL_DLSYM 1
#define HAVE_DECL_DLERROR 1
#define MAKE_LOAD 1
#define MAKE_SYMLINKS 1
#define SCCS_GET "get"
#define MAKE_HOST "i686-pc-linux-gnu"
#define PATH_SEPARATOR_CHAR ':'

configure: exit 0
