Making install in doc
make[1]: Entering directory '/sources/tar-1.27.1/doc'
make[2]: Entering directory '/sources/tar-1.27.1/doc'
make[2]: Nothing to be done for 'install-exec-am'.
 /bin/mkdir -p '/usr/share/info'
 /usr/bin/install -c -m 644 ./tar.info ./tar.info-1 ./tar.info-2 ./tar.info-3 '/usr/share/info'
 install-info --info-dir='/usr/share/info' '/usr/share/info/tar.info'
make[2]: Leaving directory '/sources/tar-1.27.1/doc'
make[1]: Leaving directory '/sources/tar-1.27.1/doc'
Making install in gnu
make[1]: Entering directory '/sources/tar-1.27.1/gnu'
make  install-recursive
make[2]: Entering directory '/sources/tar-1.27.1/gnu'
make[3]: Entering directory '/sources/tar-1.27.1/gnu'
make[4]: Entering directory '/sources/tar-1.27.1/gnu'
if test yes = no; then \
  case 'linux-gnu' in \
    darwin[56]*) \
      need_charset_alias=true ;; \
    darwin* | cygwin* | mingw* | pw32* | cegcc*) \
      need_charset_alias=false ;; \
    *) \
      need_charset_alias=true ;; \
  esac ; \
else \
  need_charset_alias=false ; \
fi ; \
if $need_charset_alias; then \
  /bin/sh /sources/tar-1.27.1/build-aux/install-sh -d /usr/lib ; \
fi ; \
if test -f /usr/lib/charset.alias; then \
  sed -f ref-add.sed /usr/lib/charset.alias > /usr/lib/charset.tmp ; \
  /usr/bin/install -c -m 644 /usr/lib/charset.tmp /usr/lib/charset.alias ; \
  rm -f /usr/lib/charset.tmp ; \
else \
  if $need_charset_alias; then \
    sed -f ref-add.sed charset.alias > /usr/lib/charset.tmp ; \
    /usr/bin/install -c -m 644 /usr/lib/charset.tmp /usr/lib/charset.alias ; \
    rm -f /usr/lib/charset.tmp ; \
  fi ; \
fi
make[4]: Nothing to be done for 'install-data-am'.
make[4]: Leaving directory '/sources/tar-1.27.1/gnu'
make[3]: Leaving directory '/sources/tar-1.27.1/gnu'
make[2]: Leaving directory '/sources/tar-1.27.1/gnu'
make[1]: Leaving directory '/sources/tar-1.27.1/gnu'
Making install in lib
make[1]: Entering directory '/sources/tar-1.27.1/lib'
make  install-am
make[2]: Entering directory '/sources/tar-1.27.1/lib'
make[3]: Entering directory '/sources/tar-1.27.1/lib'
make[3]: Nothing to be done for 'install-exec-am'.
make[3]: Nothing to be done for 'install-data-am'.
make[3]: Leaving directory '/sources/tar-1.27.1/lib'
make[2]: Leaving directory '/sources/tar-1.27.1/lib'
make[1]: Leaving directory '/sources/tar-1.27.1/lib'
Making install in rmt
make[1]: Entering directory '/sources/tar-1.27.1/rmt'
make[2]: Entering directory '/sources/tar-1.27.1/rmt'
make[2]: Nothing to be done for 'install-exec-am'.
 /bin/mkdir -p '/usr/libexec'
  /usr/bin/install -c rmt '/usr/libexec'
make[2]: Leaving directory '/sources/tar-1.27.1/rmt'
make[1]: Leaving directory '/sources/tar-1.27.1/rmt'
Making install in src
make[1]: Entering directory '/sources/tar-1.27.1/src'
make[2]: Entering directory '/sources/tar-1.27.1/src'
 /bin/mkdir -p '/bin'
  /usr/bin/install -c tar '/bin'
make[2]: Nothing to be done for 'install-data-am'.
make[2]: Leaving directory '/sources/tar-1.27.1/src'
make[1]: Leaving directory '/sources/tar-1.27.1/src'
Making install in scripts
make[1]: Entering directory '/sources/tar-1.27.1/scripts'
make[2]: Entering directory '/sources/tar-1.27.1/scripts'
make[2]: Nothing to be done for 'install-data-am'.
make[2]: Leaving directory '/sources/tar-1.27.1/scripts'
make[1]: Leaving directory '/sources/tar-1.27.1/scripts'
Making install in po
make[1]: Entering directory '/sources/tar-1.27.1/po'
/bin/mkdir -p /usr/share
installing bg.gmo as /usr/share/locale/bg/LC_MESSAGES/tar.mo
installing ca.gmo as /usr/share/locale/ca/LC_MESSAGES/tar.mo
installing cs.gmo as /usr/share/locale/cs/LC_MESSAGES/tar.mo
installing da.gmo as /usr/share/locale/da/LC_MESSAGES/tar.mo
installing de.gmo as /usr/share/locale/de/LC_MESSAGES/tar.mo
installing el.gmo as /usr/share/locale/el/LC_MESSAGES/tar.mo
installing eo.gmo as /usr/share/locale/eo/LC_MESSAGES/tar.mo
installing es.gmo as /usr/share/locale/es/LC_MESSAGES/tar.mo
installing et.gmo as /usr/share/locale/et/LC_MESSAGES/tar.mo
installing eu.gmo as /usr/share/locale/eu/LC_MESSAGES/tar.mo
installing fi.gmo as /usr/share/locale/fi/LC_MESSAGES/tar.mo
installing fr.gmo as /usr/share/locale/fr/LC_MESSAGES/tar.mo
installing ga.gmo as /usr/share/locale/ga/LC_MESSAGES/tar.mo
installing gl.gmo as /usr/share/locale/gl/LC_MESSAGES/tar.mo
installing hr.gmo as /usr/share/locale/hr/LC_MESSAGES/tar.mo
installing hu.gmo as /usr/share/locale/hu/LC_MESSAGES/tar.mo
installing id.gmo as /usr/share/locale/id/LC_MESSAGES/tar.mo
installing it.gmo as /usr/share/locale/it/LC_MESSAGES/tar.mo
installing ja.gmo as /usr/share/locale/ja/LC_MESSAGES/tar.mo
installing ko.gmo as /usr/share/locale/ko/LC_MESSAGES/tar.mo
installing ky.gmo as /usr/share/locale/ky/LC_MESSAGES/tar.mo
installing ms.gmo as /usr/share/locale/ms/LC_MESSAGES/tar.mo
installing nb.gmo as /usr/share/locale/nb/LC_MESSAGES/tar.mo
installing nl.gmo as /usr/share/locale/nl/LC_MESSAGES/tar.mo
installing pl.gmo as /usr/share/locale/pl/LC_MESSAGES/tar.mo
installing pt.gmo as /usr/share/locale/pt/LC_MESSAGES/tar.mo
installing pt_BR.gmo as /usr/share/locale/pt_BR/LC_MESSAGES/tar.mo
installing ro.gmo as /usr/share/locale/ro/LC_MESSAGES/tar.mo
installing ru.gmo as /usr/share/locale/ru/LC_MESSAGES/tar.mo
installing sk.gmo as /usr/share/locale/sk/LC_MESSAGES/tar.mo
installing sl.gmo as /usr/share/locale/sl/LC_MESSAGES/tar.mo
installing sv.gmo as /usr/share/locale/sv/LC_MESSAGES/tar.mo
installing tr.gmo as /usr/share/locale/tr/LC_MESSAGES/tar.mo
installing uk.gmo as /usr/share/locale/uk/LC_MESSAGES/tar.mo
installing vi.gmo as /usr/share/locale/vi/LC_MESSAGES/tar.mo
installing zh_CN.gmo as /usr/share/locale/zh_CN/LC_MESSAGES/tar.mo
installing zh_TW.gmo as /usr/share/locale/zh_TW/LC_MESSAGES/tar.mo
if test "tar" = "gettext-tools"; then \
  /bin/mkdir -p /usr/share/gettext/po; \
  for file in Makefile.in.in remove-potcdate.sin quot.sed boldquot.sed en@quot.header en@boldquot.header insert-header.sin Rules-quot   Makevars.template; do \
    /usr/bin/install -c -m 644 ./$file \
		    /usr/share/gettext/po/$file; \
  done; \
  for file in Makevars; do \
    rm -f /usr/share/gettext/po/$file; \
  done; \
else \
  : ; \
fi
make[1]: Leaving directory '/sources/tar-1.27.1/po'
Making install in tests
make[1]: Entering directory '/sources/tar-1.27.1/tests'
make[2]: Entering directory '/sources/tar-1.27.1/tests'
make[2]: Nothing to be done for 'install-exec-am'.
make[2]: Nothing to be done for 'install-data-am'.
make[2]: Leaving directory '/sources/tar-1.27.1/tests'
make[1]: Leaving directory '/sources/tar-1.27.1/tests'
make[1]: Entering directory '/sources/tar-1.27.1'
make[2]: Entering directory '/sources/tar-1.27.1'
make[2]: Nothing to be done for 'install-exec-am'.
make[2]: Nothing to be done for 'install-data-am'.
make[2]: Leaving directory '/sources/tar-1.27.1'
make[1]: Leaving directory '/sources/tar-1.27.1'
