This file contains any messages produced by compilers while
running configure, to aid debugging if configure makes a mistake.

It was created by GNU C Library configure (see version.h), which was
generated by GNU Autoconf 2.68.  Invocation command line was

  $ ../glibc-2.19/configure --prefix=/tools --host=i686-lfs-linux-gnu --build=i686-pc-linux-gnu --disable-profile --enable-kernel=2.6.32 --with-headers=/tools/include libc_cv_forced_unwind=yes libc_cv_ctors_header=yes libc_cv_c_cleanup=yes

## --------- ##
## Platform. ##
## --------- ##

hostname = lfs
uname -m = i686
uname -r = 3.11.0-26-generic
uname -s = Linux
uname -v = #45-Ubuntu SMP Tue Jul 15 04:04:15 UTC 2014

/usr/bin/uname -p = unknown
/bin/uname -X     = unknown

/bin/arch              = unknown
/usr/bin/arch -k       = unknown
/usr/convex/getsysinfo = unknown
/usr/bin/hostinfo      = unknown
/bin/machine           = unknown
/usr/bin/oslevel       = unknown
/bin/universe          = unknown

PATH: /tools/bin
PATH: /bin
PATH: /usr/bin


## ----------- ##
## Core tests. ##
## ----------- ##

configure:2344: checking build system type
configure:2358: result: i686-pc-linux-gnu
configure:2378: checking host system type
configure:2391: result: i686-lfs-linux-gnu
configure:2420: checking for i686-lfs-linux-gnu-gcc
configure:2436: found /tools/bin/i686-lfs-linux-gnu-gcc
configure:2447: result: i686-lfs-linux-gnu-gcc
configure:2716: checking for C compiler version
configure:2725: i686-lfs-linux-gnu-gcc --version >&5
i686-lfs-linux-gnu-gcc (GCC) 4.8.2
Copyright (C) 2013 Free Software Foundation, Inc.
This is free software; see the source for copying conditions.  There is NO
warranty; not even for MERCHANTABILITY or FITNESS FOR A PARTICULAR PURPOSE.

configure:2736: $? = 0
configure:2725: i686-lfs-linux-gnu-gcc -v >&5
Using built-in specs.
COLLECT_GCC=i686-lfs-linux-gnu-gcc
COLLECT_LTO_WRAPPER=/mnt/lfs/tools/bin/../libexec/gcc/i686-lfs-linux-gnu/4.8.2/lto-wrapper
Target: i686-lfs-linux-gnu
Configured with: ../gcc-4.8.2/configure --target=i686-lfs-linux-gnu --prefix=/tools --with-sysroot=/mnt/lfs --with-newlib --without-headers --with-local-prefix=/tools --with-native-system-header-dir=/tools/include --disable-nls --disable-shared --disable-multilib --disable-decimal-float --disable-threads --disable-libatomic --disable-libgomp --disable-libitm --disable-libmudflap --disable-libquadmath --disable-libsanitizer --disable-libssp --disable-libstdc++-v3 --enable-languages=c,c++ --with-mpfr-include=/mnt/lfs/sources/gcc-build/../gcc-4.8.2/mpfr/src --with-mpfr-lib=/mnt/lfs/sources/gcc-build/mpfr/src/.libs
Thread model: single
gcc version 4.8.2 (GCC) 
configure:2736: $? = 0
configure:2725: i686-lfs-linux-gnu-gcc -V >&5
i686-lfs-linux-gnu-gcc: error: unrecognized command line option '-V'
i686-lfs-linux-gnu-gcc: fatal error: no input files
compilation terminated.
configure:2736: $? = 1
configure:2725: i686-lfs-linux-gnu-gcc -qversion >&5
i686-lfs-linux-gnu-gcc: error: unrecognized command line option '-qversion'
i686-lfs-linux-gnu-gcc: fatal error: no input files
compilation terminated.
configure:2736: $? = 1
configure:2741: checking for suffix of object files
configure:2763: i686-lfs-linux-gnu-gcc -c   conftest.c >&5
configure:2767: $? = 0
configure:2788: result: o
configure:2792: checking whether we are using the GNU C compiler
configure:2811: i686-lfs-linux-gnu-gcc -c   conftest.c >&5
configure:2811: $? = 0
configure:2820: result: yes
configure:2829: checking whether i686-lfs-linux-gnu-gcc accepts -g
configure:2849: i686-lfs-linux-gnu-gcc -c -g  conftest.c >&5
configure:2849: $? = 0
configure:2890: result: yes
configure:2919: checking for gcc
configure:2935: found /usr/bin/gcc
configure:2946: result: gcc
configure:2982: checking for i686-lfs-linux-gnu-g++
configure:2998: found /tools/bin/i686-lfs-linux-gnu-g++
configure:3009: result: i686-lfs-linux-gnu-g++
configure:3080: checking for C++ compiler version
configure:3089: i686-lfs-linux-gnu-g++ --version >&5
i686-lfs-linux-gnu-g++ (GCC) 4.8.2
Copyright (C) 2013 Free Software Foundation, Inc.
This is free software; see the source for copying conditions.  There is NO
warranty; not even for MERCHANTABILITY or FITNESS FOR A PARTICULAR PURPOSE.

configure:3100: $? = 0
configure:3089: i686-lfs-linux-gnu-g++ -v >&5
Using built-in specs.
COLLECT_GCC=i686-lfs-linux-gnu-g++
COLLECT_LTO_WRAPPER=/mnt/lfs/tools/bin/../libexec/gcc/i686-lfs-linux-gnu/4.8.2/lto-wrapper
Target: i686-lfs-linux-gnu
Configured with: ../gcc-4.8.2/configure --target=i686-lfs-linux-gnu --prefix=/tools --with-sysroot=/mnt/lfs --with-newlib --without-headers --with-local-prefix=/tools --with-native-system-header-dir=/tools/include --disable-nls --disable-shared --disable-multilib --disable-decimal-float --disable-threads --disable-libatomic --disable-libgomp --disable-libitm --disable-libmudflap --disable-libquadmath --disable-libsanitizer --disable-libssp --disable-libstdc++-v3 --enable-languages=c,c++ --with-mpfr-include=/mnt/lfs/sources/gcc-build/../gcc-4.8.2/mpfr/src --with-mpfr-lib=/mnt/lfs/sources/gcc-build/mpfr/src/.libs
Thread model: single
gcc version 4.8.2 (GCC) 
configure:3100: $? = 0
configure:3089: i686-lfs-linux-gnu-g++ -V >&5
i686-lfs-linux-gnu-g++: error: unrecognized command line option '-V'
i686-lfs-linux-gnu-g++: fatal error: no input files
compilation terminated.
configure:3100: $? = 1
configure:3089: i686-lfs-linux-gnu-g++ -qversion >&5
i686-lfs-linux-gnu-g++: error: unrecognized command line option '-qversion'
i686-lfs-linux-gnu-g++: fatal error: no input files
compilation terminated.
configure:3100: $? = 1
configure:3104: checking whether we are using the GNU C++ compiler
configure:3123: i686-lfs-linux-gnu-g++ -c   conftest.cpp >&5
configure:3123: $? = 0
configure:3132: result: yes
configure:3141: checking whether i686-lfs-linux-gnu-g++ accepts -g
configure:3161: i686-lfs-linux-gnu-g++ -c -g  conftest.cpp >&5
configure:3161: $? = 0
configure:3202: result: yes
configure:3228: checking for i686-lfs-linux-gnu-readelf
configure:3244: found /tools/bin/i686-lfs-linux-gnu-readelf
configure:3255: result: i686-lfs-linux-gnu-readelf
configure:3792: checking for sysdeps preconfigure fragments
configure:3799: result: 
configure:3873: running configure fragment for add-on libidn
configure:3873: running configure fragment for add-on nptl
configure:3921: checking add-on ports for preconfigure fragments
configure:3928: result: 
configure:4009: checking for assembler and linker STT_GNU_IFUNC support
/mnt/lfs/tools/bin/../lib/gcc/i686-lfs-linux-gnu/4.8.2/../../../../i686-lfs-linux-gnu/bin/ld: this linker was not configured to use sysroots
collect2: error: ld returned 1 exit status
configure:4040: result: no
configure:4043: checking whether .text pseudo-op must be used
configure:4053: i686-lfs-linux-gnu-gcc  -c conftest.s 1>&5
configure:4056: $? = 0
configure:4067: result: yes
configure:4086: checking sysdep dirs
configure:4306: result: sysdeps/generic
configure:4360: WARNING: add-on ports contributed no useful sysdeps directories
configure:4383: checking for a BSD-compatible install
configure:4451: result: /usr/bin/install -c
configure:4466: checking whether ln -s works
configure:4470: result: yes
configure:4494: checking whether /mnt/lfs/tools/bin/../lib/gcc/i686-lfs-linux-gnu/4.8.2/../../../../i686-lfs-linux-gnu/bin/as is GNU as
configure:4508: result: yes
configure:4513: checking whether /mnt/lfs/tools/bin/../lib/gcc/i686-lfs-linux-gnu/4.8.2/../../../../i686-lfs-linux-gnu/bin/ld is GNU ld
configure:4527: result: yes
configure:4537: checking for /mnt/lfs/tools/bin/../lib/gcc/i686-lfs-linux-gnu/4.8.2/../../../../i686-lfs-linux-gnu/bin/as
configure:4564: result: /mnt/lfs/tools/bin/../lib/gcc/i686-lfs-linux-gnu/4.8.2/../../../../i686-lfs-linux-gnu/bin/as
configure:4579: checking version of /mnt/lfs/tools/bin/../lib/gcc/i686-lfs-linux-gnu/4.8.2/../../../../i686-lfs-linux-gnu/bin/as
configure:4589: result: 2.24, ok
configure:4600: checking for /mnt/lfs/tools/bin/../lib/gcc/i686-lfs-linux-gnu/4.8.2/../../../../i686-lfs-linux-gnu/bin/ld
configure:4627: result: /mnt/lfs/tools/bin/../lib/gcc/i686-lfs-linux-gnu/4.8.2/../../../../i686-lfs-linux-gnu/bin/ld
configure:4642: checking version of /mnt/lfs/tools/bin/../lib/gcc/i686-lfs-linux-gnu/4.8.2/../../../../i686-lfs-linux-gnu/bin/ld
configure:4652: result: 2.24, ok
configure:4666: checking for i686-lfs-linux-gnu-gcc
configure:4693: result: i686-lfs-linux-gnu-gcc
configure:4708: checking version of i686-lfs-linux-gnu-gcc
configure:4718: result: 4.8.2, ok
configure:4729: checking for gnumake
configure:4759: result: no
configure:4729: checking for gmake
configure:4759: result: no
configure:4729: checking for make
configure:4745: found /usr/bin/make
configure:4756: result: make
configure:4771: checking version of make
configure:4781: result: 3.81, ok
configure:4793: checking for gnumsgfmt
configure:4823: result: no
configure:4793: checking for gmsgfmt
configure:4823: result: no
configure:4793: checking for msgfmt
configure:4809: found /usr/bin/msgfmt
configure:4820: result: msgfmt
configure:4835: checking version of msgfmt
configure:4845: result: 0.18.1, ok
configure:4856: checking for makeinfo
configure:4886: result: no
configure:4919: checking for sed
configure:4935: found /bin/sed
configure:4946: result: sed
configure:4961: checking version of sed
configure:4971: result: 4.2.2, ok
configure:4982: checking for gawk
configure:4998: found /usr/bin/gawk
configure:5009: result: gawk
configure:5024: checking version of gawk
configure:5034: result: 4.0.1, ok
configure:5045: checking for i686-lfs-linux-gnu-nm
configure:5061: found /tools/bin/i686-lfs-linux-gnu-nm
configure:5072: result: i686-lfs-linux-gnu-nm
configure:5212: WARNING:
*** These auxiliary programs are missing or incompatible versions: makeinfo
*** some features will be disabled.
*** Check the INSTALL file for required versions.
configure:5248: checking LD_LIBRARY_PATH variable
configure:5258: result: ok
configure:5267: checking whether GCC supports -static-libgcc
configure:5278: result: -static-libgcc
configure:5284: checking for bash
configure:5302: found /bin/bash
configure:5315: result: /bin/bash
configure:5388: checking for perl
configure:5406: found /usr/bin/perl
configure:5419: result: /usr/bin/perl
configure:5433: checking for install-info
configure:5452: found /usr/bin/install-info
configure:5465: result: /usr/bin/install-info
configure:5475: checking for bison
configure:5494: found /usr/bin/bison
configure:5507: result: /usr/bin/bison
configure:5516: checking for libc-friendly stddef.h
configure:5540: i686-lfs-linux-gnu-gcc -c -g -O2  conftest.c >&5
conftest.c: In function 'main':
conftest.c:25:38: warning: incompatible implicit declaration of built-in function 'abort' [enabled by default]
 if (&size == NULL || &wchar == NULL) abort ();
                                      ^
configure:5540: $? = 0
configure:5547: result: yes
configure:5554: checking whether we need to use -P to assemble .S files
configure:5564: i686-lfs-linux-gnu-gcc   -c conftest.S 1>&5
configure:5567: $? = 0
configure:5575: result: no
configure:5582: checking for .set assembler directive
/mnt/lfs/tools/bin/../lib/gcc/i686-lfs-linux-gnu/4.8.2/../../../../i686-lfs-linux-gnu/bin/ld: this linker was not configured to use sysroots
collect2: error: ld returned 1 exit status
configure:5608: result: no
configure:5615: checking for assembler gnu_unique_object symbol type
configure:5632: result: yes
configure:5639: checking for .previous assembler directive
configure:5649: i686-lfs-linux-gnu-gcc -c  conftest.s 1>&5
configure:5652: $? = 0
configure:5660: result: yes
configure:5694: checking for .protected and .hidden assembler directive
configure:5706: i686-lfs-linux-gnu-gcc -c  conftest.s 1>&5
configure:5709: $? = 0
configure:5717: result: yes
configure:5721: checking whether __attribute__((visibility())) is supported
configure:5732: i686-lfs-linux-gnu-gcc -Werror -S conftest.c -o conftest.s 1>&5
configure:5735: $? = 0
configure:5746: result: yes
configure:5754: checking for broken __attribute__((visibility()))
configure:5766: i686-lfs-linux-gnu-gcc -Werror -S conftest.c -o conftest.s 1>&5
configure:5769: $? = 0
configure:5778: result: no
configure:5785: checking for broken __attribute__((alias()))
configure:5800: i686-lfs-linux-gnu-gcc -Werror -S conftest.c -o conftest.s 1>&5
configure:5803: $? = 0
configure:5813: result: no
configure:5820: checking whether to put _rtld_local into .sdata section
configure:5834: result: no
configure:5842: checking for .preinit_array/.init_array/.fini_array support
configure:5858: i686-lfs-linux-gnu-gcc -g -O2   -o conftest
		       conftest.c -static -nostartfiles -nostdlib
		       1>&5
/mnt/lfs/tools/bin/../lib/gcc/i686-lfs-linux-gnu/4.8.2/../../../../i686-lfs-linux-gnu/bin/ld: this linker was not configured to use sysroots
collect2: error: ld returned 1 exit status
configure:5861: $? = 1
configure:5874: result: no
configure:5877: error: Need linker with .init_array/.fini_array support.

## ---------------- ##
## Cache variables. ##
## ---------------- ##

ac_cv_build=i686-pc-linux-gnu
ac_cv_c_compiler_gnu=yes
ac_cv_cxx_compiler_gnu=yes
ac_cv_env_CCC_set=
ac_cv_env_CCC_value=
ac_cv_env_CC_set=
ac_cv_env_CC_value=
ac_cv_env_CFLAGS_set=
ac_cv_env_CFLAGS_value=
ac_cv_env_CPPFLAGS_set=
ac_cv_env_CPPFLAGS_value=
ac_cv_env_CPP_set=
ac_cv_env_CPP_value=
ac_cv_env_CXXFLAGS_set=
ac_cv_env_CXXFLAGS_value=
ac_cv_env_CXX_set=
ac_cv_env_CXX_value=
ac_cv_env_LDFLAGS_set=
ac_cv_env_LDFLAGS_value=
ac_cv_env_LIBS_set=
ac_cv_env_LIBS_value=
ac_cv_env_build_alias_set=set
ac_cv_env_build_alias_value=i686-pc-linux-gnu
ac_cv_env_host_alias_set=set
ac_cv_env_host_alias_value=i686-lfs-linux-gnu
ac_cv_env_target_alias_set=
ac_cv_env_target_alias_value=
ac_cv_host=i686-lfs-linux-gnu
ac_cv_objext=o
ac_cv_path_BASH_SHELL=/bin/bash
ac_cv_path_BISON=/usr/bin/bison
ac_cv_path_INSTALL_INFO=/usr/bin/install-info
ac_cv_path_PERL=/usr/bin/perl
ac_cv_path_install='/usr/bin/install -c'
ac_cv_prog_AS=/mnt/lfs/tools/bin/../lib/gcc/i686-lfs-linux-gnu/4.8.2/../../../../i686-lfs-linux-gnu/bin/as
ac_cv_prog_AWK=gawk
ac_cv_prog_BUILD_CC=gcc
ac_cv_prog_CC=i686-lfs-linux-gnu-gcc
ac_cv_prog_CXX=i686-lfs-linux-gnu-g++
ac_cv_prog_LD=/mnt/lfs/tools/bin/../lib/gcc/i686-lfs-linux-gnu/4.8.2/../../../../i686-lfs-linux-gnu/bin/ld
ac_cv_prog_MAKE=make
ac_cv_prog_MSGFMT=msgfmt
ac_cv_prog_NM=i686-lfs-linux-gnu-nm
ac_cv_prog_READELF=i686-lfs-linux-gnu-readelf
ac_cv_prog_SED=sed
ac_cv_prog_cc_g=yes
ac_cv_prog_cxx_g=yes
libc_cv_asm_previous_directive=yes
libc_cv_asm_protected_directive=yes
libc_cv_asm_set_directive=no
libc_cv_asm_unique_object=yes
libc_cv_broken_alias_attribute=no
libc_cv_broken_visibility_attribute=no
libc_cv_c_cleanup=yes
libc_cv_ctors_header=yes
libc_cv_dot_text=.text
libc_cv_forced_unwind=yes
libc_cv_friendly_stddef=yes
libc_cv_gcc_static_libgcc=-static-libgcc
libc_cv_have_bash2=yes
libc_cv_have_ksh=yes
libc_cv_have_sdata_section=no
libc_cv_initfini_array=no
libc_cv_ld_gnu_indirect_function=no
libc_cv_need_minus_P=no
libc_cv_nss_crypt=no
libc_cv_prog_as_gnu=yes
libc_cv_prog_ld_gnu=yes
libc_cv_visibility_attribute=yes

## ----------------- ##
## Output variables. ##
## ----------------- ##

AR='/mnt/lfs/tools/bin/../lib/gcc/i686-lfs-linux-gnu/4.8.2/../../../../i686-lfs-linux-gnu/bin/ar'
AS='/mnt/lfs/tools/bin/../lib/gcc/i686-lfs-linux-gnu/4.8.2/../../../../i686-lfs-linux-gnu/bin/as'
ASFLAGS_config=''
AUTOCONF='no'
AWK='gawk'
BASH_SHELL='/bin/bash'
BISON='/usr/bin/bison'
BUILD_CC='gcc'
CC='i686-lfs-linux-gnu-gcc'
CFLAGS='-g -O2'
CPP='i686-lfs-linux-gnu-gcc -E'
CPPFLAGS=''
CPPUNDEFS=''
CXX='i686-lfs-linux-gnu-g++'
CXXFLAGS='-g -O2'
CXX_SYSINCLUDES=''
DEFINES=''
DEFS=''
ECHO_C=''
ECHO_N='-n'
ECHO_T=''
INSTALL_DATA='${INSTALL} -m 644'
INSTALL_INFO='/usr/bin/install-info'
INSTALL_PROGRAM='${INSTALL}'
INSTALL_SCRIPT='${INSTALL}'
KSH='/bin/bash'
LD='/mnt/lfs/tools/bin/../lib/gcc/i686-lfs-linux-gnu/4.8.2/../../../../i686-lfs-linux-gnu/bin/ld'
LDFLAGS=''
LIBGD=''
LIBOBJS=''
LIBS=''
LN_S='ln -s'
LTLIBOBJS=''
MAKE='make'
MAKEINFO=':'
MSGFMT='msgfmt'
NM='i686-lfs-linux-gnu-nm'
OBJCOPY='/mnt/lfs/tools/bin/../lib/gcc/i686-lfs-linux-gnu/4.8.2/../../../../i686-lfs-linux-gnu/bin/objcopy'
OBJDUMP='/mnt/lfs/tools/bin/../lib/gcc/i686-lfs-linux-gnu/4.8.2/../../../../i686-lfs-linux-gnu/bin/objdump'
OBJEXT='o'
PACKAGE_BUGREPORT='http://sourceware.org/bugzilla/'
PACKAGE_NAME='GNU C Library'
PACKAGE_STRING='GNU C Library (see version.h)'
PACKAGE_TARNAME='glibc'
PACKAGE_URL='http://www.gnu.org/software/glibc/'
PACKAGE_VERSION='(see version.h)'
PATH_SEPARATOR=':'
PERL='/usr/bin/perl'
PKGVERSION='(GNU libc) '
PKGVERSION_TEXI='(GNU libc) '
READELF='i686-lfs-linux-gnu-readelf'
RELEASE=''
REPORT_BUGS_TEXI='@uref{http://www.gnu.org/software/libc/bugs.html}'
REPORT_BUGS_TO='<http://www.gnu.org/software/libc/bugs.html>'
SED='sed'
SHELL='/bin/sh'
SYSINCLUDES='-nostdinc -isystem /mnt/lfs/tools/bin/../lib/gcc/i686-lfs-linux-gnu/4.8.2/include -isystem /mnt/lfs/tools/bin/../lib/gcc/i686-lfs-linux-gnu/4.8.2/include-fixed -isystem /tools/include'
VERSION=''
ac_ct_CC=''
ac_ct_CXX=''
add_on_subdirs=' libidn'
add_ons='libidn nptl ports'
all_warnings=''
base_machine='i386'
bindir='${exec_prefix}/bin'
bindnow='no'
build='i686-pc-linux-gnu'
build_alias='i686-pc-linux-gnu'
build_cpu='i686'
build_nscd='default'
build_os='linux-gnu'
build_pt_chown='no'
build_vendor='pc'
cross_compiling='yes'
datadir='${datarootdir}'
datarootdir='${prefix}/share'
docdir='${datarootdir}/doc/${PACKAGE_TARNAME}'
dvidir='${docdir}'
exceptions=''
exec_prefix='NONE'
fno_unit_at_a_time=''
force_install='yes'
gnu89_inline=''
hardcoded_path_in_tests='no'
have_libaudit=''
have_libcap=''
have_selinux=''
host='i686-lfs-linux-gnu'
host_alias='i686-lfs-linux-gnu'
host_cpu='i686'
host_os='linux-gnu'
host_vendor='lfs'
htmldir='${docdir}'
includedir='${prefix}/include'
infodir='${datarootdir}/info'
ldd_rewrite_script=''
libc_cv_Bgroup=''
libc_cv_cc_loop_to_function=''
libc_cv_cc_nofma=''
libc_cv_cc_submachine=''
libc_cv_cc_with_libunwind=''
libc_cv_forced_unwind='yes'
libc_cv_fpie=''
libc_cv_gcc_static_libgcc='-static-libgcc'
libc_cv_gcc_unwind_find_fde=''
libc_cv_hashstyle=''
libc_cv_have_bash2='yes'
libc_cv_have_ksh='yes'
libc_cv_localedir=''
libc_cv_localstatedir=''
libc_cv_nss_crypt='no'
libc_cv_output_format=''
libc_cv_pic_default=''
libc_cv_rootsbindir=''
libc_cv_rtlddir=''
libc_cv_slibdir=''
libc_cv_ssp=''
libc_cv_sysconfdir=''
libc_cv_z_combreloc=''
libc_cv_z_execstack=''
libc_extra_cflags=''
libdir='${exec_prefix}/lib'
libexecdir='${exec_prefix}/libexec'
link_obsolete_rpc='no'
localedir='${datarootdir}/locale'
localstatedir='${prefix}/var'
mach_interface_list=''
mandir='${datarootdir}/man'
multi_arch='no'
old_glibc_headers=''
oldest_abi='default'
oldincludedir='/usr/include'
pdfdir='${docdir}'
prefix='/tools'
profile='no'
program_transform_name='s,x,x,'
psdir='${docdir}'
sbindir='${exec_prefix}/sbin'
shared='yes'
sharedstatedir='${prefix}/com'
sizeof_long_double=''
static=''
static_nss='no'
subdirs='  '
submachine=''
sysconfdir='${prefix}/etc'
sysdeps_add_ons=' nptl ports'
sysheaders='/tools/include'
sysnames=' nptl/sysdeps/unix/sysv/linux/i386/i686 sysdeps/unix/sysv/linux/i386/i686 nptl/sysdeps/unix/sysv/linux/i386 nptl/sysdeps/unix/sysv/linux/x86 sysdeps/unix/sysv/linux/x86 sysdeps/unix/sysv/linux/i386/nptl sysdeps/unix/sysv/linux/i386 nptl/sysdeps/unix/sysv/linux nptl/sysdeps/pthread sysdeps/pthread ports/sysdeps/unix/sysv/linux sysdeps/unix/sysv/linux sysdeps/gnu sysdeps/unix/inet nptl/sysdeps/unix/sysv ports/sysdeps/unix/sysv sysdeps/unix/sysv sysdeps/unix/i386 nptl/sysdeps/unix ports/sysdeps/unix sysdeps/unix sysdeps/posix sysdeps/i386/i686/fpu nptl/sysdeps/i386/i686 sysdeps/i386/i686 sysdeps/i386/i486 nptl/sysdeps/i386/i486 sysdeps/i386/fpu sysdeps/x86/fpu nptl/sysdeps/i386 sysdeps/i386 sysdeps/x86 sysdeps/wordsize-32 sysdeps/ieee754/ldbl-96 sysdeps/ieee754/dbl-64 sysdeps/ieee754/flt-32 sysdeps/ieee754 sysdeps/generic'
target_alias=''
use_default_link='default'
use_ldconfig=''
use_nscd='yes'
with_fp='yes'

## ----------- ##
## confdefs.h. ##
## ----------- ##

/* confdefs.h */
#define PACKAGE_NAME "GNU C Library"
#define PACKAGE_TARNAME "glibc"
#define PACKAGE_VERSION "(see version.h)"
#define PACKAGE_STRING "GNU C Library (see version.h)"
#define PACKAGE_BUGREPORT "http://sourceware.org/bugzilla/"
#define PACKAGE_URL "http://www.gnu.org/software/glibc/"
#define PKGVERSION "(GNU libc) "
#define REPORT_BUGS_TO "<http://www.gnu.org/software/libc/bugs.html>"
#define HAVE_LIBIDN 1
#define USE_REGPARMS 1
#define HAVE_ASM_UNIQUE_OBJECT 1
#define HAVE_ASM_PREVIOUS_DIRECTIVE 1

configure: exit 1
