make  all-recursive
make[1]: Entering directory `/mnt/lfs/sources/file-5.17'
Making all in src
make[2]: Entering directory `/mnt/lfs/sources/file-5.17/src'
make  all-am
make[3]: Entering directory `/mnt/lfs/sources/file-5.17/src'
  CC       magic.lo
  CC       apprentice.lo
  CC       ascmagic.lo
  CC       softmagic.lo
  CC       encoding.lo
  CC       compress.lo
  CC       is_tar.lo
  CC       readelf.lo
  CC       print.lo
  CC       fsmagic.lo
  CC       funcs.lo
  CC       apptype.lo
  CC       cdf.lo
  CC       cdf_time.lo
  CC       readcdf.lo
  CC       strlcpy.lo
  CC       strlcat.lo
  CC       file.o
  CCLD     libmagic.la
  CCLD     file
make[3]: Leaving directory `/mnt/lfs/sources/file-5.17/src'
make[2]: Leaving directory `/mnt/lfs/sources/file-5.17/src'
Making all in magic
make[2]: Entering directory `/mnt/lfs/sources/file-5.17/magic'
../src/file -C -m magic
make[2]: Leaving directory `/mnt/lfs/sources/file-5.17/magic'
Making all in tests
make[2]: Entering directory `/mnt/lfs/sources/file-5.17/tests'
make[2]: Nothing to be done for `all'.
make[2]: Leaving directory `/mnt/lfs/sources/file-5.17/tests'
Making all in doc
make[2]: Entering directory `/mnt/lfs/sources/file-5.17/doc'
sed -e s@__CSECTION__@1@g \
	    -e s@__FSECTION__@4@g \
	    -e s@__VERSION__@5.17@g \
	    -e s@__MAGIC__@/tools/share/misc/magic@g ./file.man > file.1
sed -e s@__CSECTION__@1@g \
	    -e s@__FSECTION__@4@g \
	    -e s@__VERSION__@5.17@g \
	    -e s@__MAGIC__@/tools/share/misc/magic@g ./magic.man > magic.4
sed -e s@__CSECTION__@1@g \
	    -e s@__FSECTION__@4@g \
	    -e s@__VERSION__@5.17@g \
	    -e s@__MAGIC__@/tools/share/misc/magic@g ./libmagic.man > libmagic.3
make[2]: Leaving directory `/mnt/lfs/sources/file-5.17/doc'
Making all in python
make[2]: Entering directory `/mnt/lfs/sources/file-5.17/python'
make[2]: Nothing to be done for `all'.
make[2]: Leaving directory `/mnt/lfs/sources/file-5.17/python'
make[2]: Entering directory `/mnt/lfs/sources/file-5.17'
make[2]: Leaving directory `/mnt/lfs/sources/file-5.17'
make[1]: Leaving directory `/mnt/lfs/sources/file-5.17'
