make 'CFLAGS=-g -O2 -DNDEBUG' 'LDFLAGS=-export-dynamic' all-recursive
make[1]: Entering directory '/sources/gawk-4.1.0'
Making all in .
make[2]: Entering directory '/sources/gawk-4.1.0'
gcc -DDEFPATH='".:/usr/share/awk"' -DDEFLIBPATH="\"/usr/lib/gawk\"" -DSHLIBEXT="\"so"\" -DHAVE_CONFIG_H -DGAWK -DLOCALEDIR='"/usr/share/locale"' -I.     -g -O2 -DNDEBUG -MT array.o -MD -MP -MF .deps/array.Tpo -c -o array.o array.c
gcc -DDEFPATH='".:/usr/share/awk"' -DDEFLIBPATH="\"/usr/lib/gawk\"" -DSHLIBEXT="\"so"\" -DHAVE_CONFIG_H -DGAWK -DLOCALEDIR='"/usr/share/locale"' -I.     -g -O2 -DNDEBUG -MT awkgram.o -MD -MP -MF .deps/awkgram.Tpo -c -o awkgram.o awkgram.c
gcc -DDEFPATH='".:/usr/share/awk"' -DDEFLIBPATH="\"/usr/lib/gawk\"" -DSHLIBEXT="\"so"\" -DHAVE_CONFIG_H -DGAWK -DLOCALEDIR='"/usr/share/locale"' -I.     -g -O2 -DNDEBUG -MT builtin.o -MD -MP -MF .deps/builtin.Tpo -c -o builtin.o builtin.c
gcc -DDEFPATH='".:/usr/share/awk"' -DDEFLIBPATH="\"/usr/lib/gawk\"" -DSHLIBEXT="\"so"\" -DHAVE_CONFIG_H -DGAWK -DLOCALEDIR='"/usr/share/locale"' -I.     -g -O2 -DNDEBUG -MT cint_array.o -MD -MP -MF .deps/cint_array.Tpo -c -o cint_array.o cint_array.c
mv -f .deps/cint_array.Tpo .deps/cint_array.Po
gcc -DDEFPATH='".:/usr/share/awk"' -DDEFLIBPATH="\"/usr/lib/gawk\"" -DSHLIBEXT="\"so"\" -DHAVE_CONFIG_H -DGAWK -DLOCALEDIR='"/usr/share/locale"' -I.     -g -O2 -DNDEBUG -MT command.o -MD -MP -MF .deps/command.Tpo -c -o command.o command.c
mv -f .deps/array.Tpo .deps/array.Po
gcc -DDEFPATH='".:/usr/share/awk"' -DDEFLIBPATH="\"/usr/lib/gawk\"" -DSHLIBEXT="\"so"\" -DHAVE_CONFIG_H -DGAWK -DLOCALEDIR='"/usr/share/locale"' -I.     -g -O2 -DNDEBUG -MT debug.o -MD -MP -MF .deps/debug.Tpo -c -o debug.o debug.c
mv -f .deps/command.Tpo .deps/command.Po
gcc -DDEFPATH='".:/usr/share/awk"' -DDEFLIBPATH="\"/usr/lib/gawk\"" -DSHLIBEXT="\"so"\" -DHAVE_CONFIG_H -DGAWK -DLOCALEDIR='"/usr/share/locale"' -I.     -g -O2 -DNDEBUG -MT dfa.o -MD -MP -MF .deps/dfa.Tpo -c -o dfa.o dfa.c
mv -f .deps/builtin.Tpo .deps/builtin.Po
gcc -DDEFPATH='".:/usr/share/awk"' -DDEFLIBPATH="\"/usr/lib/gawk\"" -DSHLIBEXT="\"so"\" -DHAVE_CONFIG_H -DGAWK -DLOCALEDIR='"/usr/share/locale"' -I.     -g -O2 -DNDEBUG -MT eval.o -MD -MP -MF .deps/eval.Tpo -c -o eval.o eval.c
mv -f .deps/awkgram.Tpo .deps/awkgram.Po
gcc -DDEFPATH='".:/usr/share/awk"' -DDEFLIBPATH="\"/usr/lib/gawk\"" -DSHLIBEXT="\"so"\" -DHAVE_CONFIG_H -DGAWK -DLOCALEDIR='"/usr/share/locale"' -I.     -g -O2 -DNDEBUG -MT ext.o -MD -MP -MF .deps/ext.Tpo -c -o ext.o ext.c
mv -f .deps/ext.Tpo .deps/ext.Po
gcc -DDEFPATH='".:/usr/share/awk"' -DDEFLIBPATH="\"/usr/lib/gawk\"" -DSHLIBEXT="\"so"\" -DHAVE_CONFIG_H -DGAWK -DLOCALEDIR='"/usr/share/locale"' -I.     -g -O2 -DNDEBUG -MT field.o -MD -MP -MF .deps/field.Tpo -c -o field.o field.c
mv -f .deps/debug.Tpo .deps/debug.Po
gcc -DDEFPATH='".:/usr/share/awk"' -DDEFLIBPATH="\"/usr/lib/gawk\"" -DSHLIBEXT="\"so"\" -DHAVE_CONFIG_H -DGAWK -DLOCALEDIR='"/usr/share/locale"' -I.     -g -O2 -DNDEBUG -MT floatcomp.o -MD -MP -MF .deps/floatcomp.Tpo -c -o floatcomp.o floatcomp.c
mv -f .deps/floatcomp.Tpo .deps/floatcomp.Po
gcc -DDEFPATH='".:/usr/share/awk"' -DDEFLIBPATH="\"/usr/lib/gawk\"" -DSHLIBEXT="\"so"\" -DHAVE_CONFIG_H -DGAWK -DLOCALEDIR='"/usr/share/locale"' -I.     -g -O2 -DNDEBUG -MT gawkapi.o -MD -MP -MF .deps/gawkapi.Tpo -c -o gawkapi.o gawkapi.c
mv -f .deps/dfa.Tpo .deps/dfa.Po
gcc -DDEFPATH='".:/usr/share/awk"' -DDEFLIBPATH="\"/usr/lib/gawk\"" -DSHLIBEXT="\"so"\" -DHAVE_CONFIG_H -DGAWK -DLOCALEDIR='"/usr/share/locale"' -I.     -g -O2 -DNDEBUG -MT gawkmisc.o -MD -MP -MF .deps/gawkmisc.Tpo -c -o gawkmisc.o gawkmisc.c
mv -f .deps/gawkmisc.Tpo .deps/gawkmisc.Po
gcc -DDEFPATH='".:/usr/share/awk"' -DDEFLIBPATH="\"/usr/lib/gawk\"" -DSHLIBEXT="\"so"\" -DHAVE_CONFIG_H -DGAWK -DLOCALEDIR='"/usr/share/locale"' -I.     -g -O2 -DNDEBUG -MT getopt.o -MD -MP -MF .deps/getopt.Tpo -c -o getopt.o getopt.c
mv -f .deps/gawkapi.Tpo .deps/gawkapi.Po
gcc -DDEFPATH='".:/usr/share/awk"' -DDEFLIBPATH="\"/usr/lib/gawk\"" -DSHLIBEXT="\"so"\" -DHAVE_CONFIG_H -DGAWK -DLOCALEDIR='"/usr/share/locale"' -I.     -g -O2 -DNDEBUG -MT getopt1.o -MD -MP -MF .deps/getopt1.Tpo -c -o getopt1.o getopt1.c
mv -f .deps/getopt.Tpo .deps/getopt.Po
mv -f .deps/getopt1.Tpo .deps/getopt1.Po
gcc -DDEFPATH='".:/usr/share/awk"' -DDEFLIBPATH="\"/usr/lib/gawk\"" -DSHLIBEXT="\"so"\" -DHAVE_CONFIG_H -DGAWK -DLOCALEDIR='"/usr/share/locale"' -I.     -g -O2 -DNDEBUG -MT int_array.o -MD -MP -MF .deps/int_array.Tpo -c -o int_array.o int_array.c
gcc -DDEFPATH='".:/usr/share/awk"' -DDEFLIBPATH="\"/usr/lib/gawk\"" -DSHLIBEXT="\"so"\" -DHAVE_CONFIG_H -DGAWK -DLOCALEDIR='"/usr/share/locale"' -I.     -g -O2 -DNDEBUG -MT io.o -MD -MP -MF .deps/io.Tpo -c -o io.o io.c
mv -f .deps/field.Tpo .deps/field.Po
gcc -DDEFPATH='".:/usr/share/awk"' -DDEFLIBPATH="\"/usr/lib/gawk\"" -DSHLIBEXT="\"so"\" -DHAVE_CONFIG_H -DGAWK -DLOCALEDIR='"/usr/share/locale"' -I.     -g -O2 -DNDEBUG -MT main.o -MD -MP -MF .deps/main.Tpo -c -o main.o main.c
mv -f .deps/int_array.Tpo .deps/int_array.Po
gcc -DDEFPATH='".:/usr/share/awk"' -DDEFLIBPATH="\"/usr/lib/gawk\"" -DSHLIBEXT="\"so"\" -DHAVE_CONFIG_H -DGAWK -DLOCALEDIR='"/usr/share/locale"' -I.     -g -O2 -DNDEBUG -MT mpfr.o -MD -MP -MF .deps/mpfr.Tpo -c -o mpfr.o mpfr.c
mv -f .deps/main.Tpo .deps/main.Po
gcc -DDEFPATH='".:/usr/share/awk"' -DDEFLIBPATH="\"/usr/lib/gawk\"" -DSHLIBEXT="\"so"\" -DHAVE_CONFIG_H -DGAWK -DLOCALEDIR='"/usr/share/locale"' -I.     -g -O2 -DNDEBUG -MT msg.o -MD -MP -MF .deps/msg.Tpo -c -o msg.o msg.c
mv -f .deps/msg.Tpo .deps/msg.Po
gcc -DDEFPATH='".:/usr/share/awk"' -DDEFLIBPATH="\"/usr/lib/gawk\"" -DSHLIBEXT="\"so"\" -DHAVE_CONFIG_H -DGAWK -DLOCALEDIR='"/usr/share/locale"' -I.     -g -O2 -DNDEBUG -MT node.o -MD -MP -MF .deps/node.Tpo -c -o node.o node.c
mv -f .deps/mpfr.Tpo .deps/mpfr.Po
gcc -DDEFPATH='".:/usr/share/awk"' -DDEFLIBPATH="\"/usr/lib/gawk\"" -DSHLIBEXT="\"so"\" -DHAVE_CONFIG_H -DGAWK -DLOCALEDIR='"/usr/share/locale"' -I.     -g -O2 -DNDEBUG -MT profile.o -MD -MP -MF .deps/profile.Tpo -c -o profile.o profile.c
mv -f .deps/node.Tpo .deps/node.Po
gcc -DDEFPATH='".:/usr/share/awk"' -DDEFLIBPATH="\"/usr/lib/gawk\"" -DSHLIBEXT="\"so"\" -DHAVE_CONFIG_H -DGAWK -DLOCALEDIR='"/usr/share/locale"' -I.     -g -O2 -DNDEBUG -MT random.o -MD -MP -MF .deps/random.Tpo -c -o random.o random.c
mv -f .deps/random.Tpo .deps/random.Po
gcc -DDEFPATH='".:/usr/share/awk"' -DDEFLIBPATH="\"/usr/lib/gawk\"" -DSHLIBEXT="\"so"\" -DHAVE_CONFIG_H -DGAWK -DLOCALEDIR='"/usr/share/locale"' -I.     -g -O2 -DNDEBUG -MT re.o -MD -MP -MF .deps/re.Tpo -c -o re.o re.c
mv -f .deps/io.Tpo .deps/io.Po
gcc -DDEFPATH='".:/usr/share/awk"' -DDEFLIBPATH="\"/usr/lib/gawk\"" -DSHLIBEXT="\"so"\" -DHAVE_CONFIG_H -DGAWK -DLOCALEDIR='"/usr/share/locale"' -I.     -g -O2 -DNDEBUG -MT regex.o -MD -MP -MF .deps/regex.Tpo -c -o regex.o regex.c
mv -f .deps/re.Tpo .deps/re.Po
gcc -DDEFPATH='".:/usr/share/awk"' -DDEFLIBPATH="\"/usr/lib/gawk\"" -DSHLIBEXT="\"so"\" -DHAVE_CONFIG_H -DGAWK -DLOCALEDIR='"/usr/share/locale"' -I.     -g -O2 -DNDEBUG -MT replace.o -MD -MP -MF .deps/replace.Tpo -c -o replace.o replace.c
mv -f .deps/replace.Tpo .deps/replace.Po
gcc -DDEFPATH='".:/usr/share/awk"' -DDEFLIBPATH="\"/usr/lib/gawk\"" -DSHLIBEXT="\"so"\" -DHAVE_CONFIG_H -DGAWK -DLOCALEDIR='"/usr/share/locale"' -I.     -g -O2 -DNDEBUG -MT str_array.o -MD -MP -MF .deps/str_array.Tpo -c -o str_array.o str_array.c
mv -f .deps/profile.Tpo .deps/profile.Po
gcc -DDEFPATH='".:/usr/share/awk"' -DDEFLIBPATH="\"/usr/lib/gawk\"" -DSHLIBEXT="\"so"\" -DHAVE_CONFIG_H -DGAWK -DLOCALEDIR='"/usr/share/locale"' -I.     -g -O2 -DNDEBUG -MT symbol.o -MD -MP -MF .deps/symbol.Tpo -c -o symbol.o symbol.c
mv -f .deps/str_array.Tpo .deps/str_array.Po
/bin/sh ./config.status --file=version.c:version.in
config.status: creating version.c
gcc -DDEFPATH='".:/usr/share/awk"' -DDEFLIBPATH="\"/usr/lib/gawk\"" -DSHLIBEXT="\"so"\" -DHAVE_CONFIG_H -DGAWK -DLOCALEDIR='"/usr/share/locale"' -I.     -g -O2 -DNDEBUG -MT version.o -MD -MP -MF .deps/version.Tpo -c -o version.o version.c
mv -f .deps/version.Tpo .deps/version.Po
mv -f .deps/symbol.Tpo .deps/symbol.Po
mv -f .deps/eval.Tpo .deps/eval.Po
mv -f .deps/regex.Tpo .deps/regex.Po
gcc  -g -O2 -DNDEBUG  -export-dynamic -o gawk array.o awkgram.o builtin.o cint_array.o command.o debug.o dfa.o eval.o ext.o field.o floatcomp.o gawkapi.o gawkmisc.o getopt.o getopt1.o int_array.o io.o main.o mpfr.o msg.o node.o profile.o random.o re.o regex.o replace.o str_array.o symbol.o version.o    -lreadline -lmpfr -lgmp -ldl -lm -lm 
make[2]: Leaving directory '/sources/gawk-4.1.0'
Making all in awklib
make[2]: Entering directory '/sources/gawk-4.1.0/awklib'
gcc -DHAVE_CONFIG_H -I. -I..  -I.. -I..   -g -O2 -DNDEBUG ./eg/lib/pwcat.c -export-dynamic -o pwcat
gcc -DHAVE_CONFIG_H -I. -I..  -I.. -I..   -g -O2 -DNDEBUG ./eg/lib/grcat.c -export-dynamic -o grcat
cp ./eg/prog/igawk.sh igawk ; chmod 755 igawk
sed 's;/usr/local/libexec/awk;/usr/libexec/awk;' < ./eg/lib/passwdawk.in > passwd.awk
sed 's;/usr/local/libexec/awk;/usr/libexec/awk;' < ./eg/lib/groupawk.in > group.awk
make[2]: Leaving directory '/sources/gawk-4.1.0/awklib'
Making all in doc
make[2]: Entering directory '/sources/gawk-4.1.0/doc'
make[2]: Nothing to be done for 'all'.
make[2]: Leaving directory '/sources/gawk-4.1.0/doc'
Making all in po
make[2]: Entering directory '/sources/gawk-4.1.0/po'
make[2]: Leaving directory '/sources/gawk-4.1.0/po'
Making all in extension
make[2]: Entering directory '/sources/gawk-4.1.0/extension'
make  all-recursive
make[3]: Entering directory '/sources/gawk-4.1.0/extension'
make[4]: Entering directory '/sources/gawk-4.1.0/extension'
/bin/sh ./libtool  --tag=CC   --mode=compile gcc -DHAVE_CONFIG_H -I.  -I./..   -g -O2 -DNDEBUG -MT filefuncs.lo -MD -MP -MF .deps/filefuncs.Tpo -c -o filefuncs.lo filefuncs.c
/bin/sh ./libtool  --tag=CC   --mode=compile gcc -DHAVE_CONFIG_H -I.  -I./..   -g -O2 -DNDEBUG -MT stack.lo -MD -MP -MF .deps/stack.Tpo -c -o stack.lo stack.c
/bin/sh ./libtool  --tag=CC   --mode=compile gcc -DHAVE_CONFIG_H -I.  -I./..   -g -O2 -DNDEBUG -MT gawkfts.lo -MD -MP -MF .deps/gawkfts.Tpo -c -o gawkfts.lo gawkfts.c
/bin/sh ./libtool  --tag=CC   --mode=compile gcc -DHAVE_CONFIG_H -I.  -I./..   -g -O2 -DNDEBUG -MT fnmatch.lo -MD -MP -MF .deps/fnmatch.Tpo -c -o fnmatch.lo fnmatch.c
libtool: compile:  gcc -DHAVE_CONFIG_H -I. -I./.. -g -O2 -DNDEBUG -MT gawkfts.lo -MD -MP -MF .deps/gawkfts.Tpo -c gawkfts.c  -fPIC -DPIC -o .libs/gawkfts.o
libtool: compile:  gcc -DHAVE_CONFIG_H -I. -I./.. -g -O2 -DNDEBUG -MT fnmatch.lo -MD -MP -MF .deps/fnmatch.Tpo -c fnmatch.c  -fPIC -DPIC -o .libs/fnmatch.o
libtool: compile:  gcc -DHAVE_CONFIG_H -I. -I./.. -g -O2 -DNDEBUG -MT filefuncs.lo -MD -MP -MF .deps/filefuncs.Tpo -c filefuncs.c  -fPIC -DPIC -o .libs/filefuncs.o
libtool: compile:  gcc -DHAVE_CONFIG_H -I. -I./.. -g -O2 -DNDEBUG -MT stack.lo -MD -MP -MF .deps/stack.Tpo -c stack.c  -fPIC -DPIC -o .libs/stack.o
mv -f .deps/stack.Tpo .deps/stack.Plo
/bin/sh ./libtool  --tag=CC   --mode=compile gcc -DHAVE_CONFIG_H -I.  -I./..   -g -O2 -DNDEBUG -MT fork.lo -MD -MP -MF .deps/fork.Tpo -c -o fork.lo fork.c
libtool: compile:  gcc -DHAVE_CONFIG_H -I. -I./.. -g -O2 -DNDEBUG -MT fork.lo -MD -MP -MF .deps/fork.Tpo -c fork.c  -fPIC -DPIC -o .libs/fork.o
mv -f .deps/fnmatch.Tpo .deps/fnmatch.Plo
/bin/sh ./libtool  --tag=CC   --mode=compile gcc -DHAVE_CONFIG_H -I.  -I./..   -g -O2 -DNDEBUG -MT inplace.lo -MD -MP -MF .deps/inplace.Tpo -c -o inplace.lo inplace.c
libtool: compile:  gcc -DHAVE_CONFIG_H -I. -I./.. -g -O2 -DNDEBUG -MT inplace.lo -MD -MP -MF .deps/inplace.Tpo -c inplace.c  -fPIC -DPIC -o .libs/inplace.o
mv -f .deps/fork.Tpo .deps/fork.Plo
/bin/sh ./libtool  --tag=CC   --mode=compile gcc -DHAVE_CONFIG_H -I.  -I./..   -g -O2 -DNDEBUG -MT ordchr.lo -MD -MP -MF .deps/ordchr.Tpo -c -o ordchr.lo ordchr.c
libtool: compile:  gcc -DHAVE_CONFIG_H -I. -I./.. -g -O2 -DNDEBUG -MT ordchr.lo -MD -MP -MF .deps/ordchr.Tpo -c ordchr.c  -fPIC -DPIC -o .libs/ordchr.o
mv -f .deps/inplace.Tpo .deps/inplace.Plo
/bin/sh ./libtool  --tag=CC   --mode=compile gcc -DHAVE_CONFIG_H -I.  -I./..   -g -O2 -DNDEBUG -MT readdir.lo -MD -MP -MF .deps/readdir.Tpo -c -o readdir.lo readdir.c
mv -f .deps/ordchr.Tpo .deps/ordchr.Plo
/bin/sh ./libtool  --tag=CC   --mode=compile gcc -DHAVE_CONFIG_H -I.  -I./..   -g -O2 -DNDEBUG -MT readfile.lo -MD -MP -MF .deps/readfile.Tpo -c -o readfile.lo readfile.c
libtool: compile:  gcc -DHAVE_CONFIG_H -I. -I./.. -g -O2 -DNDEBUG -MT readdir.lo -MD -MP -MF .deps/readdir.Tpo -c readdir.c  -fPIC -DPIC -o .libs/readdir.o
libtool: compile:  gcc -DHAVE_CONFIG_H -I. -I./.. -g -O2 -DNDEBUG -MT readfile.lo -MD -MP -MF .deps/readfile.Tpo -c readfile.c  -fPIC -DPIC -o .libs/readfile.o
mv -f .deps/filefuncs.Tpo .deps/filefuncs.Plo
/bin/sh ./libtool  --tag=CC   --mode=compile gcc -DHAVE_CONFIG_H -I.  -I./..   -g -O2 -DNDEBUG -MT revoutput.lo -MD -MP -MF .deps/revoutput.Tpo -c -o revoutput.lo revoutput.c
mv -f .deps/gawkfts.Tpo .deps/gawkfts.Plo
/bin/sh ./libtool  --tag=CC   --mode=compile gcc -DHAVE_CONFIG_H -I.  -I./..   -g -O2 -DNDEBUG -MT revtwoway.lo -MD -MP -MF .deps/revtwoway.Tpo -c -o revtwoway.lo revtwoway.c
libtool: compile:  gcc -DHAVE_CONFIG_H -I. -I./.. -g -O2 -DNDEBUG -MT revoutput.lo -MD -MP -MF .deps/revoutput.Tpo -c revoutput.c  -fPIC -DPIC -o .libs/revoutput.o
libtool: compile:  gcc -DHAVE_CONFIG_H -I. -I./.. -g -O2 -DNDEBUG -MT revtwoway.lo -MD -MP -MF .deps/revtwoway.Tpo -c revtwoway.c  -fPIC -DPIC -o .libs/revtwoway.o
mv -f .deps/readdir.Tpo .deps/readdir.Plo
/bin/sh ./libtool  --tag=CC   --mode=compile gcc -DHAVE_CONFIG_H -I.  -I./..   -g -O2 -DNDEBUG -MT rwarray.lo -MD -MP -MF .deps/rwarray.Tpo -c -o rwarray.lo rwarray.c
mv -f .deps/readfile.Tpo .deps/readfile.Plo
/bin/sh ./libtool  --tag=CC   --mode=compile gcc -DHAVE_CONFIG_H -I.  -I./..   -g -O2 -DNDEBUG -MT testext.lo -MD -MP -MF .deps/testext.Tpo -c -o testext.lo testext.c
libtool: compile:  gcc -DHAVE_CONFIG_H -I. -I./.. -g -O2 -DNDEBUG -MT rwarray.lo -MD -MP -MF .deps/rwarray.Tpo -c rwarray.c  -fPIC -DPIC -o .libs/rwarray.o
libtool: compile:  gcc -DHAVE_CONFIG_H -I. -I./.. -g -O2 -DNDEBUG -MT testext.lo -MD -MP -MF .deps/testext.Tpo -c testext.c  -fPIC -DPIC -o .libs/testext.o
mv -f .deps/revoutput.Tpo .deps/revoutput.Plo
/bin/sh ./libtool  --tag=CC   --mode=compile gcc -DHAVE_CONFIG_H -I.  -I./..   -g -O2 -DNDEBUG -MT time.lo -MD -MP -MF .deps/time.Tpo -c -o time.lo time.c
libtool: compile:  gcc -DHAVE_CONFIG_H -I. -I./.. -g -O2 -DNDEBUG -MT time.lo -MD -MP -MF .deps/time.Tpo -c time.c  -fPIC -DPIC -o .libs/time.o
mv -f .deps/revtwoway.Tpo .deps/revtwoway.Plo
/bin/sh ./libtool  --tag=CC   --mode=link gcc  -g -O2 -DNDEBUG -module -avoid-version -no-undefined -export-dynamic -o filefuncs.la -rpath /usr/lib/gawk filefuncs.lo stack.lo gawkfts.lo  
libtool: link: gcc -shared  -fPIC -DPIC  .libs/filefuncs.o .libs/stack.o .libs/gawkfts.o    -O2   -Wl,-soname -Wl,filefuncs.so -o .libs/filefuncs.so
mv -f .deps/time.Tpo .deps/time.Plo
/bin/sh ./libtool  --tag=CC   --mode=link gcc  -g -O2 -DNDEBUG -module -avoid-version -no-undefined -export-dynamic -o fnmatch.la -rpath /usr/lib/gawk fnmatch.lo  
libtool: link: ( cd ".libs" && rm -f "filefuncs.la" && ln -s "../filefuncs.la" "filefuncs.la" )
/bin/sh ./libtool  --tag=CC   --mode=link gcc  -g -O2 -DNDEBUG -module -avoid-version -no-undefined -export-dynamic -o fork.la -rpath /usr/lib/gawk fork.lo  
libtool: link: gcc -shared  -fPIC -DPIC  .libs/fnmatch.o    -O2   -Wl,-soname -Wl,fnmatch.so -o .libs/fnmatch.so
libtool: link: gcc -shared  -fPIC -DPIC  .libs/fork.o    -O2   -Wl,-soname -Wl,fork.so -o .libs/fork.so
libtool: link: ( cd ".libs" && rm -f "fnmatch.la" && ln -s "../fnmatch.la" "fnmatch.la" )
mv -f .deps/rwarray.Tpo .deps/rwarray.Plo
/bin/sh ./libtool  --tag=CC   --mode=link gcc  -g -O2 -DNDEBUG -module -avoid-version -no-undefined -export-dynamic -o inplace.la -rpath /usr/lib/gawk inplace.lo  
/bin/sh ./libtool  --tag=CC   --mode=link gcc  -g -O2 -DNDEBUG -module -avoid-version -no-undefined -export-dynamic -o ordchr.la -rpath /usr/lib/gawk ordchr.lo  
libtool: link: ( cd ".libs" && rm -f "fork.la" && ln -s "../fork.la" "fork.la" )
/bin/sh ./libtool  --tag=CC   --mode=link gcc  -g -O2 -DNDEBUG -module -avoid-version -no-undefined -export-dynamic -o readdir.la -rpath /usr/lib/gawk readdir.lo  
libtool: link: gcc -shared  -fPIC -DPIC  .libs/inplace.o    -O2   -Wl,-soname -Wl,inplace.so -o .libs/inplace.so
libtool: link: gcc -shared  -fPIC -DPIC  .libs/ordchr.o    -O2   -Wl,-soname -Wl,ordchr.so -o .libs/ordchr.so
libtool: link: gcc -shared  -fPIC -DPIC  .libs/readdir.o    -O2   -Wl,-soname -Wl,readdir.so -o .libs/readdir.so
libtool: link: ( cd ".libs" && rm -f "inplace.la" && ln -s "../inplace.la" "inplace.la" )
/bin/sh ./libtool  --tag=CC   --mode=link gcc  -g -O2 -DNDEBUG -module -avoid-version -no-undefined -export-dynamic -o readfile.la -rpath /usr/lib/gawk readfile.lo  
libtool: link: ( cd ".libs" && rm -f "ordchr.la" && ln -s "../ordchr.la" "ordchr.la" )
/bin/sh ./libtool  --tag=CC   --mode=link gcc  -g -O2 -DNDEBUG -module -avoid-version -no-undefined -export-dynamic -o revoutput.la -rpath /usr/lib/gawk revoutput.lo  
mv -f .deps/testext.Tpo .deps/testext.Plo
/bin/sh ./libtool  --tag=CC   --mode=link gcc  -g -O2 -DNDEBUG -module -avoid-version -no-undefined -export-dynamic -o revtwoway.la -rpath /usr/lib/gawk revtwoway.lo  
libtool: link: ( cd ".libs" && rm -f "readdir.la" && ln -s "../readdir.la" "readdir.la" )
/bin/sh ./libtool  --tag=CC   --mode=link gcc  -g -O2 -DNDEBUG -module -avoid-version -no-undefined -export-dynamic -o rwarray.la -rpath /usr/lib/gawk rwarray.lo  
libtool: link: gcc -shared  -fPIC -DPIC  .libs/revoutput.o    -O2   -Wl,-soname -Wl,revoutput.so -o .libs/revoutput.so
libtool: link: gcc -shared  -fPIC -DPIC  .libs/readfile.o    -O2   -Wl,-soname -Wl,readfile.so -o .libs/readfile.so
libtool: link: gcc -shared  -fPIC -DPIC  .libs/revtwoway.o    -O2   -Wl,-soname -Wl,revtwoway.so -o .libs/revtwoway.so
libtool: link: gcc -shared  -fPIC -DPIC  .libs/rwarray.o    -O2   -Wl,-soname -Wl,rwarray.so -o .libs/rwarray.so
libtool: link: ( cd ".libs" && rm -f "readfile.la" && ln -s "../readfile.la" "readfile.la" )
libtool: link: ( cd ".libs" && rm -f "revoutput.la" && ln -s "../revoutput.la" "revoutput.la" )
/bin/sh ./libtool  --tag=CC   --mode=link gcc  -g -O2 -DNDEBUG -module -avoid-version -no-undefined -export-dynamic -o testext.la -rpath /usr/lib/gawk testext.lo  
/bin/sh ./libtool  --tag=CC   --mode=link gcc  -g -O2 -DNDEBUG -module -avoid-version -no-undefined -export-dynamic -o time.la -rpath /usr/lib/gawk time.lo  
libtool: link: ( cd ".libs" && rm -f "revtwoway.la" && ln -s "../revtwoway.la" "revtwoway.la" )
libtool: link: ( cd ".libs" && rm -f "rwarray.la" && ln -s "../rwarray.la" "rwarray.la" )
libtool: link: gcc -shared  -fPIC -DPIC  .libs/testext.o    -O2   -Wl,-soname -Wl,testext.so -o .libs/testext.so
libtool: link: gcc -shared  -fPIC -DPIC  .libs/time.o    -O2   -Wl,-soname -Wl,time.so -o .libs/time.so
libtool: link: ( cd ".libs" && rm -f "testext.la" && ln -s "../testext.la" "testext.la" )
libtool: link: ( cd ".libs" && rm -f "time.la" && ln -s "../time.la" "time.la" )
make[4]: Leaving directory '/sources/gawk-4.1.0/extension'
make[3]: Leaving directory '/sources/gawk-4.1.0/extension'
make[2]: Leaving directory '/sources/gawk-4.1.0/extension'
Making all in test
make[2]: Entering directory '/sources/gawk-4.1.0/test'
make[2]: Nothing to be done for 'all'.
make[2]: Leaving directory '/sources/gawk-4.1.0/test'
make[1]: Leaving directory '/sources/gawk-4.1.0'
