make  install-recursive
make[1]: Entering directory '/sources/grub-2.00'
Making install in grub-core/gnulib
make[2]: Entering directory '/sources/grub-2.00/grub-core/gnulib'
make  install-recursive
make[3]: Entering directory '/sources/grub-2.00/grub-core/gnulib'
make[4]: Entering directory '/sources/grub-2.00/grub-core/gnulib'
make[5]: Entering directory '/sources/grub-2.00/grub-core/gnulib'
if test yes = no; then \
  case 'linux-gnu' in \
    darwin[56]*) \
      need_charset_alias=true ;; \
    darwin* | cygwin* | mingw* | pw32* | cegcc*) \
      need_charset_alias=false ;; \
    *) \
      need_charset_alias=true ;; \
  esac ; \
else \
  need_charset_alias=false ; \
fi ; \
if $need_charset_alias; then \
  /bin/sh /sources/grub-2.00/build-aux/install-sh -d /usr/lib ; \
fi ; \
if test -f /usr/lib/charset.alias; then \
  sed -f ref-add.sed /usr/lib/charset.alias > /usr/lib/charset.tmp ; \
  /usr/bin/install -c -m 644 /usr/lib/charset.tmp /usr/lib/charset.alias ; \
  rm -f /usr/lib/charset.tmp ; \
else \
  if $need_charset_alias; then \
    sed -f ref-add.sed charset.alias > /usr/lib/charset.tmp ; \
    /usr/bin/install -c -m 644 /usr/lib/charset.tmp /usr/lib/charset.alias ; \
    rm -f /usr/lib/charset.tmp ; \
  fi ; \
fi
make[5]: Nothing to be done for 'install-data-am'.
make[5]: Leaving directory '/sources/grub-2.00/grub-core/gnulib'
make[4]: Leaving directory '/sources/grub-2.00/grub-core/gnulib'
make[3]: Leaving directory '/sources/grub-2.00/grub-core/gnulib'
make[2]: Leaving directory '/sources/grub-2.00/grub-core/gnulib'
Making install in .
make[2]: Entering directory '/sources/grub-2.00'
make[3]: Entering directory '/sources/grub-2.00'
 /bin/mkdir -p '/usr/bin'
  /usr/bin/install -c grub-mkimage grub-mkrelpath grub-script-check grub-editenv grub-mkpasswd-pbkdf2 grub-fstest grub-mklayout grub-menulst2cfg '/usr/bin'
 /bin/mkdir -p '/usr/bin'
 /usr/bin/install -c grub-mkrescue grub-mkstandalone grub-kbdcomp '/usr/bin'
 /bin/mkdir -p '/sbin'
  /usr/bin/install -c grub-probe grub-bios-setup grub-sparc64-setup grub-ofpathname '/sbin'
 /bin/mkdir -p '/sbin'
 /usr/bin/install -c grub-install grub-mknetdir grub-mkconfig grub-set-default grub-reboot '/sbin'
 /bin/mkdir -p '/etc/grub.d'
 /usr/bin/install -c -m 644 util/grub.d/README '/etc/grub.d'
 /bin/mkdir -p '/etc/grub.d'
 /usr/bin/install -c 00_header 10_linux 20_linux_xen 30_os-prober 40_custom 41_custom '/etc/grub.d'
 /bin/mkdir -p '/usr/share/grub'
 /usr/bin/install -c -m 644 grub-mkconfig_lib '/usr/share/grub'
 /bin/mkdir -p '/usr/lib/grub/i386-pc'
 /usr/bin/install -c -m 644 config.h '/usr/lib/grub/i386-pc'
make[3]: Leaving directory '/sources/grub-2.00'
make[2]: Leaving directory '/sources/grub-2.00'
Making install in grub-core
make[2]: Entering directory '/sources/grub-2.00/grub-core'
make  install-am
make[3]: Entering directory '/sources/grub-2.00/grub-core'
make[4]: Entering directory '/sources/grub-2.00/grub-core'
 /bin/mkdir -p '/usr/lib/grub/i386-pc'
 /usr/bin/install -c -m 644 kernel.img boot.img cdboot.img pxeboot.img diskboot.img lnxboot.img lzma_decompress.img fs.lst command.lst partmap.lst terminal.lst parttool.lst video.lst crypto.lst moddep.lst trig.mod cs5536.mod usb.mod usbserial_common.mod usbserial_pl2303.mod usbserial_ftdi.mod uhci.mod ohci.mod ehci.mod pci.mod cmostest.mod iorw.mod regexp.mod acpi.mod lsacpi.mod blocklist.mod boot.mod cat.mod cmp.mod configfile.mod cpuid.mod date.mod drivemap.mod echo.mod extcmd.mod '/usr/lib/grub/i386-pc'
 /usr/bin/install -c -m 644 gptsync.mod halt.mod reboot.mod hashsum.mod hdparm.mod help.mod hexdump.mod keystatus.mod loadenv.mod ls.mod lsmmap.mod lspci.mod memrw.mod minicmd.mod parttool.mod password.mod password_pbkdf2.mod play.mod probe.mod read.mod search.mod search_fs_file.mod search_fs_uuid.mod search_label.mod setpci.mod sleep.mod terminal.mod test.mod true.mod usbtest.mod videoinfo.mod videotest.mod xnu_uuid.mod dm_nv.mod loopback.mod cryptodisk.mod luks.mod geli.mod lvm.mod ldm.mod '/usr/lib/grub/i386-pc'
 /usr/bin/install -c -m 644 mdraid09.mod mdraid09_be.mod mdraid1x.mod diskfilter.mod raid5rec.mod raid6rec.mod scsi.mod memdisk.mod ata.mod ahci.mod pata.mod biosdisk.mod usbms.mod efiemu.mod font.mod affs.mod afs.mod bfs.mod btrfs.mod cpio.mod cpio_be.mod newc.mod odc.mod ext2.mod fat.mod exfat.mod fshelp.mod hfs.mod hfsplus.mod iso9660.mod jfs.mod minix.mod minix2.mod minix3.mod minix_be.mod minix2_be.mod minix3_be.mod nilfs2.mod ntfs.mod ntfscomp.mod '/usr/lib/grub/i386-pc'
 /usr/bin/install -c -m 644 reiserfs.mod romfs.mod sfs.mod squash4.mod tar.mod udf.mod ufs1.mod ufs2.mod xfs.mod zfs.mod zfscrypt.mod zfsinfo.mod pxe.mod gettext.mod gfxmenu.mod hello.mod gzio.mod bufio.mod elf.mod crypto.mod pbkdf2.mod relocator.mod datetime.mod setjmp.mod aout.mod bsd.mod plan9.mod linux16.mod ntldr.mod freedos.mod pxechain.mod multiboot2.mod multiboot.mod linux.mod xnu.mod chain.mod mmap.mod normal.mod part_acorn.mod part_amiga.mod '/usr/lib/grub/i386-pc'
 /usr/bin/install -c -m 644 part_apple.mod part_gpt.mod part_msdos.mod part_sun.mod part_plan.mod part_dvh.mod part_bsd.mod part_sunpc.mod msdospart.mod at_keyboard.mod gfxterm.mod serial.mod sendkey.mod terminfo.mod usb_keyboard.mod vga.mod vga_text.mod video_cirrus.mod video_bochs.mod functional_test.mod exfctest.mod bitmap.mod bitmap_scale.mod jpeg.mod png.mod tga.mod vbe.mod video_fb.mod video.mod datehook.mod net.mod tftp.mod http.mod legacycfg.mod test_blockarg.mod xzio.mod lzopio.mod testload.mod backtrace.mod lsapm.mod '/usr/lib/grub/i386-pc'
 /usr/bin/install -c -m 644 keylayouts.mod priority_queue.mod time.mod adler32.mod crc64.mod all_video.mod gdb.mod gcry_arcfour.mod gcry_blowfish.mod gcry_camellia.mod gcry_cast5.mod gcry_crc.mod gcry_des.mod gcry_rfc2268.mod gcry_seed.mod gcry_sha1.mod gcry_sha256.mod gcry_sha512.mod gcry_tiger.mod gcry_twofish.mod gcry_whirlpool.mod gcry_md4.mod gcry_md5.mod gcry_rmd160.mod gcry_rijndael.mod gcry_serpent.mod modinfo.sh '/usr/lib/grub/i386-pc'
 /bin/mkdir -p '/usr/lib/grub/i386-pc'
  /usr/bin/install -c trig.module cs5536.module usb.module usbserial_common.module usbserial_pl2303.module usbserial_ftdi.module uhci.module ohci.module ehci.module pci.module cmostest.module iorw.module regexp.module acpi.module lsacpi.module blocklist.module boot.module cat.module cmp.module configfile.module cpuid.module date.module drivemap.module echo.module extcmd.module gptsync.module halt.module reboot.module hashsum.module hdparm.module help.module hexdump.module keystatus.module loadenv.module ls.module lsmmap.module lspci.module memrw.module minicmd.module parttool.module password.module password_pbkdf2.module play.module probe.module read.module search.module search_fs_file.module search_fs_uuid.module search_label.module setpci.module sleep.module terminal.module test.module true.module usbtest.module videoinfo.module videotest.module xnu_uuid.module dm_nv.module loopback.module cryptodisk.module luks.module geli.module lvm.module ldm.module mdraid09.module mdraid09_be.module mdraid1x.module diskfilter.module raid5rec.module raid6rec.module scsi.module memdisk.module ata.module ahci.module pata.module biosdisk.module usbms.module efiemu.module font.module affs.module afs.module bfs.module btrfs.module cpio.module cpio_be.module newc.module odc.module ext2.module fat.module exfat.module fshelp.module hfs.module hfsplus.module iso9660.module jfs.module minix.module minix2.module minix3.module minix_be.module minix2_be.module minix3_be.module nilfs2.module ntfs.module ntfscomp.module reiserfs.module romfs.module sfs.module squash4.module tar.module udf.module ufs1.module ufs2.module xfs.module zfs.module zfscrypt.module zfsinfo.module pxe.module gettext.module gfxmenu.module hello.module gzio.module bufio.module elf.module crypto.module pbkdf2.module relocator.module datetime.module setjmp.module aout.module bsd.module plan9.module linux16.module ntldr.module freedos.module pxechain.module multiboot2.module multiboot.module linux.module xnu.module chain.module mmap.module normal.module part_acorn.module part_amiga.module part_apple.module part_gpt.module part_msdos.module part_sun.module part_plan.module part_dvh.module part_bsd.module part_sunpc.module msdospart.module at_keyboard.module gfxterm.module serial.module sendkey.module terminfo.module usb_keyboard.module vga.module vga_text.module video_cirrus.module video_bochs.module functional_test.module exfctest.module bitmap.module bitmap_scale.module jpeg.module png.module tga.module vbe.module video_fb.module video.module datehook.module net.module tftp.module http.module legacycfg.module test_blockarg.module xzio.module lzopio.module testload.module backtrace.module lsapm.module keylayouts.module priority_queue.module time.module adler32.module crc64.module all_video.module gdb.module gcry_arcfour.module gcry_blowfish.module gcry_camellia.module gcry_cast5.module gcry_crc.module gcry_des.module gcry_rfc2268.module gcry_seed.module gcry_sha1.module gcry_sha256.module gcry_sha512.module gcry_tiger.module gcry_twofish.module gcry_whirlpool.module gcry_md4.module gcry_md5.module gcry_rmd160.module gcry_rijndael.module gcry_serpent.module kernel.exec boot.image cdboot.image pxeboot.image diskboot.image lnxboot.image lzma_decompress.image '/usr/lib/grub/i386-pc'
 /bin/mkdir -p '/usr/lib/grub/i386-pc'
 /usr/bin/install -c gmodule.pl gdb_grub '/usr/lib/grub/i386-pc'
make[4]: Leaving directory '/sources/grub-2.00/grub-core'
make[3]: Leaving directory '/sources/grub-2.00/grub-core'
make[2]: Leaving directory '/sources/grub-2.00/grub-core'
Making install in po
make[2]: Entering directory '/sources/grub-2.00/po'
installing ast.gmo as /usr/share/locale/ast/LC_MESSAGES/grub.mo
installing ca.gmo as /usr/share/locale/ca/LC_MESSAGES/grub.mo
installing da.gmo as /usr/share/locale/da/LC_MESSAGES/grub.mo
installing de.gmo as /usr/share/locale/de/LC_MESSAGES/grub.mo
installing de_CH.gmo as /usr/share/locale/de_CH/LC_MESSAGES/grub.mo
installing de@hebrew.gmo as /usr/share/locale/de@hebrew/LC_MESSAGES/grub.mo
installing en@arabic.gmo as /usr/share/locale/en@arabic/LC_MESSAGES/grub.mo
installing en@cyrillic.gmo as /usr/share/locale/en@cyrillic/LC_MESSAGES/grub.mo
installing en@greek.gmo as /usr/share/locale/en@greek/LC_MESSAGES/grub.mo
installing en@hebrew.gmo as /usr/share/locale/en@hebrew/LC_MESSAGES/grub.mo
installing en@piglatin.gmo as /usr/share/locale/en@piglatin/LC_MESSAGES/grub.mo
installing en@quot.gmo as /usr/share/locale/en@quot/LC_MESSAGES/grub.mo
installing eo.gmo as /usr/share/locale/eo/LC_MESSAGES/grub.mo
installing fi.gmo as /usr/share/locale/fi/LC_MESSAGES/grub.mo
installing fr.gmo as /usr/share/locale/fr/LC_MESSAGES/grub.mo
installing hu.gmo as /usr/share/locale/hu/LC_MESSAGES/grub.mo
installing id.gmo as /usr/share/locale/id/LC_MESSAGES/grub.mo
installing it.gmo as /usr/share/locale/it/LC_MESSAGES/grub.mo
installing ja.gmo as /usr/share/locale/ja/LC_MESSAGES/grub.mo
installing nl.gmo as /usr/share/locale/nl/LC_MESSAGES/grub.mo
installing pa.gmo as /usr/share/locale/pa/LC_MESSAGES/grub.mo
installing pl.gmo as /usr/share/locale/pl/LC_MESSAGES/grub.mo
installing ru.gmo as /usr/share/locale/ru/LC_MESSAGES/grub.mo
installing sv.gmo as /usr/share/locale/sv/LC_MESSAGES/grub.mo
installing uk.gmo as /usr/share/locale/uk/LC_MESSAGES/grub.mo
installing vi.gmo as /usr/share/locale/vi/LC_MESSAGES/grub.mo
installing zh_CN.gmo as /usr/share/locale/zh_CN/LC_MESSAGES/grub.mo
installing zh_TW.gmo as /usr/share/locale/zh_TW/LC_MESSAGES/grub.mo
if test "grub" = "gettext-tools"; then \
  /bin/mkdir -p /usr/share/gettext/po; \
  for file in Makefile.in.in remove-potcdate.sin quot.sed boldquot.sed en@quot.header en@boldquot.header insert-header.sin Rules-quot swiss.sed Rules-swiss piglatin.sed en@piglatin.header insert-header.sin Rules-piglatin hebrew.sed cyrillic.sed greek.sed arabic.sed Rules-translit Makevars.template; do \
    /usr/bin/install -c -m 644 ./$file \
		    /usr/share/gettext/po/$file; \
  done; \
  for file in Makevars; do \
    rm -f /usr/share/gettext/po/$file; \
  done; \
else \
  : ; \
fi
make[2]: Leaving directory '/sources/grub-2.00/po'
Making install in docs
make[2]: Entering directory '/sources/grub-2.00/docs'
make[3]: Entering directory '/sources/grub-2.00/docs'
make[3]: Nothing to be done for 'install-exec-am'.
 /bin/mkdir -p '/usr/share/info'
 /usr/bin/install -c -m 644 ./grub.info ./grub-dev.info '/usr/share/info'
 install-info --info-dir='/usr/share/info' '/usr/share/info/grub.info'
 install-info --info-dir='/usr/share/info' '/usr/share/info/grub-dev.info'
make[3]: Leaving directory '/sources/grub-2.00/docs'
make[2]: Leaving directory '/sources/grub-2.00/docs'
Making install in util/bash-completion.d
make[2]: Entering directory '/sources/grub-2.00/util/bash-completion.d'
make[3]: Entering directory '/sources/grub-2.00/util/bash-completion.d'
make[3]: Nothing to be done for 'install-exec-am'.
 /bin/mkdir -p '/etc/bash_completion.d'
 /usr/bin/install -c -m 644 grub '/etc/bash_completion.d'
make[3]: Leaving directory '/sources/grub-2.00/util/bash-completion.d'
make[2]: Leaving directory '/sources/grub-2.00/util/bash-completion.d'
make[1]: Leaving directory '/sources/grub-2.00'
