Installing libtcl8.6.so to /tools/lib/
Installing tclsh as /tools/bin/tclsh8.6
Installing tclConfig.sh to /tools/lib/
Installing tclooConfig.sh to /tools/lib/
Installing libtclstub8.6.a to /tools/lib/
Installing pkg-config file to /tools/lib/pkgconfig/
Making directory /tools/lib/tcl8.6
Making directory /tools/lib/tcl8.6/opt0.4
Making directory /tools/lib/tcl8.6/http1.0
Making directory /tools/lib/tcl8.6/encoding
Making directory /tools/lib/tcl8.6/../tcl8
Making directory /tools/lib/tcl8.6/../tcl8/8.4
Making directory /tools/lib/tcl8.6/../tcl8/8.4/platform
Making directory /tools/lib/tcl8.6/../tcl8/8.5
Making directory /tools/lib/tcl8.6/../tcl8/8.6
Installing library files to /tools/lib/tcl8.6/
Installing package http1.0 files to /tools/lib/tcl8.6/http1.0/
Installing package http 2.8.7 as a Tcl Module
Installing package opt0.4 files to /tools/lib/tcl8.6/opt0.4/
Installing package msgcat 1.5.2 as a Tcl Module
Installing package tcltest 2.3.6 as a Tcl Module
Installing package platform 1.0.12 as a Tcl Module
Installing package platform::shell 1.1.4 as a Tcl Module
Installing encoding files to /tools/lib/tcl8.6/encoding/
Making directory /tools/lib/tcl8.6/msgs
Installing message catalog files to /tools/lib/tcl8.6/msgs/
Making directory /tools/man
Making directory /tools/man/man1
Making directory /tools/man/man3
Making directory /tools/man/mann
Installing and cross-linking top-level (.1) docs to /tools/man/man1/
Installing and cross-linking C API (.3) docs to /tools/man/man3/
Installing and cross-linking command (.n) docs to /tools/man/mann/
Installing header files to /tools/include/
Configuring package 'itcl4.0.0'
Configuring package 'sqlite3.8.0'
Configuring package 'tdbc1.0.0'
Configuring package 'tdbcmysql1.0.0'
Configuring package 'tdbcodbc1.0.0'
Configuring package 'tdbcpostgres1.0.0'
Configuring package 'tdbcsqlite3-1.0.0'
Configuring package 'thread2.7.0'
Building package 'itcl4.0.0'
make[1]: Entering directory `/mnt/lfs/sources/tcl8.6.1/unix/pkgs/itcl4.0.0'
make[1]: Nothing to be done for `all'.
make[1]: Leaving directory `/mnt/lfs/sources/tcl8.6.1/unix/pkgs/itcl4.0.0'
Building package 'sqlite3.8.0'
make[1]: Entering directory `/mnt/lfs/sources/tcl8.6.1/unix/pkgs/sqlite3.8.0'
If you have documentation to create, place the commands to
build the docs in the 'doc:' target.  For example:
        xml2nroff sample.xml > sample.n
        xml2html sample.xml > sample.html
make[1]: Leaving directory `/mnt/lfs/sources/tcl8.6.1/unix/pkgs/sqlite3.8.0'
Building package 'tdbc1.0.0'
make[1]: Entering directory `/mnt/lfs/sources/tcl8.6.1/unix/pkgs/tdbc1.0.0'
cp -p /mnt/lfs/sources/tcl8.6.1/pkgs/tdbc1.0.0/library/tdbc.tcl .
make[1]: Leaving directory `/mnt/lfs/sources/tcl8.6.1/unix/pkgs/tdbc1.0.0'
Building package 'tdbcmysql1.0.0'
make[1]: Entering directory `/mnt/lfs/sources/tcl8.6.1/unix/pkgs/tdbcmysql1.0.0'
make[1]: Nothing to be done for `all'.
make[1]: Leaving directory `/mnt/lfs/sources/tcl8.6.1/unix/pkgs/tdbcmysql1.0.0'
Building package 'tdbcodbc1.0.0'
make[1]: Entering directory `/mnt/lfs/sources/tcl8.6.1/unix/pkgs/tdbcodbc1.0.0'
make[1]: Nothing to be done for `all'.
make[1]: Leaving directory `/mnt/lfs/sources/tcl8.6.1/unix/pkgs/tdbcodbc1.0.0'
Building package 'tdbcpostgres1.0.0'
make[1]: Entering directory `/mnt/lfs/sources/tcl8.6.1/unix/pkgs/tdbcpostgres1.0.0'
make[1]: Nothing to be done for `all'.
make[1]: Leaving directory `/mnt/lfs/sources/tcl8.6.1/unix/pkgs/tdbcpostgres1.0.0'
Building package 'tdbcsqlite3-1.0.0'
make[1]: Entering directory `/mnt/lfs/sources/tcl8.6.1/unix/pkgs/tdbcsqlite3-1.0.0'
If you have documentation to create, place the commands to
build the docs in the 'doc:' target.  For example:
        xml2nroff sample.xml > sample.n
        xml2html sample.xml > sample.html
make[1]: Leaving directory `/mnt/lfs/sources/tcl8.6.1/unix/pkgs/tdbcsqlite3-1.0.0'
Building package 'thread2.7.0'
make[1]: Entering directory `/mnt/lfs/sources/tcl8.6.1/unix/pkgs/thread2.7.0'
make[1]: Nothing to be done for `all'.
make[1]: Leaving directory `/mnt/lfs/sources/tcl8.6.1/unix/pkgs/thread2.7.0'
Installing package 'itcl4.0.0'
make[1]: Entering directory `/mnt/lfs/sources/tcl8.6.1/unix/pkgs/itcl4.0.0'
 /bin/sh /mnt/lfs/sources/tcl8.6.1/pkgs/itcl4.0.0/tclconfig/install-sh -c  -m 755 libitcl4.0.0.so /tools/lib/itcl4.0.0/libitcl4.0.0.so
 : /tools/lib/itcl4.0.0/libitcl4.0.0.so
 /bin/sh /mnt/lfs/sources/tcl8.6.1/pkgs/itcl4.0.0/tclconfig/install-sh -c  -m 755 libitclstub4.0.0.a /tools/lib/itcl4.0.0/libitclstub4.0.0.a
 ranlib /tools/lib/itcl4.0.0/libitclstub4.0.0.a
 Install itcl.tcl /tools/lib/itcl4.0.0/itcl.tcl
 Install itclWidget.tcl /tools/lib/itcl4.0.0/itclWidget.tcl
 Install itclHullCmds.tcl /tools/lib/itcl4.0.0/itclHullCmds.tcl
/bin/sh /mnt/lfs/sources/tcl8.6.1/pkgs/itcl4.0.0/tclconfig/install-sh -c  -m 444 pkgIndex.tcl /tools/lib/itcl4.0.0
/bin/sh /mnt/lfs/sources/tcl8.6.1/pkgs/itcl4.0.0/tclconfig/install-sh -c  -m 444 itclConfig.sh /tools/lib/itcl4.0.0
Installing header files in /tools/include
Installing /mnt/lfs/sources/tcl8.6.1/pkgs/itcl4.0.0/generic/itcl.h
Installing /mnt/lfs/sources/tcl8.6.1/pkgs/itcl4.0.0/generic/itclDecls.h
Installing /mnt/lfs/sources/tcl8.6.1/pkgs/itcl4.0.0/generic/itclInt.h
Installing /mnt/lfs/sources/tcl8.6.1/pkgs/itcl4.0.0/generic/itclMigrate2TclCore.h
Installing /mnt/lfs/sources/tcl8.6.1/pkgs/itcl4.0.0/generic/itclTclIntStubsFcn.h
Installing /mnt/lfs/sources/tcl8.6.1/pkgs/itcl4.0.0/generic/itcl2TclOO.h
Installing /mnt/lfs/sources/tcl8.6.1/pkgs/itcl4.0.0/generic/itclIntDecls.h
Installing man pages in /tools/man
Installing body.n
Installing class.n
Installing code.n
Installing configbody.n
Installing delete.n
Installing ensemble.n
Installing find.n
Installing is.n
Installing itcl.n
Installing itclcomponent.n
Installing itcldelegate.n
Installing itclextendedclass.n
Installing itcloption.n
Installing itclvars.n
Installing itclwidget.n
Installing local.n
Installing scope.n
make[1]: Leaving directory `/mnt/lfs/sources/tcl8.6.1/unix/pkgs/itcl4.0.0'
Installing package 'sqlite3.8.0'
make[1]: Entering directory `/mnt/lfs/sources/tcl8.6.1/unix/pkgs/sqlite3.8.0'
If you have documentation to create, place the commands to
build the docs in the 'doc:' target.  For example:
        xml2nroff sample.xml > sample.n
        xml2html sample.xml > sample.html
 /usr/bin/install -c libsqlite3.8.0.so /tools/lib/sqlite3.8.0/libsqlite3.8.0.so
 : /tools/lib/sqlite3.8.0/libsqlite3.8.0.so
 Install pkgIndex.tcl /tools/lib/sqlite3.8.0
Installing header files in /tools/include
Installing documentation in /tools/share/man
Installing /mnt/lfs/sources/tcl8.6.1/pkgs/sqlite3.8.0/doc/sqlite3.n
make[1]: Leaving directory `/mnt/lfs/sources/tcl8.6.1/unix/pkgs/sqlite3.8.0'
Installing package 'tdbc1.0.0'
make[1]: Entering directory `/mnt/lfs/sources/tcl8.6.1/unix/pkgs/tdbc1.0.0'
cp -p /mnt/lfs/sources/tcl8.6.1/pkgs/tdbc1.0.0/library/tdbc.tcl .
 /bin/sh /mnt/lfs/sources/tcl8.6.1/pkgs/tdbc1.0.0/tclconfig/install-sh -c  -m 755 libtdbc1.0.0.so /tools/lib/tdbc1.0.0/libtdbc1.0.0.so
 : /tools/lib/tdbc1.0.0/libtdbc1.0.0.so
 /bin/sh /mnt/lfs/sources/tcl8.6.1/pkgs/tdbc1.0.0/tclconfig/install-sh -c  -m 755 libtdbcstub1.0.0.a /tools/lib/tdbc1.0.0/libtdbcstub1.0.0.a
 ranlib /tools/lib/tdbc1.0.0/libtdbcstub1.0.0.a
 Install tdbc.tcl /tools/lib/tdbc1.0.0/tdbc.tcl
 Install pkgIndex.tcl /tools/lib/tdbc1.0.0
 Install tdbcConfig.sh /tools/lib/tdbc1.0.0
Installing header files in /tools/include
Installing /mnt/lfs/sources/tcl8.6.1/pkgs/tdbc1.0.0/generic/tdbc.h
Installing /mnt/lfs/sources/tcl8.6.1/pkgs/tdbc1.0.0/generic/tdbcInt.h
Installing /mnt/lfs/sources/tcl8.6.1/pkgs/tdbc1.0.0/generic/tdbcDecls.h
Installing documentation in /tools/man
Installing /mnt/lfs/sources/tcl8.6.1/pkgs/tdbc1.0.0/doc/Tdbc_Init.3
Installing /mnt/lfs/sources/tcl8.6.1/pkgs/tdbc1.0.0/doc/tdbc.n
Installing /mnt/lfs/sources/tcl8.6.1/pkgs/tdbc1.0.0/doc/tdbc_connection.n
Installing /mnt/lfs/sources/tcl8.6.1/pkgs/tdbc1.0.0/doc/tdbc_mapSqlState.n
Installing /mnt/lfs/sources/tcl8.6.1/pkgs/tdbc1.0.0/doc/tdbc_resultset.n
Installing /mnt/lfs/sources/tcl8.6.1/pkgs/tdbc1.0.0/doc/tdbc_statement.n
Installing /mnt/lfs/sources/tcl8.6.1/pkgs/tdbc1.0.0/doc/tdbc_tokenize.n
make[1]: Leaving directory `/mnt/lfs/sources/tcl8.6.1/unix/pkgs/tdbc1.0.0'
Installing package 'tdbcmysql1.0.0'
make[1]: Entering directory `/mnt/lfs/sources/tcl8.6.1/unix/pkgs/tdbcmysql1.0.0'
 /bin/sh /mnt/lfs/sources/tcl8.6.1/pkgs/tdbcmysql1.0.0/tclconfig/install-sh -c  -m 755 libtdbcmysql1.0.0.so /tools/lib/tdbcmysql1.0.0/libtdbcmysql1.0.0.so
 : /tools/lib/tdbcmysql1.0.0/libtdbcmysql1.0.0.so
 Install tdbcmysql.tcl /tools/lib/tdbcmysql1.0.0/tdbcmysql.tcl
 Install pkgIndex.tcl /tools/lib/tdbcmysql1.0.0
Installing header files in /tools/include
Installing /mnt/lfs/sources/tcl8.6.1/pkgs/tdbcmysql1.0.0/generic/fakemysql.h
Installing /mnt/lfs/sources/tcl8.6.1/pkgs/tdbcmysql1.0.0/generic/mysqlStubs.h
Installing documentation in /tools/share/man
Installing /mnt/lfs/sources/tcl8.6.1/pkgs/tdbcmysql1.0.0/doc/tdbc_mysql.n
make[1]: Leaving directory `/mnt/lfs/sources/tcl8.6.1/unix/pkgs/tdbcmysql1.0.0'
Installing package 'tdbcodbc1.0.0'
make[1]: Entering directory `/mnt/lfs/sources/tcl8.6.1/unix/pkgs/tdbcodbc1.0.0'
 /bin/sh /mnt/lfs/sources/tcl8.6.1/pkgs/tdbcodbc1.0.0/tclconfig/install-sh -c  -m 755 libtdbcodbc1.0.0.so /tools/lib/tdbcodbc1.0.0/libtdbcodbc1.0.0.so
 : /tools/lib/tdbcodbc1.0.0/libtdbcodbc1.0.0.so
 Install tdbcodbc.tcl /tools/lib/tdbcodbc1.0.0/tdbcodbc.tcl
 Install pkgIndex.tcl /tools/lib/tdbcodbc1.0.0
Installing header files in /tools/include
Installing /mnt/lfs/sources/tcl8.6.1/pkgs/tdbcodbc1.0.0/generic/fakesql.h
Installing /mnt/lfs/sources/tcl8.6.1/pkgs/tdbcodbc1.0.0/generic/odbcStubs.h
Installing documentation in /tools/share/man
Installing /mnt/lfs/sources/tcl8.6.1/pkgs/tdbcodbc1.0.0/doc/tdbc_odbc.n
make[1]: Leaving directory `/mnt/lfs/sources/tcl8.6.1/unix/pkgs/tdbcodbc1.0.0'
Installing package 'tdbcpostgres1.0.0'
make[1]: Entering directory `/mnt/lfs/sources/tcl8.6.1/unix/pkgs/tdbcpostgres1.0.0'
 /bin/sh /mnt/lfs/sources/tcl8.6.1/pkgs/tdbcpostgres1.0.0/tclconfig/install-sh -c  -m 755 libtdbcpostgres1.0.0.so /tools/lib/tdbcpostgres1.0.0/libtdbcpostgres1.0.0.so
 : /tools/lib/tdbcpostgres1.0.0/libtdbcpostgres1.0.0.so
 Install tdbcpostgres.tcl /tools/lib/tdbcpostgres1.0.0/tdbcpostgres.tcl
 Install pkgIndex.tcl /tools/lib/tdbcpostgres1.0.0
Installing header files in /tools/include
Installing /mnt/lfs/sources/tcl8.6.1/pkgs/tdbcpostgres1.0.0/generic/fakepq.h
Installing /mnt/lfs/sources/tcl8.6.1/pkgs/tdbcpostgres1.0.0/generic/pqStubs.h
Installing documentation in /tools/share/man
make[1]: Leaving directory `/mnt/lfs/sources/tcl8.6.1/unix/pkgs/tdbcpostgres1.0.0'
Installing package 'tdbcsqlite3-1.0.0'
make[1]: Entering directory `/mnt/lfs/sources/tcl8.6.1/unix/pkgs/tdbcsqlite3-1.0.0'
If you have documentation to create, place the commands to
build the docs in the 'doc:' target.  For example:
        xml2nroff sample.xml > sample.n
        xml2html sample.xml > sample.html
/bin/sh /mnt/lfs/sources/tcl8.6.1/pkgs/tdbcsqlite3-1.0.0/tclconfig/install-sh -c  -m 444 /mnt/lfs/sources/tcl8.6.1/pkgs/tdbcsqlite3-1.0.0/library/tdbcsqlite3.tcl \
		/tools/lib/tcl8/8.6/`echo tdbcsqlite3 | sed s=tdbc=tdbc/=`-1.0.0.tm
Installing documentation in /tools/share/man
Installing /mnt/lfs/sources/tcl8.6.1/pkgs/tdbcsqlite3-1.0.0/doc/tdbc_sqlite3.n
make[1]: Leaving directory `/mnt/lfs/sources/tcl8.6.1/unix/pkgs/tdbcsqlite3-1.0.0'
Installing package 'thread2.7.0'
make[1]: Entering directory `/mnt/lfs/sources/tcl8.6.1/unix/pkgs/thread2.7.0'
 /bin/sh /mnt/lfs/sources/tcl8.6.1/pkgs/thread2.7.0/tclconfig/install-sh -c  -m 555 libthread2.7.0.so /tools/lib/thread2.7.0/libthread2.7.0.so
 : /tools/lib/thread2.7.0/libthread2.7.0.so
 Install ttrace.tcl /tools/lib/thread2.7.0/ttrace.tcl
 Install pkgIndex.tcl /tools/lib/thread2.7.0
Installing header files in /tools/include
Installing /mnt/lfs/sources/tcl8.6.1/pkgs/thread2.7.0/generic/tclThread.h
Installing documentation in /tools/man
Installing /mnt/lfs/sources/tcl8.6.1/pkgs/thread2.7.0/doc/man/thread.n
Installing /mnt/lfs/sources/tcl8.6.1/pkgs/thread2.7.0/doc/man/tpool.n
Installing /mnt/lfs/sources/tcl8.6.1/pkgs/thread2.7.0/doc/man/tsv.n
Installing /mnt/lfs/sources/tcl8.6.1/pkgs/thread2.7.0/doc/man/ttrace.n
make[1]: Leaving directory `/mnt/lfs/sources/tcl8.6.1/unix/pkgs/thread2.7.0'
