checking build system type... i686-pc-linux-gnu
checking host system type... i686-pc-linux-gnu
checking for gcc... gcc
checking for suffix of object files... o
checking whether we are using the GNU C compiler... yes
checking whether gcc accepts -g... yes
checking for g++... g++
checking whether we are using the GNU C++ compiler... yes
checking whether g++ accepts -g... yes
checking for readelf... readelf
checking for sysdeps preconfigure fragments... powerpc x86_64 
configure: running configure fragment for add-on libidn
configure: running configure fragment for add-on nptl
checking add-on ports for preconfigure fragments... aarch64 alpha am33 arm hppa ia64 m68k microblaze mips tile 
checking for assembler and linker STT_GNU_IFUNC support... yes
checking whether .text pseudo-op must be used... yes
checking sysdep dirs... nptl/sysdeps/unix/sysv/linux/i386/i686 sysdeps/unix/sysv/linux/i386/i686 nptl/sysdeps/unix/sysv/linux/i386 nptl/sysdeps/unix/sysv/linux/x86 sysdeps/unix/sysv/linux/x86 sysdeps/unix/sysv/linux/i386/nptl sysdeps/unix/sysv/linux/i386 nptl/sysdeps/unix/sysv/linux nptl/sysdeps/pthread sysdeps/pthread ports/sysdeps/unix/sysv/linux sysdeps/unix/sysv/linux sysdeps/gnu sysdeps/unix/inet nptl/sysdeps/unix/sysv ports/sysdeps/unix/sysv sysdeps/unix/sysv sysdeps/unix/i386 nptl/sysdeps/unix ports/sysdeps/unix sysdeps/unix sysdeps/posix sysdeps/i386/i686/fpu/multiarch sysdeps/i386/i686/fpu sysdeps/i386/i686/multiarch nptl/sysdeps/i386/i686 sysdeps/i386/i686 sysdeps/i386/i486 nptl/sysdeps/i386/i486 sysdeps/i386/fpu sysdeps/x86/fpu nptl/sysdeps/i386 sysdeps/i386 sysdeps/x86 sysdeps/wordsize-32 sysdeps/ieee754/ldbl-96 sysdeps/ieee754/dbl-64 sysdeps/ieee754/flt-32 sysdeps/ieee754 sysdeps/generic
configure: WARNING: add-on ports contributed no useful sysdeps directories
checking for a BSD-compatible install... /tools/bin/install -c
checking whether ln -s works... yes
checking whether /tools/lib/gcc/i686-pc-linux-gnu/4.8.2/../../../../i686-pc-linux-gnu/bin/as is GNU as... yes
checking whether /tools/lib/gcc/i686-pc-linux-gnu/4.8.2/../../../../i686-pc-linux-gnu/bin/ld is GNU ld... yes
checking for /tools/lib/gcc/i686-pc-linux-gnu/4.8.2/../../../../i686-pc-linux-gnu/bin/as... /tools/lib/gcc/i686-pc-linux-gnu/4.8.2/../../../../i686-pc-linux-gnu/bin/as
checking version of /tools/lib/gcc/i686-pc-linux-gnu/4.8.2/../../../../i686-pc-linux-gnu/bin/as... 2.24, ok
checking for /tools/lib/gcc/i686-pc-linux-gnu/4.8.2/../../../../i686-pc-linux-gnu/bin/ld... /tools/lib/gcc/i686-pc-linux-gnu/4.8.2/../../../../i686-pc-linux-gnu/bin/ld
checking version of /tools/lib/gcc/i686-pc-linux-gnu/4.8.2/../../../../i686-pc-linux-gnu/bin/ld... 2.24, ok
checking for gcc... gcc
checking version of gcc... 4.8.2, ok
checking for gnumake... no
checking for gmake... no
checking for make... make
checking version of make... 4.0, ok
checking for gnumsgfmt... no
checking for gmsgfmt... no
checking for msgfmt... msgfmt
checking version of msgfmt... 0.18.3, ok
checking for makeinfo... makeinfo
checking version of makeinfo... 5.2, ok
checking for sed... sed
checking version of sed... 4.2.2, ok
checking for gawk... gawk
checking version of gawk... 4.1.0, ok
checking for nm... nm
checking LD_LIBRARY_PATH variable... ok
checking whether GCC supports -static-libgcc... -static-libgcc
checking for bash... /bin/bash
checking for perl... /usr/bin/perl
checking for install-info... /tools/bin/install-info
checking for bison... no
checking for libc-friendly stddef.h... yes
checking whether we need to use -P to assemble .S files... no
checking for .set assembler directive... yes
checking for assembler gnu_unique_object symbol type... yes
checking for .previous assembler directive... yes
checking for .protected and .hidden assembler directive... yes
checking whether __attribute__((visibility())) is supported... yes
checking for broken __attribute__((visibility()))... no
checking for broken __attribute__((alias()))... no
checking whether to put _rtld_local into .sdata section... no
checking for .preinit_array/.init_array/.fini_array support... yes
checking whether to use .ctors/.dtors header and trailer... no
checking for libunwind-support in compiler... no
checking for linker that supports -z nodelete... yes
checking for linker that supports -z nodlopen... yes
checking for linker that supports -z initfirst... yes
checking for -z relro option... yes
checking for -Bgroup option... yes
checking whether --noexecstack is desirable for .S files... yes
checking for -z combreloc... yes
checking for linker that supports -z execstack... yes
checking for -fpie... yes
checking for --hash-style option... yes
checking for sufficient default -shared layout... no
checking linker output format... elf32-i386
checking for -fno-toplevel-reorder -fno-section-anchors... yes
checking for -fstack-protector... yes
checking for -fgnu89-inline... yes
checking whether cc puts quotes around section names... no
checking for assembler .weak directive... yes
checking whether CFI directives are supported... yes
checking for ld --no-whole-archive... yes
checking for gcc -fexceptions... yes
checking for __builtin_memset... yes
checking for redirection of built-in functions... yes
checking for __thread... yes
checking for tls_model attribute... yes
checking for compiler option to disable generation of FMA instructions... -ffp-contract=off
checking if gcc accepts -fno-tree-loop-distribute-patterns with __attribute__ ((__optimize__))... yes
checking for libgd... no
checking for is_selinux_enabled in -lselinux... no
checking size of long double... 12
checking for _FORTIFY_SOURCE predefine... no
checking whether gcc implicitly enables -fstack-protector... no
running configure fragment for nptl/sysdeps/pthread
checking for forced unwind support... yes
checking for C cleanup handling... yes
running configure fragment for sysdeps/unix/sysv/linux
checking for grep that handles long lines and -e... /tools/bin/grep
checking for egrep... /tools/bin/grep -E
checking installed Linux kernel header files... 2.6.19 or later
checking for kernel header at least 2.6.32... ok
checking for linux/fanotify.h... yes
checking for symlinks in /usr/include... ok
running configure fragment for sysdeps/gnu
running configure fragment for sysdeps/i386
checking for compiler support of inlined builtin function __sync_val_compare_and_swap... yes
checking for cpuid.h... yes
checking for SSE4 support... yes
checking for assembler -mtune=i686 support... yes
checking for AVX support... yes
checking for AVX encoding of SSE instructions... yes
checking for FMA4 support... yes
checking for -mno-vzeroupper support... yes
checking for old glibc 2.0.x headers... no
checking whether -fPIC is default... no
configure: creating ./config.status
config.status: creating config.make
config.status: creating Makefile
config.status: creating config.h
config.status: executing default commands
