This file contains any messages produced by compilers while
running configure, to aid debugging if configure makes a mistake.

It was created by GNU C Library configure (see version.h), which was
generated by GNU Autoconf 2.68.  Invocation command line was

  $ ../glibc-2.19/configure --prefix=/usr --disable-profile --enable-kernel=2.6.32 --enable-obsolete-rpc

## --------- ##
## Platform. ##
## --------- ##

hostname = lfs
uname -m = i686
uname -r = 3.11.0-26-generic
uname -s = Linux
uname -v = #45-Ubuntu SMP Tue Jul 15 04:04:15 UTC 2014

/usr/bin/uname -p = unknown
/bin/uname -X     = unknown

/bin/arch              = unknown
/usr/bin/arch -k       = unknown
/usr/convex/getsysinfo = unknown
/usr/bin/hostinfo      = unknown
/bin/machine           = unknown
/usr/bin/oslevel       = unknown
/bin/universe          = unknown

PATH: /bin
PATH: /usr/bin
PATH: /sbin
PATH: /usr/sbin
PATH: /tools/bin


## ----------- ##
## Core tests. ##
## ----------- ##

configure:2344: checking build system type
configure:2358: result: i686-pc-linux-gnu
configure:2378: checking host system type
configure:2391: result: i686-pc-linux-gnu
configure:2460: checking for gcc
configure:2476: found /tools/bin/gcc
configure:2487: result: gcc
configure:2716: checking for C compiler version
configure:2725: gcc --version >&5
gcc (GCC) 4.8.2
Copyright (C) 2013 Free Software Foundation, Inc.
This is free software; see the source for copying conditions.  There is NO
warranty; not even for MERCHANTABILITY or FITNESS FOR A PARTICULAR PURPOSE.

configure:2736: $? = 0
configure:2725: gcc -v >&5
Using built-in specs.
COLLECT_GCC=gcc
COLLECT_LTO_WRAPPER=/tools/libexec/gcc/i686-pc-linux-gnu/4.8.2/lto-wrapper
Target: i686-pc-linux-gnu
Configured with: ../gcc-4.8.2/configure --prefix=/tools --with-local-prefix=/tools --with-native-system-header-dir=/tools/include --enable-clocale=gnu --enable-shared --enable-threads=posix --enable-__cxa_atexit --enable-languages=c,c++ --disable-libstdcxx-pch --disable-multilib --disable-bootstrap --disable-libgomp --with-mpfr-include=/mnt/lfs/sources/gcc-build/../gcc-4.8.2/mpfr/src --with-mpfr-lib=/mnt/lfs/sources/gcc-build/mpfr/src/.libs
Thread model: posix
gcc version 4.8.2 (GCC) 
configure:2736: $? = 0
configure:2725: gcc -V >&5
gcc: error: unrecognized command line option '-V'
gcc: fatal error: no input files
compilation terminated.
configure:2736: $? = 1
configure:2725: gcc -qversion >&5
gcc: error: unrecognized command line option '-qversion'
gcc: fatal error: no input files
compilation terminated.
configure:2736: $? = 1
configure:2741: checking for suffix of object files
configure:2763: gcc -c   conftest.c >&5
configure:2767: $? = 0
configure:2788: result: o
configure:2792: checking whether we are using the GNU C compiler
configure:2811: gcc -c   conftest.c >&5
configure:2811: $? = 0
configure:2820: result: yes
configure:2829: checking whether gcc accepts -g
configure:2849: gcc -c -g  conftest.c >&5
configure:2849: $? = 0
configure:2890: result: yes
configure:3026: checking for g++
configure:3042: found /tools/bin/g++
configure:3053: result: g++
configure:3080: checking for C++ compiler version
configure:3089: g++ --version >&5
g++ (GCC) 4.8.2
Copyright (C) 2013 Free Software Foundation, Inc.
This is free software; see the source for copying conditions.  There is NO
warranty; not even for MERCHANTABILITY or FITNESS FOR A PARTICULAR PURPOSE.

configure:3100: $? = 0
configure:3089: g++ -v >&5
Using built-in specs.
COLLECT_GCC=g++
COLLECT_LTO_WRAPPER=/tools/libexec/gcc/i686-pc-linux-gnu/4.8.2/lto-wrapper
Target: i686-pc-linux-gnu
Configured with: ../gcc-4.8.2/configure --prefix=/tools --with-local-prefix=/tools --with-native-system-header-dir=/tools/include --enable-clocale=gnu --enable-shared --enable-threads=posix --enable-__cxa_atexit --enable-languages=c,c++ --disable-libstdcxx-pch --disable-multilib --disable-bootstrap --disable-libgomp --with-mpfr-include=/mnt/lfs/sources/gcc-build/../gcc-4.8.2/mpfr/src --with-mpfr-lib=/mnt/lfs/sources/gcc-build/mpfr/src/.libs
Thread model: posix
gcc version 4.8.2 (GCC) 
configure:3100: $? = 0
configure:3089: g++ -V >&5
g++: error: unrecognized command line option '-V'
g++: fatal error: no input files
compilation terminated.
configure:3100: $? = 1
configure:3089: g++ -qversion >&5
g++: error: unrecognized command line option '-qversion'
g++: fatal error: no input files
compilation terminated.
configure:3100: $? = 1
configure:3104: checking whether we are using the GNU C++ compiler
configure:3123: g++ -c   conftest.cpp >&5
configure:3123: $? = 0
configure:3132: result: yes
configure:3141: checking whether g++ accepts -g
configure:3161: g++ -c -g  conftest.cpp >&5
configure:3161: $? = 0
configure:3202: result: yes
configure:3268: checking for readelf
configure:3284: found /tools/bin/readelf
configure:3295: result: readelf
configure:3792: checking for sysdeps preconfigure fragments
configure:3799: result: 
configure:3873: running configure fragment for add-on libidn
configure:3873: running configure fragment for add-on nptl
configure:3921: checking add-on ports for preconfigure fragments
configure:3928: result: 
configure:4009: checking for assembler and linker STT_GNU_IFUNC support

Relocation section '.rel.plt' at offset 0x74 contains 1 entries:
 Offset     Info    Type            Sym.Value  Sym. Name
08049090  0000002a R_386_IRELATIVE  
configure:4040: result: yes
configure:4043: checking whether .text pseudo-op must be used
configure:4053: gcc  -c conftest.s 1>&5
configure:4056: $? = 0
configure:4067: result: yes
configure:4086: checking sysdep dirs
configure:4306: result: sysdeps/generic
configure:4360: WARNING: add-on ports contributed no useful sysdeps directories
configure:4383: checking for a BSD-compatible install
configure:4451: result: /tools/bin/install -c
configure:4466: checking whether ln -s works
configure:4470: result: yes
configure:4494: checking whether /tools/lib/gcc/i686-pc-linux-gnu/4.8.2/../../../../i686-pc-linux-gnu/bin/as is GNU as
configure:4508: result: yes
configure:4513: checking whether /tools/lib/gcc/i686-pc-linux-gnu/4.8.2/../../../../i686-pc-linux-gnu/bin/ld is GNU ld
configure:4527: result: yes
configure:4537: checking for /tools/lib/gcc/i686-pc-linux-gnu/4.8.2/../../../../i686-pc-linux-gnu/bin/as
configure:4564: result: /tools/lib/gcc/i686-pc-linux-gnu/4.8.2/../../../../i686-pc-linux-gnu/bin/as
configure:4579: checking version of /tools/lib/gcc/i686-pc-linux-gnu/4.8.2/../../../../i686-pc-linux-gnu/bin/as
configure:4589: result: 2.24, ok
configure:4600: checking for /tools/lib/gcc/i686-pc-linux-gnu/4.8.2/../../../../i686-pc-linux-gnu/bin/ld
configure:4627: result: /tools/lib/gcc/i686-pc-linux-gnu/4.8.2/../../../../i686-pc-linux-gnu/bin/ld
configure:4642: checking version of /tools/lib/gcc/i686-pc-linux-gnu/4.8.2/../../../../i686-pc-linux-gnu/bin/ld
configure:4652: result: 2.24, ok
configure:4666: checking for gcc
configure:4693: result: gcc
configure:4708: checking version of gcc
configure:4718: result: 4.8.2, ok
configure:4729: checking for gnumake
configure:4759: result: no
configure:4729: checking for gmake
configure:4759: result: no
configure:4729: checking for make
configure:4745: found /tools/bin/make
configure:4756: result: make
configure:4771: checking version of make
configure:4781: result: 4.0, ok
configure:4793: checking for gnumsgfmt
configure:4823: result: no
configure:4793: checking for gmsgfmt
configure:4823: result: no
configure:4793: checking for msgfmt
configure:4809: found /tools/bin/msgfmt
configure:4820: result: msgfmt
configure:4835: checking version of msgfmt
configure:4845: result: 0.18.3, ok
configure:4856: checking for makeinfo
configure:4872: found /tools/bin/makeinfo
configure:4883: result: makeinfo
configure:4898: checking version of makeinfo
configure:4908: result: 5.2, ok
configure:4919: checking for sed
configure:4935: found /tools/bin/sed
configure:4946: result: sed
configure:4961: checking version of sed
configure:4971: result: 4.2.2, ok
configure:4982: checking for gawk
configure:4998: found /tools/bin/gawk
configure:5009: result: gawk
configure:5024: checking version of gawk
configure:5034: result: 4.1.0, ok
configure:5085: checking for nm
configure:5101: found /tools/bin/nm
configure:5112: result: nm
configure:5248: checking LD_LIBRARY_PATH variable
configure:5258: result: ok
configure:5267: checking whether GCC supports -static-libgcc
configure:5278: result: -static-libgcc
configure:5284: checking for bash
configure:5302: found /bin/bash
configure:5315: result: /bin/bash
configure:5388: checking for perl
configure:5406: found /usr/bin/perl
configure:5419: result: /usr/bin/perl
configure:5433: checking for install-info
configure:5452: found /tools/bin/install-info
configure:5465: result: /tools/bin/install-info
configure:5475: checking for bison
configure:5507: result: no
configure:5516: checking for libc-friendly stddef.h
configure:5540: gcc -c -g -O2  conftest.c >&5
conftest.c: In function 'main':
conftest.c:27:38: warning: incompatible implicit declaration of built-in function 'abort' [enabled by default]
 if (&size == NULL || &wchar == NULL) abort ();
                                      ^
configure:5540: $? = 0
configure:5547: result: yes
configure:5554: checking whether we need to use -P to assemble .S files
configure:5564: gcc   -c conftest.S 1>&5
configure:5567: $? = 0
configure:5575: result: no
configure:5582: checking for .set assembler directive
configure:5608: result: yes
configure:5615: checking for assembler gnu_unique_object symbol type
configure:5632: result: yes
configure:5639: checking for .previous assembler directive
configure:5649: gcc -c  conftest.s 1>&5
configure:5652: $? = 0
configure:5660: result: yes
configure:5694: checking for .protected and .hidden assembler directive
configure:5706: gcc -c  conftest.s 1>&5
configure:5709: $? = 0
configure:5717: result: yes
configure:5721: checking whether __attribute__((visibility())) is supported
configure:5732: gcc -Werror -S conftest.c -o conftest.s 1>&5
configure:5735: $? = 0
configure:5746: result: yes
configure:5754: checking for broken __attribute__((visibility()))
configure:5766: gcc -Werror -S conftest.c -o conftest.s 1>&5
configure:5769: $? = 0
configure:5778: result: no
configure:5785: checking for broken __attribute__((alias()))
configure:5800: gcc -Werror -S conftest.c -o conftest.s 1>&5
configure:5803: $? = 0
configure:5813: result: no
configure:5820: checking whether to put _rtld_local into .sdata section
configure:5834: result: no
configure:5842: checking for .preinit_array/.init_array/.fini_array support
configure:5858: gcc -g -O2   -o conftest
		       conftest.c -static -nostartfiles -nostdlib
		       1>&5
configure:5861: $? = 0
configure:5874: result: yes
configure:5880: checking whether to use .ctors/.dtors header and trailer
configure:5897: gcc -g -O2   -o conftest
		       conftest.c -static -nostartfiles -nostdlib
		       1>&5
configure:5900: $? = 0
configure:5926: result: no
configure:5933: checking for libunwind-support in compiler
configure:5950: result: no
configure:5958: checking for linker that supports -z nodelete
configure:5971: gcc -g -O2  
				-Wl,--enable-new-dtags,-z,nodelete -nostdlib -nostartfiles
				-fPIC -shared -o conftest.so conftest.c
				1>&5
configure:5974: $? = 0
configure:5987: result: yes
configure:5990: checking for linker that supports -z nodlopen
configure:6003: gcc -g -O2  
				-Wl,--enable-new-dtags,-z,nodlopen -nostdlib -nostartfiles
				-fPIC -shared -o conftest.so conftest.c
				1>&5
configure:6006: $? = 0
configure:6019: result: yes
configure:6022: checking for linker that supports -z initfirst
configure:6035: gcc -g -O2  
				-Wl,--enable-new-dtags,-z,initfirst -nostdlib -nostartfiles
				-fPIC -shared -o conftest.so conftest.c
				1>&5
configure:6038: $? = 0
configure:6051: result: yes
configure:6069: checking for -z relro option
configure:6110: gcc -g -O2  
		    -fPIC -shared -o conftest.so conftest.c
		    -nostartfiles -nostdlib
		    -Wl,-z,relro 1>&5
configure:6113: $? = 0
configure:6116: readelf -Wl conftest.so > conftest.ph
configure:6119: $? = 0
configure:6125: 
      gawk -v commonpagesize=0x1000 -f conftest.awk
	   conftest.ph > conftest.cps
    
LINE: 
LINE: Elf file type is DYN (Shared object file)
LINE: Entry point 0x1e0
LINE: There are 6 program headers, starting at offset 52
LINE: 
LINE: Program Headers:
LINE:   Type           Offset   VirtAddr   PhysAddr   FileSiz MemSiz  Flg Align
LINE:   LOAD           0x000000 0x00000000 0x00000000 0x00228 0x00228 R E 0x1000
LINE:   LOAD           0x000f84 0x00001f84 0x00001f84 0x4007c 0x4007c RW  0x1000
LINE:   DYNAMIC        0x000f90 0x00001f90 0x00001f90 0x00070 0x00070 RW  0x4
LINE:   GNU_EH_FRAME   0x0001e8 0x000001e8 0x000001e8 0x00014 0x00014 R   0x4
LINE:   GNU_STACK      0x000000 0x00000000 0x00000000 0x00000 0x00000 RW  0x10
LINE:   GNU_RELRO      0x000f84 0x00001f84 0x00001f84 0x0007c 0x0007c R   0x1
vaddr 0x1f84 memsz 0x7c end 0x2000 commonpagesize 0x1000
LINE: 
LINE:  Section to Segment mapping:
LINE:   Segment Sections...
LINE:    00     .hash .dynsym .dynstr .rel.dyn .text .eh_frame_hdr .eh_frame 
LINE:    01     .data.rel.ro .dynamic .data 
LINE:    02     .dynamic 
LINE:    03     .eh_frame_hdr 
LINE:    04     
LINE:    05     .data.rel.ro .dynamic 
configure:6128: $? = 0
configure:6133: result: yes
configure:6146: checking for -Bgroup option
configure:6157: gcc -g -O2  
			    -fPIC -shared -o conftest.so conftest.c
			    -Wl,-Bgroup -nostdlib 1>&5
configure:6160: $? = 0
configure:6169: result: yes
configure:6174: checking whether --noexecstack is desirable for .S files
configure:6184: gcc -g -O2 
		   -S -o conftest.s conftest.c 1>&5
configure:6187: $? = 0
configure:6192: gcc  -Wa,--noexecstack
		      -c -o conftest.o conftest.s 1>&5
configure:6195: $? = 0
configure:6204: result: yes
configure:6211: checking for -z combreloc
configure:6225: gcc -g -O2  
			-fPIC -shared -o conftest.so conftest.c
			-nostdlib -nostartfiles
			-Wl,-z,combreloc 1>&5
configure:6228: $? = 0
configure:6241: result: yes
configure:6249: checking for linker that supports -z execstack
configure:6262: gcc -g -O2  
				-Wl,-z,execstack -nostdlib -nostartfiles
				-fPIC -shared -o conftest.so conftest.c
				1>&5
configure:6265: $? = 0
configure:6278: result: yes
configure:6282: checking for -fpie
configure:6288: gcc -fpie -xc /dev/null -S -o /dev/null
configure:6291: $? = 0
configure:6299: result: yes
configure:6304: checking for --hash-style option
configure:6315: gcc -g -O2  
			    -fPIC -shared -o conftest.so conftest.c
			    -Wl,--hash-style=both -nostdlib 1>&5
configure:6318: $? = 0
configure:6327: result: yes
configure:6335: checking for sufficient default -shared layout
configure:6354:   gcc  -shared -o conftest.so conftest.s 1>&5
configure:6357: $? = 0
nono from:

HASH .hash
DYNSYM .dynsym
STRTAB .dynstr
VERSYM .gnu.version
VERNEED .gnu.version_r
REL .rel.dyn
REL .rel.plt
PROGBITS .init
PROGBITS .plt
PROGBITS .text
PROGBITS .fini
NOTE .note.a
NOTE .note.b
PROGBITS .eh_frame
INIT_ARRAY .init_array
FINI_ARRAY .fini_array
PROGBITS .jcr
DYNAMIC .dynamic
PROGBITS .got
PROGBITS .got.plt
PROGBITS .data
NOBITS .bss
PROGBITS .comment
PROGBITS .debug_aranges
PROGBITS .debug_info
PROGBITS .debug_abbrev
PROGBITS .debug_line
PROGBITS .debug_ranges
STRTAB .shstrtab
SYMTAB .symtab
STRTAB .strtab
configure:6389: result: no
configure:6394: checking linker output format
configure:6408: result: elf32-i386
configure:6412: checking for -fno-toplevel-reorder -fno-section-anchors
configure:6422: gcc -g -O2  -S -fno-toplevel-reorder -fno-section-anchors
			    conftest.c 1>&5
configure:6425: $? = 0
configure:6434: result: yes
configure:6443: checking for -fstack-protector
configure:6449: gcc -g -O2  -Werror -fstack-protector -xc /dev/null -S -o /dev/null
configure:6452: $? = 0
configure:6460: result: yes
configure:6464: checking for -fgnu89-inline
configure:6479: gcc -g -O2  -S -std=gnu99 -fgnu89-inline
			    -o conftest.s conftest.c 1>&5
conftest.c:3:1: warning: return type defaults to 'int' [enabled by default]
 main () { return 0;}
 ^
configure:6482: $? = 0
configure:6491: result: yes
configure:6500: checking whether cc puts quotes around section names
configure:6521: result: no
configure:6528: checking for assembler .weak directive
configure:6541: gcc  -c conftest.s 1>&5
configure:6544: $? = 0
configure:6552: result: yes
configure:6595: checking whether CFI directives are supported
configure:6614: gcc  -c conftest.s 1>&5
configure:6617: $? = 0
configure:6625: result: yes
configure:6632: checking for ld --no-whole-archive
configure:6645: gcc -g -O2  
			    -nostdlib -nostartfiles -Wl,--no-whole-archive
			    -o conftest conftest.c 1>&5
configure:6648: $? = 0
configure:6656: result: yes
configure:6662: checking for gcc -fexceptions
configure:6675: gcc -g -O2  
			    -nostdlib -nostartfiles -fexceptions
			    -o conftest conftest.c 1>&5
configure:6678: $? = 0
configure:6686: result: yes
configure:6726: checking for __builtin_memset
configure:6738: gcc -O3 -S conftest.c -o - | fgrep memset > /dev/null
configure:6741: $? = 1
configure:6750: result: yes
configure:6757: checking for redirection of built-in functions
configure:6770: gcc -O3 -S conftest.c -o - | fgrep my_strstr > /dev/null
configure:6773: $? = 0
configure:6782: result: yes
configure:6788: checking for __thread
configure:6797: gcc -g -O2  -c conftest.c >&5
configure:6800: $? = 0
configure:6808: result: yes
configure:6814: checking for tls_model attribute
configure:6823: gcc -g -O2  -S -Werror conftest.c >&5
configure:6826: $? = 0
configure:6834: result: yes
configure:6840: checking for compiler option to disable generation of FMA instructions
configure:6848: gcc -ffp-contract=off -xc /dev/null -S -o /dev/null
configure:6851: $? = 0
configure:6857: result: -ffp-contract=off
configure:6890: checking if gcc accepts -fno-tree-loop-distribute-patterns with __attribute__ ((__optimize__))
configure:6903: gcc -g -O2  -c conftest.c
configure:6906: $? = 0
configure:6913: result: yes
configure:6921: checking for libgd
configure:6941: gcc -o conftest -g -O2     conftest.c  -lgd -lpng -lz -lm >&5
conftest.c:24:16: fatal error: gd.h: No such file or directory
 #include <gd.h>
                ^
compilation terminated.
configure:6941: $? = 1
configure: failed program was:
| /* confdefs.h */
| #define PACKAGE_NAME "GNU C Library"
| #define PACKAGE_TARNAME "glibc"
| #define PACKAGE_VERSION "(see version.h)"
| #define PACKAGE_STRING "GNU C Library (see version.h)"
| #define PACKAGE_BUGREPORT "http://sourceware.org/bugzilla/"
| #define PACKAGE_URL "http://www.gnu.org/software/glibc/"
| #define PKGVERSION "(GNU libc) "
| #define REPORT_BUGS_TO "<http://www.gnu.org/software/libc/bugs.html>"
| #define LINK_OBSOLETE_RPC 1
| #define HAVE_LIBIDN 1
| #define USE_REGPARMS 1
| #define USE_MULTIARCH 1
| #define HAVE_ASM_SET_DIRECTIVE 1
| #define HAVE_ASM_UNIQUE_OBJECT 1
| #define HAVE_ASM_PREVIOUS_DIRECTIVE 1
| #define NO_CTORS_DTORS_SECTIONS 1
| #define HAVE_Z_COMBRELOC 1
| #define HAVE_ASM_WEAK_DIRECTIVE 1
| #define HAVE_ASM_CFI_DIRECTIVES 1
| #define HAVE_BUILTIN_MEMSET 1
| #define HAVE_CC_INHIBIT_LOOP_TO_LIBCALL 1
| /* end confdefs.h.  */
| #include <gd.h>
| int
| main ()
| {
| gdImagePng (0, 0)
|   ;
|   return 0;
| }
configure:6954: result: no
configure:6963: checking for is_selinux_enabled in -lselinux
configure:6988: gcc -o conftest -g -O2   conftest.c -lselinux   >&5
/tools/lib/gcc/i686-pc-linux-gnu/4.8.2/../../../../i686-pc-linux-gnu/bin/ld: cannot find -lselinux
collect2: error: ld returned 1 exit status
configure:6988: $? = 1
configure: failed program was:
| /* confdefs.h */
| #define PACKAGE_NAME "GNU C Library"
| #define PACKAGE_TARNAME "glibc"
| #define PACKAGE_VERSION "(see version.h)"
| #define PACKAGE_STRING "GNU C Library (see version.h)"
| #define PACKAGE_BUGREPORT "http://sourceware.org/bugzilla/"
| #define PACKAGE_URL "http://www.gnu.org/software/glibc/"
| #define PKGVERSION "(GNU libc) "
| #define REPORT_BUGS_TO "<http://www.gnu.org/software/libc/bugs.html>"
| #define LINK_OBSOLETE_RPC 1
| #define HAVE_LIBIDN 1
| #define USE_REGPARMS 1
| #define USE_MULTIARCH 1
| #define HAVE_ASM_SET_DIRECTIVE 1
| #define HAVE_ASM_UNIQUE_OBJECT 1
| #define HAVE_ASM_PREVIOUS_DIRECTIVE 1
| #define NO_CTORS_DTORS_SECTIONS 1
| #define HAVE_Z_COMBRELOC 1
| #define HAVE_ASM_WEAK_DIRECTIVE 1
| #define HAVE_ASM_CFI_DIRECTIVES 1
| #define HAVE_BUILTIN_MEMSET 1
| #define HAVE_CC_INHIBIT_LOOP_TO_LIBCALL 1
| /* end confdefs.h.  */
| 
| /* Override any GCC internal prototype to avoid an error.
|    Use char because int might match the return type of a GCC
|    builtin and then its argument prototype would still apply.  */
| #ifdef __cplusplus
| extern "C"
| #endif
| char is_selinux_enabled ();
| int
| main ()
| {
| return is_selinux_enabled ();
|   ;
|   return 0;
| }
configure:6997: result: no
configure:7153: checking size of long double
configure:7158: gcc -o conftest -g -O2   conftest.c  >&5
configure:7158: $? = 0
configure:7158: ./conftest
configure:7158: $? = 0
configure:7172: result: 12
configure:7186: checking for _FORTIFY_SOURCE predefine
configure:7205: gcc -c -g -O2  conftest.c >&5
configure:7205: $? = 0
configure:7212: result: no
configure:7219: checking whether gcc implicitly enables -fstack-protector
configure:7236: gcc -c -g -O2  conftest.c >&5
configure:7236: $? = 0
libc_undefs='foobar'
configure:7263: result: no
configure:7290: result: running configure fragment for nptl/sysdeps/pthread
configure:21: checking for forced unwind support
configure:40: gcc -c -g -O2  conftest.c >&5
configure:40: $? = 0
configure:47: result: yes
configure:54: checking for C cleanup handling
configure:74: gcc -c -g -O2 -Werror -fexceptions  conftest.c >&5
configure:74: $? = 0
configure:81: result: yes
configure:7290: result: running configure fragment for sysdeps/unix/sysv/linux
configure:45: checking for grep that handles long lines and -e
configure:103: result: /tools/bin/grep
configure:108: checking for egrep
configure:170: result: /tools/bin/grep -E
configure:175: checking installed Linux kernel header files
configure:196: result: 2.6.19 or later
configure:266: checking for kernel header at least 2.6.32
configure:285: result: ok
configure:303: checking for linux/fanotify.h
configure:303: gcc -c -g -O2  conftest.c >&5
configure:303: $? = 0
configure:303: result: yes
configure:401: checking for symlinks in /usr/include
configure:418: result: ok
configure:7290: result: running configure fragment for sysdeps/gnu
configure:7290: result: running configure fragment for sysdeps/i386
configure:54: checking for compiler support of inlined builtin function __sync_val_compare_and_swap
configure:64: gcc -g -O2  
		     -O0 -nostdlib -nostartfiles
		     -S conftest.c -o - | fgrep __sync_val_compare_and_swap
		     1>&5
configure:67: $? = 1
configure:81: result: yes
configure:85: checking for cpuid.h
configure:85: gcc -c -g -O2  conftest.c >&5
configure:85: $? = 0
configure:85: result: yes
configure:95: checking for SSE4 support
configure:101: gcc -msse4 -xc /dev/null -S -o /dev/null
configure:104: $? = 0
configure:112: result: yes
configure:121: checking for assembler -mtune=i686 support
configure:127: gcc -Wa,-mtune=i686 -xc /dev/null -S -o /dev/null
configure:130: $? = 0
configure:138: result: yes
configure:143: checking for AVX support
configure:149: gcc -mavx -xc /dev/null -S -o /dev/null
configure:152: $? = 0
configure:160: result: yes
configure:169: checking for AVX encoding of SSE instructions
configure:175: gcc -msse2avx -xc /dev/null -S -o /dev/null
configure:178: $? = 0
configure:186: result: yes
configure:195: checking for FMA4 support
configure:201: gcc -mfma4 -xc /dev/null -S -o /dev/null
configure:204: $? = 0
configure:212: result: yes
configure:221: checking for -mno-vzeroupper support
configure:227: gcc -mno-vzeroupper -xc /dev/null -S -o /dev/null
configure:230: $? = 0
configure:238: result: yes
configure:7322: checking for old glibc 2.0.x headers
configure:7330: result: no
configure:7358: checking whether -fPIC is default
configure:7374: result: no
configure:7508: creating ./config.status

## ---------------------- ##
## Running config.status. ##
## ---------------------- ##

This file was extended by GNU C Library config.status (see version.h), which was
generated by GNU Autoconf 2.68.  Invocation command line was

  CONFIG_FILES    = 
  CONFIG_HEADERS  = 
  CONFIG_LINKS    = 
  CONFIG_COMMANDS = 
  $ ./config.status 

on lfs

config.status:961: creating config.make
config.status:961: creating Makefile
config.status:961: creating config.h
config.status:1135: executing default commands

## ---------------- ##
## Cache variables. ##
## ---------------- ##

ac_cv_build=i686-pc-linux-gnu
ac_cv_c_compiler_gnu=yes
ac_cv_cxx_compiler_gnu=yes
ac_cv_env_CCC_set=
ac_cv_env_CCC_value=
ac_cv_env_CC_set=
ac_cv_env_CC_value=
ac_cv_env_CFLAGS_set=
ac_cv_env_CFLAGS_value=
ac_cv_env_CPPFLAGS_set=
ac_cv_env_CPPFLAGS_value=
ac_cv_env_CPP_set=
ac_cv_env_CPP_value=
ac_cv_env_CXXFLAGS_set=
ac_cv_env_CXXFLAGS_value=
ac_cv_env_CXX_set=
ac_cv_env_CXX_value=
ac_cv_env_LDFLAGS_set=
ac_cv_env_LDFLAGS_value=
ac_cv_env_LIBS_set=
ac_cv_env_LIBS_value=
ac_cv_env_build_alias_set=
ac_cv_env_build_alias_value=
ac_cv_env_host_alias_set=
ac_cv_env_host_alias_value=
ac_cv_env_target_alias_set=
ac_cv_env_target_alias_value=
ac_cv_header_cpuid_h=yes
ac_cv_header_linux_fanotify_h=yes
ac_cv_host=i686-pc-linux-gnu
ac_cv_lib_selinux_is_selinux_enabled=no
ac_cv_objext=o
ac_cv_path_BASH_SHELL=/bin/bash
ac_cv_path_BISON=no
ac_cv_path_EGREP='/tools/bin/grep -E'
ac_cv_path_GREP=/tools/bin/grep
ac_cv_path_INSTALL_INFO=/tools/bin/install-info
ac_cv_path_PERL=/usr/bin/perl
ac_cv_path_install='/tools/bin/install -c'
ac_cv_prog_AS=/tools/lib/gcc/i686-pc-linux-gnu/4.8.2/../../../../i686-pc-linux-gnu/bin/as
ac_cv_prog_AWK=gawk
ac_cv_prog_CC=gcc
ac_cv_prog_LD=/tools/lib/gcc/i686-pc-linux-gnu/4.8.2/../../../../i686-pc-linux-gnu/bin/ld
ac_cv_prog_MAKE=make
ac_cv_prog_MAKEINFO=makeinfo
ac_cv_prog_MSGFMT=msgfmt
ac_cv_prog_SED=sed
ac_cv_prog_ac_ct_CC=gcc
ac_cv_prog_ac_ct_CXX=g++
ac_cv_prog_ac_ct_NM=nm
ac_cv_prog_ac_ct_READELF=readelf
ac_cv_prog_cc_g=yes
ac_cv_prog_cxx_g=yes
ac_cv_sizeof_long_double=12
libc_cv_Bgroup=yes
libc_cv_as_i686=yes
libc_cv_as_noexecstack=yes
libc_cv_asm_cfi_directives=yes
libc_cv_asm_previous_directive=yes
libc_cv_asm_protected_directive=yes
libc_cv_asm_set_directive=yes
libc_cv_asm_unique_object=yes
libc_cv_asm_weak_directive=yes
libc_cv_broken_alias_attribute=no
libc_cv_broken_visibility_attribute=no
libc_cv_c_cleanup=yes
libc_cv_cc_avx=yes
libc_cv_cc_fma4=yes
libc_cv_cc_loop_to_function=yes
libc_cv_cc_nofma=-ffp-contract=off
libc_cv_cc_novzeroupper=yes
libc_cv_cc_sse2avx=yes
libc_cv_cc_sse4=yes
libc_cv_cc_with_libunwind=no
libc_cv_ctors_header=no
libc_cv_dot_text=.text
libc_cv_fno_toplevel_reorder=yes
libc_cv_forced_unwind=yes
libc_cv_fpie=yes
libc_cv_friendly_stddef=yes
libc_cv_gcc___thread=yes
libc_cv_gcc_builtin_memset=yes
libc_cv_gcc_builtin_redirection=yes
libc_cv_gcc_exceptions=yes
libc_cv_gcc_static_libgcc=-static-libgcc
libc_cv_gcc_tls_model_attr=yes
libc_cv_gcc_unwind_find_fde=yes
libc_cv_gnu89_inline=yes
libc_cv_hashstyle=yes
libc_cv_have_bash2=yes
libc_cv_have_ksh=yes
libc_cv_have_sdata_section=no
libc_cv_have_section_quotes=no
libc_cv_idn=no
libc_cv_initfini_array=yes
libc_cv_ld_gnu_indirect_function=yes
libc_cv_ld_no_whole_archive=yes
libc_cv_linux2619='2.6.19 or later'
libc_cv_localstatedir=/var
libc_cv_need_minus_P=no
libc_cv_nss_crypt=no
libc_cv_output_format=elf32-i386
libc_cv_pic_default=no
libc_cv_predef_fortify_source=no
libc_cv_predef_stack_protector=no
libc_cv_prog_as_gnu=yes
libc_cv_prog_ld_gnu=yes
libc_cv_rootsbindir=/sbin
libc_cv_slibdir=/lib
libc_cv_ssp=yes
libc_cv_sysconfdir=/etc
libc_cv_unsupported_i386=no
libc_cv_use_default_link=no
libc_cv_visibility_attribute=yes
libc_cv_z_combreloc=yes
libc_cv_z_execstack=yes
libc_cv_z_initfirst=yes
libc_cv_z_nodelete=yes
libc_cv_z_nodlopen=yes
libc_cv_z_relro=yes

## ----------------- ##
## Output variables. ##
## ----------------- ##

AR='/tools/lib/gcc/i686-pc-linux-gnu/4.8.2/../../../../i686-pc-linux-gnu/bin/ar'
AS='/tools/lib/gcc/i686-pc-linux-gnu/4.8.2/../../../../i686-pc-linux-gnu/bin/as'
ASFLAGS_config=' -Wa,--noexecstack'
AUTOCONF='no'
AWK='gawk'
BASH_SHELL='/bin/bash'
BISON='no'
BUILD_CC=''
CC='gcc'
CFLAGS='-g -O2'
CPP='gcc -E'
CPPFLAGS=''
CPPUNDEFS=''
CXX='g++'
CXXFLAGS='-g -O2'
CXX_SYSINCLUDES=''
DEFINES=''
DEFS='-DHAVE_CONFIG_H'
ECHO_C=''
ECHO_N='-n'
ECHO_T=''
INSTALL_DATA='${INSTALL} -m 644'
INSTALL_INFO='/tools/bin/install-info'
INSTALL_PROGRAM='${INSTALL}'
INSTALL_SCRIPT='${INSTALL}'
KSH='/bin/bash'
LD='/tools/lib/gcc/i686-pc-linux-gnu/4.8.2/../../../../i686-pc-linux-gnu/bin/ld'
LDFLAGS=''
LIBGD='no'
LIBOBJS=''
LIBS=''
LN_S='ln -s'
LTLIBOBJS=''
MAKE='make'
MAKEINFO='makeinfo'
MSGFMT='msgfmt'
NM='nm'
OBJCOPY='/tools/lib/gcc/i686-pc-linux-gnu/4.8.2/../../../../i686-pc-linux-gnu/bin/objcopy'
OBJDUMP='/tools/lib/gcc/i686-pc-linux-gnu/4.8.2/../../../../i686-pc-linux-gnu/bin/objdump'
OBJEXT='o'
PACKAGE_BUGREPORT='http://sourceware.org/bugzilla/'
PACKAGE_NAME='GNU C Library'
PACKAGE_STRING='GNU C Library (see version.h)'
PACKAGE_TARNAME='glibc'
PACKAGE_URL='http://www.gnu.org/software/glibc/'
PACKAGE_VERSION='(see version.h)'
PATH_SEPARATOR=':'
PERL='/usr/bin/perl'
PKGVERSION='(GNU libc) '
PKGVERSION_TEXI='(GNU libc) '
READELF='readelf'
RELEASE='stable'
REPORT_BUGS_TEXI='@uref{http://www.gnu.org/software/libc/bugs.html}'
REPORT_BUGS_TO='<http://www.gnu.org/software/libc/bugs.html>'
SED='sed'
SHELL='/bin/sh'
SYSINCLUDES=''
VERSION='2.19'
ac_ct_CC='gcc'
ac_ct_CXX='g++'
add_on_subdirs=' libidn'
add_ons='libidn nptl ports'
all_warnings=''
base_machine='i386'
bindir='${exec_prefix}/bin'
bindnow='no'
build='i686-pc-linux-gnu'
build_alias=''
build_cpu='i686'
build_nscd='yes'
build_os='linux-gnu'
build_pt_chown='no'
build_vendor='pc'
cross_compiling='no'
datadir='${datarootdir}'
datarootdir='${prefix}/share'
docdir='${datarootdir}/doc/${PACKAGE_TARNAME}'
dvidir='${docdir}'
exceptions='-fexceptions'
exec_prefix='${prefix}'
fno_unit_at_a_time='-fno-toplevel-reorder -fno-section-anchors'
force_install='yes'
gnu89_inline='-fgnu89-inline'
hardcoded_path_in_tests='no'
have_libaudit=''
have_libcap=''
have_selinux='no'
host='i686-pc-linux-gnu'
host_alias=''
host_cpu='i686'
host_os='linux-gnu'
host_vendor='pc'
htmldir='${docdir}'
includedir='${prefix}/include'
infodir='${datarootdir}/info'
ldd_rewrite_script='sysdeps/unix/sysv/linux/ldd-rewrite.sed'
libc_cv_Bgroup='yes'
libc_cv_cc_loop_to_function='yes'
libc_cv_cc_nofma='-ffp-contract=off'
libc_cv_cc_submachine=''
libc_cv_cc_with_libunwind='no'
libc_cv_forced_unwind='yes'
libc_cv_fpie='yes'
libc_cv_gcc_static_libgcc='-static-libgcc'
libc_cv_gcc_unwind_find_fde='yes'
libc_cv_hashstyle='yes'
libc_cv_have_bash2='yes'
libc_cv_have_ksh='yes'
libc_cv_localedir=''
libc_cv_localstatedir='/var'
libc_cv_nss_crypt='no'
libc_cv_output_format='elf32-i386'
libc_cv_pic_default='no'
libc_cv_rootsbindir='/sbin'
libc_cv_rtlddir=''
libc_cv_slibdir='/lib'
libc_cv_ssp='yes'
libc_cv_sysconfdir='/etc'
libc_cv_z_combreloc='yes'
libc_cv_z_execstack='yes'
libc_extra_cflags=''
libdir='${exec_prefix}/lib'
libexecdir='${exec_prefix}/libexec'
link_obsolete_rpc='yes'
localedir='${datarootdir}/locale'
localstatedir='${prefix}/var'
mach_interface_list=''
mandir='${datarootdir}/man'
multi_arch='default'
old_glibc_headers='no'
oldest_abi='default'
oldincludedir='/usr/include'
pdfdir='${docdir}'
prefix='/usr'
profile='no'
program_transform_name='s,x,x,'
psdir='${docdir}'
sbindir='${exec_prefix}/sbin'
shared='yes'
sharedstatedir='${prefix}/com'
sizeof_long_double='12'
static=''
static_nss='no'
subdirs='  '
submachine=''
sysconfdir='${prefix}/etc'
sysdeps_add_ons=' nptl ports'
sysheaders=''
sysnames=' nptl/sysdeps/unix/sysv/linux/i386/i686 sysdeps/unix/sysv/linux/i386/i686 nptl/sysdeps/unix/sysv/linux/i386 nptl/sysdeps/unix/sysv/linux/x86 sysdeps/unix/sysv/linux/x86 sysdeps/unix/sysv/linux/i386/nptl sysdeps/unix/sysv/linux/i386 nptl/sysdeps/unix/sysv/linux nptl/sysdeps/pthread sysdeps/pthread ports/sysdeps/unix/sysv/linux sysdeps/unix/sysv/linux sysdeps/gnu sysdeps/unix/inet nptl/sysdeps/unix/sysv ports/sysdeps/unix/sysv sysdeps/unix/sysv sysdeps/unix/i386 nptl/sysdeps/unix ports/sysdeps/unix sysdeps/unix sysdeps/posix sysdeps/i386/i686/fpu/multiarch sysdeps/i386/i686/fpu sysdeps/i386/i686/multiarch nptl/sysdeps/i386/i686 sysdeps/i386/i686 sysdeps/i386/i486 nptl/sysdeps/i386/i486 sysdeps/i386/fpu sysdeps/x86/fpu nptl/sysdeps/i386 sysdeps/i386 sysdeps/x86 sysdeps/wordsize-32 sysdeps/ieee754/ldbl-96 sysdeps/ieee754/dbl-64 sysdeps/ieee754/flt-32 sysdeps/ieee754 sysdeps/generic'
target_alias=''
use_default_link='no'
use_ldconfig='yes'
use_nscd='yes'
with_fp='yes'

## ----------- ##
## confdefs.h. ##
## ----------- ##

/* confdefs.h */
#define PACKAGE_NAME "GNU C Library"
#define PACKAGE_TARNAME "glibc"
#define PACKAGE_VERSION "(see version.h)"
#define PACKAGE_STRING "GNU C Library (see version.h)"
#define PACKAGE_BUGREPORT "http://sourceware.org/bugzilla/"
#define PACKAGE_URL "http://www.gnu.org/software/glibc/"
#define PKGVERSION "(GNU libc) "
#define REPORT_BUGS_TO "<http://www.gnu.org/software/libc/bugs.html>"
#define LINK_OBSOLETE_RPC 1
#define HAVE_LIBIDN 1
#define USE_REGPARMS 1
#define USE_MULTIARCH 1
#define HAVE_ASM_SET_DIRECTIVE 1
#define HAVE_ASM_UNIQUE_OBJECT 1
#define HAVE_ASM_PREVIOUS_DIRECTIVE 1
#define NO_CTORS_DTORS_SECTIONS 1
#define HAVE_Z_COMBRELOC 1
#define HAVE_ASM_WEAK_DIRECTIVE 1
#define HAVE_ASM_CFI_DIRECTIVES 1
#define HAVE_BUILTIN_MEMSET 1
#define HAVE_CC_INHIBIT_LOOP_TO_LIBCALL 1
#define SIZEOF_LONG_DOUBLE 12
#define HAVE_FORCED_UNWIND 1
#define __LINUX_KERNEL_VERSION (2 * 65536 + 6 * 256 + 32)
#define __ABI_TAG_VERSION 2,6,32
#define HAVE_LINUX_FANOTIFY_H 1
#define HAVE_INLINED_SYSCALLS 1
#define HAVE_SSE4_SUPPORT 1
#define HAVE_AVX_SUPPORT 1
#define HAVE_SSE2AVX_SUPPORT 1
#define HAVE_FMA4_SUPPORT 1
#define PI_STATIC_AND_HIDDEN 1
#define EXPORT_UNWIND_FIND_FDE 1
#define HAVE_IFUNC 1
#define USE_NSCD 1
#define USE_LDCONFIG 1

configure: exit 0
