Making install in doc
make[1]: Entering directory '/sources/psmisc-22.20/doc'
make[2]: Entering directory '/sources/psmisc-22.20/doc'
make[2]: Nothing to be done for 'install-exec-am'.
 /tools/bin/mkdir -p '/usr/share/man/man1'
 /tools/bin/install -c -m 644 killall.1 peekfd.1 prtstat.1 pstree.1 fuser.1 '/usr/share/man/man1'
make[2]: Leaving directory '/sources/psmisc-22.20/doc'
make[1]: Leaving directory '/sources/psmisc-22.20/doc'
Making install in src
make[1]: Entering directory '/sources/psmisc-22.20/src'
make  install-am
make[2]: Entering directory '/sources/psmisc-22.20/src'
make[3]: Entering directory '/sources/psmisc-22.20/src'
 /tools/bin/mkdir -p '/usr/bin'
  /tools/bin/install -c killall pstree prtstat fuser peekfd '/usr/bin'
make  install-exec-hook
make[4]: Entering directory '/sources/psmisc-22.20/src'
cd /usr/bin && \
		( [ -h pstree.x11 ]  || ln -s pstree pstree.x11)
make[4]: Leaving directory '/sources/psmisc-22.20/src'
make[3]: Nothing to be done for 'install-data-am'.
make[3]: Leaving directory '/sources/psmisc-22.20/src'
make[2]: Leaving directory '/sources/psmisc-22.20/src'
make[1]: Leaving directory '/sources/psmisc-22.20/src'
Making install in po
make[1]: Entering directory '/sources/psmisc-22.20/po'
/tools/bin/mkdir -p /usr/share
installing bg.gmo as /usr/share/locale/bg/LC_MESSAGES/psmisc.mo
installing ca.gmo as /usr/share/locale/ca/LC_MESSAGES/psmisc.mo
installing cs.gmo as /usr/share/locale/cs/LC_MESSAGES/psmisc.mo
installing da.gmo as /usr/share/locale/da/LC_MESSAGES/psmisc.mo
installing de.gmo as /usr/share/locale/de/LC_MESSAGES/psmisc.mo
installing el.gmo as /usr/share/locale/el/LC_MESSAGES/psmisc.mo
installing eo.gmo as /usr/share/locale/eo/LC_MESSAGES/psmisc.mo
installing eu.gmo as /usr/share/locale/eu/LC_MESSAGES/psmisc.mo
installing fi.gmo as /usr/share/locale/fi/LC_MESSAGES/psmisc.mo
installing fr.gmo as /usr/share/locale/fr/LC_MESSAGES/psmisc.mo
installing hr.gmo as /usr/share/locale/hr/LC_MESSAGES/psmisc.mo
installing hu.gmo as /usr/share/locale/hu/LC_MESSAGES/psmisc.mo
installing id.gmo as /usr/share/locale/id/LC_MESSAGES/psmisc.mo
installing it.gmo as /usr/share/locale/it/LC_MESSAGES/psmisc.mo
installing ja.gmo as /usr/share/locale/ja/LC_MESSAGES/psmisc.mo
installing nb.gmo as /usr/share/locale/nb/LC_MESSAGES/psmisc.mo
installing nl.gmo as /usr/share/locale/nl/LC_MESSAGES/psmisc.mo
installing pl.gmo as /usr/share/locale/pl/LC_MESSAGES/psmisc.mo
installing pt.gmo as /usr/share/locale/pt/LC_MESSAGES/psmisc.mo
installing pt_BR.gmo as /usr/share/locale/pt_BR/LC_MESSAGES/psmisc.mo
installing ro.gmo as /usr/share/locale/ro/LC_MESSAGES/psmisc.mo
installing ru.gmo as /usr/share/locale/ru/LC_MESSAGES/psmisc.mo
installing sr.gmo as /usr/share/locale/sr/LC_MESSAGES/psmisc.mo
installing sv.gmo as /usr/share/locale/sv/LC_MESSAGES/psmisc.mo
installing uk.gmo as /usr/share/locale/uk/LC_MESSAGES/psmisc.mo
installing vi.gmo as /usr/share/locale/vi/LC_MESSAGES/psmisc.mo
installing zh_CN.gmo as /usr/share/locale/zh_CN/LC_MESSAGES/psmisc.mo
installing zh_TW.gmo as /usr/share/locale/zh_TW/LC_MESSAGES/psmisc.mo
if test "psmisc" = "gettext-tools"; then \
  /tools/bin/mkdir -p /usr/share/gettext/po; \
  for file in Makefile.in.in remove-potcdate.sin quot.sed boldquot.sed en@quot.header en@boldquot.header insert-header.sin Rules-quot   Makevars.template; do \
    /tools/bin/install -c -m 644 ./$file \
		    /usr/share/gettext/po/$file; \
  done; \
  for file in Makevars; do \
    rm -f /usr/share/gettext/po/$file; \
  done; \
else \
  : ; \
fi
make[1]: Leaving directory '/sources/psmisc-22.20/po'
Making install in icons
make[1]: Entering directory '/sources/psmisc-22.20/icons'
make[2]: Entering directory '/sources/psmisc-22.20/icons'
make[2]: Nothing to be done for 'install-exec-am'.
make[2]: Nothing to be done for 'install-data-am'.
make[2]: Leaving directory '/sources/psmisc-22.20/icons'
make[1]: Leaving directory '/sources/psmisc-22.20/icons'
Making install in testsuite
make[1]: Entering directory '/sources/psmisc-22.20/testsuite'
make[2]: Entering directory '/sources/psmisc-22.20/testsuite'
make[2]: Nothing to be done for 'install-exec-am'.
make[2]: Nothing to be done for 'install-data-am'.
make[2]: Leaving directory '/sources/psmisc-22.20/testsuite'
make[1]: Leaving directory '/sources/psmisc-22.20/testsuite'
make[1]: Entering directory '/sources/psmisc-22.20'
make[2]: Entering directory '/sources/psmisc-22.20'
make[2]: Nothing to be done for 'install-exec-am'.
make[2]: Nothing to be done for 'install-data-am'.
make[2]: Leaving directory '/sources/psmisc-22.20'
make[1]: Leaving directory '/sources/psmisc-22.20'
