make  install-recursive
make[1]: Entering directory '/sources/gmp-5.1.3'
Making install in tests
make[2]: Entering directory '/sources/gmp-5.1.3/tests'
Making install in .
make[3]: Entering directory '/sources/gmp-5.1.3/tests'
make[4]: Entering directory '/sources/gmp-5.1.3/tests'
make[4]: Nothing to be done for 'install-exec-am'.
make[4]: Nothing to be done for 'install-data-am'.
make[4]: Leaving directory '/sources/gmp-5.1.3/tests'
make[3]: Leaving directory '/sources/gmp-5.1.3/tests'
Making install in devel
make[3]: Entering directory '/sources/gmp-5.1.3/tests/devel'
make[4]: Entering directory '/sources/gmp-5.1.3/tests/devel'
make[4]: Nothing to be done for 'install-exec-am'.
make[4]: Nothing to be done for 'install-data-am'.
make[4]: Leaving directory '/sources/gmp-5.1.3/tests/devel'
make[3]: Leaving directory '/sources/gmp-5.1.3/tests/devel'
Making install in mpn
make[3]: Entering directory '/sources/gmp-5.1.3/tests/mpn'
make[4]: Entering directory '/sources/gmp-5.1.3/tests/mpn'
make[4]: Nothing to be done for 'install-exec-am'.
make[4]: Nothing to be done for 'install-data-am'.
make[4]: Leaving directory '/sources/gmp-5.1.3/tests/mpn'
make[3]: Leaving directory '/sources/gmp-5.1.3/tests/mpn'
Making install in mpz
make[3]: Entering directory '/sources/gmp-5.1.3/tests/mpz'
make[4]: Entering directory '/sources/gmp-5.1.3/tests/mpz'
make[4]: Nothing to be done for 'install-exec-am'.
make[4]: Nothing to be done for 'install-data-am'.
make[4]: Leaving directory '/sources/gmp-5.1.3/tests/mpz'
make[3]: Leaving directory '/sources/gmp-5.1.3/tests/mpz'
Making install in mpq
make[3]: Entering directory '/sources/gmp-5.1.3/tests/mpq'
make[4]: Entering directory '/sources/gmp-5.1.3/tests/mpq'
make[4]: Nothing to be done for 'install-exec-am'.
make[4]: Nothing to be done for 'install-data-am'.
make[4]: Leaving directory '/sources/gmp-5.1.3/tests/mpq'
make[3]: Leaving directory '/sources/gmp-5.1.3/tests/mpq'
Making install in mpf
make[3]: Entering directory '/sources/gmp-5.1.3/tests/mpf'
make[4]: Entering directory '/sources/gmp-5.1.3/tests/mpf'
make[4]: Nothing to be done for 'install-exec-am'.
make[4]: Nothing to be done for 'install-data-am'.
make[4]: Leaving directory '/sources/gmp-5.1.3/tests/mpf'
make[3]: Leaving directory '/sources/gmp-5.1.3/tests/mpf'
Making install in rand
make[3]: Entering directory '/sources/gmp-5.1.3/tests/rand'
make[4]: Entering directory '/sources/gmp-5.1.3/tests/rand'
make[4]: Nothing to be done for 'install-exec-am'.
make[4]: Nothing to be done for 'install-data-am'.
make[4]: Leaving directory '/sources/gmp-5.1.3/tests/rand'
make[3]: Leaving directory '/sources/gmp-5.1.3/tests/rand'
Making install in misc
make[3]: Entering directory '/sources/gmp-5.1.3/tests/misc'
make[4]: Entering directory '/sources/gmp-5.1.3/tests/misc'
make[4]: Nothing to be done for 'install-exec-am'.
make[4]: Nothing to be done for 'install-data-am'.
make[4]: Leaving directory '/sources/gmp-5.1.3/tests/misc'
make[3]: Leaving directory '/sources/gmp-5.1.3/tests/misc'
Making install in cxx
make[3]: Entering directory '/sources/gmp-5.1.3/tests/cxx'
make[4]: Entering directory '/sources/gmp-5.1.3/tests/cxx'
make[4]: Nothing to be done for 'install-exec-am'.
make[4]: Nothing to be done for 'install-data-am'.
make[4]: Leaving directory '/sources/gmp-5.1.3/tests/cxx'
make[3]: Leaving directory '/sources/gmp-5.1.3/tests/cxx'
make[2]: Leaving directory '/sources/gmp-5.1.3/tests'
Making install in mpn
make[2]: Entering directory '/sources/gmp-5.1.3/mpn'
make[3]: Entering directory '/sources/gmp-5.1.3/mpn'
make[3]: Nothing to be done for 'install-exec-am'.
make[3]: Nothing to be done for 'install-data-am'.
make[3]: Leaving directory '/sources/gmp-5.1.3/mpn'
make[2]: Leaving directory '/sources/gmp-5.1.3/mpn'
Making install in mpz
make[2]: Entering directory '/sources/gmp-5.1.3/mpz'
make[3]: Entering directory '/sources/gmp-5.1.3/mpz'
make[3]: Nothing to be done for 'install-exec-am'.
make[3]: Nothing to be done for 'install-data-am'.
make[3]: Leaving directory '/sources/gmp-5.1.3/mpz'
make[2]: Leaving directory '/sources/gmp-5.1.3/mpz'
Making install in mpq
make[2]: Entering directory '/sources/gmp-5.1.3/mpq'
make[3]: Entering directory '/sources/gmp-5.1.3/mpq'
make[3]: Nothing to be done for 'install-exec-am'.
make[3]: Nothing to be done for 'install-data-am'.
make[3]: Leaving directory '/sources/gmp-5.1.3/mpq'
make[2]: Leaving directory '/sources/gmp-5.1.3/mpq'
Making install in mpf
make[2]: Entering directory '/sources/gmp-5.1.3/mpf'
make[3]: Entering directory '/sources/gmp-5.1.3/mpf'
make[3]: Nothing to be done for 'install-exec-am'.
make[3]: Nothing to be done for 'install-data-am'.
make[3]: Leaving directory '/sources/gmp-5.1.3/mpf'
make[2]: Leaving directory '/sources/gmp-5.1.3/mpf'
Making install in printf
make[2]: Entering directory '/sources/gmp-5.1.3/printf'
make[3]: Entering directory '/sources/gmp-5.1.3/printf'
make[3]: Nothing to be done for 'install-exec-am'.
make[3]: Nothing to be done for 'install-data-am'.
make[3]: Leaving directory '/sources/gmp-5.1.3/printf'
make[2]: Leaving directory '/sources/gmp-5.1.3/printf'
Making install in scanf
make[2]: Entering directory '/sources/gmp-5.1.3/scanf'
make[3]: Entering directory '/sources/gmp-5.1.3/scanf'
make[3]: Nothing to be done for 'install-exec-am'.
make[3]: Nothing to be done for 'install-data-am'.
make[3]: Leaving directory '/sources/gmp-5.1.3/scanf'
make[2]: Leaving directory '/sources/gmp-5.1.3/scanf'
Making install in rand
make[2]: Entering directory '/sources/gmp-5.1.3/rand'
make[3]: Entering directory '/sources/gmp-5.1.3/rand'
make[3]: Nothing to be done for 'install-exec-am'.
make[3]: Nothing to be done for 'install-data-am'.
make[3]: Leaving directory '/sources/gmp-5.1.3/rand'
make[2]: Leaving directory '/sources/gmp-5.1.3/rand'
Making install in cxx
make[2]: Entering directory '/sources/gmp-5.1.3/cxx'
make[3]: Entering directory '/sources/gmp-5.1.3/cxx'
make[3]: Nothing to be done for 'install-exec-am'.
make[3]: Nothing to be done for 'install-data-am'.
make[3]: Leaving directory '/sources/gmp-5.1.3/cxx'
make[2]: Leaving directory '/sources/gmp-5.1.3/cxx'
Making install in demos
make[2]: Entering directory '/sources/gmp-5.1.3/demos'
Making install in calc
make[3]: Entering directory '/sources/gmp-5.1.3/demos/calc'
make  install-am
make[4]: Entering directory '/sources/gmp-5.1.3/demos/calc'
make[5]: Entering directory '/sources/gmp-5.1.3/demos/calc'
make[5]: Nothing to be done for 'install-exec-am'.
make[5]: Nothing to be done for 'install-data-am'.
make[5]: Leaving directory '/sources/gmp-5.1.3/demos/calc'
make[4]: Leaving directory '/sources/gmp-5.1.3/demos/calc'
make[3]: Leaving directory '/sources/gmp-5.1.3/demos/calc'
Making install in expr
make[3]: Entering directory '/sources/gmp-5.1.3/demos/expr'
make[4]: Entering directory '/sources/gmp-5.1.3/demos/expr'
make[4]: Nothing to be done for 'install-exec-am'.
make[4]: Nothing to be done for 'install-data-am'.
make[4]: Leaving directory '/sources/gmp-5.1.3/demos/expr'
make[3]: Leaving directory '/sources/gmp-5.1.3/demos/expr'
make[3]: Entering directory '/sources/gmp-5.1.3/demos'
make[4]: Entering directory '/sources/gmp-5.1.3/demos'
make[4]: Nothing to be done for 'install-exec-am'.
make[4]: Nothing to be done for 'install-data-am'.
make[4]: Leaving directory '/sources/gmp-5.1.3/demos'
make[3]: Leaving directory '/sources/gmp-5.1.3/demos'
make[2]: Leaving directory '/sources/gmp-5.1.3/demos'
Making install in tune
make[2]: Entering directory '/sources/gmp-5.1.3/tune'
make[3]: Entering directory '/sources/gmp-5.1.3/tune'
make[3]: Nothing to be done for 'install-exec-am'.
make[3]: Nothing to be done for 'install-data-am'.
make[3]: Leaving directory '/sources/gmp-5.1.3/tune'
make[2]: Leaving directory '/sources/gmp-5.1.3/tune'
Making install in doc
make[2]: Entering directory '/sources/gmp-5.1.3/doc'
make[3]: Entering directory '/sources/gmp-5.1.3/doc'
make[3]: Nothing to be done for 'install-exec-am'.
 /tools/bin/mkdir -p '/usr/share/info'
 /tools/bin/install -c -m 644 ./gmp.info ./gmp.info-1 ./gmp.info-2 '/usr/share/info'
 install-info --info-dir='/usr/share/info' '/usr/share/info/gmp.info'
make[3]: Leaving directory '/sources/gmp-5.1.3/doc'
make[2]: Leaving directory '/sources/gmp-5.1.3/doc'
make[2]: Entering directory '/sources/gmp-5.1.3'
make[3]: Entering directory '/sources/gmp-5.1.3'
 /tools/bin/mkdir -p '/usr/lib'
 /bin/sh ./libtool   --mode=install /tools/bin/install -c   libgmp.la libgmpxx.la '/usr/lib'
libtool: install: /tools/bin/install -c .libs/libgmp.so.10.1.3 /usr/lib/libgmp.so.10.1.3
libtool: install: (cd /usr/lib && { ln -s -f libgmp.so.10.1.3 libgmp.so.10 || { rm -f libgmp.so.10 && ln -s libgmp.so.10.1.3 libgmp.so.10; }; })
libtool: install: (cd /usr/lib && { ln -s -f libgmp.so.10.1.3 libgmp.so || { rm -f libgmp.so && ln -s libgmp.so.10.1.3 libgmp.so; }; })
libtool: install: /tools/bin/install -c .libs/libgmp.lai /usr/lib/libgmp.la
libtool: install: (cd /sources/gmp-5.1.3; /bin/sh /sources/gmp-5.1.3/libtool  --tag CXX --mode=relink g++ -m32 -O2 -pedantic -fomit-frame-pointer -mtune=corei7 -march=corei7 -version-info 7:3:3 -o libgmpxx.la -rpath /usr/lib dummy.lo cxx/isfuns.lo cxx/ismpf.lo cxx/ismpq.lo cxx/ismpz.lo cxx/ismpznw.lo cxx/limits.lo cxx/osdoprnti.lo cxx/osfuns.lo cxx/osmpf.lo cxx/osmpq.lo cxx/osmpz.lo libgmp.la )
libtool: relink: g++  -fPIC -DPIC -shared -nostdlib /usr/lib/crti.o /tools/lib/gcc/i686-pc-linux-gnu/4.8.2/crtbeginS.o  .libs/dummy.o cxx/.libs/isfuns.o cxx/.libs/ismpf.o cxx/.libs/ismpq.o cxx/.libs/ismpz.o cxx/.libs/ismpznw.o cxx/.libs/limits.o cxx/.libs/osdoprnti.o cxx/.libs/osfuns.o cxx/.libs/osmpf.o cxx/.libs/osmpq.o cxx/.libs/osmpz.o   -L/usr/lib -lgmp -L/tools/lib/gcc/i686-pc-linux-gnu/4.8.2 -L/tools/lib/gcc/i686-pc-linux-gnu/4.8.2/../../../../i686-pc-linux-gnu/lib -lstdc++ -lm -lc -lgcc_s /tools/lib/gcc/i686-pc-linux-gnu/4.8.2/crtendS.o /usr/lib/crtn.o  -m32 -O2 -mtune=corei7 -march=corei7   -Wl,-soname -Wl,libgmpxx.so.4 -o .libs/libgmpxx.so.4.3.3
libtool: install: /tools/bin/install -c .libs/libgmpxx.so.4.3.3T /usr/lib/libgmpxx.so.4.3.3
libtool: install: (cd /usr/lib && { ln -s -f libgmpxx.so.4.3.3 libgmpxx.so.4 || { rm -f libgmpxx.so.4 && ln -s libgmpxx.so.4.3.3 libgmpxx.so.4; }; })
libtool: install: (cd /usr/lib && { ln -s -f libgmpxx.so.4.3.3 libgmpxx.so || { rm -f libgmpxx.so && ln -s libgmpxx.so.4.3.3 libgmpxx.so; }; })
libtool: install: /tools/bin/install -c .libs/libgmpxx.lai /usr/lib/libgmpxx.la
libtool: install: /tools/bin/install -c .libs/libgmp.a /usr/lib/libgmp.a
libtool: install: chmod 644 /usr/lib/libgmp.a
libtool: install: ranlib /usr/lib/libgmp.a
libtool: install: /tools/bin/install -c .libs/libgmpxx.a /usr/lib/libgmpxx.a
libtool: install: chmod 644 /usr/lib/libgmpxx.a
libtool: install: ranlib /usr/lib/libgmpxx.a
libtool: finish: PATH="/bin:/usr/bin:/sbin:/usr/sbin:/tools/bin:/sbin" ldconfig -n /usr/lib
----------------------------------------------------------------------
Libraries have been installed in:
   /usr/lib

If you ever happen to want to link against installed libraries
in a given directory, LIBDIR, you must either use libtool, and
specify the full pathname of the library, or use the `-LLIBDIR'
flag during linking and do at least one of the following:
   - add LIBDIR to the `LD_LIBRARY_PATH' environment variable
     during execution
   - add LIBDIR to the `LD_RUN_PATH' environment variable
     during linking
   - use the `-Wl,-rpath -Wl,LIBDIR' linker flag
   - have your system administrator add LIBDIR to `/etc/ld.so.conf'

See any operating system documentation about shared libraries for
more information, such as the ld(1) and ld.so(8) manual pages.
----------------------------------------------------------------------
 /tools/bin/mkdir -p '/usr/include'
 /tools/bin/install -c -m 644 gmp.h '/usr/include'
 /tools/bin/mkdir -p '/usr/include'
 /tools/bin/install -c -m 644 gmpxx.h '/usr/include'
make  install-data-hook
make[4]: Entering directory '/sources/gmp-5.1.3'

+-------------------------------------------------------------+
| CAUTION:                                                    |
|                                                             |
| If you have not already run "make check", then we strongly  |
| recommend you do so.                                        |
|                                                             |
| GMP has been carefully tested by its authors, but compilers |
| are all too often released with serious bugs.  GMP tends to |
| explore interesting corners in compilers and has hit bugs   |
| on quite a few occasions.                                   |
|                                                             |
+-------------------------------------------------------------+

make[4]: Leaving directory '/sources/gmp-5.1.3'
make[3]: Leaving directory '/sources/gmp-5.1.3'
make[2]: Leaving directory '/sources/gmp-5.1.3'
make[1]: Leaving directory '/sources/gmp-5.1.3'
