Making install in docs
make[1]: Entering directory '/sources/man-db-2.6.6/docs'
make[2]: Entering directory '/sources/man-db-2.6.6/docs'
make[2]: Nothing to be done for 'install-exec-am'.
make[2]: Nothing to be done for 'install-data-am'.
make[2]: Leaving directory '/sources/man-db-2.6.6/docs'
make[1]: Leaving directory '/sources/man-db-2.6.6/docs'
Making install in gnulib/lib
make[1]: Entering directory '/sources/man-db-2.6.6/gnulib/lib'
make  install-recursive
make[2]: Entering directory '/sources/man-db-2.6.6/gnulib/lib'
make[3]: Entering directory '/sources/man-db-2.6.6/gnulib/lib'
make[4]: Entering directory '/sources/man-db-2.6.6/gnulib/lib'
if test yes = no; then \
  case 'linux-gnu' in \
    darwin[56]*) \
      need_charset_alias=true ;; \
    darwin* | cygwin* | mingw* | pw32* | cegcc*) \
      need_charset_alias=false ;; \
    *) \
      need_charset_alias=true ;; \
  esac ; \
else \
  need_charset_alias=false ; \
fi ; \
if $need_charset_alias; then \
  /bin/sh /sources/man-db-2.6.6/tools/install-sh -d /usr/lib ; \
fi ; \
if test -f /usr/lib/charset.alias; then \
  sed -f ref-add.sed /usr/lib/charset.alias > /usr/lib/charset.tmp ; \
  /usr/bin/install -c -m 644 /usr/lib/charset.tmp /usr/lib/charset.alias ; \
  rm -f /usr/lib/charset.tmp ; \
else \
  if $need_charset_alias; then \
    sed -f ref-add.sed charset.alias > /usr/lib/charset.tmp ; \
    /usr/bin/install -c -m 644 /usr/lib/charset.tmp /usr/lib/charset.alias ; \
    rm -f /usr/lib/charset.tmp ; \
  fi ; \
fi
make[4]: Nothing to be done for 'install-data-am'.
make[4]: Leaving directory '/sources/man-db-2.6.6/gnulib/lib'
make[3]: Leaving directory '/sources/man-db-2.6.6/gnulib/lib'
make[2]: Leaving directory '/sources/man-db-2.6.6/gnulib/lib'
make[1]: Leaving directory '/sources/man-db-2.6.6/gnulib/lib'
Making install in gnulib/po
make[1]: Entering directory '/sources/man-db-2.6.6/gnulib/po'
installing af.gmo as /usr/share/locale/af/LC_MESSAGES/man-db-gnulib.mo
installing be.gmo as /usr/share/locale/be/LC_MESSAGES/man-db-gnulib.mo
installing bg.gmo as /usr/share/locale/bg/LC_MESSAGES/man-db-gnulib.mo
installing ca.gmo as /usr/share/locale/ca/LC_MESSAGES/man-db-gnulib.mo
installing cs.gmo as /usr/share/locale/cs/LC_MESSAGES/man-db-gnulib.mo
installing da.gmo as /usr/share/locale/da/LC_MESSAGES/man-db-gnulib.mo
installing de.gmo as /usr/share/locale/de/LC_MESSAGES/man-db-gnulib.mo
installing el.gmo as /usr/share/locale/el/LC_MESSAGES/man-db-gnulib.mo
installing eo.gmo as /usr/share/locale/eo/LC_MESSAGES/man-db-gnulib.mo
installing es.gmo as /usr/share/locale/es/LC_MESSAGES/man-db-gnulib.mo
installing et.gmo as /usr/share/locale/et/LC_MESSAGES/man-db-gnulib.mo
installing eu.gmo as /usr/share/locale/eu/LC_MESSAGES/man-db-gnulib.mo
installing fi.gmo as /usr/share/locale/fi/LC_MESSAGES/man-db-gnulib.mo
installing fr.gmo as /usr/share/locale/fr/LC_MESSAGES/man-db-gnulib.mo
installing ga.gmo as /usr/share/locale/ga/LC_MESSAGES/man-db-gnulib.mo
installing gl.gmo as /usr/share/locale/gl/LC_MESSAGES/man-db-gnulib.mo
installing hu.gmo as /usr/share/locale/hu/LC_MESSAGES/man-db-gnulib.mo
installing it.gmo as /usr/share/locale/it/LC_MESSAGES/man-db-gnulib.mo
installing ja.gmo as /usr/share/locale/ja/LC_MESSAGES/man-db-gnulib.mo
installing ko.gmo as /usr/share/locale/ko/LC_MESSAGES/man-db-gnulib.mo
installing ms.gmo as /usr/share/locale/ms/LC_MESSAGES/man-db-gnulib.mo
installing nb.gmo as /usr/share/locale/nb/LC_MESSAGES/man-db-gnulib.mo
installing nl.gmo as /usr/share/locale/nl/LC_MESSAGES/man-db-gnulib.mo
installing pl.gmo as /usr/share/locale/pl/LC_MESSAGES/man-db-gnulib.mo
installing pt.gmo as /usr/share/locale/pt/LC_MESSAGES/man-db-gnulib.mo
installing pt_BR.gmo as /usr/share/locale/pt_BR/LC_MESSAGES/man-db-gnulib.mo
installing ro.gmo as /usr/share/locale/ro/LC_MESSAGES/man-db-gnulib.mo
installing ru.gmo as /usr/share/locale/ru/LC_MESSAGES/man-db-gnulib.mo
installing rw.gmo as /usr/share/locale/rw/LC_MESSAGES/man-db-gnulib.mo
installing sk.gmo as /usr/share/locale/sk/LC_MESSAGES/man-db-gnulib.mo
installing sl.gmo as /usr/share/locale/sl/LC_MESSAGES/man-db-gnulib.mo
installing sr.gmo as /usr/share/locale/sr/LC_MESSAGES/man-db-gnulib.mo
installing sv.gmo as /usr/share/locale/sv/LC_MESSAGES/man-db-gnulib.mo
installing tr.gmo as /usr/share/locale/tr/LC_MESSAGES/man-db-gnulib.mo
installing uk.gmo as /usr/share/locale/uk/LC_MESSAGES/man-db-gnulib.mo
installing vi.gmo as /usr/share/locale/vi/LC_MESSAGES/man-db-gnulib.mo
installing zh_CN.gmo as /usr/share/locale/zh_CN/LC_MESSAGES/man-db-gnulib.mo
installing zh_TW.gmo as /usr/share/locale/zh_TW/LC_MESSAGES/man-db-gnulib.mo
if test "man-db" = "gettext-tools"; then \
  /bin/mkdir -p /usr/share/gettext/po; \
  for file in Makefile.in.in remove-potcdate.sin quot.sed boldquot.sed en@quot.header en@boldquot.header insert-header.sin Rules-quot   Makevars.template; do \
    /usr/bin/install -c -m 644 ./$file \
		    /usr/share/gettext/po/$file; \
  done; \
  for file in Makevars; do \
    rm -f /usr/share/gettext/po/$file; \
  done; \
else \
  : ; \
fi
make[1]: Leaving directory '/sources/man-db-2.6.6/gnulib/po'
Making install in lib
make[1]: Entering directory '/sources/man-db-2.6.6/lib'
make[2]: Entering directory '/sources/man-db-2.6.6/lib'
 /bin/mkdir -p '/usr/lib/man-db'
 /bin/sh ../libtool   --mode=install /usr/bin/install -c   libman.la '/usr/lib/man-db'
libtool: install: /usr/bin/install -c .libs/libman-2.6.6.so /usr/lib/man-db/libman-2.6.6.so
libtool: install: (cd /usr/lib/man-db && { ln -s -f libman-2.6.6.so libman.so || { rm -f libman.so && ln -s libman-2.6.6.so libman.so; }; })
libtool: install: /usr/bin/install -c .libs/libman.lai /usr/lib/man-db/libman.la
libtool: finish: PATH="/bin:/usr/bin:/sbin:/usr/sbin:/tools/bin:/sbin" ldconfig -n /usr/lib/man-db
----------------------------------------------------------------------
Libraries have been installed in:
   /usr/lib/man-db

If you ever happen to want to link against installed libraries
in a given directory, LIBDIR, you must either use libtool, and
specify the full pathname of the library, or use the `-LLIBDIR'
flag during linking and do at least one of the following:
   - add LIBDIR to the `LD_LIBRARY_PATH' environment variable
     during execution
   - add LIBDIR to the `LD_RUN_PATH' environment variable
     during linking
   - use the `-Wl,-rpath -Wl,LIBDIR' linker flag
   - have your system administrator add LIBDIR to `/etc/ld.so.conf'

See any operating system documentation about shared libraries for
more information, such as the ld(1) and ld.so(8) manual pages.
----------------------------------------------------------------------
make[2]: Nothing to be done for 'install-data-am'.
make[2]: Leaving directory '/sources/man-db-2.6.6/lib'
make[1]: Leaving directory '/sources/man-db-2.6.6/lib'
Making install in libdb
make[1]: Entering directory '/sources/man-db-2.6.6/libdb'
make[2]: Entering directory '/sources/man-db-2.6.6/libdb'
 /bin/mkdir -p '/usr/lib/man-db'
 /bin/sh ../libtool   --mode=install /usr/bin/install -c   libmandb.la '/usr/lib/man-db'
libtool: install: (cd /sources/man-db-2.6.6/libdb; /bin/sh /sources/man-db-2.6.6/libtool  --silent --tag CC --mode=relink gcc -std=gnu99 -W -Wpointer-arith -Wwrite-strings -Wstrict-prototypes -Wshadow -Wformat-security -Wredundant-decls -Wno-missing-field-initializers -g -O2 -Wall -avoid-version -release 2.6.6 -rpath /usr/lib/man-db -o libmandb.la -rpath /usr/lib/man-db libmandb_la-db_btree.lo libmandb_la-db_delete.lo libmandb_la-db_gdbm.lo libmandb_la-db_lookup.lo libmandb_la-db_ndbm.lo libmandb_la-db_store.lo libmandb_la-db_ver.lo ../lib/libman.la -lgdbm )
libtool: install: /usr/bin/install -c .libs/libmandb-2.6.6.soT /usr/lib/man-db/libmandb-2.6.6.so
libtool: install: (cd /usr/lib/man-db && { ln -s -f libmandb-2.6.6.so libmandb.so || { rm -f libmandb.so && ln -s libmandb-2.6.6.so libmandb.so; }; })
libtool: install: /usr/bin/install -c .libs/libmandb.lai /usr/lib/man-db/libmandb.la
libtool: finish: PATH="/bin:/usr/bin:/sbin:/usr/sbin:/tools/bin:/sbin" ldconfig -n /usr/lib/man-db
----------------------------------------------------------------------
Libraries have been installed in:
   /usr/lib/man-db

If you ever happen to want to link against installed libraries
in a given directory, LIBDIR, you must either use libtool, and
specify the full pathname of the library, or use the `-LLIBDIR'
flag during linking and do at least one of the following:
   - add LIBDIR to the `LD_LIBRARY_PATH' environment variable
     during execution
   - add LIBDIR to the `LD_RUN_PATH' environment variable
     during linking
   - use the `-Wl,-rpath -Wl,LIBDIR' linker flag
   - have your system administrator add LIBDIR to `/etc/ld.so.conf'

See any operating system documentation about shared libraries for
more information, such as the ld(1) and ld.so(8) manual pages.
----------------------------------------------------------------------
make[2]: Nothing to be done for 'install-data-am'.
make[2]: Leaving directory '/sources/man-db-2.6.6/libdb'
make[1]: Leaving directory '/sources/man-db-2.6.6/libdb'
Making install in src
make[1]: Entering directory '/sources/man-db-2.6.6/src'
Making install in .
make[2]: Entering directory '/sources/man-db-2.6.6/src'
make[3]: Entering directory '/sources/man-db-2.6.6/src'
 /bin/mkdir -p '/usr/bin'
  /bin/sh ../libtool   --mode=install /usr/bin/install -c catman lexgrog man mandb manpath whatis zsoelim '/usr/bin'
libtool: install: /usr/bin/install -c .libs/catman /usr/bin/catman
libtool: install: /usr/bin/install -c .libs/lexgrog /usr/bin/lexgrog
libtool: install: /usr/bin/install -c .libs/man /usr/bin/man
libtool: install: /usr/bin/install -c .libs/mandb /usr/bin/mandb
libtool: install: /usr/bin/install -c .libs/manpath /usr/bin/manpath
libtool: install: /usr/bin/install -c .libs/whatis /usr/bin/whatis
libtool: install: /usr/bin/install -c .libs/zsoelim /usr/bin/zsoelim
 /bin/mkdir -p '/usr/libexec/man-db'
  /bin/sh ../libtool   --mode=install /usr/bin/install -c globbing manconv '/usr/libexec/man-db'
libtool: install: /usr/bin/install -c .libs/globbing /usr/libexec/man-db/globbing
libtool: install: /usr/bin/install -c .libs/manconv /usr/libexec/man-db/manconv
 /bin/mkdir -p '/usr/sbin'
  /bin/sh ../libtool   --mode=install /usr/bin/install -c accessdb '/usr/sbin'
libtool: install: /usr/bin/install -c .libs/accessdb /usr/sbin/accessdb
make  install-exec-hook
make[4]: Entering directory '/sources/man-db-2.6.6/src'
test -z "" || \
chown  \
	/usr/bin/man \
	/usr/bin/mandb
chmod 755 \
	/usr/bin/man \
	/usr/bin/mandb
cd /usr/bin && rm -f apropos && \
	ln -s whatis apropos
make[4]: Leaving directory '/sources/man-db-2.6.6/src'
make  install-data-hook
make[4]: Entering directory '/sources/man-db-2.6.6/src'
 /usr/bin/install -c -m 644 man_db.conf /etc/man_db.conf
make[4]: Leaving directory '/sources/man-db-2.6.6/src'
make[3]: Leaving directory '/sources/man-db-2.6.6/src'
make[2]: Leaving directory '/sources/man-db-2.6.6/src'
Making install in tests
make[2]: Entering directory '/sources/man-db-2.6.6/src/tests'
make[3]: Entering directory '/sources/man-db-2.6.6/src/tests'
make[3]: Nothing to be done for 'install-exec-am'.
make[3]: Nothing to be done for 'install-data-am'.
make[3]: Leaving directory '/sources/man-db-2.6.6/src/tests'
make[2]: Leaving directory '/sources/man-db-2.6.6/src/tests'
make[1]: Leaving directory '/sources/man-db-2.6.6/src'
Making install in man
make[1]: Entering directory '/sources/man-db-2.6.6/man'
Making install in es
make[2]: Entering directory '/sources/man-db-2.6.6/man/es'
make[3]: Entering directory '/sources/man-db-2.6.6/man/es'
make[3]: Nothing to be done for 'install-exec-am'.
 /bin/mkdir -p '/usr/share/man/es/man1'
 /usr/bin/install -c -m 644 man1/apropos.1 man1/man.1 man1/manpath.1 man1/whatis.1 man1/zsoelim.1 '/usr/share/man/es/man1'
 /bin/mkdir -p '/usr/share/man/es/man5'
 /usr/bin/install -c -m 644 man5/manpath.5 '/usr/share/man/es/man5'
 /bin/mkdir -p '/usr/share/man/es/man8'
 /usr/bin/install -c -m 644 man8/catman.8 man8/mandb.8 '/usr/share/man/es/man8'
make[3]: Leaving directory '/sources/man-db-2.6.6/man/es'
make[2]: Leaving directory '/sources/man-db-2.6.6/man/es'
Making install in it
make[2]: Entering directory '/sources/man-db-2.6.6/man/it'
make[3]: Entering directory '/sources/man-db-2.6.6/man/it'
make[3]: Nothing to be done for 'install-exec-am'.
 /bin/mkdir -p '/usr/share/man/it/man1'
 /usr/bin/install -c -m 644 man1/apropos.1 man1/man.1 man1/manpath.1 man1/whatis.1 man1/zsoelim.1 '/usr/share/man/it/man1'
 /bin/mkdir -p '/usr/share/man/it/man5'
 /usr/bin/install -c -m 644 man5/manpath.5 '/usr/share/man/it/man5'
 /bin/mkdir -p '/usr/share/man/it/man8'
 /usr/bin/install -c -m 644 man8/accessdb.8 man8/catman.8 man8/mandb.8 '/usr/share/man/it/man8'
make[3]: Leaving directory '/sources/man-db-2.6.6/man/it'
make[2]: Leaving directory '/sources/man-db-2.6.6/man/it'
make[2]: Entering directory '/sources/man-db-2.6.6/man'
make[3]: Entering directory '/sources/man-db-2.6.6/man'
make[3]: Nothing to be done for 'install-exec-am'.
 /bin/mkdir -p '/usr/share/man/./man1'
 /usr/bin/install -c -m 644 man1/apropos.1 man1/lexgrog.1 man1/man.1 man1/manconv.1 man1/manpath.1 man1/whatis.1 man1/zsoelim.1 '/usr/share/man/./man1'
 /bin/mkdir -p '/usr/share/man/./man5'
 /usr/bin/install -c -m 644 man5/manpath.5 '/usr/share/man/./man5'
 /bin/mkdir -p '/usr/share/man/./man8'
 /usr/bin/install -c -m 644 man8/accessdb.8 man8/catman.8 man8/mandb.8 '/usr/share/man/./man8'
make[3]: Leaving directory '/sources/man-db-2.6.6/man'
make[2]: Leaving directory '/sources/man-db-2.6.6/man'
make[1]: Leaving directory '/sources/man-db-2.6.6/man'
Making install in manual
make[1]: Entering directory '/sources/man-db-2.6.6/manual'
make[2]: Entering directory '/sources/man-db-2.6.6/manual'
make[2]: Nothing to be done for 'install-exec-am'.
make  install-data-hook
make[3]: Entering directory '/sources/man-db-2.6.6/manual'
test -z "/usr/share/doc/man-db-2.6.6" || /bin/mkdir -p "/usr/share/doc/man-db-2.6.6"
 /usr/bin/install -c -m 644 man_db.cat '/usr/share/doc/man-db-2.6.6/man-db-manual.txt'
 /usr/bin/install -c -m 644 man_db.ps '/usr/share/doc/man-db-2.6.6/man-db-manual.ps'
make[3]: Leaving directory '/sources/man-db-2.6.6/manual'
make[2]: Leaving directory '/sources/man-db-2.6.6/manual'
make[1]: Leaving directory '/sources/man-db-2.6.6/manual'
Making install in po
make[1]: Entering directory '/sources/man-db-2.6.6/po'
installing ca.gmo as /usr/share/locale/ca/LC_MESSAGES/man-db.mo
installing cs.gmo as /usr/share/locale/cs/LC_MESSAGES/man-db.mo
installing da.gmo as /usr/share/locale/da/LC_MESSAGES/man-db.mo
installing de.gmo as /usr/share/locale/de/LC_MESSAGES/man-db.mo
installing eo.gmo as /usr/share/locale/eo/LC_MESSAGES/man-db.mo
installing es.gmo as /usr/share/locale/es/LC_MESSAGES/man-db.mo
installing fi.gmo as /usr/share/locale/fi/LC_MESSAGES/man-db.mo
installing fr.gmo as /usr/share/locale/fr/LC_MESSAGES/man-db.mo
installing id.gmo as /usr/share/locale/id/LC_MESSAGES/man-db.mo
installing it.gmo as /usr/share/locale/it/LC_MESSAGES/man-db.mo
installing ja.gmo as /usr/share/locale/ja/LC_MESSAGES/man-db.mo
installing nl.gmo as /usr/share/locale/nl/LC_MESSAGES/man-db.mo
installing pl.gmo as /usr/share/locale/pl/LC_MESSAGES/man-db.mo
installing pt_BR.gmo as /usr/share/locale/pt_BR/LC_MESSAGES/man-db.mo
installing ro.gmo as /usr/share/locale/ro/LC_MESSAGES/man-db.mo
installing ru.gmo as /usr/share/locale/ru/LC_MESSAGES/man-db.mo
installing sr.gmo as /usr/share/locale/sr/LC_MESSAGES/man-db.mo
installing sv.gmo as /usr/share/locale/sv/LC_MESSAGES/man-db.mo
installing vi.gmo as /usr/share/locale/vi/LC_MESSAGES/man-db.mo
installing zh_CN.gmo as /usr/share/locale/zh_CN/LC_MESSAGES/man-db.mo
if test "man-db" = "gettext-tools"; then \
  /bin/mkdir -p /usr/share/gettext/po; \
  for file in Makefile.in.in remove-potcdate.sin quot.sed boldquot.sed en@quot.header en@boldquot.header insert-header.sin Rules-quot   Makevars.template; do \
    /usr/bin/install -c -m 644 ./$file \
		    /usr/share/gettext/po/$file; \
  done; \
  for file in Makevars; do \
    rm -f /usr/share/gettext/po/$file; \
  done; \
else \
  : ; \
fi
make[1]: Leaving directory '/sources/man-db-2.6.6/po'
Making install in tools
make[1]: Entering directory '/sources/man-db-2.6.6/tools'
make[2]: Entering directory '/sources/man-db-2.6.6/tools'
make[2]: Nothing to be done for 'install-exec-am'.
make[2]: Nothing to be done for 'install-data-am'.
make[2]: Leaving directory '/sources/man-db-2.6.6/tools'
make[1]: Leaving directory '/sources/man-db-2.6.6/tools'
make[1]: Entering directory '/sources/man-db-2.6.6'
make[2]: Entering directory '/sources/man-db-2.6.6'
make[2]: Nothing to be done for 'install-exec-am'.
make[2]: Nothing to be done for 'install-data-am'.
make[2]: Leaving directory '/sources/man-db-2.6.6'
make[1]: Leaving directory '/sources/man-db-2.6.6'
