Making install in glob
make[1]: Entering directory `/mnt/lfs/sources/make-4.0/glob'
make[2]: Entering directory `/mnt/lfs/sources/make-4.0/glob'
make[2]: Nothing to be done for `install-exec-am'.
make[2]: Nothing to be done for `install-data-am'.
make[2]: Leaving directory `/mnt/lfs/sources/make-4.0/glob'
make[1]: Leaving directory `/mnt/lfs/sources/make-4.0/glob'
Making install in config
make[1]: Entering directory `/mnt/lfs/sources/make-4.0/config'
make[2]: Entering directory `/mnt/lfs/sources/make-4.0/config'
make[2]: Nothing to be done for `install-exec-am'.
make[2]: Nothing to be done for `install-data-am'.
make[2]: Leaving directory `/mnt/lfs/sources/make-4.0/config'
make[1]: Leaving directory `/mnt/lfs/sources/make-4.0/config'
Making install in po
make[1]: Entering directory `/mnt/lfs/sources/make-4.0/po'
installing be.gmo as /tools/share/locale/be/LC_MESSAGES/make.mo
installing cs.gmo as /tools/share/locale/cs/LC_MESSAGES/make.mo
installing da.gmo as /tools/share/locale/da/LC_MESSAGES/make.mo
installing de.gmo as /tools/share/locale/de/LC_MESSAGES/make.mo
installing es.gmo as /tools/share/locale/es/LC_MESSAGES/make.mo
installing fi.gmo as /tools/share/locale/fi/LC_MESSAGES/make.mo
installing fr.gmo as /tools/share/locale/fr/LC_MESSAGES/make.mo
installing ga.gmo as /tools/share/locale/ga/LC_MESSAGES/make.mo
installing gl.gmo as /tools/share/locale/gl/LC_MESSAGES/make.mo
installing he.gmo as /tools/share/locale/he/LC_MESSAGES/make.mo
installing hr.gmo as /tools/share/locale/hr/LC_MESSAGES/make.mo
installing id.gmo as /tools/share/locale/id/LC_MESSAGES/make.mo
installing it.gmo as /tools/share/locale/it/LC_MESSAGES/make.mo
installing ja.gmo as /tools/share/locale/ja/LC_MESSAGES/make.mo
installing ko.gmo as /tools/share/locale/ko/LC_MESSAGES/make.mo
installing lt.gmo as /tools/share/locale/lt/LC_MESSAGES/make.mo
installing nl.gmo as /tools/share/locale/nl/LC_MESSAGES/make.mo
installing pl.gmo as /tools/share/locale/pl/LC_MESSAGES/make.mo
installing pt_BR.gmo as /tools/share/locale/pt_BR/LC_MESSAGES/make.mo
installing ru.gmo as /tools/share/locale/ru/LC_MESSAGES/make.mo
installing sv.gmo as /tools/share/locale/sv/LC_MESSAGES/make.mo
installing tr.gmo as /tools/share/locale/tr/LC_MESSAGES/make.mo
installing uk.gmo as /tools/share/locale/uk/LC_MESSAGES/make.mo
installing vi.gmo as /tools/share/locale/vi/LC_MESSAGES/make.mo
installing zh_CN.gmo as /tools/share/locale/zh_CN/LC_MESSAGES/make.mo
if test "make" = "gettext-tools"; then \
	  /tools/bin/mkdir -p /tools/share/gettext/po; \
	  for file in Makefile.in.in remove-potcdate.sin quot.sed boldquot.sed en@quot.header en@boldquot.header insert-header.sin Rules-quot   Makevars.template; do \
	    /tools/bin/install -c -m 644 ./$file \
			    /tools/share/gettext/po/$file; \
	  done; \
	  for file in Makevars; do \
	    rm -f /tools/share/gettext/po/$file; \
	  done; \
	else \
	  : ; \
	fi
make[1]: Leaving directory `/mnt/lfs/sources/make-4.0/po'
Making install in doc
make[1]: Entering directory `/mnt/lfs/sources/make-4.0/doc'
make[2]: Entering directory `/mnt/lfs/sources/make-4.0/doc'
make[2]: Nothing to be done for `install-exec-am'.
 /tools/bin/mkdir -p '/tools/share/info'
 /tools/bin/install -c -m 644 ./make.info ./make.info-1 ./make.info-2 '/tools/share/info'
 install-info --info-dir='/tools/share/info' '/tools/share/info/make.info'
make[2]: Leaving directory `/mnt/lfs/sources/make-4.0/doc'
make[1]: Leaving directory `/mnt/lfs/sources/make-4.0/doc'
make[1]: Entering directory `/mnt/lfs/sources/make-4.0'
make[2]: Entering directory `/mnt/lfs/sources/make-4.0'
 /tools/bin/mkdir -p '/tools/bin'
  /tools/bin/install -c make '/tools/bin'
 /tools/bin/mkdir -p '/tools/include'
 /tools/bin/install -c -m 644 gnumake.h '/tools/include'
 /tools/bin/mkdir -p '/tools/share/man/man1'
 /tools/bin/install -c -m 644 make.1 '/tools/share/man/man1'
make[2]: Leaving directory `/mnt/lfs/sources/make-4.0'
make[1]: Leaving directory `/mnt/lfs/sources/make-4.0'
