make  all-recursive
make[1]: Entering directory '/sources/texinfo-5.2'
Making all in gnulib/lib
make[2]: Entering directory '/sources/texinfo-5.2/gnulib/lib'
rm -f alloca.h-t alloca.h && \
{ echo '/* DO NOT EDIT! GENERATED AUTOMATICALLY! */'; \
  cat ./alloca.in.h; \
} > alloca.h-t && \
mv -f alloca.h-t alloca.h
rm -f configmake.h-t && \
{ echo '/* DO NOT EDIT! GENERATED AUTOMATICALLY! */'; \
  echo '#define PREFIX "/usr"'; \
  echo '#define EXEC_PREFIX "/usr"'; \
  echo '#define BINDIR "/usr/bin"'; \
  echo '#define SBINDIR "/usr/sbin"'; \
  echo '#define LIBEXECDIR "/usr/libexec"'; \
  echo '#define DATAROOTDIR "/usr/share"'; \
  echo '#define DATADIR "/usr/share"'; \
  echo '#define SYSCONFDIR "/usr/etc"'; \
  echo '#define SHAREDSTATEDIR "/usr/com"'; \
  echo '#define LOCALSTATEDIR "/usr/var"'; \
  echo '#define INCLUDEDIR "/usr/include"'; \
  echo '#define OLDINCLUDEDIR "/usr/include"'; \
  echo '#define DOCDIR "/usr/share/doc/texinfo"'; \
  echo '#define INFODIR "/usr/share/info"'; \
  echo '#define HTMLDIR "/usr/share/doc/texinfo"'; \
  echo '#define DVIDIR "/usr/share/doc/texinfo"'; \
  echo '#define PDFDIR "/usr/share/doc/texinfo"'; \
  echo '#define PSDIR "/usr/share/doc/texinfo"'; \
  echo '#define LIBDIR "/usr/lib"'; \
  echo '#define LISPDIR "/usr/share/emacs/site-lisp"'; \
  echo '#define LOCALEDIR "/usr/share/locale"'; \
  echo '#define MANDIR "/usr/share/man"'; \
  echo '#define MANEXT ""'; \
  echo '#define PKGDATADIR "/usr/share/texinfo"'; \
  echo '#define PKGINCLUDEDIR "/usr/include/texinfo"'; \
  echo '#define PKGLIBDIR "/usr/lib/texinfo"'; \
  echo '#define PKGLIBEXECDIR "/usr/libexec/texinfo"'; \
} | sed '/""/d' > configmake.h-t && \
mv -f configmake.h-t configmake.h
rm -f c++defs.h-t c++defs.h && \
sed -n -e '/_GL_CXXDEFS/,$p' \
  < ../../build-aux/snippet/c++defs.h \
  > c++defs.h-t && \
mv c++defs.h-t c++defs.h
rm -f arg-nonnull.h-t arg-nonnull.h && \
sed -n -e '/GL_ARG_NONNULL/,$p' \
  < ../../build-aux/snippet/arg-nonnull.h \
  > arg-nonnull.h-t && \
mv arg-nonnull.h-t arg-nonnull.h
rm -f warn-on-use.h-t warn-on-use.h && \
sed -n -e '/^.ifndef/,$p' \
  < ../../build-aux/snippet/warn-on-use.h \
  > warn-on-use.h-t && \
mv warn-on-use.h-t warn-on-use.h
/bin/mkdir -p sys
rm -f unitypes.h-t unitypes.h && \
{ echo '/* DO NOT EDIT! GENERATED AUTOMATICALLY! */'; \
  cat ./unitypes.in.h; \
} > unitypes.h-t && \
mv -f unitypes.h-t unitypes.h
rm -f sys/types.h-t sys/types.h && \
{ echo '/* DO NOT EDIT! GENERATED AUTOMATICALLY! */'; \
  sed -e 's|@''GUARD_PREFIX''@|GL|g' \
      -e 's|@''INCLUDE_NEXT''@|include_next|g' \
      -e 's|@''PRAGMA_SYSTEM_HEADER''@|#pragma GCC system_header|g' \
      -e 's|@''PRAGMA_COLUMNS''@||g' \
      -e 's|@''NEXT_SYS_TYPES_H''@|<sys/types.h>|g' \
      -e 's|@''WINDOWS_64_BIT_OFF_T''@|0|g' \
      < ./sys_types.in.h; \
} > sys/types.h-t && \
mv sys/types.h-t sys/types.h
rm -f uniwidth.h-t uniwidth.h && \
{ echo '/* DO NOT EDIT! GENERATED AUTOMATICALLY! */'; \
  cat ./uniwidth.in.h; \
} > uniwidth.h-t && \
mv -f uniwidth.h-t uniwidth.h
rm -f fcntl.h-t fcntl.h && \
{ echo '/* DO NOT EDIT! GENERATED AUTOMATICALLY! */'; \
  sed -e 's|@''GUARD_PREFIX''@|GL|g' \
      -e 's|@''INCLUDE_NEXT''@|include_next|g' \
      -e 's|@''PRAGMA_SYSTEM_HEADER''@|#pragma GCC system_header|g' \
      -e 's|@''PRAGMA_COLUMNS''@||g' \
      -e 's|@''NEXT_FCNTL_H''@|<fcntl.h>|g' \
      -e 's/@''GNULIB_FCNTL''@/0/g' \
      -e 's/@''GNULIB_NONBLOCKING''@/0/g' \
      -e 's/@''GNULIB_OPEN''@/0/g' \
      -e 's/@''GNULIB_OPENAT''@/0/g' \
      -e 's|@''HAVE_FCNTL''@|1|g' \
      -e 's|@''HAVE_OPENAT''@|1|g' \
      -e 's|@''REPLACE_FCNTL''@|0|g' \
      -e 's|@''REPLACE_OPEN''@|0|g' \
      -e 's|@''REPLACE_OPENAT''@|0|g' \
      -e '/definitions of _GL_FUNCDECL_RPL/r c++defs.h' \
      -e '/definition of _GL_ARG_NONNULL/r arg-nonnull.h' \
      -e '/definition of _GL_WARN_ON_USE/r warn-on-use.h' \
      < ./fcntl.in.h; \
} > fcntl.h-t && \
mv fcntl.h-t fcntl.h
rm -f langinfo.h-t langinfo.h && \
{ echo '/* DO NOT EDIT! GENERATED AUTOMATICALLY! */'; \
  sed -e 's|@''GUARD_PREFIX''@|GL|g' \
      -e 's|@''HAVE_LANGINFO_H''@|1|g' \
      -e 's|@''INCLUDE_NEXT''@|include_next|g' \
      -e 's|@''PRAGMA_SYSTEM_HEADER''@|#pragma GCC system_header|g' \
      -e 's|@''PRAGMA_COLUMNS''@||g' \
      -e 's|@''NEXT_LANGINFO_H''@|<langinfo.h>|g' \
      -e 's/@''GNULIB_NL_LANGINFO''@/1/g' \
      -e 's|@''HAVE_LANGINFO_CODESET''@|1|g' \
      -e 's|@''HAVE_LANGINFO_T_FMT_AMPM''@|1|g' \
      -e 's|@''HAVE_LANGINFO_ERA''@|1|g' \
      -e 's|@''HAVE_LANGINFO_YESEXPR''@|1|g' \
      -e 's|@''HAVE_NL_LANGINFO''@|1|g' \
      -e 's|@''REPLACE_NL_LANGINFO''@|0|g' \
      -e '/definitions of _GL_FUNCDECL_RPL/r c++defs.h' \
      -e '/definition of _GL_WARN_ON_USE/r warn-on-use.h' \
      < ./langinfo.in.h; \
} > langinfo.h-t && \
mv langinfo.h-t langinfo.h
rm -f locale.h-t locale.h && \
{ echo '/* DO NOT EDIT! GENERATED AUTOMATICALLY! */' && \
  sed -e 's|@''GUARD_PREFIX''@|GL|g' \
      -e 's|@''INCLUDE_NEXT''@|include_next|g' \
      -e 's|@''PRAGMA_SYSTEM_HEADER''@|#pragma GCC system_header|g' \
      -e 's|@''PRAGMA_COLUMNS''@||g' \
      -e 's|@''NEXT_LOCALE_H''@|<locale.h>|g' \
      -e 's/@''GNULIB_LOCALECONV''@/1/g' \
      -e 's/@''GNULIB_SETLOCALE''@/0/g' \
      -e 's/@''GNULIB_DUPLOCALE''@/0/g' \
      -e 's|@''HAVE_DUPLOCALE''@|1|g' \
      -e 's|@''HAVE_XLOCALE_H''@|1|g' \
      -e 's|@''REPLACE_LOCALECONV''@|0|g' \
      -e 's|@''REPLACE_SETLOCALE''@|0|g' \
      -e 's|@''REPLACE_DUPLOCALE''@|0|g' \
      -e 's|@''REPLACE_STRUCT_LCONV''@|0|g' \
      -e '/definitions of _GL_FUNCDECL_RPL/r c++defs.h' \
      -e '/definition of _GL_ARG_NONNULL/r arg-nonnull.h' \
      -e '/definition of _GL_WARN_ON_USE/r warn-on-use.h' \
      < ./locale.in.h; \
} > locale.h-t && \
mv locale.h-t locale.h
rm -f stdlib.h-t stdlib.h && \
{ echo '/* DO NOT EDIT! GENERATED AUTOMATICALLY! */' && \
  sed -e 's|@''GUARD_PREFIX''@|GL|g' \
      -e 's|@''INCLUDE_NEXT''@|include_next|g' \
      -e 's|@''PRAGMA_SYSTEM_HEADER''@|#pragma GCC system_header|g' \
      -e 's|@''PRAGMA_COLUMNS''@||g' \
      -e 's|@''NEXT_STDLIB_H''@|<stdlib.h>|g' \
      -e 's/@''GNULIB__EXIT''@/0/g' \
      -e 's/@''GNULIB_ATOLL''@/0/g' \
      -e 's/@''GNULIB_CALLOC_POSIX''@/0/g' \
      -e 's/@''GNULIB_CANONICALIZE_FILE_NAME''@/0/g' \
      -e 's/@''GNULIB_GETLOADAVG''@/0/g' \
      -e 's/@''GNULIB_GETSUBOPT''@/0/g' \
      -e 's/@''GNULIB_GRANTPT''@/0/g' \
      -e 's/@''GNULIB_MALLOC_POSIX''@/1/g' \
      -e 's/@''GNULIB_MBTOWC''@/1/g' \
      -e 's/@''GNULIB_MKDTEMP''@/0/g' \
      -e 's/@''GNULIB_MKOSTEMP''@/0/g' \
      -e 's/@''GNULIB_MKOSTEMPS''@/0/g' \
      -e 's/@''GNULIB_MKSTEMP''@/1/g' \
      -e 's/@''GNULIB_MKSTEMPS''@/0/g' \
      -e 's/@''GNULIB_POSIX_OPENPT''@/0/g' \
      -e 's/@''GNULIB_PTSNAME''@/0/g' \
      -e 's/@''GNULIB_PTSNAME_R''@/0/g' \
      -e 's/@''GNULIB_PUTENV''@/0/g' \
      -e 's/@''GNULIB_RANDOM''@/0/g' \
      -e 's/@''GNULIB_RANDOM_R''@/0/g' \
      -e 's/@''GNULIB_REALLOC_POSIX''@/0/g' \
      -e 's/@''GNULIB_REALPATH''@/0/g' \
      -e 's/@''GNULIB_RPMATCH''@/0/g' \
      -e 's/@''GNULIB_SECURE_GETENV''@/1/g' \
      -e 's/@''GNULIB_SETENV''@/0/g' \
      -e 's/@''GNULIB_STRTOD''@/0/g' \
      -e 's/@''GNULIB_STRTOLL''@/0/g' \
      -e 's/@''GNULIB_STRTOULL''@/0/g' \
      -e 's/@''GNULIB_SYSTEM_POSIX''@/0/g' \
      -e 's/@''GNULIB_UNLOCKPT''@/0/g' \
      -e 's/@''GNULIB_UNSETENV''@/0/g' \
      -e 's/@''GNULIB_WCTOMB''@/0/g' \
      < ./stdlib.in.h | \
  sed -e 's|@''HAVE__EXIT''@|1|g' \
      -e 's|@''HAVE_ATOLL''@|1|g' \
      -e 's|@''HAVE_CANONICALIZE_FILE_NAME''@|1|g' \
      -e 's|@''HAVE_DECL_GETLOADAVG''@|1|g' \
      -e 's|@''HAVE_GETSUBOPT''@|1|g' \
      -e 's|@''HAVE_GRANTPT''@|1|g' \
      -e 's|@''HAVE_MKDTEMP''@|1|g' \
      -e 's|@''HAVE_MKOSTEMP''@|1|g' \
      -e 's|@''HAVE_MKOSTEMPS''@|1|g' \
      -e 's|@''HAVE_MKSTEMP''@|1|g' \
      -e 's|@''HAVE_MKSTEMPS''@|1|g' \
      -e 's|@''HAVE_POSIX_OPENPT''@|1|g' \
      -e 's|@''HAVE_PTSNAME''@|1|g' \
      -e 's|@''HAVE_PTSNAME_R''@|1|g' \
      -e 's|@''HAVE_RANDOM''@|1|g' \
      -e 's|@''HAVE_RANDOM_H''@|1|g' \
      -e 's|@''HAVE_RANDOM_R''@|1|g' \
      -e 's|@''HAVE_REALPATH''@|1|g' \
      -e 's|@''HAVE_RPMATCH''@|1|g' \
      -e 's|@''HAVE_SECURE_GETENV''@|1|g' \
      -e 's|@''HAVE_DECL_SETENV''@|1|g' \
      -e 's|@''HAVE_STRTOD''@|1|g' \
      -e 's|@''HAVE_STRTOLL''@|1|g' \
      -e 's|@''HAVE_STRTOULL''@|1|g' \
      -e 's|@''HAVE_STRUCT_RANDOM_DATA''@|1|g' \
      -e 's|@''HAVE_SYS_LOADAVG_H''@|0|g' \
      -e 's|@''HAVE_UNLOCKPT''@|1|g' \
      -e 's|@''HAVE_DECL_UNSETENV''@|1|g' \
      -e 's|@''REPLACE_CALLOC''@|0|g' \
      -e 's|@''REPLACE_CANONICALIZE_FILE_NAME''@|0|g' \
      -e 's|@''REPLACE_MALLOC''@|0|g' \
      -e 's|@''REPLACE_MBTOWC''@|0|g' \
      -e 's|@''REPLACE_MKSTEMP''@|0|g' \
      -e 's|@''REPLACE_PTSNAME''@|0|g' \
      -e 's|@''REPLACE_PTSNAME_R''@|0|g' \
      -e 's|@''REPLACE_PUTENV''@|0|g' \
      -e 's|@''REPLACE_RANDOM_R''@|0|g' \
      -e 's|@''REPLACE_REALLOC''@|0|g' \
      -e 's|@''REPLACE_REALPATH''@|0|g' \
      -e 's|@''REPLACE_SETENV''@|0|g' \
      -e 's|@''REPLACE_STRTOD''@|0|g' \
      -e 's|@''REPLACE_UNSETENV''@|0|g' \
      -e 's|@''REPLACE_WCTOMB''@|0|g' \
      -e '/definitions of _GL_FUNCDECL_RPL/r c++defs.h' \
      -e '/definition of _Noreturn/r ../../build-aux/snippet/_Noreturn.h' \
      -e '/definition of _GL_ARG_NONNULL/r arg-nonnull.h' \
      -e '/definition of _GL_WARN_ON_USE/r warn-on-use.h'; \
} > stdlib.h-t && \
mv stdlib.h-t stdlib.h
rm -f string.h-t string.h && \
{ echo '/* DO NOT EDIT! GENERATED AUTOMATICALLY! */' && \
  sed -e 's|@''GUARD_PREFIX''@|GL|g' \
      -e 's|@''INCLUDE_NEXT''@|include_next|g' \
      -e 's|@''PRAGMA_SYSTEM_HEADER''@|#pragma GCC system_header|g' \
      -e 's|@''PRAGMA_COLUMNS''@||g' \
      -e 's|@''NEXT_STRING_H''@|<string.h>|g' \
      -e 's/@''GNULIB_FFSL''@/0/g' \
      -e 's/@''GNULIB_FFSLL''@/0/g' \
      -e 's/@''GNULIB_MBSLEN''@/1/g' \
      -e 's/@''GNULIB_MBSNLEN''@/0/g' \
      -e 's/@''GNULIB_MBSCHR''@/1/g' \
      -e 's/@''GNULIB_MBSRCHR''@/0/g' \
      -e 's/@''GNULIB_MBSSTR''@/1/g' \
      -e 's/@''GNULIB_MBSCASECMP''@/1/g' \
      -e 's/@''GNULIB_MBSNCASECMP''@/1/g' \
      -e 's/@''GNULIB_MBSPCASECMP''@/0/g' \
      -e 's/@''GNULIB_MBSCASESTR''@/0/g' \
      -e 's/@''GNULIB_MBSCSPN''@/0/g' \
      -e 's/@''GNULIB_MBSPBRK''@/0/g' \
      -e 's/@''GNULIB_MBSSPN''@/0/g' \
      -e 's/@''GNULIB_MBSSEP''@/0/g' \
      -e 's/@''GNULIB_MBSTOK_R''@/0/g' \
      -e 's/@''GNULIB_MEMCHR''@/1/g' \
      -e 's/@''GNULIB_MEMMEM''@/1/g' \
      -e 's/@''GNULIB_MEMPCPY''@/1/g' \
      -e 's/@''GNULIB_MEMRCHR''@/0/g' \
      -e 's/@''GNULIB_RAWMEMCHR''@/0/g' \
      -e 's/@''GNULIB_STPCPY''@/1/g' \
      -e 's/@''GNULIB_STPNCPY''@/0/g' \
      -e 's/@''GNULIB_STRCHRNUL''@/0/g' \
      -e 's/@''GNULIB_STRDUP''@/1/g' \
      -e 's/@''GNULIB_STRNCAT''@/0/g' \
      -e 's/@''GNULIB_STRNDUP''@/1/g' \
      -e 's/@''GNULIB_STRNLEN''@/1/g' \
      -e 's/@''GNULIB_STRPBRK''@/0/g' \
      -e 's/@''GNULIB_STRSEP''@/0/g' \
      -e 's/@''GNULIB_STRSTR''@/1/g' \
      -e 's/@''GNULIB_STRCASESTR''@/0/g' \
      -e 's/@''GNULIB_STRTOK_R''@/0/g' \
      -e 's/@''GNULIB_STRERROR''@/1/g' \
      -e 's/@''GNULIB_STRERROR_R''@/0/g' \
      -e 's/@''GNULIB_STRSIGNAL''@/0/g' \
      -e 's/@''GNULIB_STRVERSCMP''@/0/g' \
      < ./string.in.h | \
  sed -e 's|@''HAVE_FFSL''@|1|g' \
      -e 's|@''HAVE_FFSLL''@|1|g' \
      -e 's|@''HAVE_MBSLEN''@|0|g' \
      -e 's|@''HAVE_MEMCHR''@|1|g' \
      -e 's|@''HAVE_DECL_MEMMEM''@|1|g' \
      -e 's|@''HAVE_MEMPCPY''@|1|g' \
      -e 's|@''HAVE_DECL_MEMRCHR''@|1|g' \
      -e 's|@''HAVE_RAWMEMCHR''@|1|g' \
      -e 's|@''HAVE_STPCPY''@|1|g' \
      -e 's|@''HAVE_STPNCPY''@|1|g' \
      -e 's|@''HAVE_STRCHRNUL''@|1|g' \
      -e 's|@''HAVE_DECL_STRDUP''@|1|g' \
      -e 's|@''HAVE_DECL_STRNDUP''@|1|g' \
      -e 's|@''HAVE_DECL_STRNLEN''@|1|g' \
      -e 's|@''HAVE_STRPBRK''@|1|g' \
      -e 's|@''HAVE_STRSEP''@|1|g' \
      -e 's|@''HAVE_STRCASESTR''@|1|g' \
      -e 's|@''HAVE_DECL_STRTOK_R''@|1|g' \
      -e 's|@''HAVE_DECL_STRERROR_R''@|1|g' \
      -e 's|@''HAVE_DECL_STRSIGNAL''@|1|g' \
      -e 's|@''HAVE_STRVERSCMP''@|1|g' \
      -e 's|@''REPLACE_STPNCPY''@|0|g' \
      -e 's|@''REPLACE_MEMCHR''@|0|g' \
      -e 's|@''REPLACE_MEMMEM''@|0|g' \
      -e 's|@''REPLACE_STRCASESTR''@|0|g' \
      -e 's|@''REPLACE_STRCHRNUL''@|0|g' \
      -e 's|@''REPLACE_STRDUP''@|0|g' \
      -e 's|@''REPLACE_STRSTR''@|0|g' \
      -e 's|@''REPLACE_STRERROR''@|0|g' \
      -e 's|@''REPLACE_STRERROR_R''@|0|g' \
      -e 's|@''REPLACE_STRNCAT''@|0|g' \
      -e 's|@''REPLACE_STRNDUP''@|0|g' \
      -e 's|@''REPLACE_STRNLEN''@|0|g' \
      -e 's|@''REPLACE_STRSIGNAL''@|0|g' \
      -e 's|@''REPLACE_STRTOK_R''@|0|g' \
      -e 's|@''UNDEFINE_STRTOK_R''@|0|g' \
      -e '/definitions of _GL_FUNCDECL_RPL/r c++defs.h' \
      -e '/definition of _GL_ARG_NONNULL/r arg-nonnull.h' \
      -e '/definition of _GL_WARN_ON_USE/r warn-on-use.h'; \
      < ./string.in.h; \
} > string.h-t && \
mv string.h-t string.h
/bin/mkdir -p sys
rm -f sys/stat.h-t sys/stat.h && \
{ echo '/* DO NOT EDIT! GENERATED AUTOMATICALLY! */'; \
  sed -e 's|@''GUARD_PREFIX''@|GL|g' \
      -e 's|@''INCLUDE_NEXT''@|include_next|g' \
      -e 's|@''PRAGMA_SYSTEM_HEADER''@|#pragma GCC system_header|g' \
      -e 's|@''PRAGMA_COLUMNS''@||g' \
      -e 's|@''NEXT_SYS_STAT_H''@|<sys/stat.h>|g' \
      -e 's|@''WINDOWS_64_BIT_ST_SIZE''@|0|g' \
      -e 's/@''GNULIB_FCHMODAT''@/0/g' \
      -e 's/@''GNULIB_FSTAT''@/0/g' \
      -e 's/@''GNULIB_FSTATAT''@/0/g' \
      -e 's/@''GNULIB_FUTIMENS''@/0/g' \
      -e 's/@''GNULIB_LCHMOD''@/0/g' \
      -e 's/@''GNULIB_LSTAT''@/1/g' \
      -e 's/@''GNULIB_MKDIRAT''@/0/g' \
      -e 's/@''GNULIB_MKFIFO''@/0/g' \
      -e 's/@''GNULIB_MKFIFOAT''@/0/g' \
      -e 's/@''GNULIB_MKNOD''@/0/g' \
      -e 's/@''GNULIB_MKNODAT''@/0/g' \
      -e 's/@''GNULIB_STAT''@/1/g' \
      -e 's/@''GNULIB_UTIMENSAT''@/0/g' \
      -e 's|@''HAVE_FCHMODAT''@|1|g' \
      -e 's|@''HAVE_FSTATAT''@|1|g' \
      -e 's|@''HAVE_FUTIMENS''@|1|g' \
      -e 's|@''HAVE_LCHMOD''@|1|g' \
      -e 's|@''HAVE_LSTAT''@|1|g' \
      -e 's|@''HAVE_MKDIRAT''@|1|g' \
      -e 's|@''HAVE_MKFIFO''@|1|g' \
      -e 's|@''HAVE_MKFIFOAT''@|1|g' \
      -e 's|@''HAVE_MKNOD''@|1|g' \
      -e 's|@''HAVE_MKNODAT''@|1|g' \
      -e 's|@''HAVE_UTIMENSAT''@|1|g' \
      -e 's|@''REPLACE_FSTAT''@|0|g' \
      -e 's|@''REPLACE_FSTATAT''@|0|g' \
      -e 's|@''REPLACE_FUTIMENS''@|0|g' \
      -e 's|@''REPLACE_LSTAT''@|0|g' \
      -e 's|@''REPLACE_MKDIR''@|0|g' \
      -e 's|@''REPLACE_MKFIFO''@|0|g' \
      -e 's|@''REPLACE_MKNOD''@|0|g' \
      -e 's|@''REPLACE_STAT''@|0|g' \
      -e 's|@''REPLACE_UTIMENSAT''@|0|g' \
      -e '/definitions of _GL_FUNCDECL_RPL/r c++defs.h' \
      -e '/definition of _GL_ARG_NONNULL/r arg-nonnull.h' \
      -e '/definition of _GL_WARN_ON_USE/r warn-on-use.h' \
      < ./sys_stat.in.h; \
} > sys/stat.h-t && \
mv sys/stat.h-t sys/stat.h
/bin/mkdir -p sys
rm -f sys/time.h-t sys/time.h && \
{ echo '/* DO NOT EDIT! GENERATED AUTOMATICALLY! */'; \
  sed -e 's|@''GUARD_PREFIX''@|GL|g' \
      -e 's/@''HAVE_SYS_TIME_H''@/1/g' \
      -e 's|@''INCLUDE_NEXT''@|include_next|g' \
      -e 's|@''PRAGMA_SYSTEM_HEADER''@|#pragma GCC system_header|g' \
      -e 's|@''PRAGMA_COLUMNS''@||g' \
      -e 's|@''NEXT_SYS_TIME_H''@|<sys/time.h>|g' \
      -e 's/@''GNULIB_GETTIMEOFDAY''@/1/g' \
      -e 's|@''HAVE_WINSOCK2_H''@|0|g' \
      -e 's/@''HAVE_GETTIMEOFDAY''@/1/g' \
      -e 's/@''HAVE_STRUCT_TIMEVAL''@/1/g' \
      -e 's/@''REPLACE_GETTIMEOFDAY''@/0/g' \
      -e 's/@''REPLACE_STRUCT_TIMEVAL''@/0/g' \
      -e '/definitions of _GL_FUNCDECL_RPL/r c++defs.h' \
      -e '/definition of _GL_ARG_NONNULL/r arg-nonnull.h' \
      -e '/definition of _GL_WARN_ON_USE/r warn-on-use.h' \
      < ./sys_time.in.h; \
} > sys/time.h-t && \
mv sys/time.h-t sys/time.h
rm -f time.h-t time.h && \
{ echo '/* DO NOT EDIT! GENERATED AUTOMATICALLY! */' && \
  sed -e 's|@''GUARD_PREFIX''@|GL|g' \
      -e 's|@''INCLUDE_NEXT''@|include_next|g' \
      -e 's|@''PRAGMA_SYSTEM_HEADER''@|#pragma GCC system_header|g' \
      -e 's|@''PRAGMA_COLUMNS''@||g' \
      -e 's|@''NEXT_TIME_H''@|<time.h>|g' \
      -e 's/@''GNULIB_MKTIME''@/0/g' \
      -e 's/@''GNULIB_NANOSLEEP''@/0/g' \
      -e 's/@''GNULIB_STRPTIME''@/0/g' \
      -e 's/@''GNULIB_TIMEGM''@/0/g' \
      -e 's/@''GNULIB_TIME_R''@/0/g' \
      -e 's|@''HAVE_DECL_LOCALTIME_R''@|1|g' \
      -e 's|@''HAVE_NANOSLEEP''@|1|g' \
      -e 's|@''HAVE_STRPTIME''@|1|g' \
      -e 's|@''HAVE_TIMEGM''@|1|g' \
      -e 's|@''REPLACE_LOCALTIME_R''@|GNULIB_PORTCHECK|g' \
      -e 's|@''REPLACE_MKTIME''@|GNULIB_PORTCHECK|g' \
      -e 's|@''REPLACE_NANOSLEEP''@|GNULIB_PORTCHECK|g' \
      -e 's|@''REPLACE_TIMEGM''@|GNULIB_PORTCHECK|g' \
      -e 's|@''PTHREAD_H_DEFINES_STRUCT_TIMESPEC''@|0|g' \
      -e 's|@''SYS_TIME_H_DEFINES_STRUCT_TIMESPEC''@|0|g' \
      -e 's|@''TIME_H_DEFINES_STRUCT_TIMESPEC''@|1|g' \
      -e '/definitions of _GL_FUNCDECL_RPL/r c++defs.h' \
      -e '/definition of _GL_ARG_NONNULL/r arg-nonnull.h' \
      -e '/definition of _GL_WARN_ON_USE/r warn-on-use.h' \
      < ./time.in.h; \
} > time.h-t && \
mv time.h-t time.h
rm -f unistd.h-t unistd.h && \
{ echo '/* DO NOT EDIT! GENERATED AUTOMATICALLY! */'; \
  sed -e 's|@''GUARD_PREFIX''@|GL|g' \
      -e 's|@''HAVE_UNISTD_H''@|1|g' \
      -e 's|@''INCLUDE_NEXT''@|include_next|g' \
      -e 's|@''PRAGMA_SYSTEM_HEADER''@|#pragma GCC system_header|g' \
      -e 's|@''PRAGMA_COLUMNS''@||g' \
      -e 's|@''NEXT_UNISTD_H''@|<unistd.h>|g' \
      -e 's|@''WINDOWS_64_BIT_OFF_T''@|0|g' \
      -e 's/@''GNULIB_CHDIR''@/0/g' \
      -e 's/@''GNULIB_CHOWN''@/0/g' \
      -e 's/@''GNULIB_CLOSE''@/0/g' \
      -e 's/@''GNULIB_DUP''@/0/g' \
      -e 's/@''GNULIB_DUP2''@/0/g' \
      -e 's/@''GNULIB_DUP3''@/0/g' \
      -e 's/@''GNULIB_ENVIRON''@/0/g' \
      -e 's/@''GNULIB_EUIDACCESS''@/0/g' \
      -e 's/@''GNULIB_FACCESSAT''@/0/g' \
      -e 's/@''GNULIB_FCHDIR''@/0/g' \
      -e 's/@''GNULIB_FCHOWNAT''@/0/g' \
      -e 's/@''GNULIB_FDATASYNC''@/0/g' \
      -e 's/@''GNULIB_FSYNC''@/0/g' \
      -e 's/@''GNULIB_FTRUNCATE''@/0/g' \
      -e 's/@''GNULIB_GETCWD''@/0/g' \
      -e 's/@''GNULIB_GETDOMAINNAME''@/0/g' \
      -e 's/@''GNULIB_GETDTABLESIZE''@/0/g' \
      -e 's/@''GNULIB_GETGROUPS''@/0/g' \
      -e 's/@''GNULIB_GETHOSTNAME''@/0/g' \
      -e 's/@''GNULIB_GETLOGIN''@/0/g' \
      -e 's/@''GNULIB_GETLOGIN_R''@/0/g' \
      -e 's/@''GNULIB_GETPAGESIZE''@/0/g' \
      -e 's/@''GNULIB_GETUSERSHELL''@/0/g' \
      -e 's/@''GNULIB_GROUP_MEMBER''@/0/g' \
      -e 's/@''GNULIB_ISATTY''@/0/g' \
      -e 's/@''GNULIB_LCHOWN''@/0/g' \
      -e 's/@''GNULIB_LINK''@/0/g' \
      -e 's/@''GNULIB_LINKAT''@/0/g' \
      -e 's/@''GNULIB_LSEEK''@/0/g' \
      -e 's/@''GNULIB_PIPE''@/0/g' \
      -e 's/@''GNULIB_PIPE2''@/0/g' \
      -e 's/@''GNULIB_PREAD''@/0/g' \
      -e 's/@''GNULIB_PWRITE''@/0/g' \
      -e 's/@''GNULIB_READ''@/0/g' \
      -e 's/@''GNULIB_READLINK''@/0/g' \
      -e 's/@''GNULIB_READLINKAT''@/0/g' \
      -e 's/@''GNULIB_RMDIR''@/0/g' \
      -e 's/@''GNULIB_SETHOSTNAME''@/0/g' \
      -e 's/@''GNULIB_SLEEP''@/0/g' \
      -e 's/@''GNULIB_SYMLINK''@/0/g' \
      -e 's/@''GNULIB_SYMLINKAT''@/0/g' \
      -e 's/@''GNULIB_TTYNAME_R''@/0/g' \
      -e 's/@''GNULIB_UNISTD_H_GETOPT''@/0/g' \
      -e 's/@''GNULIB_UNISTD_H_NONBLOCKING''@/0/g' \
      -e 's/@''GNULIB_UNISTD_H_SIGPIPE''@/0/g' \
      -e 's/@''GNULIB_UNLINK''@/0/g' \
      -e 's/@''GNULIB_UNLINKAT''@/0/g' \
      -e 's/@''GNULIB_USLEEP''@/0/g' \
      -e 's/@''GNULIB_WRITE''@/0/g' \
      < ./unistd.in.h | \
  sed -e 's|@''HAVE_CHOWN''@|1|g' \
      -e 's|@''HAVE_DUP2''@|1|g' \
      -e 's|@''HAVE_DUP3''@|1|g' \
      -e 's|@''HAVE_EUIDACCESS''@|1|g' \
      -e 's|@''HAVE_FACCESSAT''@|1|g' \
      -e 's|@''HAVE_FCHDIR''@|1|g' \
      -e 's|@''HAVE_FCHOWNAT''@|1|g' \
      -e 's|@''HAVE_FDATASYNC''@|1|g' \
      -e 's|@''HAVE_FSYNC''@|1|g' \
      -e 's|@''HAVE_FTRUNCATE''@|1|g' \
      -e 's|@''HAVE_GETDTABLESIZE''@|1|g' \
      -e 's|@''HAVE_GETGROUPS''@|1|g' \
      -e 's|@''HAVE_GETHOSTNAME''@|1|g' \
      -e 's|@''HAVE_GETLOGIN''@|1|g' \
      -e 's|@''HAVE_GETPAGESIZE''@|1|g' \
      -e 's|@''HAVE_GROUP_MEMBER''@|1|g' \
      -e 's|@''HAVE_LCHOWN''@|1|g' \
      -e 's|@''HAVE_LINK''@|1|g' \
      -e 's|@''HAVE_LINKAT''@|1|g' \
      -e 's|@''HAVE_PIPE''@|1|g' \
      -e 's|@''HAVE_PIPE2''@|1|g' \
      -e 's|@''HAVE_PREAD''@|1|g' \
      -e 's|@''HAVE_PWRITE''@|1|g' \
      -e 's|@''HAVE_READLINK''@|1|g' \
      -e 's|@''HAVE_READLINKAT''@|1|g' \
      -e 's|@''HAVE_SETHOSTNAME''@|1|g' \
      -e 's|@''HAVE_SLEEP''@|1|g' \
      -e 's|@''HAVE_SYMLINK''@|1|g' \
      -e 's|@''HAVE_SYMLINKAT''@|1|g' \
      -e 's|@''HAVE_UNLINKAT''@|1|g' \
      -e 's|@''HAVE_USLEEP''@|1|g' \
      -e 's|@''HAVE_DECL_ENVIRON''@|1|g' \
      -e 's|@''HAVE_DECL_FCHDIR''@|1|g' \
      -e 's|@''HAVE_DECL_FDATASYNC''@|1|g' \
      -e 's|@''HAVE_DECL_GETDOMAINNAME''@|1|g' \
      -e 's|@''HAVE_DECL_GETLOGIN_R''@|1|g' \
      -e 's|@''HAVE_DECL_GETPAGESIZE''@|1|g' \
      -e 's|@''HAVE_DECL_GETUSERSHELL''@|1|g' \
      -e 's|@''HAVE_DECL_SETHOSTNAME''@|1|g' \
      -e 's|@''HAVE_DECL_TTYNAME_R''@|1|g' \
      -e 's|@''HAVE_OS_H''@|0|g' \
      -e 's|@''HAVE_SYS_PARAM_H''@|0|g' \
  | \
  sed -e 's|@''REPLACE_CHOWN''@|0|g' \
      -e 's|@''REPLACE_CLOSE''@|0|g' \
      -e 's|@''REPLACE_DUP''@|0|g' \
      -e 's|@''REPLACE_DUP2''@|0|g' \
      -e 's|@''REPLACE_FCHOWNAT''@|0|g' \
      -e 's|@''REPLACE_FTRUNCATE''@|0|g' \
      -e 's|@''REPLACE_GETCWD''@|0|g' \
      -e 's|@''REPLACE_GETDOMAINNAME''@|0|g' \
      -e 's|@''REPLACE_GETLOGIN_R''@|0|g' \
      -e 's|@''REPLACE_GETGROUPS''@|0|g' \
      -e 's|@''REPLACE_GETPAGESIZE''@|0|g' \
      -e 's|@''REPLACE_ISATTY''@|0|g' \
      -e 's|@''REPLACE_LCHOWN''@|0|g' \
      -e 's|@''REPLACE_LINK''@|0|g' \
      -e 's|@''REPLACE_LINKAT''@|0|g' \
      -e 's|@''REPLACE_LSEEK''@|0|g' \
      -e 's|@''REPLACE_PREAD''@|0|g' \
      -e 's|@''REPLACE_PWRITE''@|0|g' \
      -e 's|@''REPLACE_READ''@|0|g' \
      -e 's|@''REPLACE_READLINK''@|0|g' \
      -e 's|@''REPLACE_RMDIR''@|0|g' \
      -e 's|@''REPLACE_SLEEP''@|0|g' \
      -e 's|@''REPLACE_SYMLINK''@|0|g' \
      -e 's|@''REPLACE_TTYNAME_R''@|0|g' \
      -e 's|@''REPLACE_UNLINK''@|0|g' \
      -e 's|@''REPLACE_UNLINKAT''@|0|g' \
      -e 's|@''REPLACE_USLEEP''@|0|g' \
      -e 's|@''REPLACE_WRITE''@|0|g' \
      -e 's|@''UNISTD_H_HAVE_WINSOCK2_H''@|0|g' \
      -e 's|@''UNISTD_H_HAVE_WINSOCK2_H_AND_USE_SOCKETS''@|0|g' \
      -e '/definitions of _GL_FUNCDECL_RPL/r c++defs.h' \
      -e '/definition of _GL_ARG_NONNULL/r arg-nonnull.h' \
      -e '/definition of _GL_WARN_ON_USE/r warn-on-use.h'; \
} > unistd.h-t && \
mv unistd.h-t unistd.h
rm -f wchar.h-t wchar.h && \
{ echo '/* DO NOT EDIT! GENERATED AUTOMATICALLY! */'; \
  sed -e 's|@''GUARD_PREFIX''@|GL|g' \
      -e 's|@''INCLUDE_NEXT''@|include_next|g' \
      -e 's|@''PRAGMA_SYSTEM_HEADER''@|#pragma GCC system_header|g' \
      -e 's|@''PRAGMA_COLUMNS''@||g' \
      -e 's|@''HAVE_FEATURES_H''@|1|g' \
      -e 's|@''NEXT_WCHAR_H''@|<wchar.h>|g' \
      -e 's|@''HAVE_WCHAR_H''@|1|g' \
      -e 's/@''GNULIB_BTOWC''@/1/g' \
      -e 's/@''GNULIB_WCTOB''@/0/g' \
      -e 's/@''GNULIB_MBSINIT''@/1/g' \
      -e 's/@''GNULIB_MBRTOWC''@/1/g' \
      -e 's/@''GNULIB_MBRLEN''@/0/g' \
      -e 's/@''GNULIB_MBSRTOWCS''@/0/g' \
      -e 's/@''GNULIB_MBSNRTOWCS''@/0/g' \
      -e 's/@''GNULIB_WCRTOMB''@/1/g' \
      -e 's/@''GNULIB_WCSRTOMBS''@/0/g' \
      -e 's/@''GNULIB_WCSNRTOMBS''@/0/g' \
      -e 's/@''GNULIB_WCWIDTH''@/1/g' \
      -e 's/@''GNULIB_WMEMCHR''@/0/g' \
      -e 's/@''GNULIB_WMEMCMP''@/0/g' \
      -e 's/@''GNULIB_WMEMCPY''@/0/g' \
      -e 's/@''GNULIB_WMEMMOVE''@/0/g' \
      -e 's/@''GNULIB_WMEMSET''@/0/g' \
      -e 's/@''GNULIB_WCSLEN''@/0/g' \
      -e 's/@''GNULIB_WCSNLEN''@/0/g' \
      -e 's/@''GNULIB_WCSCPY''@/0/g' \
      -e 's/@''GNULIB_WCPCPY''@/0/g' \
      -e 's/@''GNULIB_WCSNCPY''@/0/g' \
      -e 's/@''GNULIB_WCPNCPY''@/0/g' \
      -e 's/@''GNULIB_WCSCAT''@/0/g' \
      -e 's/@''GNULIB_WCSNCAT''@/0/g' \
      -e 's/@''GNULIB_WCSCMP''@/0/g' \
      -e 's/@''GNULIB_WCSNCMP''@/0/g' \
      -e 's/@''GNULIB_WCSCASECMP''@/0/g' \
      -e 's/@''GNULIB_WCSNCASECMP''@/0/g' \
      -e 's/@''GNULIB_WCSCOLL''@/0/g' \
      -e 's/@''GNULIB_WCSXFRM''@/0/g' \
      -e 's/@''GNULIB_WCSDUP''@/0/g' \
      -e 's/@''GNULIB_WCSCHR''@/0/g' \
      -e 's/@''GNULIB_WCSRCHR''@/0/g' \
      -e 's/@''GNULIB_WCSCSPN''@/0/g' \
      -e 's/@''GNULIB_WCSSPN''@/0/g' \
      -e 's/@''GNULIB_WCSPBRK''@/0/g' \
      -e 's/@''GNULIB_WCSSTR''@/0/g' \
      -e 's/@''GNULIB_WCSTOK''@/0/g' \
      -e 's/@''GNULIB_WCSWIDTH''@/0/g' \
      < ./wchar.in.h | \
  sed -e 's|@''HAVE_WINT_T''@|1|g' \
      -e 's|@''HAVE_BTOWC''@|1|g' \
      -e 's|@''HAVE_MBSINIT''@|1|g' \
      -e 's|@''HAVE_MBRTOWC''@|1|g' \
      -e 's|@''HAVE_MBRLEN''@|1|g' \
      -e 's|@''HAVE_MBSRTOWCS''@|1|g' \
      -e 's|@''HAVE_MBSNRTOWCS''@|1|g' \
      -e 's|@''HAVE_WCRTOMB''@|1|g' \
      -e 's|@''HAVE_WCSRTOMBS''@|1|g' \
      -e 's|@''HAVE_WCSNRTOMBS''@|1|g' \
      -e 's|@''HAVE_WMEMCHR''@|1|g' \
      -e 's|@''HAVE_WMEMCMP''@|1|g' \
      -e 's|@''HAVE_WMEMCPY''@|1|g' \
      -e 's|@''HAVE_WMEMMOVE''@|1|g' \
      -e 's|@''HAVE_WMEMSET''@|1|g' \
      -e 's|@''HAVE_WCSLEN''@|1|g' \
      -e 's|@''HAVE_WCSNLEN''@|1|g' \
      -e 's|@''HAVE_WCSCPY''@|1|g' \
      -e 's|@''HAVE_WCPCPY''@|1|g' \
      -e 's|@''HAVE_WCSNCPY''@|1|g' \
      -e 's|@''HAVE_WCPNCPY''@|1|g' \
      -e 's|@''HAVE_WCSCAT''@|1|g' \
      -e 's|@''HAVE_WCSNCAT''@|1|g' \
      -e 's|@''HAVE_WCSCMP''@|1|g' \
      -e 's|@''HAVE_WCSNCMP''@|1|g' \
      -e 's|@''HAVE_WCSCASECMP''@|1|g' \
      -e 's|@''HAVE_WCSNCASECMP''@|1|g' \
      -e 's|@''HAVE_WCSCOLL''@|1|g' \
      -e 's|@''HAVE_WCSXFRM''@|1|g' \
      -e 's|@''HAVE_WCSDUP''@|1|g' \
      -e 's|@''HAVE_WCSCHR''@|1|g' \
      -e 's|@''HAVE_WCSRCHR''@|1|g' \
      -e 's|@''HAVE_WCSCSPN''@|1|g' \
      -e 's|@''HAVE_WCSSPN''@|1|g' \
      -e 's|@''HAVE_WCSPBRK''@|1|g' \
      -e 's|@''HAVE_WCSSTR''@|1|g' \
      -e 's|@''HAVE_WCSTOK''@|1|g' \
      -e 's|@''HAVE_WCSWIDTH''@|1|g' \
      -e 's|@''HAVE_DECL_WCTOB''@|1|g' \
      -e 's|@''HAVE_DECL_WCWIDTH''@|1|g' \
  | \
  sed -e 's|@''REPLACE_MBSTATE_T''@|0|g' \
      -e 's|@''REPLACE_BTOWC''@|0|g' \
      -e 's|@''REPLACE_WCTOB''@|0|g' \
      -e 's|@''REPLACE_MBSINIT''@|0|g' \
      -e 's|@''REPLACE_MBRTOWC''@|0|g' \
      -e 's|@''REPLACE_MBRLEN''@|0|g' \
      -e 's|@''REPLACE_MBSRTOWCS''@|0|g' \
      -e 's|@''REPLACE_MBSNRTOWCS''@|0|g' \
      -e 's|@''REPLACE_WCRTOMB''@|0|g' \
      -e 's|@''REPLACE_WCSRTOMBS''@|0|g' \
      -e 's|@''REPLACE_WCSNRTOMBS''@|0|g' \
      -e 's|@''REPLACE_WCWIDTH''@|0|g' \
      -e 's|@''REPLACE_WCSWIDTH''@|0|g' \
      -e '/definitions of _GL_FUNCDECL_RPL/r c++defs.h' \
      -e '/definition of _GL_ARG_NONNULL/r arg-nonnull.h' \
      -e '/definition of _GL_WARN_ON_USE/r warn-on-use.h'; \
} > wchar.h-t && \
mv wchar.h-t wchar.h
rm -f wctype.h-t wctype.h && \
{ echo '/* DO NOT EDIT! GENERATED AUTOMATICALLY! */'; \
  sed -e 's|@''GUARD_PREFIX''@|GL|g' \
      -e 's/@''HAVE_WCTYPE_H''@/1/g' \
      -e 's|@''INCLUDE_NEXT''@|include_next|g' \
      -e 's|@''PRAGMA_SYSTEM_HEADER''@|#pragma GCC system_header|g' \
      -e 's|@''PRAGMA_COLUMNS''@||g' \
      -e 's|@''NEXT_WCTYPE_H''@|<wctype.h>|g' \
      -e 's/@''GNULIB_ISWBLANK''@/1/g' \
      -e 's/@''GNULIB_WCTYPE''@/0/g' \
      -e 's/@''GNULIB_ISWCTYPE''@/0/g' \
      -e 's/@''GNULIB_WCTRANS''@/0/g' \
      -e 's/@''GNULIB_TOWCTRANS''@/0/g' \
      -e 's/@''HAVE_ISWBLANK''@/1/g' \
      -e 's/@''HAVE_ISWCNTRL''@/1/g' \
      -e 's/@''HAVE_WCTYPE_T''@/1/g' \
      -e 's/@''HAVE_WCTRANS_T''@/1/g' \
      -e 's/@''HAVE_WINT_T''@/1/g' \
      -e 's/@''REPLACE_ISWBLANK''@/0/g' \
      -e 's/@''REPLACE_ISWCNTRL''@/0/g' \
      -e 's/@''REPLACE_TOWLOWER''@/0/g' \
      -e '/definitions of _GL_FUNCDECL_RPL/r c++defs.h' \
      -e '/definition of _GL_WARN_ON_USE/r warn-on-use.h' \
      < ./wctype.in.h; \
} > wctype.h-t && \
mv wctype.h-t wctype.h
make  all-recursive
make[3]: Entering directory '/sources/texinfo-5.2/gnulib/lib'
make[4]: Entering directory '/sources/texinfo-5.2/gnulib/lib'
depbase=`echo exitfail.o | sed 's|[^/]*$|.deps/&|;s|\.o$||'`;\
gcc -DHAVE_CONFIG_H -I. -I../..     -g -O2 -MT exitfail.o -MD -MP -MF $depbase.Tpo -c -o exitfail.o exitfail.c &&\
mv -f $depbase.Tpo $depbase.Po
depbase=`echo localcharset.o | sed 's|[^/]*$|.deps/&|;s|\.o$||'`;\
gcc -DHAVE_CONFIG_H -I. -I../..     -g -O2 -MT localcharset.o -MD -MP -MF $depbase.Tpo -c -o localcharset.o localcharset.c &&\
mv -f $depbase.Tpo $depbase.Po
depbase=`echo malloca.o | sed 's|[^/]*$|.deps/&|;s|\.o$||'`;\
gcc -DHAVE_CONFIG_H -I. -I../..     -g -O2 -MT malloca.o -MD -MP -MF $depbase.Tpo -c -o malloca.o malloca.c &&\
mv -f $depbase.Tpo $depbase.Po
depbase=`echo mbchar.o | sed 's|[^/]*$|.deps/&|;s|\.o$||'`;\
gcc -DHAVE_CONFIG_H -I. -I../..     -g -O2 -MT mbchar.o -MD -MP -MF $depbase.Tpo -c -o mbchar.o mbchar.c &&\
mv -f $depbase.Tpo $depbase.Po
depbase=`echo mbiter.o | sed 's|[^/]*$|.deps/&|;s|\.o$||'`;\
gcc -DHAVE_CONFIG_H -I. -I../..     -g -O2 -MT mbiter.o -MD -MP -MF $depbase.Tpo -c -o mbiter.o mbiter.c &&\
mv -f $depbase.Tpo $depbase.Po
depbase=`echo mbscasecmp.o | sed 's|[^/]*$|.deps/&|;s|\.o$||'`;\
gcc -DHAVE_CONFIG_H -I. -I../..     -g -O2 -MT mbscasecmp.o -MD -MP -MF $depbase.Tpo -c -o mbscasecmp.o mbscasecmp.c &&\
mv -f $depbase.Tpo $depbase.Po
depbase=`echo mbschr.o | sed 's|[^/]*$|.deps/&|;s|\.o$||'`;\
gcc -DHAVE_CONFIG_H -I. -I../..     -g -O2 -MT mbschr.o -MD -MP -MF $depbase.Tpo -c -o mbschr.o mbschr.c &&\
mv -f $depbase.Tpo $depbase.Po
depbase=`echo mbslen.o | sed 's|[^/]*$|.deps/&|;s|\.o$||'`;\
gcc -DHAVE_CONFIG_H -I. -I../..     -g -O2 -MT mbslen.o -MD -MP -MF $depbase.Tpo -c -o mbslen.o mbslen.c &&\
mv -f $depbase.Tpo $depbase.Po
depbase=`echo mbsncasecmp.o | sed 's|[^/]*$|.deps/&|;s|\.o$||'`;\
gcc -DHAVE_CONFIG_H -I. -I../..     -g -O2 -MT mbsncasecmp.o -MD -MP -MF $depbase.Tpo -c -o mbsncasecmp.o mbsncasecmp.c &&\
mv -f $depbase.Tpo $depbase.Po
depbase=`echo mbsstr.o | sed 's|[^/]*$|.deps/&|;s|\.o$||'`;\
gcc -DHAVE_CONFIG_H -I. -I../..     -g -O2 -MT mbsstr.o -MD -MP -MF $depbase.Tpo -c -o mbsstr.o mbsstr.c &&\
mv -f $depbase.Tpo $depbase.Po
depbase=`echo mbswidth.o | sed 's|[^/]*$|.deps/&|;s|\.o$||'`;\
gcc -DHAVE_CONFIG_H -I. -I../..     -g -O2 -MT mbswidth.o -MD -MP -MF $depbase.Tpo -c -o mbswidth.o mbswidth.c &&\
mv -f $depbase.Tpo $depbase.Po
depbase=`echo mbuiter.o | sed 's|[^/]*$|.deps/&|;s|\.o$||'`;\
gcc -DHAVE_CONFIG_H -I. -I../..     -g -O2 -MT mbuiter.o -MD -MP -MF $depbase.Tpo -c -o mbuiter.o mbuiter.c &&\
mv -f $depbase.Tpo $depbase.Po
depbase=`echo strnlen1.o | sed 's|[^/]*$|.deps/&|;s|\.o$||'`;\
gcc -DHAVE_CONFIG_H -I. -I../..     -g -O2 -MT strnlen1.o -MD -MP -MF $depbase.Tpo -c -o strnlen1.o strnlen1.c &&\
mv -f $depbase.Tpo $depbase.Po
depbase=`echo tempname.o | sed 's|[^/]*$|.deps/&|;s|\.o$||'`;\
gcc -DHAVE_CONFIG_H -I. -I../..     -g -O2 -MT tempname.o -MD -MP -MF $depbase.Tpo -c -o tempname.o tempname.c &&\
mv -f $depbase.Tpo $depbase.Po
depbase=`echo glthread/threadlib.o | sed 's|[^/]*$|.deps/&|;s|\.o$||'`;\
gcc -DHAVE_CONFIG_H -I. -I../..     -g -O2 -MT glthread/threadlib.o -MD -MP -MF $depbase.Tpo -c -o glthread/threadlib.o glthread/threadlib.c &&\
mv -f $depbase.Tpo $depbase.Po
depbase=`echo unistd.o | sed 's|[^/]*$|.deps/&|;s|\.o$||'`;\
gcc -DHAVE_CONFIG_H -I. -I../..     -g -O2 -MT unistd.o -MD -MP -MF $depbase.Tpo -c -o unistd.o unistd.c &&\
mv -f $depbase.Tpo $depbase.Po
depbase=`echo wctype-h.o | sed 's|[^/]*$|.deps/&|;s|\.o$||'`;\
gcc -DHAVE_CONFIG_H -I. -I../..     -g -O2 -MT wctype-h.o -MD -MP -MF $depbase.Tpo -c -o wctype-h.o wctype-h.c &&\
mv -f $depbase.Tpo $depbase.Po
depbase=`echo xmalloc.o | sed 's|[^/]*$|.deps/&|;s|\.o$||'`;\
gcc -DHAVE_CONFIG_H -I. -I../..     -g -O2 -MT xmalloc.o -MD -MP -MF $depbase.Tpo -c -o xmalloc.o xmalloc.c &&\
mv -f $depbase.Tpo $depbase.Po
depbase=`echo xalloc-die.o | sed 's|[^/]*$|.deps/&|;s|\.o$||'`;\
gcc -DHAVE_CONFIG_H -I. -I../..     -g -O2 -MT xalloc-die.o -MD -MP -MF $depbase.Tpo -c -o xalloc-die.o xalloc-die.c &&\
mv -f $depbase.Tpo $depbase.Po
rm -f t-charset.alias charset.alias && \
/bin/sh ./config.charset 'i686-pc-linux-gnu' > t-charset.alias && \
mv t-charset.alias charset.alias
rm -f t-ref-add.sed ref-add.sed && \
sed -e '/^#/d' -e 's/@''PACKAGE''@/texinfo/g' ref-add.sin > t-ref-add.sed && \
mv t-ref-add.sed ref-add.sed
rm -f t-ref-del.sed ref-del.sed && \
sed -e '/^#/d' -e 's/@''PACKAGE''@/texinfo/g' ref-del.sin > t-ref-del.sed && \
mv t-ref-del.sed ref-del.sed
depbase=`echo glthread/lock.o | sed 's|[^/]*$|.deps/&|;s|\.o$||'`;\
gcc -DHAVE_CONFIG_H -I. -I../..     -g -O2 -MT glthread/lock.o -MD -MP -MF $depbase.Tpo -c -o glthread/lock.o glthread/lock.c &&\
mv -f $depbase.Tpo $depbase.Po
depbase=`echo uniwidth/width.o | sed 's|[^/]*$|.deps/&|;s|\.o$||'`;\
gcc -DHAVE_CONFIG_H -I. -I../..     -g -O2 -MT uniwidth/width.o -MD -MP -MF $depbase.Tpo -c -o uniwidth/width.o uniwidth/width.c &&\
mv -f $depbase.Tpo $depbase.Po
rm -f libgnu.a
ar cru libgnu.a exitfail.o localcharset.o glthread/lock.o malloca.o mbchar.o mbiter.o mbscasecmp.o mbschr.o mbslen.o mbsncasecmp.o mbsstr.o mbswidth.o mbuiter.o strnlen1.o tempname.o glthread/threadlib.o unistd.o uniwidth/width.o wctype-h.o xmalloc.o xalloc-die.o 
ranlib libgnu.a
make[4]: Leaving directory '/sources/texinfo-5.2/gnulib/lib'
make[3]: Leaving directory '/sources/texinfo-5.2/gnulib/lib'
make[2]: Leaving directory '/sources/texinfo-5.2/gnulib/lib'
Making all in info
make[2]: Entering directory '/sources/texinfo-5.2/info'
gcc -DHAVE_CONFIG_H -I. -I..  -I.. -I../gnulib/lib -I../gnulib/lib -DLOCALEDIR=\"/usr/share/locale\" -DINFODIR=\"/usr/share/info\" -DINFODIR2=\"/usr/share/info\"   -g -O2 -MT makedoc.o -MD -MP -MF .deps/makedoc.Tpo -c -o makedoc.o makedoc.c
mv -f .deps/makedoc.Tpo .deps/makedoc.Po
gcc  -g -O2   -o makedoc makedoc.o ../gnulib/lib/libgnu.a -lncurses  
rm -f doc.c key.c funs.h
..//info/makedoc ./session.c ./echo-area.c ./infodoc.c ./m-x.c ./indices.c ./nodemenu.c ./footnotes.c ./variables.c
make  all-am
make[3]: Entering directory '/sources/texinfo-5.2/info'
gcc -DHAVE_CONFIG_H -I. -I..  -I.. -I../gnulib/lib -I../gnulib/lib -DLOCALEDIR=\"/usr/share/locale\" -DINFODIR=\"/usr/share/info\" -DINFODIR2=\"/usr/share/info\"   -g -O2 -MT dir.o -MD -MP -MF .deps/dir.Tpo -c -o dir.o dir.c
gcc -DHAVE_CONFIG_H -I. -I..  -I.. -I../gnulib/lib -I../gnulib/lib -DLOCALEDIR=\"/usr/share/locale\" -DINFODIR=\"/usr/share/info\" -DINFODIR2=\"/usr/share/info\"   -g -O2 -MT display.o -MD -MP -MF .deps/display.Tpo -c -o display.o display.c
gcc -DHAVE_CONFIG_H -I. -I..  -I.. -I../gnulib/lib -I../gnulib/lib -DLOCALEDIR=\"/usr/share/locale\" -DINFODIR=\"/usr/share/info\" -DINFODIR2=\"/usr/share/info\"   -g -O2 -MT dribble.o -MD -MP -MF .deps/dribble.Tpo -c -o dribble.o dribble.c
gcc -DHAVE_CONFIG_H -I. -I..  -I.. -I../gnulib/lib -I../gnulib/lib -DLOCALEDIR=\"/usr/share/locale\" -DINFODIR=\"/usr/share/info\" -DINFODIR2=\"/usr/share/info\"   -g -O2 -MT echo-area.o -MD -MP -MF .deps/echo-area.Tpo -c -o echo-area.o echo-area.c
mv -f .deps/dribble.Tpo .deps/dribble.Po
gcc -DHAVE_CONFIG_H -I. -I..  -I.. -I../gnulib/lib -I../gnulib/lib -DLOCALEDIR=\"/usr/share/locale\" -DINFODIR=\"/usr/share/info\" -DINFODIR2=\"/usr/share/info\"   -g -O2 -MT filesys.o -MD -MP -MF .deps/filesys.Tpo -c -o filesys.o filesys.c
mv -f .deps/dir.Tpo .deps/dir.Po
gcc -DHAVE_CONFIG_H -I. -I..  -I.. -I../gnulib/lib -I../gnulib/lib -DLOCALEDIR=\"/usr/share/locale\" -DINFODIR=\"/usr/share/info\" -DINFODIR2=\"/usr/share/info\"   -g -O2 -MT footnotes.o -MD -MP -MF .deps/footnotes.Tpo -c -o footnotes.o footnotes.c
mv -f .deps/display.Tpo .deps/display.Po
gcc -DHAVE_CONFIG_H -I. -I..  -I.. -I../gnulib/lib -I../gnulib/lib -DLOCALEDIR=\"/usr/share/locale\" -DINFODIR=\"/usr/share/info\" -DINFODIR2=\"/usr/share/info\"   -g -O2 -MT gc.o -MD -MP -MF .deps/gc.Tpo -c -o gc.o gc.c
mv -f .deps/footnotes.Tpo .deps/footnotes.Po
gcc -DHAVE_CONFIG_H -I. -I..  -I.. -I../gnulib/lib -I../gnulib/lib -DLOCALEDIR=\"/usr/share/locale\" -DINFODIR=\"/usr/share/info\" -DINFODIR2=\"/usr/share/info\"   -g -O2 -MT indices.o -MD -MP -MF .deps/indices.Tpo -c -o indices.o indices.c
mv -f .deps/filesys.Tpo .deps/filesys.Po
gcc -DHAVE_CONFIG_H -I. -I..  -I.. -I../gnulib/lib -I../gnulib/lib -DLOCALEDIR=\"/usr/share/locale\" -DINFODIR=\"/usr/share/info\" -DINFODIR2=\"/usr/share/info\"   -g -O2 -MT info-utils.o -MD -MP -MF .deps/info-utils.Tpo -c -o info-utils.o info-utils.c
mv -f .deps/gc.Tpo .deps/gc.Po
gcc -DHAVE_CONFIG_H -I. -I..  -I.. -I../gnulib/lib -I../gnulib/lib -DLOCALEDIR=\"/usr/share/locale\" -DINFODIR=\"/usr/share/info\" -DINFODIR2=\"/usr/share/info\"   -g -O2 -MT info.o -MD -MP -MF .deps/info.Tpo -c -o info.o info.c
mv -f .deps/echo-area.Tpo .deps/echo-area.Po
gcc -DHAVE_CONFIG_H -I. -I..  -I.. -I../gnulib/lib -I../gnulib/lib -DLOCALEDIR=\"/usr/share/locale\" -DINFODIR=\"/usr/share/info\" -DINFODIR2=\"/usr/share/info\"   -g -O2 -MT infodoc.o -MD -MP -MF .deps/infodoc.Tpo -c -o infodoc.o infodoc.c
mv -f .deps/info.Tpo .deps/info.Po
gcc -DHAVE_CONFIG_H -I. -I..  -I.. -I../gnulib/lib -I../gnulib/lib -DLOCALEDIR=\"/usr/share/locale\" -DINFODIR=\"/usr/share/info\" -DINFODIR2=\"/usr/share/info\"   -g -O2 -MT infomap.o -MD -MP -MF .deps/infomap.Tpo -c -o infomap.o infomap.c
mv -f .deps/indices.Tpo .deps/indices.Po
gcc -DHAVE_CONFIG_H -I. -I..  -I.. -I../gnulib/lib -I../gnulib/lib -DLOCALEDIR=\"/usr/share/locale\" -DINFODIR=\"/usr/share/info\" -DINFODIR2=\"/usr/share/info\"   -g -O2 -MT infopath.o -MD -MP -MF .deps/infopath.Tpo -c -o infopath.o infopath.c
mv -f .deps/info-utils.Tpo .deps/info-utils.Po
gcc -DHAVE_CONFIG_H -I. -I..  -I.. -I../gnulib/lib -I../gnulib/lib -DLOCALEDIR=\"/usr/share/locale\" -DINFODIR=\"/usr/share/info\" -DINFODIR2=\"/usr/share/info\"   -g -O2 -MT m-x.o -MD -MP -MF .deps/m-x.Tpo -c -o m-x.o m-x.c
mv -f .deps/m-x.Tpo .deps/m-x.Po
gcc -DHAVE_CONFIG_H -I. -I..  -I.. -I../gnulib/lib -I../gnulib/lib -DLOCALEDIR=\"/usr/share/locale\" -DINFODIR=\"/usr/share/info\" -DINFODIR2=\"/usr/share/info\"   -g -O2 -MT man.o -MD -MP -MF .deps/man.Tpo -c -o man.o man.c
mv -f .deps/infopath.Tpo .deps/infopath.Po
gcc -DHAVE_CONFIG_H -I. -I..  -I.. -I../gnulib/lib -I../gnulib/lib -DLOCALEDIR=\"/usr/share/locale\" -DINFODIR=\"/usr/share/info\" -DINFODIR2=\"/usr/share/info\"   -g -O2 -MT nodemenu.o -MD -MP -MF .deps/nodemenu.Tpo -c -o nodemenu.o nodemenu.c
mv -f .deps/infodoc.Tpo .deps/infodoc.Po
gcc -DHAVE_CONFIG_H -I. -I..  -I.. -I../gnulib/lib -I../gnulib/lib -DLOCALEDIR=\"/usr/share/locale\" -DINFODIR=\"/usr/share/info\" -DINFODIR2=\"/usr/share/info\"   -g -O2 -MT nodes.o -MD -MP -MF .deps/nodes.Tpo -c -o nodes.o nodes.c
mv -f .deps/infomap.Tpo .deps/infomap.Po
gcc -DHAVE_CONFIG_H -I. -I..  -I.. -I../gnulib/lib -I../gnulib/lib -DLOCALEDIR=\"/usr/share/locale\" -DINFODIR=\"/usr/share/info\" -DINFODIR2=\"/usr/share/info\"   -g -O2 -MT search.o -MD -MP -MF .deps/search.Tpo -c -o search.o search.c
mv -f .deps/nodemenu.Tpo .deps/nodemenu.Po
gcc -DHAVE_CONFIG_H -I. -I..  -I.. -I../gnulib/lib -I../gnulib/lib -DLOCALEDIR=\"/usr/share/locale\" -DINFODIR=\"/usr/share/info\" -DINFODIR2=\"/usr/share/info\"   -g -O2 -MT session.o -MD -MP -MF .deps/session.Tpo -c -o session.o session.c
mv -f .deps/man.Tpo .deps/man.Po
gcc -DHAVE_CONFIG_H -I. -I..  -I.. -I../gnulib/lib -I../gnulib/lib -DLOCALEDIR=\"/usr/share/locale\" -DINFODIR=\"/usr/share/info\" -DINFODIR2=\"/usr/share/info\"   -g -O2 -MT signals.o -MD -MP -MF .deps/signals.Tpo -c -o signals.o signals.c
mv -f .deps/signals.Tpo .deps/signals.Po
gcc -DHAVE_CONFIG_H -I. -I..  -I.. -I../gnulib/lib -I../gnulib/lib -DLOCALEDIR=\"/usr/share/locale\" -DINFODIR=\"/usr/share/info\" -DINFODIR2=\"/usr/share/info\"   -g -O2 -MT tag.o -MD -MP -MF .deps/tag.Tpo -c -o tag.o tag.c
mv -f .deps/search.Tpo .deps/search.Po
gcc -DHAVE_CONFIG_H -I. -I..  -I.. -I../gnulib/lib -I../gnulib/lib -DLOCALEDIR=\"/usr/share/locale\" -DINFODIR=\"/usr/share/info\" -DINFODIR2=\"/usr/share/info\"   -g -O2 -MT terminal.o -MD -MP -MF .deps/terminal.Tpo -c -o terminal.o terminal.c
mv -f .deps/nodes.Tpo .deps/nodes.Po
gcc -DHAVE_CONFIG_H -I. -I..  -I.. -I../gnulib/lib -I../gnulib/lib -DLOCALEDIR=\"/usr/share/locale\" -DINFODIR=\"/usr/share/info\" -DINFODIR2=\"/usr/share/info\"   -g -O2 -MT tilde.o -MD -MP -MF .deps/tilde.Tpo -c -o tilde.o tilde.c
mv -f .deps/tilde.Tpo .deps/tilde.Po
gcc -DHAVE_CONFIG_H -I. -I..  -I.. -I../gnulib/lib -I../gnulib/lib -DLOCALEDIR=\"/usr/share/locale\" -DINFODIR=\"/usr/share/info\" -DINFODIR2=\"/usr/share/info\"   -g -O2 -MT variables.o -MD -MP -MF .deps/variables.Tpo -c -o variables.o variables.c
mv -f .deps/tag.Tpo .deps/tag.Po
gcc -DHAVE_CONFIG_H -I. -I..  -I.. -I../gnulib/lib -I../gnulib/lib -DLOCALEDIR=\"/usr/share/locale\" -DINFODIR=\"/usr/share/info\" -DINFODIR2=\"/usr/share/info\"   -g -O2 -MT window.o -MD -MP -MF .deps/window.Tpo -c -o window.o window.c
mv -f .deps/terminal.Tpo .deps/terminal.Po
gcc -DHAVE_CONFIG_H -I. -I..  -I.. -I../gnulib/lib -I../gnulib/lib -DLOCALEDIR=\"/usr/share/locale\" -DINFODIR=\"/usr/share/info\" -DINFODIR2=\"/usr/share/info\"   -g -O2 -MT doc.o -MD -MP -MF .deps/doc.Tpo -c -o doc.o doc.c
mv -f .deps/doc.Tpo .deps/doc.Po
gcc -DHAVE_CONFIG_H -I. -I..  -I.. -I../gnulib/lib -I../gnulib/lib -DLOCALEDIR=\"/usr/share/locale\" -DINFODIR=\"/usr/share/info\" -DINFODIR2=\"/usr/share/info\"   -g -O2 -MT infokey.o -MD -MP -MF .deps/infokey.Tpo -c -o infokey.o infokey.c
mv -f .deps/variables.Tpo .deps/variables.Po
gcc -DHAVE_CONFIG_H -I. -I..  -I.. -I../gnulib/lib -I../gnulib/lib -DLOCALEDIR=\"/usr/share/locale\" -DINFODIR=\"/usr/share/info\" -DINFODIR2=\"/usr/share/info\"   -g -O2 -MT key.o -MD -MP -MF .deps/key.Tpo -c -o key.o key.c
mv -f .deps/key.Tpo .deps/key.Po
mv -f .deps/infokey.Tpo .deps/infokey.Po
gcc  -g -O2   -o infokey infokey.o key.o ../gnulib/lib/libgnu.a  
mv -f .deps/window.Tpo .deps/window.Po
mv -f .deps/session.Tpo .deps/session.Po
gcc  -g -O2   -o ginfo dir.o display.o dribble.o echo-area.o filesys.o footnotes.o gc.o indices.o info-utils.o info.o infodoc.o infomap.o infopath.o m-x.o man.o nodemenu.o nodes.o search.o session.o signals.o tag.o terminal.o tilde.o variables.o window.o doc.o ../gnulib/lib/libgnu.a -lncurses  
make[3]: Leaving directory '/sources/texinfo-5.2/info'
make[2]: Leaving directory '/sources/texinfo-5.2/info'
Making all in install-info
make[2]: Entering directory '/sources/texinfo-5.2/install-info'
Making all in tests
make[3]: Entering directory '/sources/texinfo-5.2/install-info/tests'
make[3]: Nothing to be done for 'all'.
make[3]: Leaving directory '/sources/texinfo-5.2/install-info/tests'
make[3]: Entering directory '/sources/texinfo-5.2/install-info'
gcc -DHAVE_CONFIG_H -I. -I..  -I.. -I../gnulib/lib -I../gnulib/lib -DLOCALEDIR=\"/usr/share/locale\"   -g -O2 -MT install-info.o -MD -MP -MF .deps/install-info.Tpo -c -o install-info.o install-info.c
mv -f .deps/install-info.Tpo .deps/install-info.Po
gcc  -g -O2   -o ginstall-info install-info.o ../gnulib/lib/libgnu.a  
make[3]: Leaving directory '/sources/texinfo-5.2/install-info'
make[2]: Leaving directory '/sources/texinfo-5.2/install-info'
Making all in po
make[2]: Entering directory '/sources/texinfo-5.2/po'
make[2]: Nothing to be done for 'all'.
make[2]: Leaving directory '/sources/texinfo-5.2/po'
Making all in po_document
make[2]: Entering directory '/sources/texinfo-5.2/po_document'
make[2]: Leaving directory '/sources/texinfo-5.2/po_document'
Making all in tp
make[2]: Entering directory '/sources/texinfo-5.2/tp'
Making all in .
make[3]: Entering directory '/sources/texinfo-5.2/tp'
sed -e 's,[@]PACKAGE_VERSION[@],5.2,g' -e 's,[@]PACKAGE_NAME[@],GNU Texinfo,g' -e 's,[@]PACKAGE_URL[@],http://www.gnu.org/software/texinfo/,g' -e 's,[@]sysconfdir[@],/usr/etc,g' -e 's,[@]prefix[@],/usr,g' -e 's,[@]datarootdir[@],/usr/share,g' -e 's,[@]datadir[@],/usr/share,g' -e 's,[@]PACKAGE[@],texinfo,g' -e 's,[@]USE_EXTERNAL_LIBINTL[@],no,g' -e 's,[@]USE_EXTERNAL_EASTASIANWIDTH[@],no,g' -e 's,[@]USE_EXTERNAL_UNIDECODE[@],no,g' -e 's,[@]TEXINFO_DTD_VERSION[@],5.0,g' -e '1 s,/usr/bin/env perl,/usr/bin/perl,g' ./texi2any.pl >texi2any
/bin/mkdir -p maintain
/bin/mkdir -p `dirname LocaleData/de.us-ascii/LC_MESSAGES/texinfo_document.mo`
/bin/mkdir -p `dirname LocaleData/eo/LC_MESSAGES/texinfo_document.mo`
sed -e 's|[@]abs_top_srcdir[@]|/sources/texinfo-5.2|' \
    -e 's|[@]TEXINFO_DTD_VERSION[@]|5.0|' \
  ./maintain/catalog.xml.in >maintain/catalog.xml
/usr/bin/install -c -m 644 ./../po_document/eo.gmo LocaleData/eo/LC_MESSAGES/texinfo_document.mo
/bin/mkdir -p `dirname LocaleData/es.us-ascii/LC_MESSAGES/texinfo_document.mo`
/usr/bin/install -c -m 644 ./../po_document/de.us-ascii.gmo LocaleData/de.us-ascii/LC_MESSAGES/texinfo_document.mo
/bin/mkdir -p `dirname LocaleData/fr/LC_MESSAGES/texinfo_document.mo`
/usr/bin/install -c -m 644 ./../po_document/es.us-ascii.gmo LocaleData/es.us-ascii/LC_MESSAGES/texinfo_document.mo
/bin/mkdir -p `dirname LocaleData/hu/LC_MESSAGES/texinfo_document.mo`
/bin/mkdir -p `dirname LocaleData/it/LC_MESSAGES/texinfo_document.mo`
chmod a+x texi2any
/bin/mkdir -p `dirname LocaleData/nl/LC_MESSAGES/texinfo_document.mo`
/usr/bin/install -c -m 644 ./../po_document/fr.gmo LocaleData/fr/LC_MESSAGES/texinfo_document.mo
/usr/bin/install -c -m 644 ./../po_document/hu.gmo LocaleData/hu/LC_MESSAGES/texinfo_document.mo
/usr/bin/install -c -m 644 ./../po_document/it.gmo LocaleData/it/LC_MESSAGES/texinfo_document.mo
/bin/mkdir -p `dirname LocaleData/no.us-ascii/LC_MESSAGES/texinfo_document.mo`
/bin/mkdir -p `dirname LocaleData/pl/LC_MESSAGES/texinfo_document.mo`
/bin/mkdir -p `dirname LocaleData/pt_BR.us-ascii/LC_MESSAGES/texinfo_document.mo`
/usr/bin/install -c -m 644 ./../po_document/nl.gmo LocaleData/nl/LC_MESSAGES/texinfo_document.mo
/bin/mkdir -p `dirname LocaleData/pt.us-ascii/LC_MESSAGES/texinfo_document.mo`
/usr/bin/install -c -m 644 ./../po_document/no.us-ascii.gmo LocaleData/no.us-ascii/LC_MESSAGES/texinfo_document.mo
/usr/bin/install -c -m 644 ./../po_document/pt_BR.us-ascii.gmo LocaleData/pt_BR.us-ascii/LC_MESSAGES/texinfo_document.mo
/bin/mkdir -p t/include_dir
/usr/bin/install -c -m 644 ./t/include_reference/f--ile.txt t/include_dir/f--ile.txt
/usr/bin/install -c -m 644 ./t/include_reference/incl-incl.txi t/include_dir/incl-incl.txi
/usr/bin/install -c -m 644 ./../po_document/pl.gmo LocaleData/pl/LC_MESSAGES/texinfo_document.mo
/usr/bin/install -c -m 644 ./t/include_reference/macro_included.texi t/include_dir/macro_included.texi
/usr/bin/install -c -m 644 ./t/include_reference/f--ile.png t/include_dir/f--ile.png
/usr/bin/install -c -m 644 ./t/include_reference/figure.txt t/include_dir/figure.txt
/usr/bin/install -c -m 644 ./t/include_reference/inc_file.texi t/include_dir/inc_file.texi
/usr/bin/install -c -m 644 ./t/include_reference/section_file.texi t/include_dir/section_file.texi
/usr/bin/install -c -m 644 ./../po_document/pt.us-ascii.gmo LocaleData/pt.us-ascii/LC_MESSAGES/texinfo_document.mo
make[3]: Leaving directory '/sources/texinfo-5.2/tp'
Making all in tests
make[3]: Entering directory '/sources/texinfo-5.2/tp/tests'
Making all in .
make[4]: Entering directory '/sources/texinfo-5.2/tp/tests'
/usr/bin/install -c -m 644 ./htmlxref/htmlxref.cnf-ref htmlxref/htmlxref.cnf
/usr/bin/install -c -m 644 ./htmlxref-only_mono/htmlxref.cnf-ref htmlxref-only_mono/htmlxref.cnf
/usr/bin/install -c -m 644 ./htmlxref-only_split/htmlxref.cnf-ref htmlxref-only_split/htmlxref.cnf
/bin/mkdir -p htmlxref-only_split/.texinfo
/usr/bin/install -c -m 644 ./sectioning/renamednodes.cnf-ref sectioning/equivalent_nodes-noderename.cnf
/usr/bin/install -c -m 644 ./formatting/unknown_nodes_renamed-noderename.cnf-ref formatting/unknown_nodes_renamed-noderename.cnf
/usr/bin/install -c -m 644 ./htmlxref-only_split/htmlxref.cnf-texinfo htmlxref-only_split/.texinfo/htmlxref.cnf
make[4]: Leaving directory '/sources/texinfo-5.2/tp/tests'
Making all in many_input_files
make[4]: Entering directory '/sources/texinfo-5.2/tp/tests/many_input_files'
make[4]: Nothing to be done for 'all'.
make[4]: Leaving directory '/sources/texinfo-5.2/tp/tests/many_input_files'
make[3]: Leaving directory '/sources/texinfo-5.2/tp/tests'
make[2]: Leaving directory '/sources/texinfo-5.2/tp'
Making all in Pod-Simple-Texinfo
make[2]: Entering directory '/sources/texinfo-5.2/Pod-Simple-Texinfo'
sed -e 's,[@]datadir[@],/usr/share,g' \
-e 's,[@]PACKAGE[@],texinfo,g' \
-e 's,[@]USE_EXTERNAL_LIBINTL[@],no,g' \
-e 's,[@]USE_EXTERNAL_EASTASIANWIDTH[@],no,g' \
-e 's,[@]USE_EXTERNAL_UNIDECODE[@],no,g' \
-e '1 s,/usr/bin/env perl,/usr/bin/perl,g' \
   ./pod2texi.pl >pod2texi
chmod a+x pod2texi
make[2]: Leaving directory '/sources/texinfo-5.2/Pod-Simple-Texinfo'
Making all in util
make[2]: Entering directory '/sources/texinfo-5.2/util'
gcc -DHAVE_CONFIG_H -I. -I..  -I.. -I../gnulib/lib -I../gnulib/lib -DLOCALEDIR=\"/usr/share/locale\"   -g -O2 -MT texindex.o -MD -MP -MF .deps/texindex.Tpo -c -o texindex.o texindex.c
sed -e 's,[@]datadir[@],/usr/share,g' \
-e 's,[@]PACKAGE[@],texinfo,g' \
-e 's,[@]USE_EXTERNAL_LIBINTL[@],no,g' \
-e 's,[@]USE_EXTERNAL_EASTASIANWIDTH[@],no,g' \
-e 's,[@]USE_EXTERNAL_UNIDECODE[@],no,g' \
-e '1 s,/usr/bin/env perl,/usr/bin/perl,g' \
   ./txixml2texi.pl >txixml2texi
chmod a+x txixml2texi
mv -f .deps/texindex.Tpo .deps/texindex.Po
gcc  -g -O2   -o texindex texindex.o ../gnulib/lib/libgnu.a  
make[2]: Leaving directory '/sources/texinfo-5.2/util'
Making all in doc
make[2]: Entering directory '/sources/texinfo-5.2/doc'
Making all in tp_api
make[3]: Entering directory '/sources/texinfo-5.2/doc/tp_api'
make  all-am
make[4]: Entering directory '/sources/texinfo-5.2/doc/tp_api'
make[4]: Nothing to be done for 'all-am'.
make[4]: Leaving directory '/sources/texinfo-5.2/doc/tp_api'
make[3]: Leaving directory '/sources/texinfo-5.2/doc/tp_api'
make[3]: Entering directory '/sources/texinfo-5.2/doc'
restore=: && backupdir=".am$$" && \
rm -rf $backupdir && mkdir $backupdir && \
if (/usr/bin/perl -I "../tp" -I "../tp/maintain/lib/libintl-perl/lib" -I "../tp/maintain/lib/Unicode-EastAsianWidth/lib" -I "../tp/maintain/lib/Text-Unidecode/lib" ../tp/texi2any --version) >/dev/null 2>&1; then \
  for f in texinfo.info texinfo.info-[0-9] texinfo.info-[0-9][0-9] texinfo.i[0-9] texinfo.i[0-9][0-9]; do \
    if test -f $f; then mv $f $backupdir; restore=mv; else :; fi; \
  done; \
else :; fi && \
if /usr/bin/perl -I "../tp" -I "../tp/maintain/lib/libintl-perl/lib" -I "../tp/maintain/lib/Unicode-EastAsianWidth/lib" -I "../tp/maintain/lib/Text-Unidecode/lib" ../tp/texi2any   -I . \
 -o texinfo.info `test -f 'texinfo.texi' || echo './'`texinfo.texi; \
then \
  rc=0; \
else \
  rc=$?; \
  $restore $backupdir/* `echo "./texinfo.info" | sed 's|[^/]*$||'`; \
fi; \
rm -rf $backupdir; exit $rc
restore=: && backupdir=".am$$" && \
rm -rf $backupdir && mkdir $backupdir && \
if (/usr/bin/perl -I "../tp" -I "../tp/maintain/lib/libintl-perl/lib" -I "../tp/maintain/lib/Unicode-EastAsianWidth/lib" -I "../tp/maintain/lib/Text-Unidecode/lib" ../tp/texi2any --version) >/dev/null 2>&1; then \
  for f in info-stnd.info info-stnd.info-[0-9] info-stnd.info-[0-9][0-9] info-stnd.i[0-9] info-stnd.i[0-9][0-9]; do \
    if test -f $f; then mv $f $backupdir; restore=mv; else :; fi; \
  done; \
else :; fi && \
if /usr/bin/perl -I "../tp" -I "../tp/maintain/lib/libintl-perl/lib" -I "../tp/maintain/lib/Unicode-EastAsianWidth/lib" -I "../tp/maintain/lib/Text-Unidecode/lib" ../tp/texi2any   -I . \
 -o info-stnd.info `test -f 'info-stnd.texi' || echo './'`info-stnd.texi; \
then \
  rc=0; \
else \
  rc=$?; \
  $restore $backupdir/* `echo "./info-stnd.info" | sed 's|[^/]*$||'`; \
fi; \
rm -rf $backupdir; exit $rc
restore=: && backupdir=".am$$" && \
rm -rf $backupdir && mkdir $backupdir && \
if (/usr/bin/perl -I "../tp" -I "../tp/maintain/lib/libintl-perl/lib" -I "../tp/maintain/lib/Unicode-EastAsianWidth/lib" -I "../tp/maintain/lib/Text-Unidecode/lib" ../tp/texi2any --version) >/dev/null 2>&1; then \
  for f in info.info info.info-[0-9] info.info-[0-9][0-9] info.i[0-9] info.i[0-9][0-9]; do \
    if test -f $f; then mv $f $backupdir; restore=mv; else :; fi; \
  done; \
else :; fi && \
if /usr/bin/perl -I "../tp" -I "../tp/maintain/lib/libintl-perl/lib" -I "../tp/maintain/lib/Unicode-EastAsianWidth/lib" -I "../tp/maintain/lib/Text-Unidecode/lib" ../tp/texi2any   -I . \
 -o info.info `test -f 'info.texi' || echo './'`info.texi; \
then \
  rc=0; \
else \
  rc=$?; \
  $restore $backupdir/* `echo "./info.info" | sed 's|[^/]*$||'`; \
fi; \
rm -rf $backupdir; exit $rc
make[3]: Leaving directory '/sources/texinfo-5.2/doc'
make[2]: Leaving directory '/sources/texinfo-5.2/doc'
Making all in man
make[2]: Entering directory '/sources/texinfo-5.2/man'
make[2]: Nothing to be done for 'all'.
make[2]: Leaving directory '/sources/texinfo-5.2/man'
make[2]: Entering directory '/sources/texinfo-5.2'
make[2]: Leaving directory '/sources/texinfo-5.2'
make[1]: Leaving directory '/sources/texinfo-5.2'
