libtool: install: warning: `libmount.la' has not been installed in `/usr/lib'
libtool: install: warning: `/sources/util-linux-2.24.1/libblkid.la' has not been installed in `/usr/lib'
libtool: install: warning: `/sources/util-linux-2.24.1/libuuid.la' has not been installed in `/usr/lib'
libtool: install: warning: `libmount.la' has not been installed in `/usr/lib'
libtool: install: warning: `/sources/util-linux-2.24.1/libblkid.la' has not been installed in `/usr/lib'
libtool: install: warning: `/sources/util-linux-2.24.1/libuuid.la' has not been installed in `/usr/lib'
libtool: install: warning: `libmount.la' has not been installed in `/usr/lib'
libtool: install: warning: `/sources/util-linux-2.24.1/libblkid.la' has not been installed in `/usr/lib'
libtool: install: warning: `/sources/util-linux-2.24.1/libuuid.la' has not been installed in `/usr/lib'
libtool: install: warning: `libblkid.la' has not been installed in `/usr/lib'
libtool: install: warning: `libmount.la' has not been installed in `/usr/lib'
libtool: install: warning: `/sources/util-linux-2.24.1/libblkid.la' has not been installed in `/usr/lib'
libtool: install: warning: `/sources/util-linux-2.24.1/libuuid.la' has not been installed in `/usr/lib'
libtool: install: warning: `libmount.la' has not been installed in `/usr/lib'
libtool: install: warning: `/sources/util-linux-2.24.1/libblkid.la' has not been installed in `/usr/lib'
libtool: install: warning: `/sources/util-linux-2.24.1/libuuid.la' has not been installed in `/usr/lib'
libtool: install: warning: `libmount.la' has not been installed in `/usr/lib'
libtool: install: warning: `/sources/util-linux-2.24.1/libblkid.la' has not been installed in `/usr/lib'
libtool: install: warning: `/sources/util-linux-2.24.1/libuuid.la' has not been installed in `/usr/lib'
libtool: install: warning: `libmount.la' has not been installed in `/usr/lib'
libtool: install: warning: `/sources/util-linux-2.24.1/libblkid.la' has not been installed in `/usr/lib'
libtool: install: warning: `/sources/util-linux-2.24.1/libuuid.la' has not been installed in `/usr/lib'
libtool: install: warning: `libmount.la' has not been installed in `/usr/lib'
libtool: install: warning: `/sources/util-linux-2.24.1/libblkid.la' has not been installed in `/usr/lib'
libtool: install: warning: `/sources/util-linux-2.24.1/libuuid.la' has not been installed in `/usr/lib'
libtool: install: warning: `libblkid.la' has not been installed in `/usr/lib'
libtool: install: warning: `/sources/util-linux-2.24.1/libuuid.la' has not been installed in `/usr/lib'
libtool: install: warning: `libblkid.la' has not been installed in `/usr/lib'
libtool: install: warning: `/sources/util-linux-2.24.1/libuuid.la' has not been installed in `/usr/lib'
libtool: install: warning: `libblkid.la' has not been installed in `/usr/lib'
libtool: install: warning: `/sources/util-linux-2.24.1/libuuid.la' has not been installed in `/usr/lib'
libtool: install: warning: `libuuid.la' has not been installed in `/usr/lib'
libtool: install: warning: `libblkid.la' has not been installed in `/usr/lib'
libtool: install: warning: `/sources/util-linux-2.24.1/libuuid.la' has not been installed in `/usr/lib'
libtool: install: warning: `libblkid.la' has not been installed in `/usr/lib'
libtool: install: warning: `/sources/util-linux-2.24.1/libuuid.la' has not been installed in `/usr/lib'
libtool: install: warning: `libuuid.la' has not been installed in `/usr/lib'
libtool: install: warning: `libmount.la' has not been installed in `/usr/lib'
libtool: install: warning: `/sources/util-linux-2.24.1/libblkid.la' has not been installed in `/usr/lib'
libtool: install: warning: `libblkid.la' has not been installed in `/usr/lib'
libtool: install: warning: `/sources/util-linux-2.24.1/libuuid.la' has not been installed in `/usr/lib'
libtool: install: warning: `/sources/util-linux-2.24.1/libblkid.la' has not been installed in `/usr/lib'
libtool: install: warning: `libblkid.la' has not been installed in `/usr/lib'
libtool: install: warning: `/sources/util-linux-2.24.1/libuuid.la' has not been installed in `/usr/lib'
libtool: install: warning: `libuuid.la' has not been installed in `/usr/lib'
libtool: install: warning: `libblkid.la' has not been installed in `/usr/lib'
libtool: install: warning: `/sources/util-linux-2.24.1/libuuid.la' has not been installed in `/usr/lib'
libtool: install: warning: `libmount.la' has not been installed in `/usr/lib'
libtool: install: warning: `/sources/util-linux-2.24.1/libblkid.la' has not been installed in `/usr/lib'
libtool: install: warning: `/sources/util-linux-2.24.1/libuuid.la' has not been installed in `/usr/lib'
libtool: install: warning: `libmount.la' has not been installed in `/usr/lib'
libtool: install: warning: `/sources/util-linux-2.24.1/libblkid.la' has not been installed in `/usr/lib'
libtool: install: warning: `/sources/util-linux-2.24.1/libuuid.la' has not been installed in `/usr/lib'
libtool: install: warning: `libuuid.la' has not been installed in `/usr/lib'
libtool: install: warning: relinking `libblkid.la'
libtool: install: warning: relinking `libmount.la'
