ar: creating libdriver.a
ar: creating libbib.a
version.cpp:3:24: warning: 'Version_string' initialized and declared 'extern' [enabled by default]
 extern "C" const char *Version_string = "1.22.2";
                        ^
ar: creating libgroff.a
elapsed time: 0 seconds
Warning: line 28: Unable to locate font(s) URWGothicL-Demi,a010015l.pfb on the given path(s)
Warning: line 29: Unable to locate font(s) URWGothicL-DemiObli,a010035l.pfb on the given path(s)
Warning: line 30: Unable to locate font(s) URWGothicL-BookObli,a010033l.pfb on the given path(s)
Warning: line 31: Unable to locate font(s) URWGothicL-Book,a010013l.pfb on the given path(s)
Warning: line 32: Unable to locate font(s) URWBookmanL-DemiBold,b018015l.pfb on the given path(s)
Warning: line 33: Unable to locate font(s) URWBookmanL-DemiBoldItal,b018035l.pfb on the given path(s)
Warning: line 34: Unable to locate font(s) URWBookmanL-LighItal,b018032l.pfb on the given path(s)
Warning: line 35: Unable to locate font(s) URWBookmanL-Ligh,b018012l.pfb on the given path(s)
Copied grops font CB...
Copied grops font CBI...
Copied grops font CI...
Copied grops font CR...
Copied grops font EURO...
Copied grops font HB...
Copied grops font HBI...
Copied grops font HI...
Warning: line 44: Unable to locate font(s) NimbusSanL-BoldCond,n019044l.pfb on the given path(s)
Warning: line 45: Unable to locate font(s) NimbusSanL-BoldCondItal,n019064l.pfb on the given path(s)
Warning: line 46: Unable to locate font(s) NimbusSanL-ReguCondItal,n019063l.pfb on the given path(s)
Warning: line 47: Unable to locate font(s) NimbusSanL-ReguCond,n019043l.pfb on the given path(s)
Copied grops font HR...
Warning: line 49: Unable to locate font(s) CenturySchL-Bold,c059016l.pfb on the given path(s)
Warning: line 50: Unable to locate font(s) CenturySchL-BoldItal,c059036l.pfb on the given path(s)
Warning: line 51: Unable to locate font(s) CenturySchL-Ital,c059033l.pfb on the given path(s)
Warning: line 52: Unable to locate font(s) CenturySchL-Roma,c059013l.pfb on the given path(s)
Warning: line 53: Unable to locate font(s) URWPalladioL-Bold,p052004l.pfb on the given path(s)
Warning: line 54: Unable to locate font(s) URWPalladioL-BoldItal,p052024l.pfb on the given path(s)
Warning: line 55: Unable to locate font(s) URWPalladioL-Ital,p052023l.pfb on the given path(s)
Warning: line 56: Unable to locate font(s) URWPalladioL-Roma,p052003l.pfb on the given path(s)
Copied grops font S...
Copied grops font TB...
Copied grops font TBI...
Copied grops font TI...
Copied grops font TR...
Warning: line 62: Unable to locate font(s) URWChanceryL-MediItal,z003034l.pfb on the given path(s)
Copied grops font ZD...
elapsed time: 0 seconds
Warning: line 77: Failed to create groff font 'U-AB' by running afmtodit
Warning: line 78: Failed to create groff font 'U-ABI' by running afmtodit
Warning: line 79: Failed to create groff font 'U-AI' by running afmtodit
Warning: line 80: Failed to create groff font 'U-AR' by running afmtodit
Warning: line 81: Failed to create groff font 'U-BMB' by running afmtodit
Warning: line 82: Failed to create groff font 'U-BMBI' by running afmtodit
Warning: line 83: Failed to create groff font 'U-BMI' by running afmtodit
examples/mom-pdf.mom:6: can't transparently output node at top level
examples/mom-pdf.mom:6: can't transparently output node at top level
examples/mom-pdf.mom:6: can't transparently output node at top level
examples/mom-pdf.mom:6: can't transparently output node at top level
examples/mom-pdf.mom:6: can't transparently output node at top level
examples/mom-pdf.mom:6: can't transparently output node at top level
Warning: line 84: Failed to create groff font 'U-BMR' by running afmtodit
Warning: line 85: Failed to create groff font 'U-CB' by running afmtodit
examples/mom-pdf.mom:542: can't transparently output node at top level
examples/mom-pdf.mom:542: can't transparently output node at top level
examples/mom-pdf.mom:542: can't transparently output node at top level
examples/mom-pdf.mom:542: can't transparently output node at top level
Warning: line 86: Failed to create groff font 'U-CBI' by running afmtodit
Warning: line 87: Failed to create groff font 'U-CI' by running afmtodit
Warning: line 88: Failed to create groff font 'U-CR' by running afmtodit
elapsed time: 1 seconds
Warning: line 89: Failed to create groff font 'U-HB' by running afmtodit
Warning: line 90: Failed to create groff font 'U-HBI' by running afmtodit
Warning: line 91: Failed to create groff font 'U-HI' by running afmtodit
examples/sample_docs.mom:376: can't transparently output node at top level
Warning: line 92: Failed to create groff font 'U-HNB' by running afmtodit
Warning: line 93: Failed to create groff font 'U-HNBI' by running afmtodit
Warning: line 94: Failed to create groff font 'U-HNI' by running afmtodit
Warning: line 95: Failed to create groff font 'U-HNR' by running afmtodit
Warning: line 96: Failed to create groff font 'U-HR' by running afmtodit
Warning: line 97: Failed to create groff font 'U-NB' by running afmtodit
Warning: line 98: Failed to create groff font 'U-NBI' by running afmtodit
Warning: line 99: Failed to create groff font 'U-NI' by running afmtodit
Warning: line 100: Failed to create groff font 'U-NR' by running afmtodit
elapsed time: 0 seconds
Warning: line 101: Failed to create groff font 'U-PB' by running afmtodit
elapsed time: 1 seconds
Warning: line 102: Failed to create groff font 'U-PBI' by running afmtodit
Warning: line 103: Failed to create groff font 'U-PI' by running afmtodit
Warning: line 104: Failed to create groff font 'U-PR' by running afmtodit
Warning: line 105: Failed to create groff font 'U-S' by running afmtodit
elapsed time: 0 seconds
elapsed time: 0 seconds
Warning: line 106: Failed to create groff font 'U-TB' by running afmtodit
Warning: line 107: Failed to create groff font 'U-TBI' by running afmtodit
elapsed time: 0 seconds
Warning: line 108: Failed to create groff font 'U-TI' by running afmtodit
Warning: line 109: Failed to create groff font 'U-TR' by running afmtodit
Warning: line 110: Failed to create groff font 'U-ZCMI' by running afmtodit
examples/col_rowspan_colors.roff:77: cols was even (10), increased by one col to 11.
Warning: line 111: Failed to create groff font 'U-ZD' by running afmtodit
elapsed time: 0 seconds
Tue Sep  9 19:29:58 IST 2014 ***
elapsed time: 1 seconds
listing font `AB'...
listing font `AB'...
elapsed time: 0 seconds
listing font `ABI'...
listing font `ABI'...
listing font `AI'...
listing font `AI'...
listing font `AR'...
listing font `AR'...
listing font `BMB'...
listing font `BMB'...
listing font `BMBI'...
listing font `BMBI'...
listing font `BMI'...
listing font `BMI'...
listing font `BMR'...
listing font `BMR'...
listing font `CB'...
listing font `CB'...
listing font `CBI'...
listing font `CBI'...
listing font `CI'...
listing font `CI'...
listing font `CR'...
listing font `CR'...
listing font `EURO'...
listing font `EURO'...
listing font `HB'...
listing font `HB'...
listing font `HBI'...
listing font `HBI'...
listing font `HI'...
listing font `HI'...
listing font `HNB'...
listing font `HNB'...
listing font `HNBI'...
listing font `HNBI'...
listing font `HNI'...
listing font `HNI'...
listing font `HNR'...
listing font `HNR'...
listing font `HR'...
listing font `HR'...
listing font `NB'...
listing font `NBI'...
listing font `NB'...
listing font `NI'...
listing font `NBI'...
listing font `NR'...
listing font `NI'...
listing font `PB'...
listing font `NR'...
listing font `PBI'...
listing font `PB'...
listing font `PI'...
listing font `PBI'...
listing font `PR'...
listing font `PI'...
listing font `S'...
listing font `PR'...
listing font `SS'...
listing font `S'...
listing font `TB'...
listing font `SS'...
listing font `TBI'...
listing font `TB'...
listing font `TI'...
listing font `TBI'...
listing font `TR'...
listing font `ZCMI'...
listing font `TI'...
listing font `ZD'...
listing font `TR'...
listing font `ZDR'...
listing font `ZCMI'...
elapsed time: 5 seconds
Tue Sep  9 19:30:03 IST 2014 ***
listing font `ZD'...
listing font `ZDR'...
elapsed time: 6 seconds
Tue Sep  9 19:30:04 IST 2014 ***
