Making install in doc
make[1]: Entering directory '/sources/mpfr-3.1.2/doc'
make[2]: Entering directory '/sources/mpfr-3.1.2/doc'
make[2]: Nothing to be done for 'install-exec-am'.
 /tools/bin/mkdir -p '/usr/share/doc/mpfr-3.1.2'
 /tools/bin/install -c -m 644 FAQ.html '/usr/share/doc/mpfr-3.1.2'
 /tools/bin/mkdir -p '/usr/share/info'
 /tools/bin/install -c -m 644 ./mpfr.info '/usr/share/info'
 install-info --info-dir='/usr/share/info' '/usr/share/info/mpfr.info'
make[2]: Leaving directory '/sources/mpfr-3.1.2/doc'
make[1]: Leaving directory '/sources/mpfr-3.1.2/doc'
Making install in src
make[1]: Entering directory '/sources/mpfr-3.1.2/src'
make  install-am
make[2]: Entering directory '/sources/mpfr-3.1.2/src'
make[3]: Entering directory '/sources/mpfr-3.1.2/src'
 /tools/bin/mkdir -p '/usr/lib'
 /bin/sh ../libtool   --mode=install /tools/bin/install -c   libmpfr.la '/usr/lib'
libtool: install: /tools/bin/install -c .libs/libmpfr.so.4.1.2 /usr/lib/libmpfr.so.4.1.2
libtool: install: (cd /usr/lib && { ln -s -f libmpfr.so.4.1.2 libmpfr.so.4 || { rm -f libmpfr.so.4 && ln -s libmpfr.so.4.1.2 libmpfr.so.4; }; })
libtool: install: (cd /usr/lib && { ln -s -f libmpfr.so.4.1.2 libmpfr.so || { rm -f libmpfr.so && ln -s libmpfr.so.4.1.2 libmpfr.so; }; })
libtool: install: /tools/bin/install -c .libs/libmpfr.lai /usr/lib/libmpfr.la
libtool: install: /tools/bin/install -c .libs/libmpfr.a /usr/lib/libmpfr.a
libtool: install: chmod 644 /usr/lib/libmpfr.a
libtool: install: ranlib /usr/lib/libmpfr.a
libtool: finish: PATH="/bin:/usr/bin:/sbin:/usr/sbin:/tools/bin:/sbin" ldconfig -n /usr/lib
----------------------------------------------------------------------
Libraries have been installed in:
   /usr/lib

If you ever happen to want to link against installed libraries
in a given directory, LIBDIR, you must either use libtool, and
specify the full pathname of the library, or use the `-LLIBDIR'
flag during linking and do at least one of the following:
   - add LIBDIR to the `LD_LIBRARY_PATH' environment variable
     during execution
   - add LIBDIR to the `LD_RUN_PATH' environment variable
     during linking
   - use the `-Wl,-rpath -Wl,LIBDIR' linker flag
   - have your system administrator add LIBDIR to `/etc/ld.so.conf'

See any operating system documentation about shared libraries for
more information, such as the ld(1) and ld.so(8) manual pages.
----------------------------------------------------------------------
 /tools/bin/mkdir -p '/usr/include'
 /tools/bin/install -c -m 644 mpfr.h mpf2mpfr.h '/usr/include'
make[3]: Leaving directory '/sources/mpfr-3.1.2/src'
make[2]: Leaving directory '/sources/mpfr-3.1.2/src'
make[1]: Leaving directory '/sources/mpfr-3.1.2/src'
Making install in tests
make[1]: Entering directory '/sources/mpfr-3.1.2/tests'
make[2]: Entering directory '/sources/mpfr-3.1.2/tests'
make[2]: Nothing to be done for 'install-exec-am'.
make[2]: Nothing to be done for 'install-data-am'.
make[2]: Leaving directory '/sources/mpfr-3.1.2/tests'
make[1]: Leaving directory '/sources/mpfr-3.1.2/tests'
Making install in tune
make[1]: Entering directory '/sources/mpfr-3.1.2/tune'
make[2]: Entering directory '/sources/mpfr-3.1.2/tune'
make[2]: Nothing to be done for 'install-exec-am'.
make[2]: Nothing to be done for 'install-data-am'.
make[2]: Leaving directory '/sources/mpfr-3.1.2/tune'
make[1]: Leaving directory '/sources/mpfr-3.1.2/tune'
make[1]: Entering directory '/sources/mpfr-3.1.2'
make[2]: Entering directory '/sources/mpfr-3.1.2'
make[2]: Nothing to be done for 'install-exec-am'.
 /tools/bin/mkdir -p '/usr/share/doc/mpfr-3.1.2'
 /tools/bin/mkdir -p '/usr/share/doc/mpfr-3.1.2/examples'
 /tools/bin/install -c -m 644  examples/ReadMe examples/divworst.c examples/rndo-add.c examples/sample.c examples/version.c '/usr/share/doc/mpfr-3.1.2/examples'
 /tools/bin/install -c -m 644  AUTHORS BUGS COPYING COPYING.LESSER NEWS TODO '/usr/share/doc/mpfr-3.1.2/.'
make[2]: Leaving directory '/sources/mpfr-3.1.2'
make[1]: Leaving directory '/sources/mpfr-3.1.2'
