make: Entering directory `/mnt/lfs/sources/binutils-build/ld'
(echo "/* This file is automatically generated.  DO NOT EDIT! */";\
	for f in `echo " " eelf_i386.o ei386linux.o eelf32_x86_64.o "" \
	 | sed -e 's/ e/ ld/g' -e 's/ ld/ /g' -e 's/[.]o//g'`; do \
	    echo "extern ld_emulation_xfer_type ld_${f}_emulation;"; \
	done;\
	echo "";\
	echo "#define EMULATION_LIST \\";\
	for f in `echo " " eelf_i386.o ei386linux.o eelf32_x86_64.o "" \
	 | sed -e 's/ e/ ld/g' -e 's/ ld/ /g' -e 's/[.]o//g'`; do \
	    echo "  &ld_${f}_emulation, \\"; \
	done;\
	echo "  0") >ldemul-tmp.h
mv ldemul-tmp.h ldemul-list.h
make  all-recursive
make[1]: Entering directory `/mnt/lfs/sources/binutils-build/ld'
Making all in po
make[2]: Entering directory `/mnt/lfs/sources/binutils-build/ld/po'
make[2]: Nothing to be done for `all'.
make[2]: Leaving directory `/mnt/lfs/sources/binutils-build/ld/po'
make[2]: Entering directory `/mnt/lfs/sources/binutils-build/ld'
/bin/sh ./libtool  --tag=CC   --mode=compile i686-lfs-linux-gnu-gcc -DHAVE_CONFIG_H -I. -I../../binutils-2.24/ld  -I. -I../../binutils-2.24/ld -I../bfd -I../../binutils-2.24/ld/../bfd -I../../binutils-2.24/ld/../include  -g -O2 -DENABLE_PLUGINS -DLOCALEDIR="\"/tools/share/locale\""  -g -O2 -g -O2 -MT libldtestplug_la-testplug.lo -MD -MP -MF .deps/libldtestplug_la-testplug.Tpo -c -o libldtestplug_la-testplug.lo `test -f 'testplug.c' || echo '../../binutils-2.24/ld/'`testplug.c
libtool: compile:  i686-lfs-linux-gnu-gcc -DHAVE_CONFIG_H -I. -I../../binutils-2.24/ld -I. -I../../binutils-2.24/ld -I../bfd -I../../binutils-2.24/ld/../bfd -I../../binutils-2.24/ld/../include -g -O2 -DENABLE_PLUGINS -DLOCALEDIR=\"/tools/share/locale\" -g -O2 -g -O2 -MT libldtestplug_la-testplug.lo -MD -MP -MF .deps/libldtestplug_la-testplug.Tpo -c ../../binutils-2.24/ld/testplug.c  -fPIC -DPIC -o .libs/libldtestplug_la-testplug.o
libtool: compile:  i686-lfs-linux-gnu-gcc -DHAVE_CONFIG_H -I. -I../../binutils-2.24/ld -I. -I../../binutils-2.24/ld -I../bfd -I../../binutils-2.24/ld/../bfd -I../../binutils-2.24/ld/../include -g -O2 -DENABLE_PLUGINS -DLOCALEDIR=\"/tools/share/locale\" -g -O2 -g -O2 -MT libldtestplug_la-testplug.lo -MD -MP -MF .deps/libldtestplug_la-testplug.Tpo -c ../../binutils-2.24/ld/testplug.c -o libldtestplug_la-testplug.o >/dev/null 2>&1
mv -f .deps/libldtestplug_la-testplug.Tpo .deps/libldtestplug_la-testplug.Plo
/bin/sh ./libtool --tag=CC   --mode=link i686-lfs-linux-gnu-gcc -g -O2 -g -O2 -no-undefined -rpath /nowhere -static-libstdc++ -static-libgcc  -o libldtestplug.la  libldtestplug_la-testplug.lo  -ldl 
libtool: link: i686-lfs-linux-gnu-gcc -shared  .libs/libldtestplug_la-testplug.o   -ldl    -Wl,-soname -Wl,libldtestplug.so.0 -o .libs/libldtestplug.so.0.0.0
libtool: link: (cd ".libs" && rm -f "libldtestplug.so.0" && ln -s "libldtestplug.so.0.0.0" "libldtestplug.so.0")
libtool: link: (cd ".libs" && rm -f "libldtestplug.so" && ln -s "libldtestplug.so.0.0.0" "libldtestplug.so")
libtool: link: i686-lfs-linux-gnu-ar rc .libs/libldtestplug.a  libldtestplug_la-testplug.o
libtool: link: i686-lfs-linux-gnu-ranlib .libs/libldtestplug.a
libtool: link: ( cd ".libs" && rm -f "libldtestplug.la" && ln -s "../libldtestplug.la" "libldtestplug.la" )
i686-lfs-linux-gnu-gcc -DHAVE_CONFIG_H -I. -I../../binutils-2.24/ld  -I. -I../../binutils-2.24/ld -I../bfd -I../../binutils-2.24/ld/../bfd -I../../binutils-2.24/ld/../include  -g -O2 -DENABLE_PLUGINS -DLOCALEDIR="\"/tools/share/locale\""  -W -Wall -Wstrict-prototypes -Wmissing-prototypes -Wshadow -Werror -g -O2 -MT ldgram.o -MD -MP -MF .deps/ldgram.Tpo -c -o ldgram.o `test -f ldgram.c || echo ../../binutils-2.24/ld/`ldgram.c -Wno-error
mv -f .deps/ldgram.Tpo .deps/ldgram.Po
i686-lfs-linux-gnu-gcc -DHAVE_CONFIG_H -I. -I../../binutils-2.24/ld  -I. -I../../binutils-2.24/ld -I../bfd -I../../binutils-2.24/ld/../bfd -I../../binutils-2.24/ld/../include  -g -O2 -DENABLE_PLUGINS -DLOCALEDIR="\"/tools/share/locale\""  -W -Wall -Wstrict-prototypes -Wmissing-prototypes -Wshadow -Werror -g -O2 -MT ldlex-wrapper.o -MD -MP -MF .deps/ldlex-wrapper.Tpo -c -o ldlex-wrapper.o ../../binutils-2.24/ld/ldlex-wrapper.c -Wno-error
mv -f .deps/ldlex-wrapper.Tpo .deps/ldlex-wrapper.Po
i686-lfs-linux-gnu-gcc -DHAVE_CONFIG_H -I. -I../../binutils-2.24/ld  -I. -I../../binutils-2.24/ld -I../bfd -I../../binutils-2.24/ld/../bfd -I../../binutils-2.24/ld/../include  -g -O2 -DENABLE_PLUGINS -DLOCALEDIR="\"/tools/share/locale\""  -W -Wall -Wstrict-prototypes -Wmissing-prototypes -Wshadow -Werror -g -O2 -MT lexsup.o -MD -MP -MF .deps/lexsup.Tpo -c -o lexsup.o ../../binutils-2.24/ld/lexsup.c
mv -f .deps/lexsup.Tpo .deps/lexsup.Po
i686-lfs-linux-gnu-gcc -DHAVE_CONFIG_H -I. -I../../binutils-2.24/ld  -I. -I../../binutils-2.24/ld -I../bfd -I../../binutils-2.24/ld/../bfd -I../../binutils-2.24/ld/../include  -g -O2 -DENABLE_PLUGINS -DLOCALEDIR="\"/tools/share/locale\""  -W -Wall -Wstrict-prototypes -Wmissing-prototypes -Wshadow -Werror -g -O2 -MT ldlang.o -MD -MP -MF .deps/ldlang.Tpo -c -o ldlang.o ../../binutils-2.24/ld/ldlang.c
mv -f .deps/ldlang.Tpo .deps/ldlang.Po
i686-lfs-linux-gnu-gcc -DHAVE_CONFIG_H -I. -I../../binutils-2.24/ld  -I. -I../../binutils-2.24/ld -I../bfd -I../../binutils-2.24/ld/../bfd -I../../binutils-2.24/ld/../include  -g -O2 -DENABLE_PLUGINS -DLOCALEDIR="\"/tools/share/locale\""  -W -Wall -Wstrict-prototypes -Wmissing-prototypes -Wshadow -Werror -g -O2 -MT mri.o -MD -MP -MF .deps/mri.Tpo -c -o mri.o ../../binutils-2.24/ld/mri.c
mv -f .deps/mri.Tpo .deps/mri.Po
i686-lfs-linux-gnu-gcc -DHAVE_CONFIG_H -I. -I../../binutils-2.24/ld  -I. -I../../binutils-2.24/ld -I../bfd -I../../binutils-2.24/ld/../bfd -I../../binutils-2.24/ld/../include  -g -O2 -DENABLE_PLUGINS -DLOCALEDIR="\"/tools/share/locale\""  -W -Wall -Wstrict-prototypes -Wmissing-prototypes -Wshadow -Werror -g -O2 -MT ldctor.o -MD -MP -MF .deps/ldctor.Tpo -c -o ldctor.o ../../binutils-2.24/ld/ldctor.c
mv -f .deps/ldctor.Tpo .deps/ldctor.Po
i686-lfs-linux-gnu-gcc -DHAVE_CONFIG_H -I. -I../../binutils-2.24/ld  -I. -I../../binutils-2.24/ld -I../bfd -I../../binutils-2.24/ld/../bfd -I../../binutils-2.24/ld/../include  -g -O2 -DENABLE_PLUGINS -DLOCALEDIR="\"/tools/share/locale\""  -W -Wall -Wstrict-prototypes -Wmissing-prototypes -Wshadow -Werror -g -O2 -MT ldmain.o -MD -MP -MF .deps/ldmain.Tpo -c -o ldmain.o \
	  -DDEFAULT_EMULATION='"elf_i386"' \
	  -DBINDIR='"/tools/bin"' -DTOOLBINDIR='"/tools/i686-pc-linux-gnu/bin"' \
	  -DTARGET='"i686-pc-linux-gnu"' -DTARGET_SYSTEM_ROOT=\"/tools/i686-pc-linux-gnu/sys-root\" -DTARGET_SYSTEM_ROOT_RELOCATABLE \
	  ../../binutils-2.24/ld/ldmain.c
mv -f .deps/ldmain.Tpo .deps/ldmain.Po
i686-lfs-linux-gnu-gcc -DHAVE_CONFIG_H -I. -I../../binutils-2.24/ld  -I. -I../../binutils-2.24/ld -I../bfd -I../../binutils-2.24/ld/../bfd -I../../binutils-2.24/ld/../include  -g -O2 -DENABLE_PLUGINS -DLOCALEDIR="\"/tools/share/locale\""  -W -Wall -Wstrict-prototypes -Wmissing-prototypes -Wshadow -Werror -g -O2 -MT ldwrite.o -MD -MP -MF .deps/ldwrite.Tpo -c -o ldwrite.o ../../binutils-2.24/ld/ldwrite.c
mv -f .deps/ldwrite.Tpo .deps/ldwrite.Po
i686-lfs-linux-gnu-gcc -DHAVE_CONFIG_H -I. -I../../binutils-2.24/ld  -I. -I../../binutils-2.24/ld -I../bfd -I../../binutils-2.24/ld/../bfd -I../../binutils-2.24/ld/../include  -g -O2 -DENABLE_PLUGINS -DLOCALEDIR="\"/tools/share/locale\""  -W -Wall -Wstrict-prototypes -Wmissing-prototypes -Wshadow -Werror -g -O2 -MT ldexp.o -MD -MP -MF .deps/ldexp.Tpo -c -o ldexp.o ../../binutils-2.24/ld/ldexp.c
mv -f .deps/ldexp.Tpo .deps/ldexp.Po
i686-lfs-linux-gnu-gcc -DHAVE_CONFIG_H -I. -I../../binutils-2.24/ld  -I. -I../../binutils-2.24/ld -I../bfd -I../../binutils-2.24/ld/../bfd -I../../binutils-2.24/ld/../include  -g -O2 -DENABLE_PLUGINS -DLOCALEDIR="\"/tools/share/locale\""  -W -Wall -Wstrict-prototypes -Wmissing-prototypes -Wshadow -Werror -g -O2 -MT ldemul.o -MD -MP -MF .deps/ldemul.Tpo -c -o ldemul.o ../../binutils-2.24/ld/ldemul.c
mv -f .deps/ldemul.Tpo .deps/ldemul.Po
i686-lfs-linux-gnu-gcc -DHAVE_CONFIG_H -I. -I../../binutils-2.24/ld  -I. -I../../binutils-2.24/ld -I../bfd -I../../binutils-2.24/ld/../bfd -I../../binutils-2.24/ld/../include  -g -O2 -DENABLE_PLUGINS -DLOCALEDIR="\"/tools/share/locale\""  -W -Wall -Wstrict-prototypes -Wmissing-prototypes -Wshadow -Werror -g -O2 -MT ldver.o -MD -MP -MF .deps/ldver.Tpo -c -o ldver.o ../../binutils-2.24/ld/ldver.c
mv -f .deps/ldver.Tpo .deps/ldver.Po
i686-lfs-linux-gnu-gcc -DHAVE_CONFIG_H -I. -I../../binutils-2.24/ld  -I. -I../../binutils-2.24/ld -I../bfd -I../../binutils-2.24/ld/../bfd -I../../binutils-2.24/ld/../include  -g -O2 -DENABLE_PLUGINS -DLOCALEDIR="\"/tools/share/locale\""  -W -Wall -Wstrict-prototypes -Wmissing-prototypes -Wshadow -Werror -g -O2 -MT ldmisc.o -MD -MP -MF .deps/ldmisc.Tpo -c -o ldmisc.o ../../binutils-2.24/ld/ldmisc.c
mv -f .deps/ldmisc.Tpo .deps/ldmisc.Po
i686-lfs-linux-gnu-gcc -DHAVE_CONFIG_H -I. -I../../binutils-2.24/ld  -I. -I../../binutils-2.24/ld -I../bfd -I../../binutils-2.24/ld/../bfd -I../../binutils-2.24/ld/../include  -g -O2 -DENABLE_PLUGINS -DLOCALEDIR="\"/tools/share/locale\""  -W -Wall -Wstrict-prototypes -Wmissing-prototypes -Wshadow -Werror -g -O2 -MT ldfile.o -MD -MP -MF .deps/ldfile.Tpo -c -o ldfile.o \
	-DSCRIPTDIR='"/tools/i686-pc-linux-gnu/lib"' -DBINDIR='"/tools/bin"' -DTOOLBINDIR='"/tools/i686-pc-linux-gnu/bin"' \
	 ../../binutils-2.24/ld/ldfile.c
mv -f .deps/ldfile.Tpo .deps/ldfile.Po
i686-lfs-linux-gnu-gcc -DHAVE_CONFIG_H -I. -I../../binutils-2.24/ld  -I. -I../../binutils-2.24/ld -I../bfd -I../../binutils-2.24/ld/../bfd -I../../binutils-2.24/ld/../include  -g -O2 -DENABLE_PLUGINS -DLOCALEDIR="\"/tools/share/locale\""  -W -Wall -Wstrict-prototypes -Wmissing-prototypes -Wshadow -Werror -g -O2 -MT ldcref.o -MD -MP -MF .deps/ldcref.Tpo -c -o ldcref.o ../../binutils-2.24/ld/ldcref.c
mv -f .deps/ldcref.Tpo .deps/ldcref.Po
i686-lfs-linux-gnu-gcc -DHAVE_CONFIG_H -I. -I../../binutils-2.24/ld  -I. -I../../binutils-2.24/ld -I../bfd -I../../binutils-2.24/ld/../bfd -I../../binutils-2.24/ld/../include  -g -O2 -DENABLE_PLUGINS -DLOCALEDIR="\"/tools/share/locale\""  -W -Wall -Wstrict-prototypes -Wmissing-prototypes -Wshadow -Werror -g -O2 -MT plugin.o -MD -MP -MF .deps/plugin.Tpo -c -o plugin.o ../../binutils-2.24/ld/plugin.c
mv -f .deps/plugin.Tpo .deps/plugin.Po
LIB_PATH='/usr/lib:/lib' /bin/sh ../../binutils-2.24/ld/genscripts.sh "../../binutils-2.24/ld" "/tools/lib" "/tools" "/tools" i686-pc-linux-gnu i686-pc-linux-gnu i686-pc-linux-gnu "elf_i386 elf32_x86_64" "/usr/local/lib /lib /usr/lib" yes yes elf_i386 "i686-pc-linux-gnu"
i686-lfs-linux-gnu-gcc -DHAVE_CONFIG_H -I. -I../../binutils-2.24/ld  -I. -I../../binutils-2.24/ld -I../bfd -I../../binutils-2.24/ld/../bfd -I../../binutils-2.24/ld/../include  -g -O2 -DENABLE_PLUGINS -DLOCALEDIR="\"/tools/share/locale\""  -W -Wall -Wstrict-prototypes -Wmissing-prototypes -Wshadow -Werror -g -O2 -MT eelf_i386.o -MD -MP -MF .deps/eelf_i386.Tpo -c -o eelf_i386.o eelf_i386.c
mv -f .deps/eelf_i386.Tpo .deps/eelf_i386.Po
LIB_PATH='/usr/lib:/lib' /bin/sh ../../binutils-2.24/ld/genscripts.sh "../../binutils-2.24/ld" "/tools/lib" "/tools" "/tools" i686-pc-linux-gnu i686-pc-linux-gnu i686-pc-linux-gnu "elf_i386 elf32_x86_64" "/usr/local/lib /lib /usr/lib" yes yes i386linux "i686-pc-linux-gnuaout"
i686-lfs-linux-gnu-gcc -DHAVE_CONFIG_H -I. -I../../binutils-2.24/ld  -I. -I../../binutils-2.24/ld -I../bfd -I../../binutils-2.24/ld/../bfd -I../../binutils-2.24/ld/../include  -g -O2 -DENABLE_PLUGINS -DLOCALEDIR="\"/tools/share/locale\""  -W -Wall -Wstrict-prototypes -Wmissing-prototypes -Wshadow -Werror -g -O2 -MT ei386linux.o -MD -MP -MF .deps/ei386linux.Tpo -c -o ei386linux.o ei386linux.c
mv -f .deps/ei386linux.Tpo .deps/ei386linux.Po
LIB_PATH='/usr/lib:/lib' /bin/sh ../../binutils-2.24/ld/genscripts.sh "../../binutils-2.24/ld" "/tools/lib" "/tools" "/tools" i686-pc-linux-gnu i686-pc-linux-gnu i686-pc-linux-gnu "elf_i386 elf32_x86_64" "/usr/local/lib /lib /usr/lib" yes yes elf32_x86_64 "i686-pc-linux-gnu"
i686-lfs-linux-gnu-gcc -DHAVE_CONFIG_H -I. -I../../binutils-2.24/ld  -I. -I../../binutils-2.24/ld -I../bfd -I../../binutils-2.24/ld/../bfd -I../../binutils-2.24/ld/../include  -g -O2 -DENABLE_PLUGINS -DLOCALEDIR="\"/tools/share/locale\""  -W -Wall -Wstrict-prototypes -Wmissing-prototypes -Wshadow -Werror -g -O2 -MT eelf32_x86_64.o -MD -MP -MF .deps/eelf32_x86_64.Tpo -c -o eelf32_x86_64.o eelf32_x86_64.c
mv -f .deps/eelf32_x86_64.Tpo .deps/eelf32_x86_64.Po
/bin/sh ./libtool --tag=CC   --mode=link i686-lfs-linux-gnu-gcc -W -Wall -Wstrict-prototypes -Wmissing-prototypes -Wshadow -Werror -g -O2  -static-libstdc++ -static-libgcc  -o ld-new ldgram.o ldlex-wrapper.o lexsup.o ldlang.o mri.o ldctor.o ldmain.o ldwrite.o ldexp.o ldemul.o ldver.o ldmisc.o ldfile.o ldcref.o plugin.o eelf_i386.o ei386linux.o eelf32_x86_64.o  ../bfd/libbfd.la ../libiberty/libiberty.a  -ldl 
libtool: link: i686-lfs-linux-gnu-gcc -W -Wall -Wstrict-prototypes -Wmissing-prototypes -Wshadow -Werror -g -O2 -static-libstdc++ -static-libgcc -o ld-new ldgram.o ldlex-wrapper.o lexsup.o ldlang.o mri.o ldctor.o ldmain.o ldwrite.o ldexp.o ldemul.o ldver.o ldmisc.o ldfile.o ldcref.o plugin.o eelf_i386.o ei386linux.o eelf32_x86_64.o  ../bfd/.libs/libbfd.a ../libiberty/libiberty.a -ldl
make[2]: Leaving directory `/mnt/lfs/sources/binutils-build/ld'
make[1]: Leaving directory `/mnt/lfs/sources/binutils-build/ld'
make: Leaving directory `/mnt/lfs/sources/binutils-build/ld'
