This file contains any messages produced by compilers while
running configure, to aid debugging if configure makes a mistake.

It was created by GNU DejaGnu configure 1.5.1, which was
generated by GNU Autoconf 2.68.  Invocation command line was

  $ ./configure --prefix=/tools

## --------- ##
## Platform. ##
## --------- ##

hostname = lfs
uname -m = i686
uname -r = 3.11.0-26-generic
uname -s = Linux
uname -v = #45-Ubuntu SMP Tue Jul 15 04:04:15 UTC 2014

/usr/bin/uname -p = unknown
/bin/uname -X     = unknown

/bin/arch              = unknown
/usr/bin/arch -k       = unknown
/usr/convex/getsysinfo = unknown
/usr/bin/hostinfo      = unknown
/bin/machine           = unknown
/usr/bin/oslevel       = unknown
/bin/universe          = unknown

PATH: /tools/bin
PATH: /bin
PATH: /usr/bin


## ----------- ##
## Core tests. ##
## ----------- ##

configure:1879: checking for a BSD-compatible install
configure:1947: result: /usr/bin/install -c
configure:1958: checking whether build environment is sane
configure:2013: result: yes
configure:2051: WARNING: 'missing' script is too old or missing
configure:2164: checking for a thread-safe mkdir -p
configure:2203: result: /bin/mkdir -p
configure:2210: checking for gawk
configure:2226: found /usr/bin/gawk
configure:2237: result: gawk
configure:2248: checking whether make sets $(MAKE)
configure:2270: result: yes
configure:2299: checking whether make supports nested variables
configure:2316: result: yes
configure:2396: checking whether to enable maintainer-specific portions of Makefiles
configure:2405: result: no
configure:2418: checking whether make sets $(MAKE)
configure:2440: result: yes
configure:2498: checking for gcc
configure:2514: found /tools/bin/gcc
configure:2525: result: gcc
configure:2754: checking for C compiler version
configure:2763: gcc --version >&5
gcc (GCC) 4.8.2
Copyright (C) 2013 Free Software Foundation, Inc.
This is free software; see the source for copying conditions.  There is NO
warranty; not even for MERCHANTABILITY or FITNESS FOR A PARTICULAR PURPOSE.

configure:2774: $? = 0
configure:2763: gcc -v >&5
Using built-in specs.
COLLECT_GCC=gcc
COLLECT_LTO_WRAPPER=/mnt/lfs/tools/bin/../libexec/gcc/i686-pc-linux-gnu/4.8.2/lto-wrapper
Target: i686-pc-linux-gnu
Configured with: ../gcc-4.8.2/configure --prefix=/tools --with-local-prefix=/tools --with-native-system-header-dir=/tools/include --enable-clocale=gnu --enable-shared --enable-threads=posix --enable-__cxa_atexit --enable-languages=c,c++ --disable-libstdcxx-pch --disable-multilib --disable-bootstrap --disable-libgomp --with-mpfr-include=/mnt/lfs/sources/gcc-build/../gcc-4.8.2/mpfr/src --with-mpfr-lib=/mnt/lfs/sources/gcc-build/mpfr/src/.libs
Thread model: posix
gcc version 4.8.2 (GCC) 
configure:2774: $? = 0
configure:2763: gcc -V >&5
gcc: error: unrecognized command line option '-V'
gcc: fatal error: no input files
compilation terminated.
configure:2774: $? = 1
configure:2763: gcc -qversion >&5
gcc: error: unrecognized command line option '-qversion'
gcc: fatal error: no input files
compilation terminated.
configure:2774: $? = 1
configure:2794: checking whether the C compiler works
configure:2816: gcc    conftest.c  >&5
configure:2820: $? = 0
configure:2868: result: yes
configure:2871: checking for C compiler default output file name
configure:2873: result: a.out
configure:2879: checking for suffix of executables
configure:2886: gcc -o conftest    conftest.c  >&5
configure:2890: $? = 0
configure:2912: result: 
configure:2934: checking whether we are cross compiling
configure:2942: gcc -o conftest    conftest.c  >&5
configure:2946: $? = 0
configure:2953: ./conftest
configure:2957: $? = 0
configure:2972: result: no
configure:2977: checking for suffix of object files
configure:2999: gcc -c   conftest.c >&5
configure:3003: $? = 0
configure:3024: result: o
configure:3028: checking whether we are using the GNU C compiler
configure:3047: gcc -c   conftest.c >&5
configure:3047: $? = 0
configure:3056: result: yes
configure:3065: checking whether gcc accepts -g
configure:3085: gcc -c -g  conftest.c >&5
configure:3085: $? = 0
configure:3126: result: yes
configure:3143: checking for gcc option to accept ISO C89
configure:3207: gcc  -c -g -O2  conftest.c >&5
configure:3207: $? = 0
configure:3220: result: none needed
configure:3251: checking for style of include used by make
configure:3279: result: GNU
configure:3305: checking dependency style of gcc
configure:3416: result: gcc3
configure:3489: checking for g++
configure:3505: found /tools/bin/g++
configure:3516: result: g++
configure:3543: checking for C++ compiler version
configure:3552: g++ --version >&5
g++ (GCC) 4.8.2
Copyright (C) 2013 Free Software Foundation, Inc.
This is free software; see the source for copying conditions.  There is NO
warranty; not even for MERCHANTABILITY or FITNESS FOR A PARTICULAR PURPOSE.

configure:3563: $? = 0
configure:3552: g++ -v >&5
Using built-in specs.
COLLECT_GCC=g++
COLLECT_LTO_WRAPPER=/mnt/lfs/tools/bin/../libexec/gcc/i686-pc-linux-gnu/4.8.2/lto-wrapper
Target: i686-pc-linux-gnu
Configured with: ../gcc-4.8.2/configure --prefix=/tools --with-local-prefix=/tools --with-native-system-header-dir=/tools/include --enable-clocale=gnu --enable-shared --enable-threads=posix --enable-__cxa_atexit --enable-languages=c,c++ --disable-libstdcxx-pch --disable-multilib --disable-bootstrap --disable-libgomp --with-mpfr-include=/mnt/lfs/sources/gcc-build/../gcc-4.8.2/mpfr/src --with-mpfr-lib=/mnt/lfs/sources/gcc-build/mpfr/src/.libs
Thread model: posix
gcc version 4.8.2 (GCC) 
configure:3563: $? = 0
configure:3552: g++ -V >&5
g++: error: unrecognized command line option '-V'
g++: fatal error: no input files
compilation terminated.
configure:3563: $? = 1
configure:3552: g++ -qversion >&5
g++: error: unrecognized command line option '-qversion'
g++: fatal error: no input files
compilation terminated.
configure:3563: $? = 1
configure:3567: checking whether we are using the GNU C++ compiler
configure:3586: g++ -c   conftest.cpp >&5
configure:3586: $? = 0
configure:3595: result: yes
configure:3604: checking whether g++ accepts -g
configure:3624: g++ -c -g  conftest.cpp >&5
configure:3624: $? = 0
configure:3665: result: yes
configure:3690: checking dependency style of g++
configure:3801: result: gcc3
configure:3821: checking for docbook2html
configure:3852: result: false
configure:3862: checking for docbook2rtf
configure:3893: result: false
configure:3903: checking for docbook2pdf
configure:3934: result: false
configure:3944: checking for docbook2ps
configure:3975: result: false
configure:3985: checking for docbook2x-texi
configure:4016: result: false
configure:4027: checking for expect
configure:4045: found /tools/bin/expect
configure:4057: result: /tools/bin/expect
configure:4069: checking Tcl version 8.3 or greater
configure:4082: result: yes
configure:4239: checking that generated files are newer than configure
configure:4245: result: done
configure:4276: creating ./config.status

## ---------------------- ##
## Running config.status. ##
## ---------------------- ##

This file was extended by GNU DejaGnu config.status 1.5.1, which was
generated by GNU Autoconf 2.68.  Invocation command line was

  CONFIG_FILES    = 
  CONFIG_HEADERS  = 
  CONFIG_LINKS    = 
  CONFIG_COMMANDS = 
  $ ./config.status 

on lfs

config.status:802: creating Makefile
config.status:974: executing depfiles commands

## ---------------- ##
## Cache variables. ##
## ---------------- ##

ac_cv_c_compiler_gnu=yes
ac_cv_cxx_compiler_gnu=yes
ac_cv_dg_tcl_modern=yes
ac_cv_env_CCC_set=
ac_cv_env_CCC_value=
ac_cv_env_CC_set=
ac_cv_env_CC_value=
ac_cv_env_CFLAGS_set=
ac_cv_env_CFLAGS_value=
ac_cv_env_CPPFLAGS_set=
ac_cv_env_CPPFLAGS_value=
ac_cv_env_CXXFLAGS_set=
ac_cv_env_CXXFLAGS_value=
ac_cv_env_CXX_set=
ac_cv_env_CXX_value=
ac_cv_env_LDFLAGS_set=
ac_cv_env_LDFLAGS_value=
ac_cv_env_LIBS_set=
ac_cv_env_LIBS_value=
ac_cv_env_build_alias_set=
ac_cv_env_build_alias_value=
ac_cv_env_host_alias_set=
ac_cv_env_host_alias_value=
ac_cv_env_target_alias_set=
ac_cv_env_target_alias_value=
ac_cv_objext=o
ac_cv_path_DOCBOOK2HTML=false
ac_cv_path_DOCBOOK2PDF=false
ac_cv_path_DOCBOOK2PS=false
ac_cv_path_DOCBOOK2RTF=false
ac_cv_path_DOCBOOK2TEXI=false
ac_cv_path_EXPECT=/tools/bin/expect
ac_cv_path_install='/usr/bin/install -c'
ac_cv_path_mkdir=/bin/mkdir
ac_cv_prog_AWK=gawk
ac_cv_prog_ac_ct_CC=gcc
ac_cv_prog_ac_ct_CXX=g++
ac_cv_prog_cc_c89=
ac_cv_prog_cc_g=yes
ac_cv_prog_cxx_g=yes
ac_cv_prog_make_make_set=yes
am_cv_CC_dependencies_compiler_type=gcc3
am_cv_CXX_dependencies_compiler_type=gcc3
am_cv_make_support_nested_variables=yes

## ----------------- ##
## Output variables. ##
## ----------------- ##

ACLOCAL='aclocal-1.13'
AMDEPBACKSLASH='\'
AMDEP_FALSE='#'
AMDEP_TRUE=''
AMTAR='$${TAR-tar}'
AM_BACKSLASH='\'
AM_DEFAULT_V='$(AM_DEFAULT_VERBOSITY)'
AM_DEFAULT_VERBOSITY='1'
AM_V='$(V)'
AUTOCONF='autoconf'
AUTOHEADER='autoheader'
AUTOMAKE='automake-1.13'
AWK='gawk'
CC='gcc'
CCDEPMODE='depmode=gcc3'
CFLAGS='-g -O2'
CPPFLAGS=''
CXX='g++'
CXXDEPMODE='depmode=gcc3'
CXXFLAGS='-g -O2'
CYGPATH_W='echo'
DEFS='-DPACKAGE_NAME=\"GNU\ DejaGnu\" -DPACKAGE_TARNAME=\"dejagnu\" -DPACKAGE_VERSION=\"1.5.1\" -DPACKAGE_STRING=\"GNU\ DejaGnu\ 1.5.1\" -DPACKAGE_BUGREPORT=\"bug-dejagnu@gnu.org\" -DPACKAGE_URL=\"http://www.gnu.org/software/dejagnu/\" -DPACKAGE=\"dejagnu\" -DVERSION=\"1.5.1\"'
DEPDIR='.deps'
DOCBOOK2HTML='false'
DOCBOOK2PDF='false'
DOCBOOK2PS='false'
DOCBOOK2RTF='false'
DOCBOOK2TEXI='false'
ECHO_C=''
ECHO_N='-n'
ECHO_T=''
EXEEXT=''
EXPECT='/tools/bin/expect'
INSTALL_DATA='${INSTALL} -m 644'
INSTALL_PROGRAM='${INSTALL}'
INSTALL_SCRIPT='${INSTALL}'
INSTALL_STRIP_PROGRAM='$(install_sh) -c -s'
LDFLAGS=''
LIBOBJS=''
LIBS=''
LTLIBOBJS=''
MAINT='#'
MAINTAINER_MODE_FALSE=''
MAINTAINER_MODE_TRUE='#'
MAKEINFO='makeinfo'
MKDIR_P='/bin/mkdir -p'
OBJEXT='o'
PACKAGE='dejagnu'
PACKAGE_BUGREPORT='bug-dejagnu@gnu.org'
PACKAGE_NAME='GNU DejaGnu'
PACKAGE_STRING='GNU DejaGnu 1.5.1'
PACKAGE_TARNAME='dejagnu'
PACKAGE_URL='http://www.gnu.org/software/dejagnu/'
PACKAGE_VERSION='1.5.1'
PATH_SEPARATOR=':'
SET_MAKE=''
SHELL='/bin/sh'
STRIP=''
VERSION='1.5.1'
ac_ct_CC='gcc'
ac_ct_CXX='g++'
am__EXEEXT_FALSE=''
am__EXEEXT_TRUE='#'
am__fastdepCC_FALSE='#'
am__fastdepCC_TRUE=''
am__fastdepCXX_FALSE='#'
am__fastdepCXX_TRUE=''
am__include='include'
am__isrc=''
am__leading_dot='.'
am__nodep='_no'
am__quote=''
am__tar='$${TAR-tar} chof - "$$tardir"'
am__untar='$${TAR-tar} xf -'
bindir='${exec_prefix}/bin'
build_alias=''
datadir='${datarootdir}'
datarootdir='${prefix}/share'
docdir='${datarootdir}/doc/${PACKAGE_TARNAME}'
dvidir='${docdir}'
exec_prefix='${prefix}'
host_alias=''
htmldir='${docdir}'
includedir='${prefix}/include'
infodir='${datarootdir}/info'
install_sh='${SHELL} /mnt/lfs/sources/dejagnu-1.5.1/install-sh'
libdir='${exec_prefix}/lib'
libexecdir='${exec_prefix}/libexec'
localedir='${datarootdir}/locale'
localstatedir='${prefix}/var'
mandir='${datarootdir}/man'
mkdir_p='$(MKDIR_P)'
oldincludedir='/usr/include'
pdfdir='${docdir}'
prefix='/tools'
program_transform_name='s,x,x,'
psdir='${docdir}'
sbindir='${exec_prefix}/sbin'
sharedstatedir='${prefix}/com'
subdirs=' example/calc example/hello example/mathhelper'
sysconfdir='${prefix}/etc'
target_alias=''

## ----------- ##
## confdefs.h. ##
## ----------- ##

/* confdefs.h */
#define PACKAGE_NAME "GNU DejaGnu"
#define PACKAGE_TARNAME "dejagnu"
#define PACKAGE_VERSION "1.5.1"
#define PACKAGE_STRING "GNU DejaGnu 1.5.1"
#define PACKAGE_BUGREPORT "bug-dejagnu@gnu.org"
#define PACKAGE_URL "http://www.gnu.org/software/dejagnu/"
#define PACKAGE "dejagnu"
#define VERSION "1.5.1"

configure: exit 0
