make  all-recursive
make[1]: Entering directory '/sources/tar-1.27.1'
Making all in doc
make[2]: Entering directory '/sources/tar-1.27.1/doc'
make[2]: Nothing to be done for 'all'.
make[2]: Leaving directory '/sources/tar-1.27.1/doc'
Making all in gnu
make[2]: Entering directory '/sources/tar-1.27.1/gnu'
  GEN      alloca.h
  GEN      arg-nonnull.h
  GEN      configmake.h
  GEN      c++defs.h
  GEN      warn-on-use.h
  GEN      unused-parameter.h
  GEN      stdalign.h
  GEN      sys/types.h
  GEN      unitypes.h
  GEN      uniwidth.h
  GEN      wchar.h
  GEN      wctype.h
  GEN      fcntl.h
  GEN      dirent.h
  GEN      getopt.h
  GEN      inttypes.h
  GEN      langinfo.h
  GEN      locale.h
  GEN      selinux/selinux.h
  GEN      selinux/context.h
  GEN      signal.h
  GEN      stdio.h
  GEN      stdlib.h
  GEN      string.h
  GEN      strings.h
  GEN      time.h
  GEN      sys/stat.h
  GEN      sys/time.h
  GEN      unistd.h
make  all-recursive
make[3]: Entering directory '/sources/tar-1.27.1/gnu'
make[4]: Entering directory '/sources/tar-1.27.1/gnu'
  CC       copy-acl.o
  CC       areadlink.o
  CC       allocator.o
  CC       set-acl.o
  CC       areadlinkat.o
  CC       argp-ba.o
  CC       argmatch.o
  CC       argp-eexst.o
  CC       argp-fmtstream.o
  CC       argp-fs-xinl.o
  CC       argp-help.o
  CC       argp-parse.o
  CC       argp-pin.o
  CC       argp-pv.o
  CC       argp-pvh.o
  CC       argp-xinl.o
  CC       argp-version-etc.o
  CC       backupfile.o
  CC       bitrotate.o
  CC       c-ctype.o
  CC       c-strcasecmp.o
  CC       c-strncasecmp.o
  CC       careadlinkat.o
  CC       cloexec.o
  CC       close-stream.o
  CC       closeout.o
  CC       opendir-safer.o
  CC       dirname.o
  CC       basename.o
  CC       dirname-lgpl.o
  CC       basename-lgpl.o
  CC       stripslash.o
  CC       exclude.o
  CC       exitfail.o
  CC       chmodat.o
  CC       chownat.o
  CC       fd-hook.o
  CC       fdutimensat.o
  CC       filenamecat-lgpl.o
  CC       full-write.o
  CC       gettime.o
  CC       human.o
  CC       hash.o
  CC       imaxtostr.o
  CC       inttostr.o
  CC       offtostr.o
  CC       uinttostr.o
  CC       umaxtostr.o
  CC       localcharset.o
  CC       malloca.o
  CC       mbchar.o
  CC       mbscasecmp.o
  CC       mbuiter.o
  CC       modechange.o
  CC       openat-die.o
  CC       parse-datetime.o
  CC       priv-set.o
  CC       progname.o
  CC       acl-errno-valid.o
  CC       file-has-acl.o
  CC       qcopy-acl.o
  CC       qset-acl.o
  CC       quotearg.o
  CC       safe-read.o
  CC       safe-write.o
  CC       save-cwd.o
  CC       savedir.o
  CC       se-context.o
  CC       se-selinux.o
  CC       stat-time.o
  CC       statat.o
  CC       strnlen1.o
  CC       tempname.o
  CC       timespec.o
  CC       unistd.o
  CC       dup-safer.o
  CC       fd-safer.o
  CC       pipe-safer.o
  CC       unlinkdir.o
  CC       utimens.o
  CC       version-etc.o
  CC       version-etc-fsf.o
  CC       wctype-h.o
  CC       xmalloc.o
  CC       xalloc-die.o
  CC       xgetcwd.o
  CC       xsize.o
  CC       xstrndup.o
  CC       xstrtol.o
  CC       xstrtoul.o
  CC       xstrtol-error.o
  CC       xstrtoumax.o
  CC       xvasprintf.o
  CC       xasprintf.o
  CC       asnprintf.o
  CC       chdir-long.o
  CC       fcntl.o
  CC       futimens.o
  CC       getopt.o
  CC       getopt1.o
  CC       linkat.o
  CC       mknod.o
  CC       openat-proc.o
  CC       printf-args.o
  CC       printf-parse.o
  CC       selinux-at.o
  CC       utimensat.o
  CC       vasnprintf.o
  GEN      charset.alias
  GEN      ref-add.sed
  GEN      ref-del.sed
  CC       uniwidth/width.o
  AR       libgnu.a
make[4]: Leaving directory '/sources/tar-1.27.1/gnu'
make[3]: Leaving directory '/sources/tar-1.27.1/gnu'
make[2]: Leaving directory '/sources/tar-1.27.1/gnu'
Making all in lib
make[2]: Entering directory '/sources/tar-1.27.1/lib'
  GEN      rmt-command.h
  GEN      attr/xattr.h
make  all-am
make[3]: Entering directory '/sources/tar-1.27.1/lib'
  CC       paxerror.o
  CC       paxnames.o
  CC       paxexit-status.o
  CC       prepargs.o
  CC       rtapelib.o
  CC       stdopen.o
  CC       wordsplit.o
  CC       xattr-at.o
  AR       libtar.a
make[3]: Leaving directory '/sources/tar-1.27.1/lib'
make[2]: Leaving directory '/sources/tar-1.27.1/lib'
Making all in rmt
make[2]: Entering directory '/sources/tar-1.27.1/rmt'
  CC       rmt.o
  CCLD     rmt
make[2]: Leaving directory '/sources/tar-1.27.1/rmt'
Making all in src
make[2]: Entering directory '/sources/tar-1.27.1/src'
  CC       buffer.o
  CC       checkpoint.o
  CC       compare.o
  CC       create.o
  CC       delete.o
  CC       exit.o
  CC       extract.o
  CC       xheader.o
  CC       incremen.o
  CC       list.o
  CC       misc.o
  CC       names.o
  CC       sparse.o
  CC       suffix.o
  CC       system.o
  CC       tar.o
  CC       transform.o
  CC       unlink.o
  CC       update.o
  CC       utf8.o
  CC       warning.o
  CC       xattrs.o
  CCLD     tar
make[2]: Leaving directory '/sources/tar-1.27.1/src'
Making all in scripts
make[2]: Entering directory '/sources/tar-1.27.1/scripts'
make[2]: Nothing to be done for 'all'.
make[2]: Leaving directory '/sources/tar-1.27.1/scripts'
Making all in po
make[2]: Entering directory '/sources/tar-1.27.1/po'
make[2]: Nothing to be done for 'all'.
make[2]: Leaving directory '/sources/tar-1.27.1/po'
Making all in tests
make[2]: Entering directory '/sources/tar-1.27.1/tests'
make[2]: Nothing to be done for 'all'.
make[2]: Leaving directory '/sources/tar-1.27.1/tests'
make[2]: Entering directory '/sources/tar-1.27.1'
make[2]: Leaving directory '/sources/tar-1.27.1'
make[1]: Leaving directory '/sources/tar-1.27.1'
